#
# There is insufficient memory for the Java Runtime Environment to continue.
# Native memory allocation (mmap) failed to map 38797312 bytes for G1 virtual space
# Possible reasons:
#   The system is out of physical RAM or swap space
#   The process is running with CompressedOops enabled, and the Java Heap may be blocking the growth of the native heap
# Possible solutions:
#   Reduce memory load on the system
#   Increase physical memory or swap space
#   Check if swap backing store is full
#   Decrease Java heap size (-Xmx/-Xms)
#   Decrease number of Java threads
#   Decrease Java thread stack sizes (-Xss)
#   Set larger code cache with -XX:ReservedCodeCacheSize=
#   JVM is running with Unscaled Compressed Oops mode in which the Java heap is
#     placed in the first 4GB address space. The Java Heap base address is the
#     maximum limit for the native heap growth. Please use -XX:HeapBaseMinAddress
#     to set the Java Heap base and to place the Java Heap above 4GB virtual address.
# This output file may be truncated or incomplete.
#
#  Out of Memory Error (os_windows.cpp:3559), pid=13060, tid=11428
#
# JRE version: OpenJDK Runtime Environment Corretto-17.0.7.7.1 (17.0.7+7) (build 17.0.7+7-LTS)
# Java VM: OpenJDK 64-Bit Server VM Corretto-17.0.7.7.1 (17.0.7+7-LTS, mixed mode, sharing, tiered, compressed oops, compressed class ptrs, g1 gc, windows-amd64)
# No core dump will be written. Minidumps are not enabled by default on client versions of Windows
#

---------------  S U M M A R Y ------------

Command Line: --add-opens=java.base/java.util=ALL-UNNAMED --add-opens=java.base/java.lang=ALL-UNNAMED --add-opens=java.base/java.lang.invoke=ALL-UNNAMED --add-opens=java.prefs/java.util.prefs=ALL-UNNAMED --add-opens=java.base/java.nio.charset=ALL-UNNAMED --add-opens=java.base/java.net=ALL-UNNAMED --add-opens=java.base/java.util.concurrent.atomic=ALL-UNNAMED -Xmx2048m -Dfile.encoding=UTF-8 -Duser.country=RU -Duser.language=ru -Duser.variant org.gradle.launcher.daemon.bootstrap.GradleDaemon 8.0

Host: AMD Ryzen 3 3200U with Radeon Vega Mobile Gfx  , 4 cores, 13G,  Windows 11 , 64 bit Build 22621 (10.0.22621.1635)
Time: Tue May 30 15:20:03 2023 RTZ 4 (s 11 , 64 bit Build 22621 (10.0.22621.1635) elapsed time: 16.486795 seconds (0d 0h 0m 16s)

---------------  T H R E A D  ---------------

Current thread (0x0000023f2e8443a0):  VMThread "VM Thread" [stack: 0x00000061c8d00000,0x00000061c8e00000] [id=11428]

Stack: [0x00000061c8d00000,0x00000061c8e00000]
Native frames: (J=compiled Java code, j=interpreted, Vv=VM code, C=native code)
V  [jvm.dll+0x64b53a]
V  [jvm.dll+0x7fef54]
V  [jvm.dll+0x80070e]
V  [jvm.dll+0x800d63]
V  [jvm.dll+0x236a2b]
V  [jvm.dll+0x64843a]
V  [jvm.dll+0x63ce8a]
V  [jvm.dll+0x2f5629]
V  [jvm.dll+0x2fc826]
V  [jvm.dll+0x348eea]
V  [jvm.dll+0x34912f]
V  [jvm.dll+0x2cb9a8]
V  [jvm.dll+0x2ceb16]
V  [jvm.dll+0x2d938c]
V  [jvm.dll+0x30cc80]
V  [jvm.dll+0x80519b]
V  [jvm.dll+0x805e78]
V  [jvm.dll+0x8063a5]
V  [jvm.dll+0x806774]
V  [jvm.dll+0x80683e]
V  [jvm.dll+0x7b237a]
V  [jvm.dll+0x64a3a5]
C  [ucrtbase.dll+0x29363]
C  [KERNEL32.DLL+0x126ad]
C  [ntdll.dll+0x5a9f8]

VM_Operation (0x00000061c89ff3d0): G1Concurrent, mode: safepoint, requested by thread 0x0000023f10cd09d0


---------------  P R O C E S S  ---------------

Threads class SMR info:
_java_thread_list=0x0000023f35367ae0, length=81, elements={
0x0000023f10c65e10, 0x0000023f2e8474d0, 0x0000023f2e847e80, 0x0000023f2e85f470,
0x0000023f2e85fe20, 0x0000023f2e860f70, 0x0000023f2e861920, 0x0000023f2e866290,
0x0000023f2e869d50, 0x0000023f2ea10f90, 0x0000023f2eadcfe0, 0x0000023f2eae2720,
0x0000023f347e8090, 0x0000023f2eb75cb0, 0x0000023f352b4fb0, 0x0000023f35061030,
0x0000023f3444af70, 0x0000023f34ccd020, 0x0000023f3444b810, 0x0000023f33130d10,
0x0000023f331316b0, 0x0000023f331329f0, 0x0000023f33131b80, 0x0000023f33130840,
0x0000023f33132050, 0x0000023f33133390, 0x0000023f33133860, 0x0000023f33133d30,
0x0000023f33130370, 0x0000023f3684fcb0, 0x0000023f3684e4a0, 0x0000023f3684e970,
0x0000023f3684d160, 0x0000023f36852330, 0x0000023f3684ee40, 0x0000023f3684f310,
0x0000023f3684f7e0, 0x0000023f3684afb0, 0x0000023f3684be20, 0x0000023f3684cc90,
0x0000023f36508d80, 0x0000023f36509bf0, 0x0000023f36509250, 0x0000023f36509720,
0x0000023f3650a0c0, 0x0000023f3650c270, 0x0000023f3650bda0, 0x0000023f3650a590,
0x0000023f3650c740, 0x0000023f3650b400, 0x0000023f3650aa60, 0x0000023f3650af30,
0x0000023f3650b8d0, 0x0000023f2ea7c5b0, 0x0000023f2ea7d420, 0x0000023f2ea7d8f0,
0x0000023f2ea7f5d0, 0x0000023f2ea78720, 0x0000023f2ea7ddc0, 0x0000023f2ea7e290,
0x0000023f2ea7b270, 0x0000023f2ea7e760, 0x0000023f2ea7ec30, 0x0000023f2ea79590,
0x0000023f2ea7f100, 0x0000023f2ea7a8d0, 0x0000023f2ea7faa0, 0x0000023f2ea79a60,
0x0000023f2ea78250, 0x0000023f2ea78bf0, 0x0000023f2ea7b740, 0x0000023f2ea7ca80,
0x0000023f2ea790c0, 0x0000023f2ea79f30, 0x0000023f2ea7ada0, 0x0000023f2ea7cf50,
0x0000023f2ea7a400, 0x0000023f2ea7bc10, 0x0000023f2ea7c0e0, 0x0000023f365274c0,
0x0000023f365227c0
}

Java Threads: ( => current thread )
  0x0000023f10c65e10 JavaThread "main" [_thread_blocked, id=5444, stack(0x00000061c8700000,0x00000061c8800000)]
  0x0000023f2e8474d0 JavaThread "Reference Handler" daemon [_thread_blocked, id=13212, stack(0x00000061c8e00000,0x00000061c8f00000)]
  0x0000023f2e847e80 JavaThread "Finalizer" daemon [_thread_blocked, id=13676, stack(0x00000061c8f00000,0x00000061c9000000)]
  0x0000023f2e85f470 JavaThread "Signal Dispatcher" daemon [_thread_blocked, id=13340, stack(0x00000061c9000000,0x00000061c9100000)]
  0x0000023f2e85fe20 JavaThread "Attach Listener" daemon [_thread_blocked, id=11176, stack(0x00000061c9100000,0x00000061c9200000)]
  0x0000023f2e860f70 JavaThread "Service Thread" daemon [_thread_blocked, id=11276, stack(0x00000061c9200000,0x00000061c9300000)]
  0x0000023f2e861920 JavaThread "Monitor Deflation Thread" daemon [_thread_blocked, id=9600, stack(0x00000061c9300000,0x00000061c9400000)]
  0x0000023f2e866290 JavaThread "C2 CompilerThread0" daemon [_thread_blocked, id=14244, stack(0x00000061c9400000,0x00000061c9500000)]
  0x0000023f2e869d50 JavaThread "C1 CompilerThread0" daemon [_thread_blocked, id=11452, stack(0x00000061c9500000,0x00000061c9600000)]
  0x0000023f2ea10f90 JavaThread "Sweeper thread" daemon [_thread_blocked, id=10316, stack(0x00000061c9600000,0x00000061c9700000)]
  0x0000023f2eadcfe0 JavaThread "Common-Cleaner" daemon [_thread_blocked, id=1632, stack(0x00000061c9700000,0x00000061c9800000)]
  0x0000023f2eae2720 JavaThread "Notification Thread" daemon [_thread_blocked, id=1196, stack(0x00000061c9800000,0x00000061c9900000)]
  0x0000023f347e8090 JavaThread "Daemon health stats" [_thread_blocked, id=6312, stack(0x00000061c9e00000,0x00000061c9f00000)]
  0x0000023f2eb75cb0 JavaThread "Incoming local TCP Connector on port 49999" [_thread_in_native, id=12328, stack(0x00000061c9a00000,0x00000061c9b00000)]
  0x0000023f352b4fb0 JavaThread "Daemon periodic checks" [_thread_blocked, id=13604, stack(0x00000061c9f00000,0x00000061ca000000)]
  0x0000023f35061030 JavaThread "Daemon" [_thread_blocked, id=5468, stack(0x00000061ca100000,0x00000061ca200000)]
  0x0000023f3444af70 JavaThread "Handler for socket connection from /127.0.0.1:49999 to /127.0.0.1:50000" [_thread_in_native, id=1868, stack(0x00000061ca200000,0x00000061ca300000)]
  0x0000023f34ccd020 JavaThread "Cancel handler" [_thread_blocked, id=12688, stack(0x00000061ca300000,0x00000061ca400000)]
  0x0000023f3444b810 JavaThread "Daemon worker" [_thread_blocked, id=14120, stack(0x00000061ca400000,0x00000061ca500000)]
  0x0000023f33130d10 JavaThread "Asynchronous log dispatcher for DefaultDaemonConnection: socket connection from /127.0.0.1:49999 to /127.0.0.1:50000" [_thread_blocked, id=11928, stack(0x00000061ca500000,0x00000061ca600000)]
  0x0000023f331316b0 JavaThread "Stdin handler" [_thread_blocked, id=2056, stack(0x00000061ca600000,0x00000061ca700000)]
  0x0000023f331329f0 JavaThread "Daemon client event forwarder" [_thread_blocked, id=1560, stack(0x00000061ca700000,0x00000061ca800000)]
  0x0000023f33131b80 JavaThread "Cache worker for journal cache (C:\Users\wefer\.gradle\caches\journal-1)" [_thread_blocked, id=11352, stack(0x00000061ca800000,0x00000061ca900000)]
  0x0000023f33130840 JavaThread "File lock request listener" [_thread_in_native, id=6700, stack(0x00000061ca900000,0x00000061caa00000)]
  0x0000023f33132050 JavaThread "Cache worker for file hash cache (C:\Users\wefer\.gradle\caches\8.0\fileHashes)" [_thread_blocked, id=13228, stack(0x00000061ca000000,0x00000061ca100000)]
  0x0000023f33133390 JavaThread "File watcher server" daemon [_thread_in_native, id=8632, stack(0x00000061cab00000,0x00000061cac00000)]
  0x0000023f33133860 JavaThread "File watcher consumer" daemon [_thread_blocked, id=9008, stack(0x00000061cac00000,0x00000061cad00000)]
  0x0000023f33133d30 JavaThread "jar transforms" [_thread_blocked, id=12776, stack(0x00000061cad00000,0x00000061cae00000)]
  0x0000023f33130370 JavaThread "jar transforms Thread 2" [_thread_blocked, id=13624, stack(0x00000061cae00000,0x00000061caf00000)]
  0x0000023f3684fcb0 JavaThread "jar transforms Thread 3" [_thread_blocked, id=8852, stack(0x00000061caf00000,0x00000061cb000000)]
  0x0000023f3684e4a0 JavaThread "jar transforms Thread 4" [_thread_blocked, id=11140, stack(0x00000061cb000000,0x00000061cb100000)]
  0x0000023f3684e970 JavaThread "Cache worker for checksums cache (C:\Users\wefer\OneDrive\Рабочий стол\КУРСОВАЯ\FIND_WORK_IT\.gradle\8.0\checksums)" [_thread_blocked, id=5600, stack(0x00000061cb100000,0x00000061cb200000)]
  0x0000023f3684d160 JavaThread "Cache worker for cache directory md-rule (C:\Users\wefer\.gradle\caches\8.0\md-rule)" [_thread_blocked, id=13588, stack(0x00000061cb200000,0x00000061cb300000)]
  0x0000023f36852330 JavaThread "Cache worker for file content cache (C:\Users\wefer\.gradle\caches\8.0\fileContent)" [_thread_blocked, id=10844, stack(0x00000061cb300000,0x00000061cb400000)]
  0x0000023f3684ee40 JavaThread "Cache worker for file hash cache (C:\Users\wefer\OneDrive\Рабочий стол\КУРСОВАЯ\FIND_WORK_IT\.gradle\8.0\fileHashes)" [_thread_blocked, id=10828, stack(0x00000061cb400000,0x00000061cb500000)]
  0x0000023f3684f310 JavaThread "Cache worker for cache directory md-supplier (C:\Users\wefer\.gradle\caches\8.0\md-supplier)" [_thread_blocked, id=6752, stack(0x00000061cb500000,0x00000061cb600000)]
  0x0000023f3684f7e0 JavaThread "Cache worker for execution history cache (C:\Users\wefer\.gradle\caches\8.0\executionHistory)" [_thread_blocked, id=11992, stack(0x00000061cb600000,0x00000061cb700000)]
  0x0000023f3684afb0 JavaThread "Cache worker for dependencies-accessors (C:\Users\wefer\OneDrive\Рабочий стол\КУРСОВАЯ\FIND_WORK_IT\.gradle\8.0\dependencies-accessors)" [_thread_blocked, id=10788, stack(0x00000061cb800000,0x00000061cb900000)]
  0x0000023f3684be20 JavaThread "Cache worker for Build Output Cleanup Cache (C:\Users\wefer\OneDrive\Рабочий стол\КУРСОВАЯ\FIND_WORK_IT\.gradle\buildOutputCleanup)" [_thread_blocked, id=13572, stack(0x00000061cb900000,0x00000061cba00000)]
  0x0000023f3684cc90 JavaThread "Unconstrained build operations" [_thread_blocked, id=1912, stack(0x00000061cba00000,0x00000061cbb00000)]
  0x0000023f36508d80 JavaThread "Unconstrained build operations Thread 2" [_thread_blocked, id=11240, stack(0x00000061cbb00000,0x00000061cbc00000)]
  0x0000023f36509bf0 JavaThread "Unconstrained build operations Thread 3" [_thread_blocked, id=9980, stack(0x00000061cbc00000,0x00000061cbd00000)]
  0x0000023f36509250 JavaThread "Unconstrained build operations Thread 4" [_thread_blocked, id=8372, stack(0x00000061cbd00000,0x00000061cbe00000)]
  0x0000023f36509720 JavaThread "Unconstrained build operations Thread 5" [_thread_blocked, id=11200, stack(0x00000061cbe00000,0x00000061cbf00000)]
  0x0000023f3650a0c0 JavaThread "Unconstrained build operations Thread 6" [_thread_blocked, id=8024, stack(0x00000061cbf00000,0x00000061cc000000)]
  0x0000023f3650c270 JavaThread "Unconstrained build operations Thread 7" [_thread_blocked, id=8932, stack(0x00000061cc000000,0x00000061cc100000)]
  0x0000023f3650bda0 JavaThread "Unconstrained build operations Thread 8" [_thread_blocked, id=13712, stack(0x00000061cc100000,0x00000061cc200000)]
  0x0000023f3650a590 JavaThread "Unconstrained build operations Thread 9" [_thread_blocked, id=2708, stack(0x00000061cc200000,0x00000061cc300000)]
  0x0000023f3650c740 JavaThread "Unconstrained build operations Thread 10" [_thread_blocked, id=8524, stack(0x00000061cc300000,0x00000061cc400000)]
  0x0000023f3650b400 JavaThread "Unconstrained build operations Thread 11" [_thread_blocked, id=4276, stack(0x00000061cc400000,0x00000061cc500000)]
  0x0000023f3650aa60 JavaThread "Unconstrained build operations Thread 12" [_thread_blocked, id=7980, stack(0x00000061cc500000,0x00000061cc600000)]
  0x0000023f3650af30 JavaThread "Unconstrained build operations Thread 13" [_thread_blocked, id=8180, stack(0x00000061cc600000,0x00000061cc700000)]
  0x0000023f3650b8d0 JavaThread "Unconstrained build operations Thread 14" [_thread_blocked, id=11800, stack(0x00000061cc700000,0x00000061cc800000)]
  0x0000023f2ea7c5b0 JavaThread "Unconstrained build operations Thread 15" [_thread_blocked, id=10052, stack(0x00000061cc800000,0x00000061cc900000)]
  0x0000023f2ea7d420 JavaThread "Unconstrained build operations Thread 16" [_thread_blocked, id=11724, stack(0x00000061cc900000,0x00000061cca00000)]
  0x0000023f2ea7d8f0 JavaThread "Unconstrained build operations Thread 17" [_thread_blocked, id=9596, stack(0x00000061cca00000,0x00000061ccb00000)]
  0x0000023f2ea7f5d0 JavaThread "Unconstrained build operations Thread 18" [_thread_blocked, id=9788, stack(0x00000061ccb00000,0x00000061ccc00000)]
  0x0000023f2ea78720 JavaThread "Unconstrained build operations Thread 19" [_thread_blocked, id=656, stack(0x00000061ccc00000,0x00000061ccd00000)]
  0x0000023f2ea7ddc0 JavaThread "Unconstrained build operations Thread 20" [_thread_blocked, id=7992, stack(0x00000061ccd00000,0x00000061cce00000)]
  0x0000023f2ea7e290 JavaThread "Unconstrained build operations Thread 21" [_thread_blocked, id=12080, stack(0x00000061cce00000,0x00000061ccf00000)]
  0x0000023f2ea7b270 JavaThread "Unconstrained build operations Thread 22" [_thread_blocked, id=13364, stack(0x00000061ccf00000,0x00000061cd000000)]
  0x0000023f2ea7e760 JavaThread "Unconstrained build operations Thread 23" [_thread_blocked, id=9160, stack(0x00000061cd000000,0x00000061cd100000)]
  0x0000023f2ea7ec30 JavaThread "Unconstrained build operations Thread 24" [_thread_blocked, id=8040, stack(0x00000061cd100000,0x00000061cd200000)]
  0x0000023f2ea79590 JavaThread "Unconstrained build operations Thread 25" [_thread_blocked, id=6644, stack(0x00000061cd200000,0x00000061cd300000)]
  0x0000023f2ea7f100 JavaThread "Unconstrained build operations Thread 26" [_thread_blocked, id=1472, stack(0x00000061cd300000,0x00000061cd400000)]
  0x0000023f2ea7a8d0 JavaThread "Unconstrained build operations Thread 27" [_thread_blocked, id=1772, stack(0x00000061cd400000,0x00000061cd500000)]
  0x0000023f2ea7faa0 JavaThread "Unconstrained build operations Thread 28" [_thread_blocked, id=12672, stack(0x00000061cd500000,0x00000061cd600000)]
  0x0000023f2ea79a60 JavaThread "Unconstrained build operations Thread 29" [_thread_blocked, id=11616, stack(0x00000061cd600000,0x00000061cd700000)]
  0x0000023f2ea78250 JavaThread "Unconstrained build operations Thread 30" [_thread_blocked, id=8788, stack(0x00000061cd700000,0x00000061cd800000)]
  0x0000023f2ea78bf0 JavaThread "Unconstrained build operations Thread 31" [_thread_blocked, id=12784, stack(0x00000061cd800000,0x00000061cd900000)]
  0x0000023f2ea7b740 JavaThread "Unconstrained build operations Thread 32" [_thread_blocked, id=10176, stack(0x00000061cd900000,0x00000061cda00000)]
  0x0000023f2ea7ca80 JavaThread "Unconstrained build operations Thread 33" [_thread_blocked, id=11876, stack(0x00000061cda00000,0x00000061cdb00000)]
  0x0000023f2ea790c0 JavaThread "Unconstrained build operations Thread 34" [_thread_blocked, id=7604, stack(0x00000061cdb00000,0x00000061cdc00000)]
  0x0000023f2ea79f30 JavaThread "Unconstrained build operations Thread 35" [_thread_blocked, id=12396, stack(0x00000061cdc00000,0x00000061cdd00000)]
  0x0000023f2ea7ada0 JavaThread "Unconstrained build operations Thread 36" [_thread_blocked, id=9436, stack(0x00000061cdd00000,0x00000061cde00000)]
  0x0000023f2ea7cf50 JavaThread "Unconstrained build operations Thread 37" [_thread_blocked, id=13560, stack(0x00000061cde00000,0x00000061cdf00000)]
  0x0000023f2ea7a400 JavaThread "Unconstrained build operations Thread 38" [_thread_blocked, id=5592, stack(0x00000061cdf00000,0x00000061ce000000)]
  0x0000023f2ea7bc10 JavaThread "Unconstrained build operations Thread 39" [_thread_blocked, id=13684, stack(0x00000061ce000000,0x00000061ce100000)]
  0x0000023f2ea7c0e0 JavaThread "Unconstrained build operations Thread 40" [_thread_blocked, id=3068, stack(0x00000061ce100000,0x00000061ce200000)]
  0x0000023f365274c0 JavaThread "Memory manager" [_thread_blocked, id=13124, stack(0x00000061ce200000,0x00000061ce300000)]
  0x0000023f365227c0 JavaThread "pool-3-thread-1" [_thread_blocked, id=13460, stack(0x00000061ce300000,0x00000061ce400000)]

Other Threads:
=>0x0000023f2e8443a0 VMThread "VM Thread" [stack: 0x00000061c8d00000,0x00000061c8e00000] [id=11428]
  0x0000023f2eae7420 WatcherThread [stack: 0x00000061c9900000,0x00000061c9a00000] [id=6632]
  0x0000023f10cbfb90 GCTaskThread "GC Thread#0" [stack: 0x00000061c8800000,0x00000061c8900000] [id=12532]
  0x0000023f334542c0 GCTaskThread "GC Thread#1" [stack: 0x00000061c9b00000,0x00000061c9c00000] [id=7968]
  0x0000023f2eda9880 GCTaskThread "GC Thread#2" [stack: 0x00000061c9c00000,0x00000061c9d00000] [id=12756]
  0x0000023f33134730 GCTaskThread "GC Thread#3" [stack: 0x00000061c9d00000,0x00000061c9e00000] [id=10988]
  0x0000023f10cd09d0 ConcurrentGCThread "G1 Main Marker" [stack: 0x00000061c8900000,0x00000061c8a00000] [id=1724]
  0x0000023f10cd2450 ConcurrentGCThread "G1 Conc#0" [stack: 0x00000061c8a00000,0x00000061c8b00000] [id=13612]
  0x0000023f10d2db60 ConcurrentGCThread "G1 Refine#0" [stack: 0x00000061c8b00000,0x00000061c8c00000] [id=11048]
  0x0000023f33d7bf20 ConcurrentGCThread "G1 Refine#1" [stack: 0x00000061cb700000,0x00000061cb800000] [id=12112]
  0x0000023f10d2e320 ConcurrentGCThread "G1 Service" [stack: 0x00000061c8c00000,0x00000061c8d00000] [id=12400]

Threads with active compile tasks:
C2 CompilerThread0    16506 8865       4       com.google.common.collect.MapMakerInternalMap$Segment::getEntry (80 bytes)

VM state: at safepoint (normal execution)

VM Mutex/Monitor currently owned by a thread:  ([mutex/lock_event])
[0x0000023f10c619d0] Threads_lock - owner thread: 0x0000023f2e8443a0
[0x0000023f10c62480] Heap_lock - owner thread: 0x0000023f10cd09d0

Heap address: 0x0000000080000000, size: 2048 MB, Compressed Oops mode: 32-bit

CDS archive(s) mapped at: [0x0000000800000000-0x0000000800bc0000-0x0000000800bc0000), size 12320768, SharedBaseAddress: 0x0000000800000000, ArchiveRelocationMode: 0.
Compressed class space mapped at: 0x0000000801000000-0x0000000841000000, reserved size: 1073741824
Narrow klass base: 0x0000000800000000, Narrow klass shift: 0, Narrow klass range: 0x100000000

GC Precious Log:
 CPUs: 4 total, 4 available
 Memory: 14274M
 Large Page Support: Disabled
 NUMA Support: Disabled
 Compressed Oops: Enabled (32-bit)
 Heap Region Size: 1M
 Heap Min Capacity: 8M
 Heap Initial Capacity: 224M
 Heap Max Capacity: 2G
 Pre-touch: Disabled
 Parallel Workers: 4
 Concurrent Workers: 1
 Concurrent Refinement Workers: 4
 Periodic GC: Disabled

Heap:
 garbage-first heap   total 258048K, used 174501K [0x0000000080000000, 0x0000000100000000)
  region size 1024K, 17 young (17408K), 11 survivors (11264K)
 Metaspace       used 74227K, committed 74944K, reserved 1114112K
  class space    used 10080K, committed 10432K, reserved 1048576K

Heap Regions: E=young(eden), S=young(survivor), O=old, HS=humongous(starts), HC=humongous(continues), CS=collection set, F=free, OA=open archive, CA=closed archive, TAMS=top-at-mark-start (previous, next)
|   0|0x0000000080000000, 0x0000000080100000, 0x0000000080100000|100%| O|  |TAMS 0x0000000080100000, 0x0000000080000000| Untracked 
|   1|0x0000000080100000, 0x0000000080200000, 0x0000000080200000|100%| O|  |TAMS 0x0000000080200000, 0x0000000080100000| Untracked 
|   2|0x0000000080200000, 0x0000000080300000, 0x0000000080300000|100%|HS|  |TAMS 0x0000000080300000, 0x0000000080200000| Complete 
|   3|0x0000000080300000, 0x0000000080400000, 0x0000000080400000|100%|HC|  |TAMS 0x0000000080400000, 0x0000000080300000| Complete 
|   4|0x0000000080400000, 0x0000000080500000, 0x0000000080500000|100%|HC|  |TAMS 0x0000000080500000, 0x0000000080400000| Complete 
|   5|0x0000000080500000, 0x0000000080600000, 0x0000000080600000|100%|HC|  |TAMS 0x0000000080600000, 0x0000000080500000| Complete 
|   6|0x0000000080600000, 0x0000000080700000, 0x0000000080700000|100%| O|  |TAMS 0x0000000080700000, 0x0000000080600000| Untracked 
|   7|0x0000000080700000, 0x0000000080800000, 0x0000000080800000|100%| O|  |TAMS 0x0000000080800000, 0x0000000080700000| Untracked 
|   8|0x0000000080800000, 0x0000000080900000, 0x0000000080900000|100%|HS|  |TAMS 0x0000000080900000, 0x0000000080800000| Complete 
|   9|0x0000000080900000, 0x0000000080a00000, 0x0000000080a00000|100%| O|  |TAMS 0x0000000080a00000, 0x0000000080900000| Updating 
|  10|0x0000000080a00000, 0x0000000080b00000, 0x0000000080b00000|100%| O|  |TAMS 0x0000000080b00000, 0x0000000080a00000| Untracked 
|  11|0x0000000080b00000, 0x0000000080b69400, 0x0000000080c00000| 41%| O|  |TAMS 0x0000000080b69400, 0x0000000080b00000| Updating 
|  12|0x0000000080c00000, 0x0000000080d00000, 0x0000000080d00000|100%|HS|  |TAMS 0x0000000080d00000, 0x0000000080c00000| Complete 
|  13|0x0000000080d00000, 0x0000000080e00000, 0x0000000080e00000|100%|HC|  |TAMS 0x0000000080e00000, 0x0000000080d00000| Complete 
|  14|0x0000000080e00000, 0x0000000080f00000, 0x0000000080f00000|100%|HS|  |TAMS 0x0000000080f00000, 0x0000000080e00000| Complete 
|  15|0x0000000080f00000, 0x0000000081000000, 0x0000000081000000|100%|HC|  |TAMS 0x0000000081000000, 0x0000000080f00000| Complete 
|  16|0x0000000081000000, 0x0000000081100000, 0x0000000081100000|100%|HC|  |TAMS 0x0000000081100000, 0x0000000081000000| Complete 
|  17|0x0000000081100000, 0x0000000081200000, 0x0000000081200000|100%|HS|  |TAMS 0x0000000081200000, 0x0000000081100000| Complete 
|  18|0x0000000081200000, 0x0000000081300000, 0x0000000081300000|100%|HC|  |TAMS 0x0000000081300000, 0x0000000081200000| Complete 
|  19|0x0000000081300000, 0x0000000081400000, 0x0000000081400000|100%|HC|  |TAMS 0x0000000081400000, 0x0000000081300000| Complete 
|  20|0x0000000081400000, 0x0000000081500000, 0x0000000081500000|100%|HS|  |TAMS 0x0000000081500000, 0x0000000081400000| Complete 
|  21|0x0000000081500000, 0x0000000081600000, 0x0000000081600000|100%|HC|  |TAMS 0x0000000081600000, 0x0000000081500000| Complete 
|  22|0x0000000081600000, 0x0000000081700000, 0x0000000081700000|100%|HS|  |TAMS 0x0000000081700000, 0x0000000081600000| Complete 
|  23|0x0000000081700000, 0x0000000081800000, 0x0000000081800000|100%|HC|  |TAMS 0x0000000081800000, 0x0000000081700000| Complete 
|  24|0x0000000081800000, 0x0000000081900000, 0x0000000081900000|100%|HC|  |TAMS 0x0000000081900000, 0x0000000081800000| Complete 
|  25|0x0000000081900000, 0x0000000081a00000, 0x0000000081a00000|100%|HC|  |TAMS 0x0000000081a00000, 0x0000000081900000| Complete 
|  26|0x0000000081a00000, 0x0000000081b00000, 0x0000000081b00000|100%|HC|  |TAMS 0x0000000081b00000, 0x0000000081a00000| Complete 
|  27|0x0000000081b00000, 0x0000000081c00000, 0x0000000081c00000|100%|HC|  |TAMS 0x0000000081c00000, 0x0000000081b00000| Complete 
|  28|0x0000000081c00000, 0x0000000081d00000, 0x0000000081d00000|100%| O|  |TAMS 0x0000000081d00000, 0x0000000081c00000| Untracked 
|  29|0x0000000081d00000, 0x0000000081e00000, 0x0000000081e00000|100%| O|  |TAMS 0x0000000081e00000, 0x0000000081d00000| Untracked 
|  30|0x0000000081e00000, 0x0000000081f00000, 0x0000000081f00000|100%| O|  |TAMS 0x0000000081f00000, 0x0000000081e00000| Untracked 
|  31|0x0000000081f00000, 0x0000000082000000, 0x0000000082000000|100%| O|  |TAMS 0x0000000082000000, 0x0000000081f00000| Updating 
|  32|0x0000000082000000, 0x0000000082100000, 0x0000000082100000|100%| O|  |TAMS 0x0000000082100000, 0x0000000082000000| Updating 
|  33|0x0000000082100000, 0x0000000082200000, 0x0000000082200000|100%| O|  |TAMS 0x0000000082200000, 0x0000000082100000| Untracked 
|  34|0x0000000082200000, 0x0000000082300000, 0x0000000082300000|100%| O|  |TAMS 0x0000000082300000, 0x0000000082200000| Untracked 
|  35|0x0000000082300000, 0x0000000082400000, 0x0000000082400000|100%| O|  |TAMS 0x0000000082400000, 0x0000000082300000| Untracked 
|  36|0x0000000082400000, 0x0000000082500000, 0x0000000082500000|100%| O|  |TAMS 0x0000000082500000, 0x0000000082400000| Untracked 
|  37|0x0000000082500000, 0x0000000082600000, 0x0000000082600000|100%| O|  |TAMS 0x0000000082600000, 0x0000000082500000| Untracked 
|  38|0x0000000082600000, 0x0000000082700000, 0x0000000082700000|100%| O|  |TAMS 0x0000000082700000, 0x0000000082600000| Untracked 
|  39|0x0000000082700000, 0x0000000082800000, 0x0000000082800000|100%| O|  |TAMS 0x0000000082800000, 0x0000000082700000| Untracked 
|  40|0x0000000082800000, 0x0000000082900000, 0x0000000082900000|100%| O|  |TAMS 0x0000000082900000, 0x0000000082800000| Untracked 
|  41|0x0000000082900000, 0x0000000082a00000, 0x0000000082a00000|100%| O|  |TAMS 0x0000000082a00000, 0x0000000082900000| Untracked 
|  42|0x0000000082a00000, 0x0000000082b00000, 0x0000000082b00000|100%|HS|  |TAMS 0x0000000082b00000, 0x0000000082a00000| Complete 
|  43|0x0000000082b00000, 0x0000000082c00000, 0x0000000082c00000|100%|HC|  |TAMS 0x0000000082c00000, 0x0000000082b00000| Complete 
|  44|0x0000000082c00000, 0x0000000082d00000, 0x0000000082d00000|100%| O|  |TAMS 0x0000000082d00000, 0x0000000082c00000| Untracked 
|  45|0x0000000082d00000, 0x0000000082e00000, 0x0000000082e00000|100%| O|  |TAMS 0x0000000082e00000, 0x0000000082d00000| Untracked 
|  46|0x0000000082e00000, 0x0000000082f00000, 0x0000000082f00000|100%| O|  |TAMS 0x0000000082f00000, 0x0000000082e00000| Untracked 
|  47|0x0000000082f00000, 0x0000000083000000, 0x0000000083000000|100%| O|  |TAMS 0x0000000083000000, 0x0000000082f00000| Untracked 
|  48|0x0000000083000000, 0x0000000083100000, 0x0000000083100000|100%| O|  |TAMS 0x0000000083100000, 0x0000000083000000| Untracked 
|  49|0x0000000083100000, 0x0000000083200000, 0x0000000083200000|100%|HS|  |TAMS 0x0000000083200000, 0x0000000083100000| Complete 
|  50|0x0000000083200000, 0x0000000083300000, 0x0000000083300000|100%|HC|  |TAMS 0x0000000083300000, 0x0000000083200000| Complete 
|  51|0x0000000083300000, 0x0000000083400000, 0x0000000083400000|100%|HC|  |TAMS 0x0000000083400000, 0x0000000083300000| Complete 
|  52|0x0000000083400000, 0x0000000083500000, 0x0000000083500000|100%| O|  |TAMS 0x0000000083500000, 0x0000000083400000| Updating 
|  53|0x0000000083500000, 0x0000000083600000, 0x0000000083600000|100%|HS|  |TAMS 0x0000000083600000, 0x0000000083500000| Complete 
|  54|0x0000000083600000, 0x0000000083700000, 0x0000000083700000|100%|HC|  |TAMS 0x0000000083700000, 0x0000000083600000| Complete 
|  55|0x0000000083700000, 0x0000000083800000, 0x0000000083800000|100%| O|  |TAMS 0x0000000083800000, 0x0000000083700000| Untracked 
|  56|0x0000000083800000, 0x0000000083900000, 0x0000000083900000|100%| O|  |TAMS 0x0000000083900000, 0x0000000083800000| Updating 
|  57|0x0000000083900000, 0x0000000083a00000, 0x0000000083a00000|100%| O|  |TAMS 0x0000000083a00000, 0x0000000083900000| Updating 
|  58|0x0000000083a00000, 0x0000000083b00000, 0x0000000083b00000|100%|HS|  |TAMS 0x0000000083b00000, 0x0000000083a00000| Complete 
|  59|0x0000000083b00000, 0x0000000083c00000, 0x0000000083c00000|100%|HC|  |TAMS 0x0000000083c00000, 0x0000000083b00000| Complete 
|  60|0x0000000083c00000, 0x0000000083d00000, 0x0000000083d00000|100%|HC|  |TAMS 0x0000000083d00000, 0x0000000083c00000| Complete 
|  61|0x0000000083d00000, 0x0000000083e00000, 0x0000000083e00000|100%|HC|  |TAMS 0x0000000083e00000, 0x0000000083d00000| Complete 
|  62|0x0000000083e00000, 0x0000000083f00000, 0x0000000083f00000|100%|HC|  |TAMS 0x0000000083f00000, 0x0000000083e00000| Complete 
|  63|0x0000000083f00000, 0x0000000084000000, 0x0000000084000000|100%|HC|  |TAMS 0x0000000084000000, 0x0000000083f00000| Complete 
|  64|0x0000000084000000, 0x0000000084100000, 0x0000000084100000|100%|HC|  |TAMS 0x0000000084100000, 0x0000000084000000| Complete 
|  65|0x0000000084100000, 0x0000000084200000, 0x0000000084200000|100%|HC|  |TAMS 0x0000000084200000, 0x0000000084100000| Complete 
|  66|0x0000000084200000, 0x0000000084300000, 0x0000000084300000|100%|HC|  |TAMS 0x0000000084300000, 0x0000000084200000| Complete 
|  67|0x0000000084300000, 0x0000000084400000, 0x0000000084400000|100%|HC|  |TAMS 0x0000000084400000, 0x0000000084300000| Complete 
|  68|0x0000000084400000, 0x0000000084500000, 0x0000000084500000|100%|HC|  |TAMS 0x0000000084500000, 0x0000000084400000| Complete 
|  69|0x0000000084500000, 0x0000000084600000, 0x0000000084600000|100%|HS|  |TAMS 0x0000000084600000, 0x0000000084500000| Complete 
|  70|0x0000000084600000, 0x0000000084700000, 0x0000000084700000|100%|HC|  |TAMS 0x0000000084700000, 0x0000000084600000| Complete 
|  71|0x0000000084700000, 0x0000000084800000, 0x0000000084800000|100%|HC|  |TAMS 0x0000000084800000, 0x0000000084700000| Complete 
|  72|0x0000000084800000, 0x0000000084900000, 0x0000000084900000|100%| O|  |TAMS 0x0000000084900000, 0x0000000084800000| Untracked 
|  73|0x0000000084900000, 0x0000000084a00000, 0x0000000084a00000|100%| O|  |TAMS 0x0000000084a00000, 0x0000000084900000| Untracked 
|  74|0x0000000084a00000, 0x0000000084b00000, 0x0000000084b00000|100%| O|  |TAMS 0x0000000084b00000, 0x0000000084a00000| Untracked 
|  75|0x0000000084b00000, 0x0000000084c00000, 0x0000000084c00000|100%| O|  |TAMS 0x0000000084c00000, 0x0000000084b00000| Untracked 
|  76|0x0000000084c00000, 0x0000000084d00000, 0x0000000084d00000|100%| O|  |TAMS 0x0000000084d00000, 0x0000000084c00000| Untracked 
|  77|0x0000000084d00000, 0x0000000084e00000, 0x0000000084e00000|100%| O|  |TAMS 0x0000000084e00000, 0x0000000084d00000| Untracked 
|  78|0x0000000084e00000, 0x0000000084f00000, 0x0000000084f00000|100%|HS|  |TAMS 0x0000000084f00000, 0x0000000084e00000| Complete 
|  79|0x0000000084f00000, 0x0000000085000000, 0x0000000085000000|100%|HC|  |TAMS 0x0000000085000000, 0x0000000084f00000| Complete 
|  80|0x0000000085000000, 0x0000000085100000, 0x0000000085100000|100%|HC|  |TAMS 0x0000000085100000, 0x0000000085000000| Complete 
|  81|0x0000000085100000, 0x0000000085200000, 0x0000000085200000|100%|HC|  |TAMS 0x0000000085200000, 0x0000000085100000| Complete 
|  82|0x0000000085200000, 0x0000000085300000, 0x0000000085300000|100%|HC|  |TAMS 0x0000000085300000, 0x0000000085200000| Complete 
|  83|0x0000000085300000, 0x0000000085400000, 0x0000000085400000|100%|HC|  |TAMS 0x0000000085400000, 0x0000000085300000| Complete 
|  84|0x0000000085400000, 0x0000000085500000, 0x0000000085500000|100%|HS|  |TAMS 0x0000000085500000, 0x0000000085400000| Complete 
|  85|0x0000000085500000, 0x0000000085600000, 0x0000000085600000|100%|HS|  |TAMS 0x0000000085600000, 0x0000000085500000| Complete 
|  86|0x0000000085600000, 0x0000000085700000, 0x0000000085700000|100%|HS|  |TAMS 0x0000000085700000, 0x0000000085600000| Complete 
|  87|0x0000000085700000, 0x0000000085800000, 0x0000000085800000|100%| O|  |TAMS 0x0000000085800000, 0x0000000085700000| Untracked 
|  88|0x0000000085800000, 0x0000000085900000, 0x0000000085900000|100%| O|  |TAMS 0x0000000085900000, 0x0000000085800000| Untracked 
|  89|0x0000000085900000, 0x0000000085a00000, 0x0000000085a00000|100%|HS|  |TAMS 0x0000000085a00000, 0x0000000085900000| Complete 
|  90|0x0000000085a00000, 0x0000000085b00000, 0x0000000085b00000|100%|HC|  |TAMS 0x0000000085b00000, 0x0000000085a00000| Complete 
|  91|0x0000000085b00000, 0x0000000085c00000, 0x0000000085c00000|100%|HC|  |TAMS 0x0000000085c00000, 0x0000000085b00000| Complete 
|  92|0x0000000085c00000, 0x0000000085d00000, 0x0000000085d00000|100%|HC|  |TAMS 0x0000000085d00000, 0x0000000085c00000| Complete 
|  93|0x0000000085d00000, 0x0000000085e00000, 0x0000000085e00000|100%|HS|  |TAMS 0x0000000085e00000, 0x0000000085d00000| Complete 
|  94|0x0000000085e00000, 0x0000000085f00000, 0x0000000085f00000|100%| O|  |TAMS 0x0000000085f00000, 0x0000000085e00000| Untracked 
|  95|0x0000000085f00000, 0x0000000086000000, 0x0000000086000000|100%| O|  |TAMS 0x0000000086000000, 0x0000000085f00000| Untracked 
|  96|0x0000000086000000, 0x0000000086100000, 0x0000000086100000|100%| O|  |TAMS 0x0000000086100000, 0x0000000086000000| Untracked 
|  97|0x0000000086100000, 0x0000000086200000, 0x0000000086200000|100%| O|  |TAMS 0x0000000086200000, 0x0000000086100000| Untracked 
|  98|0x0000000086200000, 0x0000000086300000, 0x0000000086300000|100%| O|  |TAMS 0x0000000086300000, 0x0000000086200000| Untracked 
|  99|0x0000000086300000, 0x0000000086400000, 0x0000000086400000|100%| O|  |TAMS 0x0000000086400000, 0x0000000086300000| Updating 
| 100|0x0000000086400000, 0x0000000086500000, 0x0000000086500000|100%| O|  |TAMS 0x0000000086500000, 0x0000000086400000| Untracked 
| 101|0x0000000086500000, 0x0000000086600000, 0x0000000086600000|100%| O|  |TAMS 0x0000000086600000, 0x0000000086500000| Untracked 
| 102|0x0000000086600000, 0x0000000086700000, 0x0000000086700000|100%| O|  |TAMS 0x0000000086700000, 0x0000000086600000| Untracked 
| 103|0x0000000086700000, 0x0000000086800000, 0x0000000086800000|100%| O|  |TAMS 0x0000000086800000, 0x0000000086700000| Updating 
| 104|0x0000000086800000, 0x0000000086900000, 0x0000000086900000|100%| O|  |TAMS 0x0000000086900000, 0x0000000086800000| Untracked 
| 105|0x0000000086900000, 0x0000000086a00000, 0x0000000086a00000|100%| O|  |TAMS 0x0000000086a00000, 0x0000000086900000| Untracked 
| 106|0x0000000086a00000, 0x0000000086b00000, 0x0000000086b00000|100%| O|  |TAMS 0x0000000086b00000, 0x0000000086a00000| Untracked 
| 107|0x0000000086b00000, 0x0000000086c00000, 0x0000000086c00000|100%| O|  |TAMS 0x0000000086c00000, 0x0000000086b00000| Untracked 
| 108|0x0000000086c00000, 0x0000000086d00000, 0x0000000086d00000|100%| O|  |TAMS 0x0000000086c00000, 0x0000000086c00000| Untracked 
| 109|0x0000000086d00000, 0x0000000086e00000, 0x0000000086e00000|100%| O|  |TAMS 0x0000000086d00000, 0x0000000086d00000| Untracked 
| 110|0x0000000086e00000, 0x0000000086f00000, 0x0000000086f00000|100%| O|  |TAMS 0x0000000086f00000, 0x0000000086e00000| Untracked 
| 111|0x0000000086f00000, 0x0000000087000000, 0x0000000087000000|100%| O|  |TAMS 0x0000000087000000, 0x0000000086f00000| Untracked 
| 112|0x0000000087000000, 0x0000000087100000, 0x0000000087100000|100%| O|  |TAMS 0x0000000087000000, 0x0000000087000000| Untracked 
| 113|0x0000000087100000, 0x0000000087200000, 0x0000000087200000|100%| O|  |TAMS 0x0000000087100000, 0x0000000087100000| Untracked 
| 114|0x0000000087200000, 0x0000000087300000, 0x0000000087300000|100%| O|  |TAMS 0x0000000087200000, 0x0000000087200000| Untracked 
| 115|0x0000000087300000, 0x0000000087400000, 0x0000000087400000|100%|HS|  |TAMS 0x0000000087300000, 0x0000000087300000| Complete 
| 116|0x0000000087400000, 0x0000000087500000, 0x0000000087500000|100%|HC|  |TAMS 0x0000000087400000, 0x0000000087400000| Complete 
| 117|0x0000000087500000, 0x0000000087600000, 0x0000000087600000|100%|HC|  |TAMS 0x0000000087500000, 0x0000000087500000| Complete 
| 118|0x0000000087600000, 0x0000000087700000, 0x0000000087700000|100%|HC|  |TAMS 0x0000000087600000, 0x0000000087600000| Complete 
| 119|0x0000000087700000, 0x0000000087800000, 0x0000000087800000|100%|HC|  |TAMS 0x0000000087700000, 0x0000000087700000| Complete 
| 120|0x0000000087800000, 0x0000000087900000, 0x0000000087900000|100%|HC|  |TAMS 0x0000000087800000, 0x0000000087800000| Complete 
| 121|0x0000000087900000, 0x0000000087a00000, 0x0000000087a00000|100%|HC|  |TAMS 0x0000000087900000, 0x0000000087900000| Complete 
| 122|0x0000000087a00000, 0x0000000087b00000, 0x0000000087b00000|100%|HC|  |TAMS 0x0000000087a00000, 0x0000000087a00000| Complete 
| 123|0x0000000087b00000, 0x0000000087c00000, 0x0000000087c00000|100%|HC|  |TAMS 0x0000000087b00000, 0x0000000087b00000| Complete 
| 124|0x0000000087c00000, 0x0000000087d00000, 0x0000000087d00000|100%|HC|  |TAMS 0x0000000087c00000, 0x0000000087c00000| Complete 
| 125|0x0000000087d00000, 0x0000000087e00000, 0x0000000087e00000|100%|HS|  |TAMS 0x0000000087d00000, 0x0000000087d00000| Complete 
| 126|0x0000000087e00000, 0x0000000087f00000, 0x0000000087f00000|100%|HC|  |TAMS 0x0000000087e00000, 0x0000000087e00000| Complete 
| 127|0x0000000087f00000, 0x0000000088000000, 0x0000000088000000|100%|HS|  |TAMS 0x0000000087f00000, 0x0000000087f00000| Complete 
| 128|0x0000000088000000, 0x0000000088100000, 0x0000000088100000|100%|HC|  |TAMS 0x0000000088000000, 0x0000000088000000| Complete 
| 129|0x0000000088100000, 0x0000000088200000, 0x0000000088200000|100%|HS|  |TAMS 0x0000000088100000, 0x0000000088100000| Complete 
| 130|0x0000000088200000, 0x0000000088300000, 0x0000000088300000|100%|HC|  |TAMS 0x0000000088200000, 0x0000000088200000| Complete 
| 131|0x0000000088300000, 0x0000000088400000, 0x0000000088400000|100%|HC|  |TAMS 0x0000000088300000, 0x0000000088300000| Complete 
| 132|0x0000000088400000, 0x0000000088500000, 0x0000000088500000|100%|HS|  |TAMS 0x0000000088400000, 0x0000000088400000| Complete 
| 133|0x0000000088500000, 0x0000000088600000, 0x0000000088600000|100%|HC|  |TAMS 0x0000000088500000, 0x0000000088500000| Complete 
| 134|0x0000000088600000, 0x0000000088700000, 0x0000000088700000|100%|HC|  |TAMS 0x0000000088600000, 0x0000000088600000| Complete 
| 135|0x0000000088700000, 0x0000000088800000, 0x0000000088800000|100%|HS|  |TAMS 0x0000000088700000, 0x0000000088700000| Complete 
| 136|0x0000000088800000, 0x0000000088900000, 0x0000000088900000|100%|HC|  |TAMS 0x0000000088800000, 0x0000000088800000| Complete 
| 137|0x0000000088900000, 0x0000000088a00000, 0x0000000088a00000|100%|HS|  |TAMS 0x0000000088900000, 0x0000000088900000| Complete 
| 138|0x0000000088a00000, 0x0000000088b00000, 0x0000000088b00000|100%|HC|  |TAMS 0x0000000088a00000, 0x0000000088a00000| Complete 
| 139|0x0000000088b00000, 0x0000000088c00000, 0x0000000088c00000|100%|HC|  |TAMS 0x0000000088b00000, 0x0000000088b00000| Complete 
| 140|0x0000000088c00000, 0x0000000088d00000, 0x0000000088d00000|100%|HC|  |TAMS 0x0000000088c00000, 0x0000000088c00000| Complete 
| 141|0x0000000088d00000, 0x0000000088e00000, 0x0000000088e00000|100%|HC|  |TAMS 0x0000000088d00000, 0x0000000088d00000| Complete 
| 142|0x0000000088e00000, 0x0000000088f00000, 0x0000000088f00000|100%|HC|  |TAMS 0x0000000088e00000, 0x0000000088e00000| Complete 
| 143|0x0000000088f00000, 0x0000000089000000, 0x0000000089000000|100%|HS|  |TAMS 0x0000000088f00000, 0x0000000088f00000| Complete 
| 144|0x0000000089000000, 0x0000000089100000, 0x0000000089100000|100%|HS|  |TAMS 0x0000000089000000, 0x0000000089000000| Complete 
| 145|0x0000000089100000, 0x0000000089200000, 0x0000000089200000|100%|HC|  |TAMS 0x0000000089100000, 0x0000000089100000| Complete 
| 146|0x0000000089200000, 0x0000000089300000, 0x0000000089300000|100%|HC|  |TAMS 0x0000000089200000, 0x0000000089200000| Complete 
| 147|0x0000000089300000, 0x0000000089400000, 0x0000000089400000|100%|HC|  |TAMS 0x0000000089300000, 0x0000000089300000| Complete 
| 148|0x0000000089400000, 0x0000000089500000, 0x0000000089500000|100%|HC|  |TAMS 0x0000000089400000, 0x0000000089400000| Complete 
| 149|0x0000000089500000, 0x0000000089600000, 0x0000000089600000|100%|HC|  |TAMS 0x0000000089500000, 0x0000000089500000| Complete 
| 150|0x0000000089600000, 0x0000000089700000, 0x0000000089700000|100%|HC|  |TAMS 0x0000000089600000, 0x0000000089600000| Complete 
| 151|0x0000000089700000, 0x0000000089800000, 0x0000000089800000|100%|HC|  |TAMS 0x0000000089700000, 0x0000000089700000| Complete 
| 152|0x0000000089800000, 0x0000000089900000, 0x0000000089900000|100%|HC|  |TAMS 0x0000000089800000, 0x0000000089800000| Complete 
| 153|0x0000000089900000, 0x0000000089a00000, 0x0000000089a00000|100%|HC|  |TAMS 0x0000000089900000, 0x0000000089900000| Complete 
| 154|0x0000000089a00000, 0x0000000089b00000, 0x0000000089b00000|100%|HS|  |TAMS 0x0000000089a00000, 0x0000000089a00000| Complete 
| 155|0x0000000089b00000, 0x0000000089c00000, 0x0000000089c00000|100%|HC|  |TAMS 0x0000000089b00000, 0x0000000089b00000| Complete 
| 156|0x0000000089c00000, 0x0000000089c00000, 0x0000000089d00000|  0%| F|  |TAMS 0x0000000089c00000, 0x0000000089c00000| Untracked 
| 157|0x0000000089d00000, 0x0000000089d00000, 0x0000000089e00000|  0%| F|  |TAMS 0x0000000089d00000, 0x0000000089d00000| Untracked 
| 158|0x0000000089e00000, 0x0000000089e00000, 0x0000000089f00000|  0%| F|  |TAMS 0x0000000089e00000, 0x0000000089e00000| Untracked 
| 159|0x0000000089f00000, 0x0000000089f00000, 0x000000008a000000|  0%| F|  |TAMS 0x0000000089f00000, 0x0000000089f00000| Untracked 
| 160|0x000000008a000000, 0x000000008a000000, 0x000000008a100000|  0%| F|  |TAMS 0x000000008a000000, 0x000000008a000000| Untracked 
| 161|0x000000008a100000, 0x000000008a100000, 0x000000008a200000|  0%| F|  |TAMS 0x000000008a100000, 0x000000008a100000| Untracked 
| 162|0x000000008a200000, 0x000000008a200000, 0x000000008a300000|  0%| F|  |TAMS 0x000000008a200000, 0x000000008a200000| Untracked 
| 163|0x000000008a300000, 0x000000008a300000, 0x000000008a400000|  0%| F|  |TAMS 0x000000008a300000, 0x000000008a300000| Untracked 
| 164|0x000000008a400000, 0x000000008a400000, 0x000000008a500000|  0%| F|  |TAMS 0x000000008a400000, 0x000000008a400000| Untracked 
| 165|0x000000008a500000, 0x000000008a500000, 0x000000008a600000|  0%| F|  |TAMS 0x000000008a500000, 0x000000008a500000| Untracked 
| 166|0x000000008a600000, 0x000000008a600000, 0x000000008a700000|  0%| F|  |TAMS 0x000000008a600000, 0x000000008a600000| Untracked 
| 167|0x000000008a700000, 0x000000008a700000, 0x000000008a800000|  0%| F|  |TAMS 0x000000008a700000, 0x000000008a700000| Untracked 
| 168|0x000000008a800000, 0x000000008a800000, 0x000000008a900000|  0%| F|  |TAMS 0x000000008a800000, 0x000000008a800000| Untracked 
| 169|0x000000008a900000, 0x000000008a900000, 0x000000008aa00000|  0%| F|  |TAMS 0x000000008a900000, 0x000000008a900000| Untracked 
| 170|0x000000008aa00000, 0x000000008aa00000, 0x000000008ab00000|  0%| F|  |TAMS 0x000000008aa00000, 0x000000008aa00000| Untracked 
| 171|0x000000008ab00000, 0x000000008ab00000, 0x000000008ac00000|  0%| F|  |TAMS 0x000000008ab00000, 0x000000008ab00000| Untracked 
| 172|0x000000008ac00000, 0x000000008ac00000, 0x000000008ad00000|  0%| F|  |TAMS 0x000000008ac00000, 0x000000008ac00000| Untracked 
| 173|0x000000008ad00000, 0x000000008ad00000, 0x000000008ae00000|  0%| F|  |TAMS 0x000000008ad00000, 0x000000008ad00000| Untracked 
| 174|0x000000008ae00000, 0x000000008ae00000, 0x000000008af00000|  0%| F|  |TAMS 0x000000008ae00000, 0x000000008ae00000| Untracked 
| 175|0x000000008af00000, 0x000000008af00000, 0x000000008b000000|  0%| F|  |TAMS 0x000000008af00000, 0x000000008af00000| Untracked 
| 176|0x000000008b000000, 0x000000008b000000, 0x000000008b100000|  0%| F|  |TAMS 0x000000008b000000, 0x000000008b000000| Untracked 
| 177|0x000000008b100000, 0x000000008b100000, 0x000000008b200000|  0%| F|  |TAMS 0x000000008b100000, 0x000000008b100000| Untracked 
| 178|0x000000008b200000, 0x000000008b200000, 0x000000008b300000|  0%| F|  |TAMS 0x000000008b200000, 0x000000008b200000| Untracked 
| 179|0x000000008b300000, 0x000000008b300000, 0x000000008b400000|  0%| F|  |TAMS 0x000000008b300000, 0x000000008b300000| Untracked 
| 180|0x000000008b400000, 0x000000008b400000, 0x000000008b500000|  0%| F|  |TAMS 0x000000008b400000, 0x000000008b400000| Untracked 
| 181|0x000000008b500000, 0x000000008b500000, 0x000000008b600000|  0%| F|  |TAMS 0x000000008b500000, 0x000000008b500000| Untracked 
| 182|0x000000008b600000, 0x000000008b600000, 0x000000008b700000|  0%| F|  |TAMS 0x000000008b600000, 0x000000008b600000| Untracked 
| 183|0x000000008b700000, 0x000000008b700000, 0x000000008b800000|  0%| F|  |TAMS 0x000000008b700000, 0x000000008b700000| Untracked 
| 184|0x000000008b800000, 0x000000008b800000, 0x000000008b900000|  0%| F|  |TAMS 0x000000008b800000, 0x000000008b800000| Untracked 
| 185|0x000000008b900000, 0x000000008b900000, 0x000000008ba00000|  0%| F|  |TAMS 0x000000008b900000, 0x000000008b900000| Untracked 
| 186|0x000000008ba00000, 0x000000008ba00000, 0x000000008bb00000|  0%| F|  |TAMS 0x000000008ba00000, 0x000000008ba00000| Untracked 
| 187|0x000000008bb00000, 0x000000008bb00000, 0x000000008bc00000|  0%| F|  |TAMS 0x000000008bb00000, 0x000000008bb00000| Untracked 
| 188|0x000000008bc00000, 0x000000008bc00000, 0x000000008bd00000|  0%| F|  |TAMS 0x000000008bc00000, 0x000000008bc00000| Untracked 
| 189|0x000000008bd00000, 0x000000008bd00000, 0x000000008be00000|  0%| F|  |TAMS 0x000000008bd00000, 0x000000008bd00000| Untracked 
| 190|0x000000008be00000, 0x000000008be00000, 0x000000008bf00000|  0%| F|  |TAMS 0x000000008be00000, 0x000000008be00000| Untracked 
| 191|0x000000008bf00000, 0x000000008bf00000, 0x000000008c000000|  0%| F|  |TAMS 0x000000008bf00000, 0x000000008bf00000| Untracked 
| 192|0x000000008c000000, 0x000000008c000000, 0x000000008c100000|  0%| F|  |TAMS 0x000000008c000000, 0x000000008c000000| Untracked 
| 193|0x000000008c100000, 0x000000008c100000, 0x000000008c200000|  0%| F|  |TAMS 0x000000008c100000, 0x000000008c100000| Untracked 
| 194|0x000000008c200000, 0x000000008c300000, 0x000000008c300000|100%| S|CS|TAMS 0x000000008c200000, 0x000000008c200000| Complete 
| 195|0x000000008c300000, 0x000000008c400000, 0x000000008c400000|100%| S|CS|TAMS 0x000000008c300000, 0x000000008c300000| Complete 
| 196|0x000000008c400000, 0x000000008c500000, 0x000000008c500000|100%| S|CS|TAMS 0x000000008c400000, 0x000000008c400000| Complete 
| 197|0x000000008c500000, 0x000000008c600000, 0x000000008c600000|100%| S|CS|TAMS 0x000000008c500000, 0x000000008c500000| Complete 
| 198|0x000000008c600000, 0x000000008c700000, 0x000000008c700000|100%| S|CS|TAMS 0x000000008c600000, 0x000000008c600000| Complete 
| 199|0x000000008c700000, 0x000000008c800000, 0x000000008c800000|100%| S|CS|TAMS 0x000000008c700000, 0x000000008c700000| Complete 
| 200|0x000000008c800000, 0x000000008c900000, 0x000000008c900000|100%| S|CS|TAMS 0x000000008c800000, 0x000000008c800000| Complete 
| 201|0x000000008c900000, 0x000000008ca00000, 0x000000008ca00000|100%| S|CS|TAMS 0x000000008c900000, 0x000000008c900000| Complete 
| 202|0x000000008ca00000, 0x000000008cb00000, 0x000000008cb00000|100%| S|CS|TAMS 0x000000008ca00000, 0x000000008ca00000| Complete 
| 203|0x000000008cb00000, 0x000000008cc00000, 0x000000008cc00000|100%| S|CS|TAMS 0x000000008cb00000, 0x000000008cb00000| Complete 
| 204|0x000000008cc00000, 0x000000008cd00000, 0x000000008cd00000|100%| S|CS|TAMS 0x000000008cc00000, 0x000000008cc00000| Complete 
| 205|0x000000008cd00000, 0x000000008cd00000, 0x000000008ce00000|  0%| F|  |TAMS 0x000000008cd00000, 0x000000008cd00000| Untracked 
| 206|0x000000008ce00000, 0x000000008ce00000, 0x000000008cf00000|  0%| F|  |TAMS 0x000000008ce00000, 0x000000008ce00000| Untracked 
| 207|0x000000008cf00000, 0x000000008cf00000, 0x000000008d000000|  0%| F|  |TAMS 0x000000008cf00000, 0x000000008cf00000| Untracked 
| 208|0x000000008d000000, 0x000000008d000000, 0x000000008d100000|  0%| F|  |TAMS 0x000000008d000000, 0x000000008d000000| Untracked 
| 209|0x000000008d100000, 0x000000008d100000, 0x000000008d200000|  0%| F|  |TAMS 0x000000008d100000, 0x000000008d100000| Untracked 
| 210|0x000000008d200000, 0x000000008d200000, 0x000000008d300000|  0%| F|  |TAMS 0x000000008d200000, 0x000000008d200000| Untracked 
| 211|0x000000008d300000, 0x000000008d300000, 0x000000008d400000|  0%| F|  |TAMS 0x000000008d300000, 0x000000008d300000| Untracked 
| 212|0x000000008d400000, 0x000000008d400000, 0x000000008d500000|  0%| F|  |TAMS 0x000000008d400000, 0x000000008d400000| Untracked 
| 213|0x000000008d500000, 0x000000008d500000, 0x000000008d600000|  0%| F|  |TAMS 0x000000008d500000, 0x000000008d500000| Untracked 
| 214|0x000000008d600000, 0x000000008d600000, 0x000000008d700000|  0%| F|  |TAMS 0x000000008d600000, 0x000000008d600000| Untracked 
| 215|0x000000008d700000, 0x000000008d700000, 0x000000008d800000|  0%| F|  |TAMS 0x000000008d700000, 0x000000008d700000| Untracked 
| 216|0x000000008d800000, 0x000000008d800000, 0x000000008d900000|  0%| F|  |TAMS 0x000000008d800000, 0x000000008d800000| Untracked 
| 217|0x000000008d900000, 0x000000008d900000, 0x000000008da00000|  0%| F|  |TAMS 0x000000008d900000, 0x000000008d900000| Untracked 
| 218|0x000000008da00000, 0x000000008da00000, 0x000000008db00000|  0%| F|  |TAMS 0x000000008da00000, 0x000000008da00000| Untracked 
| 219|0x000000008db00000, 0x000000008db00000, 0x000000008dc00000|  0%| F|  |TAMS 0x000000008db00000, 0x000000008db00000| Untracked 
| 220|0x000000008dc00000, 0x000000008dc00000, 0x000000008dd00000|  0%| F|  |TAMS 0x000000008dc00000, 0x000000008dc00000| Untracked 
| 221|0x000000008dd00000, 0x000000008dd00000, 0x000000008de00000|  0%| F|  |TAMS 0x000000008dd00000, 0x000000008dd00000| Untracked 
| 222|0x000000008de00000, 0x000000008de00000, 0x000000008df00000|  0%| F|  |TAMS 0x000000008de00000, 0x000000008de00000| Untracked 
| 223|0x000000008df00000, 0x000000008df00000, 0x000000008e000000|  0%| F|  |TAMS 0x000000008df00000, 0x000000008df00000| Untracked 
| 224|0x000000008e000000, 0x000000008e000000, 0x000000008e100000|  0%| F|  |TAMS 0x000000008e000000, 0x000000008e000000| Untracked 
| 225|0x000000008e100000, 0x000000008e100000, 0x000000008e200000|  0%| F|  |TAMS 0x000000008e100000, 0x000000008e100000| Untracked 
| 226|0x000000008e200000, 0x000000008e200000, 0x000000008e300000|  0%| F|  |TAMS 0x000000008e200000, 0x000000008e200000| Untracked 
| 227|0x000000008e300000, 0x000000008e300000, 0x000000008e400000|  0%| F|  |TAMS 0x000000008e300000, 0x000000008e300000| Untracked 
| 228|0x000000008e400000, 0x000000008e400000, 0x000000008e500000|  0%| F|  |TAMS 0x000000008e400000, 0x000000008e400000| Untracked 
| 229|0x000000008e500000, 0x000000008e500000, 0x000000008e600000|  0%| F|  |TAMS 0x000000008e500000, 0x000000008e500000| Untracked 
| 230|0x000000008e600000, 0x000000008e600000, 0x000000008e700000|  0%| F|  |TAMS 0x000000008e600000, 0x000000008e600000| Untracked 
| 231|0x000000008e700000, 0x000000008e700000, 0x000000008e800000|  0%| F|  |TAMS 0x000000008e700000, 0x000000008e700000| Untracked 
| 232|0x000000008e800000, 0x000000008e800000, 0x000000008e900000|  0%| F|  |TAMS 0x000000008e800000, 0x000000008e800000| Untracked 
| 233|0x000000008e900000, 0x000000008e900000, 0x000000008ea00000|  0%| F|  |TAMS 0x000000008e900000, 0x000000008e900000| Untracked 
| 234|0x000000008ea00000, 0x000000008ea00000, 0x000000008eb00000|  0%| F|  |TAMS 0x000000008ea00000, 0x000000008ea00000| Untracked 
| 235|0x000000008eb00000, 0x000000008eb00000, 0x000000008ec00000|  0%| F|  |TAMS 0x000000008eb00000, 0x000000008eb00000| Untracked 
| 236|0x000000008ec00000, 0x000000008ec00000, 0x000000008ed00000|  0%| F|  |TAMS 0x000000008ec00000, 0x000000008ec00000| Untracked 
| 237|0x000000008ed00000, 0x000000008ed00000, 0x000000008ee00000|  0%| F|  |TAMS 0x000000008ed00000, 0x000000008ed00000| Untracked 
| 238|0x000000008ee00000, 0x000000008ee00000, 0x000000008ef00000|  0%| F|  |TAMS 0x000000008ee00000, 0x000000008ee00000| Untracked 
| 239|0x000000008ef00000, 0x000000008ef00000, 0x000000008f000000|  0%| F|  |TAMS 0x000000008ef00000, 0x000000008ef00000| Untracked 
| 240|0x000000008f000000, 0x000000008f000000, 0x000000008f100000|  0%| F|  |TAMS 0x000000008f000000, 0x000000008f000000| Untracked 
| 241|0x000000008f100000, 0x000000008f100000, 0x000000008f200000|  0%| F|  |TAMS 0x000000008f100000, 0x000000008f100000| Untracked 
| 242|0x000000008f200000, 0x000000008f200000, 0x000000008f300000|  0%| F|  |TAMS 0x000000008f200000, 0x000000008f200000| Untracked 
| 243|0x000000008f300000, 0x000000008f300000, 0x000000008f400000|  0%| F|  |TAMS 0x000000008f300000, 0x000000008f300000| Untracked 
| 244|0x000000008f400000, 0x000000008f400000, 0x000000008f500000|  0%| F|  |TAMS 0x000000008f400000, 0x000000008f400000| Untracked 
| 245|0x000000008f500000, 0x000000008f500000, 0x000000008f600000|  0%| F|  |TAMS 0x000000008f500000, 0x000000008f500000| Untracked 
| 246|0x000000008f600000, 0x000000008f67a1a0, 0x000000008f700000| 47%| E|  |TAMS 0x000000008f600000, 0x000000008f600000| Complete 
| 247|0x000000008f700000, 0x000000008f7fc470, 0x000000008f800000| 98%| E|  |TAMS 0x000000008f700000, 0x000000008f700000| Complete 
| 248|0x000000008f800000, 0x000000008f900000, 0x000000008f900000|100%| E|CS|TAMS 0x000000008f800000, 0x000000008f800000| Complete 
| 249|0x000000008f900000, 0x000000008fa00000, 0x000000008fa00000|100%| E|CS|TAMS 0x000000008f900000, 0x000000008f900000| Complete 
| 250|0x000000008fa00000, 0x000000008fb00000, 0x000000008fb00000|100%| E|CS|TAMS 0x000000008fa00000, 0x000000008fa00000| Complete 
| 251|0x000000008fb00000, 0x000000008fc00000, 0x000000008fc00000|100%| E|CS|TAMS 0x000000008fb00000, 0x000000008fb00000| Complete 

Card table byte_map: [0x0000023f27b70000,0x0000023f27f70000] _byte_map_base: 0x0000023f27770000

Marking Bits (Prev, Next): (CMBitMap*) 0x0000023f10cc00a0, (CMBitMap*) 0x0000023f10cc00e0
 Prev Bits: [0x0000023f28370000, 0x0000023f2a370000)
 Next Bits: [0x0000023f2a370000, 0x0000023f2c370000)

Polling page: 0x0000023f0ebc0000

Metaspace:

Usage:
  Non-class:     62.64 MB used.
      Class:      9.84 MB used.
       Both:     72.49 MB used.

Virtual space:
  Non-class space:       64.00 MB reserved,      63.00 MB ( 98%) committed,  1 nodes.
      Class space:        1.00 GB reserved,      10.19 MB ( <1%) committed,  1 nodes.
             Both:        1.06 GB reserved,      73.19 MB (  7%) committed. 

Chunk freelists:
   Non-Class:  592.00 KB
       Class:  5.86 MB
        Both:  6.44 MB

MaxMetaspaceSize: unlimited
CompressedClassSpaceSize: 1.00 GB
Initial GC threshold: 21.00 MB
Current GC threshold: 90.88 MB
CDS: on
MetaspaceReclaimPolicy: balanced
 - commit_granule_bytes: 65536.
 - commit_granule_words: 8192.
 - virtual_space_node_default_size: 8388608.
 - enlarge_chunks_in_place: 1.
 - new_chunks_are_fully_committed: 0.
 - uncommit_free_chunks: 1.
 - use_allocation_guard: 0.
 - handle_deallocations: 1.


Internal statistics:

num_allocs_failed_limit: 6.
num_arena_births: 778.
num_arena_deaths: 0.
num_vsnodes_births: 2.
num_vsnodes_deaths: 0.
num_space_committed: 1171.
num_space_uncommitted: 0.
num_chunks_returned_to_freelist: 6.
num_chunks_taken_from_freelist: 3740.
num_chunk_merges: 6.
num_chunk_splits: 2528.
num_chunks_enlarged: 1717.
num_inconsistent_stats: 0.

CodeHeap 'non-profiled nmethods': size=120000Kb used=4608Kb max_used=4608Kb free=115391Kb
 bounds [0x0000023f20240000, 0x0000023f206d0000, 0x0000023f27770000]
CodeHeap 'profiled nmethods': size=120000Kb used=16319Kb max_used=16319Kb free=103680Kb
 bounds [0x0000023f18770000, 0x0000023f19760000, 0x0000023f1fca0000]
CodeHeap 'non-nmethods': size=5760Kb used=2374Kb max_used=2440Kb free=3385Kb
 bounds [0x0000023f1fca0000, 0x0000023f1ff20000, 0x0000023f20240000]
 total_blobs=8962 nmethods=8061 adapters=812
 compilation: enabled
              stopped_count=0, restarted_count=0
 full_count=0

Compilation events (20 events):
Event: 16.358 Thread 0x0000023f2e869d50 nmethod 8858 0x0000023f1975e190 code [0x0000023f1975e340, 0x0000023f1975e568]
Event: 16.358 Thread 0x0000023f2e869d50 8859       2       jdk.internal.ref.PhantomCleanable::clean (16 bytes)
Event: 16.358 Thread 0x0000023f2e869d50 nmethod 8859 0x0000023f1975e610 code [0x0000023f1975e7c0, 0x0000023f1975e948]
Event: 16.369 Thread 0x0000023f36109910 nmethod 8848 0x0000023f206a8b10 code [0x0000023f206a8d60, 0x0000023f206aadd0]
Event: 16.369 Thread 0x0000023f36109910 8854       4       com.google.common.collect.MapMakerInternalMap$StrongKeyWeakValueSegment::self (5 bytes)
Event: 16.370 Thread 0x0000023f36109910 nmethod 8854 0x0000023f206abf90 code [0x0000023f206ac100, 0x0000023f206ac178]
Event: 16.370 Thread 0x0000023f36109910 8852       4       java.net.URLClassLoader::getAndVerifyPackage (109 bytes)
Event: 16.372 Thread 0x0000023f36109910 nmethod 8852 0x0000023f206ac290 code [0x0000023f206ac420, 0x0000023f206ac578]
Event: 16.372 Thread 0x0000023f36109910 8849       4       jdk.internal.org.objectweb.asm.SymbolTable::addConstantMethodref (24 bytes)
Event: 16.373 Thread 0x0000023f36109910 nmethod 8849 0x0000023f206ac790 code [0x0000023f206ac920, 0x0000023f206ac9e8]
Event: 16.400 Thread 0x0000023f2e869d50 8860  s    3       java.io.FileDescriptor::attach (73 bytes)
Event: 16.401 Thread 0x0000023f2e869d50 nmethod 8860 0x0000023f1975ea10 code [0x0000023f1975ec40, 0x0000023f1975f7a8]
Event: 16.418 Thread 0x0000023f2e869d50 8861       3       java.nio.charset.CharsetDecoder::<init> (10 bytes)
Event: 16.418 Thread 0x0000023f2e869d50 nmethod 8861 0x0000023f1975fb10 code [0x0000023f1975fcc0, 0x0000023f1975fe08]
Event: 16.470 Thread 0x0000023f2e866290 nmethod 8342 0x0000023f206aca90 code [0x0000023f206ad520, 0x0000023f206ba1c8]
Event: 16.473 Thread 0x0000023f2e866290 8862       4       java.lang.Character::isJavaIdentifierPart (9 bytes)
Event: 16.474 Thread 0x0000023f2e869d50 8863       1       org.gradle.tooling.internal.adapter.MethodInvocation::found (5 bytes)
Event: 16.474 Thread 0x0000023f2e869d50 nmethod 8863 0x0000023f206bf810 code [0x0000023f206bf9a0, 0x0000023f206bfa78]
Event: 16.475 Thread 0x0000023f2e866290 nmethod 8862 0x0000023f206bfb10 code [0x0000023f206bfca0, 0x0000023f206bfd98]
Event: 16.480 Thread 0x0000023f2e866290 8865       4       com.google.common.collect.MapMakerInternalMap$Segment::getEntry (80 bytes)

GC Heap History (20 events):
Event: 9.926 GC heap before
{Heap before GC invocations=16 (full 0):
 garbage-first heap   total 153600K, used 117311K [0x0000000080000000, 0x0000000100000000)
  region size 1024K, 31 young (31744K), 1 survivors (1024K)
 Metaspace       used 42392K, committed 43008K, reserved 1114112K
  class space    used 5907K, committed 6208K, reserved 1048576K
}
Event: 9.932 GC heap after
{Heap after GC invocations=17 (full 0):
 garbage-first heap   total 153600K, used 88088K [0x0000000080000000, 0x0000000100000000)
  region size 1024K, 3 young (3072K), 3 survivors (3072K)
 Metaspace       used 42392K, committed 43008K, reserved 1114112K
  class space    used 5907K, committed 6208K, reserved 1048576K
}
Event: 10.690 GC heap before
{Heap before GC invocations=17 (full 0):
 garbage-first heap   total 153600K, used 119832K [0x0000000080000000, 0x0000000100000000)
  region size 1024K, 35 young (35840K), 3 survivors (3072K)
 Metaspace       used 43926K, committed 44544K, reserved 1114112K
  class space    used 6058K, committed 6336K, reserved 1048576K
}
Event: 10.697 GC heap after
{Heap after GC invocations=18 (full 0):
 garbage-first heap   total 153600K, used 90072K [0x0000000080000000, 0x0000000100000000)
  region size 1024K, 5 young (5120K), 5 survivors (5120K)
 Metaspace       used 43926K, committed 44544K, reserved 1114112K
  class space    used 6058K, committed 6336K, reserved 1048576K
}
Event: 10.820 GC heap before
{Heap before GC invocations=19 (full 0):
 garbage-first heap   total 158720K, used 96216K [0x0000000080000000, 0x0000000100000000)
  region size 1024K, 11 young (11264K), 5 survivors (5120K)
 Metaspace       used 44152K, committed 44736K, reserved 1114112K
  class space    used 6095K, committed 6400K, reserved 1048576K
}
Event: 10.826 GC heap after
{Heap after GC invocations=20 (full 0):
 garbage-first heap   total 158720K, used 94253K [0x0000000080000000, 0x0000000100000000)
  region size 1024K, 5 young (5120K), 5 survivors (5120K)
 Metaspace       used 44152K, committed 44736K, reserved 1114112K
  class space    used 6095K, committed 6400K, reserved 1048576K
}
Event: 11.344 GC heap before
{Heap before GC invocations=21 (full 0):
 garbage-first heap   total 183296K, used 133165K [0x0000000080000000, 0x0000000100000000)
  region size 1024K, 37 young (37888K), 5 survivors (5120K)
 Metaspace       used 47202K, committed 47872K, reserved 1114112K
  class space    used 6509K, committed 6784K, reserved 1048576K
}
Event: 11.350 GC heap after
{Heap after GC invocations=22 (full 0):
 garbage-first heap   total 183296K, used 105293K [0x0000000080000000, 0x0000000100000000)
  region size 1024K, 5 young (5120K), 5 survivors (5120K)
 Metaspace       used 47202K, committed 47872K, reserved 1114112K
  class space    used 6509K, committed 6784K, reserved 1048576K
}
Event: 12.101 GC heap before
{Heap before GC invocations=22 (full 0):
 garbage-first heap   total 183296K, used 142157K [0x0000000080000000, 0x0000000100000000)
  region size 1024K, 41 young (41984K), 5 survivors (5120K)
 Metaspace       used 53332K, committed 54016K, reserved 1114112K
  class space    used 7263K, committed 7552K, reserved 1048576K
}
Event: 12.106 GC heap after
{Heap after GC invocations=23 (full 0):
 garbage-first heap   total 183296K, used 107420K [0x0000000080000000, 0x0000000100000000)
  region size 1024K, 2 young (2048K), 2 survivors (2048K)
 Metaspace       used 53332K, committed 54016K, reserved 1114112K
  class space    used 7263K, committed 7552K, reserved 1048576K
}
Event: 12.398 GC heap before
{Heap before GC invocations=24 (full 0):
 garbage-first heap   total 188416K, used 115612K [0x0000000080000000, 0x0000000100000000)
  region size 1024K, 11 young (11264K), 2 survivors (2048K)
 Metaspace       used 55133K, committed 55744K, reserved 1114112K
  class space    used 7475K, committed 7744K, reserved 1048576K
}
Event: 12.405 GC heap after
{Heap after GC invocations=25 (full 0):
 garbage-first heap   total 188416K, used 108910K [0x0000000080000000, 0x0000000100000000)
  region size 1024K, 4 young (4096K), 4 survivors (4096K)
 Metaspace       used 55133K, committed 55744K, reserved 1114112K
  class space    used 7475K, committed 7744K, reserved 1048576K
}
Event: 13.055 GC heap before
{Heap before GC invocations=26 (full 0):
 garbage-first heap   total 215040K, used 154990K [0x0000000080000000, 0x0000000100000000)
  region size 1024K, 43 young (44032K), 4 survivors (4096K)
 Metaspace       used 57734K, committed 58304K, reserved 1114112K
  class space    used 7803K, committed 8064K, reserved 1048576K
}
Event: 13.064 GC heap after
{Heap after GC invocations=27 (full 0):
 garbage-first heap   total 258048K, used 112282K [0x0000000080000000, 0x0000000100000000)
  region size 1024K, 5 young (5120K), 5 survivors (5120K)
 Metaspace       used 57734K, committed 58304K, reserved 1114112K
  class space    used 7803K, committed 8064K, reserved 1048576K
}
Event: 14.137 GC heap before
{Heap before GC invocations=27 (full 0):
 garbage-first heap   total 258048K, used 181914K [0x0000000080000000, 0x0000000100000000)
  region size 1024K, 73 young (74752K), 5 survivors (5120K)
 Metaspace       used 62596K, committed 63296K, reserved 1114112K
  class space    used 8432K, committed 8768K, reserved 1048576K
}
Event: 14.149 GC heap after
{Heap after GC invocations=28 (full 0):
 garbage-first heap   total 258048K, used 117159K [0x0000000080000000, 0x0000000100000000)
  region size 1024K, 10 young (10240K), 10 survivors (10240K)
 Metaspace       used 62596K, committed 63296K, reserved 1114112K
  class space    used 8432K, committed 8768K, reserved 1048576K
}
Event: 15.346 GC heap before
{Heap before GC invocations=28 (full 0):
 garbage-first heap   total 258048K, used 187815K [0x0000000080000000, 0x0000000100000000)
  region size 1024K, 79 young (80896K), 10 survivors (10240K)
 Metaspace       used 69080K, committed 69824K, reserved 1114112K
  class space    used 9484K, committed 9856K, reserved 1048576K
}
Event: 15.360 GC heap after
{Heap after GC invocations=29 (full 0):
 garbage-first heap   total 258048K, used 122277K [0x0000000080000000, 0x0000000100000000)
  region size 1024K, 10 young (10240K), 10 survivors (10240K)
 Metaspace       used 69080K, committed 69824K, reserved 1114112K
  class space    used 9484K, committed 9856K, reserved 1048576K
}
Event: 16.337 GC heap before
{Heap before GC invocations=29 (full 0):
 garbage-first heap   total 258048K, used 168357K [0x0000000080000000, 0x0000000100000000)
  region size 1024K, 57 young (58368K), 10 survivors (10240K)
 Metaspace       used 74194K, committed 74944K, reserved 1114112K
  class space    used 10075K, committed 10432K, reserved 1048576K
}
Event: 16.356 GC heap after
{Heap after GC invocations=30 (full 0):
 garbage-first heap   total 258048K, used 128421K [0x0000000080000000, 0x0000000100000000)
  region size 1024K, 11 young (11264K), 11 survivors (11264K)
 Metaspace       used 74194K, committed 74944K, reserved 1114112K
  class space    used 10075K, committed 10432K, reserved 1048576K
}

Dll operation events (12 events):
Event: 0.020 Loaded shared library C:\Users\wefer\.jdks\corretto-17.0.7\bin\java.dll
Event: 0.035 Loaded shared library C:\Users\wefer\.jdks\corretto-17.0.7\bin\jsvml.dll
Event: 0.172 Loaded shared library C:\Users\wefer\.jdks\corretto-17.0.7\bin\net.dll
Event: 0.174 Loaded shared library C:\Users\wefer\.jdks\corretto-17.0.7\bin\nio.dll
Event: 0.181 Loaded shared library C:\Users\wefer\.jdks\corretto-17.0.7\bin\zip.dll
Event: 0.405 Loaded shared library C:\Users\wefer\.jdks\corretto-17.0.7\bin\jimage.dll
Event: 0.487 Loaded shared library C:\Users\wefer\.jdks\corretto-17.0.7\bin\verify.dll
Event: 0.718 Loaded shared library C:\Users\wefer\.gradle\native\68d5fa5c4cc2d200863cafc0d521ce42e7d3e7ee720ec0a83991735586a16f82\windows-amd64\native-platform.dll
Event: 0.724 Loaded shared library C:\Users\wefer\.gradle\native\e376f236ea51e6404a007f0833ffe2c6e607c4080706a723a18a27aeea778392\windows-amd64\native-platform-file-events.dll
Event: 1.940 Loaded shared library C:\Users\wefer\.jdks\corretto-17.0.7\bin\management.dll
Event: 1.945 Loaded shared library C:\Users\wefer\.jdks\corretto-17.0.7\bin\management_ext.dll
Event: 2.566 Loaded shared library C:\Users\wefer\.jdks\corretto-17.0.7\bin\sunmscapi.dll

Deoptimization events (20 events):
Event: 16.134 Thread 0x0000023f3444b810 Uncommon trap: trap_request=0xffffff45 fr.pc=0x0000023f202e8828 relative=0x0000000000000da8
Event: 16.134 Thread 0x0000023f3444b810 Uncommon trap: reason=unstable_if action=reinterpret pc=0x0000023f202e8828 method=com.esotericsoftware.kryo.io.Input.readString()Ljava/lang/String; @ 28 c2
Event: 16.135 Thread 0x0000023f3444b810 DEOPT PACKING pc=0x0000023f202e8828 sp=0x00000061ca4f86b0
Event: 16.135 Thread 0x0000023f3444b810 DEOPT UNPACKING pc=0x0000023f1fcf69a3 sp=0x00000061ca4f8688 mode 2
Event: 16.141 Thread 0x0000023f3444b810 Uncommon trap: trap_request=0xffffff45 fr.pc=0x0000023f2045d2d8 relative=0x00000000000001b8
Event: 16.141 Thread 0x0000023f3444b810 Uncommon trap: reason=unstable_if action=reinterpret pc=0x0000023f2045d2d8 method=com.esotericsoftware.kryo.io.Input.require(I)I @ 65 c2
Event: 16.142 Thread 0x0000023f3444b810 DEOPT PACKING pc=0x0000023f2045d2d8 sp=0x00000061ca4f83d0
Event: 16.142 Thread 0x0000023f3444b810 DEOPT UNPACKING pc=0x0000023f1fcf69a3 sp=0x00000061ca4f8380 mode 2
Event: 16.227 Thread 0x0000023f3444b810 Uncommon trap: trap_request=0xffffffc6 fr.pc=0x0000023f20690464 relative=0x0000000000000404
Event: 16.227 Thread 0x0000023f3444b810 Uncommon trap: reason=bimorphic_or_optimized_type_check action=maybe_recompile pc=0x0000023f20690464 method=com.google.common.collect.ImmutableCollection$Builder.addAll(Ljava/lang/Iterable;)Lcom/google/common/collect/ImmutableCollection$Builder; @ 1 c2
Event: 16.227 Thread 0x0000023f3444b810 DEOPT PACKING pc=0x0000023f20690464 sp=0x00000061ca4fb9e0
Event: 16.227 Thread 0x0000023f3444b810 DEOPT UNPACKING pc=0x0000023f1fcf69a3 sp=0x00000061ca4fb9b0 mode 2
Event: 16.240 Thread 0x0000023f3444b810 Uncommon trap: trap_request=0xffffff45 fr.pc=0x0000023f2036e838 relative=0x0000000000000778
Event: 16.240 Thread 0x0000023f3444b810 Uncommon trap: reason=unstable_if action=reinterpret pc=0x0000023f2036e838 method=java.lang.Integer.stringSize(I)I @ 3 c2
Event: 16.240 Thread 0x0000023f3444b810 DEOPT PACKING pc=0x0000023f2036e838 sp=0x00000061ca4fc710
Event: 16.240 Thread 0x0000023f3444b810 DEOPT UNPACKING pc=0x0000023f1fcf69a3 sp=0x00000061ca4fc660 mode 2
Event: 16.254 Thread 0x0000023f3444b810 Uncommon trap: trap_request=0xffffff45 fr.pc=0x0000023f2037aa8c relative=0x000000000000058c
Event: 16.254 Thread 0x0000023f3444b810 Uncommon trap: reason=unstable_if action=reinterpret pc=0x0000023f2037aa8c method=jdk.internal.org.objectweb.asm.Frame.getAbstractTypeFromDescriptor(Ljdk/internal/org/objectweb/asm/SymbolTable;Ljava/lang/String;I)I @ 189 c2
Event: 16.254 Thread 0x0000023f3444b810 DEOPT PACKING pc=0x0000023f2037aa8c sp=0x00000061ca4fbd80
Event: 16.254 Thread 0x0000023f3444b810 DEOPT UNPACKING pc=0x0000023f1fcf69a3 sp=0x00000061ca4fbd40 mode 2

Classes unloaded (0 events):
No events

Classes redefined (0 events):
No events

Internal exceptions (20 events):
Event: 14.303 Thread 0x0000023f3444b810 Exception <a 'java/lang/ClassNotFoundException'{0x000000008ea1d090}: java/util/AbstractListCustomizer> (0x000000008ea1d090) 
thrown [s\src\hotspot\share\classfile\systemDictionary.cpp, line 256]
Event: 14.304 Thread 0x0000023f3444b810 Exception <a 'java/lang/ClassNotFoundException'{0x000000008ea30580}: java/util/ArrayListCustomizer> (0x000000008ea30580) 
thrown [s\src\hotspot\share\classfile\systemDictionary.cpp, line 256]
Event: 14.309 Thread 0x0000023f3444b810 Implicit null exception at 0x0000023f20262892 to 0x0000023f20262ecc
Event: 14.309 Thread 0x0000023f3444b810 Implicit null exception at 0x0000023f204bff94 to 0x0000023f204c0600
Event: 15.146 Thread 0x0000023f3444b810 Exception <a 'java/lang/NoSuchMethodError'{0x000000008c158768}: 'int java.lang.invoke.DirectMethodHandle$Holder.invokeSpecialIFC(java.lang.Object, java.lang.Object, java.lang.Object, java.lang.Object, java.lang.Object)'> (0x000000008c158768) 
thrown [s\src\hotspot\share\interpreter\linkResolver.cpp, line 759]
Event: 15.389 Thread 0x0000023f3444b810 Exception <a 'java/lang/ClassNotFoundException'{0x000000008f974d18}: com/android/build/gradle/internal/api/ApkVariantOutputImpl_DecoratedBeanInfo> (0x000000008f974d18) 
thrown [s\src\hotspot\share\classfile\systemDictionary.cpp, line 256]
Event: 15.390 Thread 0x0000023f3444b810 Exception <a 'java/lang/ClassNotFoundException'{0x000000008f981dd8}: com/android/build/gradle/internal/api/ApkVariantOutputImplBeanInfo> (0x000000008f981dd8) 
thrown [s\src\hotspot\share\classfile\systemDictionary.cpp, line 256]
Event: 15.391 Thread 0x0000023f3444b810 Exception <a 'java/lang/ClassNotFoundException'{0x000000008f98ec68}: com/android/build/gradle/internal/api/BaseVariantOutputImplBeanInfo> (0x000000008f98ec68) 
thrown [s\src\hotspot\share\classfile\systemDictionary.cpp, line 256]
Event: 15.392 Thread 0x0000023f3444b810 Exception <a 'java/lang/ClassNotFoundException'{0x000000008f99bad0}: com/android/build/gradle/internal/api/BaseVariantOutputImplCustomizer> (0x000000008f99bad0) 
thrown [s\src\hotspot\share\classfile\systemDictionary.cpp, line 256]
Event: 15.393 Thread 0x0000023f3444b810 Exception <a 'java/lang/ClassNotFoundException'{0x000000008f9bb7c0}: com/android/build/gradle/internal/api/ApkVariantOutputImplCustomizer> (0x000000008f9bb7c0) 
thrown [s\src\hotspot\share\classfile\systemDictionary.cpp, line 256]
Event: 15.394 Thread 0x0000023f3444b810 Exception <a 'java/lang/ClassNotFoundException'{0x000000008f9d64f8}: com/android/build/gradle/internal/api/ApkVariantOutputImpl_DecoratedCustomizer> (0x000000008f9d64f8) 
thrown [s\src\hotspot\share\classfile\systemDictionary.cpp, line 256]
Event: 15.452 Thread 0x0000023f3444b810 Exception <a 'java/lang/ClassNotFoundException'{0x000000008f569d78}: com/android/build/gradle/internal/api/ReadOnlyBuildTypeBeanInfo> (0x000000008f569d78) 
thrown [s\src\hotspot\share\classfile\systemDictionary.cpp, line 256]
Event: 15.453 Thread 0x0000023f3444b810 Exception <a 'java/lang/ClassNotFoundException'{0x000000008f5778e8}: com/android/build/gradle/internal/api/ReadOnlyBaseConfigBeanInfo> (0x000000008f5778e8) 
thrown [s\src\hotspot\share\classfile\systemDictionary.cpp, line 256]
Event: 15.454 Thread 0x0000023f3444b810 Exception <a 'java/lang/ClassNotFoundException'{0x000000008f5849d8}: com/android/build/gradle/internal/api/ReadOnlyBaseConfigCustomizer> (0x000000008f5849d8) 
thrown [s\src\hotspot\share\classfile\systemDictionary.cpp, line 256]
Event: 15.455 Thread 0x0000023f3444b810 Exception <a 'java/lang/ClassNotFoundException'{0x000000008f5a25b8}: com/android/build/gradle/internal/api/ReadOnlyBuildTypeCustomizer> (0x000000008f5a25b8) 
thrown [s\src\hotspot\share\classfile\systemDictionary.cpp, line 256]
Event: 15.489 Thread 0x0000023f3444b810 Exception <a 'java/lang/NoSuchMethodError'{0x000000008f32d470}: 'void java.lang.invoke.DirectMethodHandle$Holder.invokeStatic(java.lang.Object, java.lang.Object, java.lang.Object, java.lang.Object, java.lang.Object, java.lang.Object, java.lang.Object)'> (0x000000008f32d470) 
thrown [s\src\hotspot\share\interpreter\linkResolver.cpp, line 759]
Event: 15.492 Thread 0x0000023f3444b810 Exception <a 'java/lang/NoSuchMethodError'{0x000000008f33b3a0}: 'void java.lang.invoke.DirectMethodHandle$Holder.invokeStatic(java.lang.Object, java.lang.Object, java.lang.Object, java.lang.Object, java.lang.Object, java.lang.Object, java.lang.Object, java.lang.Object)'> (0x000000008f33b3a0) 
thrown [s\src\hotspot\share\interpreter\linkResolver.cpp, line 759]
Event: 15.612 Thread 0x0000023f3444b810 Implicit null exception at 0x0000023f2060735c to 0x0000023f2060e688
Event: 15.971 Thread 0x0000023f3444b810 Exception <a 'java/lang/NoSuchMethodError'{0x000000008d95a5a8}: static Lcom/android/build/gradle/internal/profile/ProjectData;.<clinit>()V> (0x000000008d95a5a8) 
thrown [s\src\hotspot\share\prims\jni.cpp, line 1107]
Event: 16.013 Thread 0x0000023f3444b810 Exception <a 'sun/nio/fs/WindowsException'{0x000000008d74ff50}> (0x000000008d74ff50) 
thrown [s\src\hotspot\share\prims\jni.cpp, line 516]

VM Operations (20 events):
Event: 14.149 Executing VM operation: G1CollectForAllocation done
Event: 14.309 Executing VM operation: HandshakeAllThreads
Event: 14.309 Executing VM operation: HandshakeAllThreads done
Event: 14.389 Executing VM operation: HandshakeAllThreads
Event: 14.389 Executing VM operation: HandshakeAllThreads done
Event: 15.201 Executing VM operation: ICBufferFull
Event: 15.201 Executing VM operation: ICBufferFull done
Event: 15.346 Executing VM operation: G1CollectForAllocation
Event: 15.360 Executing VM operation: G1CollectForAllocation done
Event: 15.705 Executing VM operation: HandshakeAllThreads
Event: 15.706 Executing VM operation: HandshakeAllThreads done
Event: 15.769 Executing VM operation: HandshakeAllThreads
Event: 15.769 Executing VM operation: HandshakeAllThreads done
Event: 16.018 Executing VM operation: ICBufferFull
Event: 16.018 Executing VM operation: ICBufferFull done
Event: 16.156 Executing VM operation: HandshakeAllThreads
Event: 16.156 Executing VM operation: HandshakeAllThreads done
Event: 16.337 Executing VM operation: G1TryInitiateConcMark
Event: 16.357 Executing VM operation: G1TryInitiateConcMark done
Event: 16.480 Executing VM operation: G1Concurrent

Events (20 events):
Event: 14.315 Thread 0x0000023f2ea10f90 flushing nmethod 0x0000023f18ba4210
Event: 14.316 Thread 0x0000023f2ea10f90 flushing nmethod 0x0000023f18d25e10
Event: 14.316 Thread 0x0000023f2ea10f90 flushing nmethod 0x0000023f18d26490
Event: 14.316 Thread 0x0000023f2ea10f90 flushing nmethod 0x0000023f18d27610
Event: 15.844 loading class java/nio/channels/Channels$1
Event: 15.844 loading class java/nio/channels/Channels$1 done
Event: 15.970 loading class java/io/ObjectOutputStream$BlockDataOutputStream
Event: 15.970 loading class java/io/ObjectOutputStream$BlockDataOutputStream done
Event: 15.970 loading class java/io/ObjectOutputStream$HandleTable
Event: 15.970 loading class java/io/ObjectOutputStream$HandleTable done
Event: 15.970 loading class java/io/ObjectOutputStream$ReplaceTable
Event: 15.970 loading class java/io/ObjectOutputStream$ReplaceTable done
Event: 16.019 Thread 0x0000023f365227c0 Thread added: 0x0000023f365227c0
Event: 16.019 loading class java/util/concurrent/ConcurrentLinkedQueue$Itr
Event: 16.019 loading class java/util/concurrent/ConcurrentLinkedQueue$Itr done
Event: 16.155 loading class java/util/AbstractList$ListItr
Event: 16.155 loading class java/util/AbstractList$ListItr done
Event: 16.249 loading class java/io/NotSerializableException
Event: 16.249 loading class java/io/NotSerializableException done
Event: 16.473 Thread 0x0000023f36109910 Thread exited: 0x0000023f36109910


Dynamic libraries:
0x00007ff65fed0000 - 0x00007ff65fedd000 	C:\Users\wefer\.jdks\corretto-17.0.7\bin\java.exe
0x00007ffcb9cf0000 - 0x00007ffcb9f04000 	C:\WINDOWS\SYSTEM32\ntdll.dll
0x00007ffcb89d0000 - 0x00007ffcb8a92000 	C:\WINDOWS\System32\KERNEL32.DLL
0x00007ffcb7510000 - 0x00007ffcb78b3000 	C:\WINDOWS\System32\KERNELBASE.dll
0x00007ffcb7110000 - 0x00007ffcb7221000 	C:\WINDOWS\System32\ucrtbase.dll
0x00007ffcae060000 - 0x00007ffcae077000 	C:\Users\wefer\.jdks\corretto-17.0.7\bin\jli.dll
0x00007ffcaad50000 - 0x00007ffcaad65000 	C:\Users\wefer\.jdks\corretto-17.0.7\bin\VCRUNTIME140.dll
0x00007ffcb7af0000 - 0x00007ffcb7c9b000 	C:\WINDOWS\System32\USER32.dll
0x00007ffcb7420000 - 0x00007ffcb7446000 	C:\WINDOWS\System32\win32u.dll
0x00007ffcb8b50000 - 0x00007ffcb8b79000 	C:\WINDOWS\System32\GDI32.dll
0x00007ffca2ec0000 - 0x00007ffca314e000 	C:\WINDOWS\WinSxS\amd64_microsoft.windows.common-controls_6595b64144ccf1df_6.0.22621.1635_none_270f70857386168e\COMCTL32.dll
0x00007ffcb78c0000 - 0x00007ffcb79d8000 	C:\WINDOWS\System32\gdi32full.dll
0x00007ffcb8aa0000 - 0x00007ffcb8b47000 	C:\WINDOWS\System32\msvcrt.dll
0x00007ffcb79e0000 - 0x00007ffcb7a7a000 	C:\WINDOWS\System32\msvcp_win.dll
0x00007ffcb9c70000 - 0x00007ffcb9ca1000 	C:\WINDOWS\System32\IMM32.DLL
0x00007ffc9b150000 - 0x00007ffc9b1eb000 	C:\Users\wefer\.jdks\corretto-17.0.7\bin\msvcp140.dll
0x00007ffc76f00000 - 0x00007ffc77b1a000 	C:\Users\wefer\.jdks\corretto-17.0.7\bin\server\jvm.dll
0x00007ffcb9740000 - 0x00007ffcb97ee000 	C:\WINDOWS\System32\ADVAPI32.dll
0x00007ffcb86a0000 - 0x00007ffcb8744000 	C:\WINDOWS\System32\sechost.dll
0x00007ffcb93d0000 - 0x00007ffcb94e7000 	C:\WINDOWS\System32\RPCRT4.dll
0x00007ffc9fb10000 - 0x00007ffc9fb19000 	C:\WINDOWS\SYSTEM32\WSOCK32.dll
0x00007ffcb0e10000 - 0x00007ffcb0e44000 	C:\WINDOWS\SYSTEM32\WINMM.dll
0x00007ffcae050000 - 0x00007ffcae05a000 	C:\WINDOWS\SYSTEM32\VERSION.dll
0x00007ffcb7cc0000 - 0x00007ffcb7d31000 	C:\WINDOWS\System32\WS2_32.dll
0x00007ffcb6160000 - 0x00007ffcb6178000 	C:\WINDOWS\SYSTEM32\kernel.appcore.dll
0x00007ffcb18d0000 - 0x00007ffcb18da000 	C:\Users\wefer\.jdks\corretto-17.0.7\bin\jimage.dll
0x00007ffcaf750000 - 0x00007ffcaf97e000 	C:\WINDOWS\SYSTEM32\DBGHELP.DLL
0x00007ffcb8f00000 - 0x00007ffcb9289000 	C:\WINDOWS\System32\combase.dll
0x00007ffcb9290000 - 0x00007ffcb9367000 	C:\WINDOWS\System32\OLEAUT32.dll
0x00007ffcaf6f0000 - 0x00007ffcaf722000 	C:\WINDOWS\SYSTEM32\dbgcore.DLL
0x00007ffcb7230000 - 0x00007ffcb72ab000 	C:\WINDOWS\System32\bcryptPrimitives.dll
0x00007ffca0240000 - 0x00007ffca0265000 	C:\Users\wefer\.jdks\corretto-17.0.7\bin\java.dll
0x00007ffc998b0000 - 0x00007ffc99986000 	C:\Users\wefer\.jdks\corretto-17.0.7\bin\jsvml.dll
0x00007ffcb7d40000 - 0x00007ffcb853a000 	C:\WINDOWS\System32\SHELL32.dll
0x00007ffcb5110000 - 0x00007ffcb59de000 	C:\WINDOWS\SYSTEM32\windows.storage.dll
0x00007ffcb4fd0000 - 0x00007ffcb510e000 	C:\WINDOWS\SYSTEM32\wintypes.dll
0x00007ffcb8540000 - 0x00007ffcb8631000 	C:\WINDOWS\System32\SHCORE.dll
0x00007ffcb8640000 - 0x00007ffcb869e000 	C:\WINDOWS\System32\shlwapi.dll
0x00007ffcb7040000 - 0x00007ffcb7061000 	C:\WINDOWS\SYSTEM32\profapi.dll
0x00007ffcaad30000 - 0x00007ffcaad49000 	C:\Users\wefer\.jdks\corretto-17.0.7\bin\net.dll
0x00007ffcb0890000 - 0x00007ffcb09c7000 	C:\WINDOWS\SYSTEM32\WINHTTP.dll
0x00007ffcb65d0000 - 0x00007ffcb6639000 	C:\WINDOWS\system32\mswsock.dll
0x00007ffc9ec80000 - 0x00007ffc9ec95000 	C:\Users\wefer\.jdks\corretto-17.0.7\bin\nio.dll
0x00007ffc9e700000 - 0x00007ffc9e718000 	C:\Users\wefer\.jdks\corretto-17.0.7\bin\zip.dll
0x00007ffcb1840000 - 0x00007ffcb1850000 	C:\Users\wefer\.jdks\corretto-17.0.7\bin\verify.dll
0x00007ffcae520000 - 0x00007ffcae547000 	C:\Users\wefer\.gradle\native\68d5fa5c4cc2d200863cafc0d521ce42e7d3e7ee720ec0a83991735586a16f82\windows-amd64\native-platform.dll
0x00007ffc93290000 - 0x00007ffc933d4000 	C:\Users\wefer\.gradle\native\e376f236ea51e6404a007f0833ffe2c6e607c4080706a723a18a27aeea778392\windows-amd64\native-platform-file-events.dll
0x00007ffcb1670000 - 0x00007ffcb1679000 	C:\Users\wefer\.jdks\corretto-17.0.7\bin\management.dll
0x00007ffcb1420000 - 0x00007ffcb142b000 	C:\Users\wefer\.jdks\corretto-17.0.7\bin\management_ext.dll
0x00007ffcb94f0000 - 0x00007ffcb94f8000 	C:\WINDOWS\System32\PSAPI.DLL
0x00007ffcb6830000 - 0x00007ffcb684b000 	C:\WINDOWS\SYSTEM32\CRYPTSP.dll
0x00007ffcb60d0000 - 0x00007ffcb6105000 	C:\WINDOWS\system32\rsaenh.dll
0x00007ffcb66d0000 - 0x00007ffcb66f8000 	C:\WINDOWS\SYSTEM32\USERENV.dll
0x00007ffcb69d0000 - 0x00007ffcb69f8000 	C:\WINDOWS\SYSTEM32\bcrypt.dll
0x00007ffcb6850000 - 0x00007ffcb685c000 	C:\WINDOWS\SYSTEM32\CRYPTBASE.dll
0x00007ffcb5c40000 - 0x00007ffcb5c6d000 	C:\WINDOWS\SYSTEM32\IPHLPAPI.DLL
0x00007ffcb8ef0000 - 0x00007ffcb8ef9000 	C:\WINDOWS\System32\NSI.dll
0x00007ffcb0870000 - 0x00007ffcb0889000 	C:\WINDOWS\SYSTEM32\dhcpcsvc6.DLL
0x00007ffcb0850000 - 0x00007ffcb086f000 	C:\WINDOWS\SYSTEM32\dhcpcsvc.DLL
0x00007ffcb5c70000 - 0x00007ffcb5d63000 	C:\WINDOWS\SYSTEM32\DNSAPI.dll
0x00007ffcb1920000 - 0x00007ffcb192e000 	C:\Users\wefer\.jdks\corretto-17.0.7\bin\sunmscapi.dll
0x00007ffcb72b0000 - 0x00007ffcb7417000 	C:\WINDOWS\System32\CRYPT32.dll
0x00007ffcb69a0000 - 0x00007ffcb69ce000 	C:\WINDOWS\SYSTEM32\ncrypt.dll
0x00007ffcb6960000 - 0x00007ffcb6997000 	C:\WINDOWS\SYSTEM32\NTASN1.dll
0x00007ffcb1650000 - 0x00007ffcb1658000 	C:\WINDOWS\system32\wshunix.dll

dbghelp: loaded successfully - version: 4.0.5 - missing functions: none
symbol engine: initialized successfully - sym options: 0x614 - pdb path: .;C:\Users\wefer\.jdks\corretto-17.0.7\bin;C:\WINDOWS\SYSTEM32;C:\WINDOWS\WinSxS\amd64_microsoft.windows.common-controls_6595b64144ccf1df_6.0.22621.1635_none_270f70857386168e;C:\Users\wefer\.jdks\corretto-17.0.7\bin\server;C:\Users\wefer\.gradle\native\68d5fa5c4cc2d200863cafc0d521ce42e7d3e7ee720ec0a83991735586a16f82\windows-amd64;C:\Users\wefer\.gradle\native\e376f236ea51e6404a007f0833ffe2c6e607c4080706a723a18a27aeea778392\windows-amd64

VM Arguments:
jvm_args: --add-opens=java.base/java.util=ALL-UNNAMED --add-opens=java.base/java.lang=ALL-UNNAMED --add-opens=java.base/java.lang.invoke=ALL-UNNAMED --add-opens=java.prefs/java.util.prefs=ALL-UNNAMED --add-opens=java.base/java.nio.charset=ALL-UNNAMED --add-opens=java.base/java.net=ALL-UNNAMED --add-opens=java.base/java.util.concurrent.atomic=ALL-UNNAMED -Xmx2048m -Dfile.encoding=UTF-8 -Duser.country=RU -Duser.language=ru -Duser.variant 
java_command: org.gradle.launcher.daemon.bootstrap.GradleDaemon 8.0
java_class_path (initial): C:\Users\wefer\.gradle\wrapper\dists\gradle-8.0-bin\ca5e32bp14vu59qr306oxotwh\gradle-8.0\lib\gradle-launcher-8.0.jar
Launcher Type: SUN_STANDARD

[Global flags]
     intx CICompilerCount                          = 3                                         {product} {ergonomic}
     uint ConcGCThreads                            = 1                                         {product} {ergonomic}
     uint G1ConcRefinementThreads                  = 4                                         {product} {ergonomic}
   size_t G1HeapRegionSize                         = 1048576                                   {product} {ergonomic}
    uintx GCDrainStackTargetSize                   = 64                                        {product} {ergonomic}
   size_t InitialHeapSize                          = 234881024                                 {product} {ergonomic}
   size_t MarkStackSize                            = 4194304                                   {product} {ergonomic}
   size_t MaxHeapSize                              = 2147483648                                {product} {command line}
   size_t MaxNewSize                               = 1287651328                                {product} {ergonomic}
   size_t MinHeapDeltaBytes                        = 1048576                                   {product} {ergonomic}
   size_t MinHeapSize                              = 8388608                                   {product} {ergonomic}
    uintx NonNMethodCodeHeapSize                   = 5832780                                {pd product} {ergonomic}
    uintx NonProfiledCodeHeapSize                  = 122912730                              {pd product} {ergonomic}
    uintx ProfiledCodeHeapSize                     = 122912730                              {pd product} {ergonomic}
    uintx ReservedCodeCacheSize                    = 251658240                              {pd product} {ergonomic}
     bool SegmentedCodeCache                       = true                                      {product} {ergonomic}
   size_t SoftMaxHeapSize                          = 2147483648                             {manageable} {ergonomic}
     bool UseCompressedClassPointers               = true                           {product lp64_product} {ergonomic}
     bool UseCompressedOops                        = true                           {product lp64_product} {ergonomic}
     bool UseG1GC                                  = true                                      {product} {ergonomic}
     bool UseLargePagesIndividualAllocation        = false                                  {pd product} {ergonomic}

Logging:
Log output configuration:
 #0: stdout all=warning uptime,level,tags
 #1: stderr all=off uptime,level,tags

Environment Variables:
PATH=C:\WINDOWS\system32;C:\WINDOWS;C:\WINDOWS\System32\Wbem;C:\WINDOWS\System32\WindowsPowerShell\v1.0\;C:\WINDOWS\System32\OpenSSH\;C:\Program Files\Microsoft SQL Server\150\Tools\Binn\;C:\Program Files\Microsoft SQL Server\Client SDK\ODBC\170\Tools\Binn\;C:\Program Files\dotnet\;C:\Program Files\Git\cmd;C:\Users\wefer\AppData\Local\Microsoft\WindowsApps;C:\Users\wefer\.dotnet\tools;C:\Program Files (x86)\Microsoft VS Code\bin
USERNAME=wefer
OS=Windows_NT
PROCESSOR_IDENTIFIER=AMD64 Family 23 Model 24 Stepping 1, AuthenticAMD
TMP=C:\Users\wefer\AppData\Local\Temp
TEMP=C:\Users\wefer\AppData\Local\Temp



---------------  S Y S T E M  ---------------

OS:
 Windows 11 , 64 bit Build 22621 (10.0.22621.1635)
OS uptime: 1 days 14:52 hours

CPU: total 4 (initial active 4) (4 cores per cpu, 2 threads per core) family 23 model 24 stepping 1 microcode 0x0, cx8, cmov, fxsr, ht, mmx, 3dnowpref, sse, sse2, sse3, ssse3, sse4a, sse4.1, sse4.2, popcnt, lzcnt, tsc, tscinvbit, avx, avx2, aes, clmul, bmi1, bmi2, adx, sha, fma, vzeroupper, clflush, clflushopt

Memory: 4k page, system-wide physical 14274M (1548M free)
TotalPageFile size 17298M (AvailPageFile size 22M)
current process WorkingSet (physical memory assigned to process): 475M, peak: 479M
current process commit charge ("private bytes"): 515M, peak: 552M

vm_info: OpenJDK 64-Bit Server VM (17.0.7+7-LTS) for windows-amd64 JRE (17.0.7+7-LTS), built on Apr 14 2023 01:39:21 by "Administrator" with MS VC++ 15.9 (VS2017)

END.
