#
# There is insufficient memory for the Java Runtime Environment to continue.
# Native memory allocation (malloc) failed to allocate 1118736 bytes for Chunk::new
# Possible reasons:
#   The system is out of physical RAM or swap space
#   The process is running with CompressedOops enabled, and the Java Heap may be blocking the growth of the native heap
# Possible solutions:
#   Reduce memory load on the system
#   Increase physical memory or swap space
#   Check if swap backing store is full
#   Decrease Java heap size (-Xmx/-Xms)
#   Decrease number of Java threads
#   Decrease Java thread stack sizes (-Xss)
#   Set larger code cache with -XX:ReservedCodeCacheSize=
#   JVM is running with Unscaled Compressed Oops mode in which the Java heap is
#     placed in the first 4GB address space. The Java Heap base address is the
#     maximum limit for the native heap growth. Please use -XX:HeapBaseMinAddress
#     to set the Java Heap base and to place the Java Heap above 4GB virtual address.
# This output file may be truncated or incomplete.
#
#  Out of Memory Error (arena.cpp:189), pid=14292, tid=1224
#
# JRE version: OpenJDK Runtime Environment Corretto-17.0.7.7.1 (17.0.7+7) (build 17.0.7+7-LTS)
# Java VM: OpenJDK 64-Bit Server VM Corretto-17.0.7.7.1 (17.0.7+7-LTS, mixed mode, sharing, tiered, compressed oops, compressed class ptrs, g1 gc, windows-amd64)
# No core dump will be written. Minidumps are not enabled by default on client versions of Windows
#

---------------  S U M M A R Y ------------

Command Line: --add-opens=java.base/java.util=ALL-UNNAMED --add-opens=java.base/java.lang=ALL-UNNAMED --add-opens=java.base/java.lang.invoke=ALL-UNNAMED --add-opens=java.prefs/java.util.prefs=ALL-UNNAMED --add-opens=java.base/java.nio.charset=ALL-UNNAMED --add-opens=java.base/java.net=ALL-UNNAMED --add-opens=java.base/java.util.concurrent.atomic=ALL-UNNAMED -Xmx2048m -Dfile.encoding=UTF-8 -Duser.country=RU -Duser.language=ru -Duser.variant org.gradle.launcher.daemon.bootstrap.GradleDaemon 8.0

Host: AMD Ryzen 3 3200U with Radeon Vega Mobile Gfx  , 4 cores, 13G,  Windows 11 , 64 bit Build 22621 (10.0.22621.1635)
Time: Tue May 30 15:09:28 2023 RTZ 4 (s 11 , 64 bit Build 22621 (10.0.22621.1635) elapsed time: 95.451132 seconds (0d 0h 1m 35s)

---------------  T H R E A D  ---------------

Current thread (0x0000011fc5a29b20):  JavaThread "C2 CompilerThread1" daemon [_thread_in_native, id=1224, stack(0x0000000887400000,0x0000000887500000)]


Current CompileTask:
C2:  95451 18253       4       com.sun.tools.javac.comp.Resolve::findInheritedMemberType (186 bytes)

Stack: [0x0000000887400000,0x0000000887500000]
Native frames: (J=compiled Java code, j=interpreted, Vv=VM code, C=native code)
V  [jvm.dll+0x64b53a]
V  [jvm.dll+0x7fef54]
V  [jvm.dll+0x80070e]
V  [jvm.dll+0x800d63]
V  [jvm.dll+0x236a2b]
V  [jvm.dll+0xbd47c]
V  [jvm.dll+0xbda5c]
V  [jvm.dll+0x350be2]
V  [jvm.dll+0x1b1592]
V  [jvm.dll+0x20addf]
V  [jvm.dll+0x20a287]
V  [jvm.dll+0x19a2ed]
V  [jvm.dll+0x21967d]
V  [jvm.dll+0x2178c4]
V  [jvm.dll+0x7b7dcb]
V  [jvm.dll+0x7b237a]
V  [jvm.dll+0x64a3a5]
C  [ucrtbase.dll+0x29363]
C  [KERNEL32.DLL+0x126ad]
C  [ntdll.dll+0x5a9f8]


---------------  P R O C E S S  ---------------

Threads class SMR info:
_java_thread_list=0x0000011fc32ffab0, length=101, elements={
0x0000011f9af1dff0, 0x0000011fbaba2850, 0x0000011fbaba3400, 0x0000011fbabb6fe0,
0x0000011fbabb7b90, 0x0000011fbabb8740, 0x0000011fbabbb8a0, 0x0000011fbabbc630,
0x0000011fbabd1600, 0x0000011fbf038010, 0x0000011fbf0f8d90, 0x0000011fbf1094a0,
0x0000011fc0fc4000, 0x0000011fc0a2b140, 0x0000011fc14f3760, 0x0000011fbff34450,
0x0000011fc050e4a0, 0x0000011fc0a62b30, 0x0000011fc09215d0, 0x0000011fc0a4bb10,
0x0000011fc0a49e30, 0x0000011fc0a4bfe0, 0x0000011fc0a49960, 0x0000011fc0a49490,
0x0000011fc0a4c4b0, 0x0000011fc0a4a300, 0x0000011fc0a4c980, 0x0000011fc0a4a7d0,
0x0000011fc0a4ce50, 0x0000011fc0a4b170, 0x0000011fc0a4b640, 0x0000011fbf371de0,
0x0000011fbf36e420, 0x0000011fbf370f70, 0x0000011fbf373120, 0x0000011fbf371910,
0x0000011fbf371440, 0x0000011fbf3722b0, 0x0000011fbf372c50, 0x0000011fbf36edc0,
0x0000011fbf36f290, 0x0000011fbf373ac0, 0x0000011fbf36f760, 0x0000011fbf36cc10,
0x0000011fbf370100, 0x0000011fbf374460, 0x0000011fbf36d0e0, 0x0000011fbf373f90,
0x0000011fbf36fc30, 0x0000011fbf3705d0, 0x0000011fbf36da80, 0x0000011fbf36df50,
0x0000011fc1001410, 0x0000011fc0ffdf20, 0x0000011fc0ffe3f0, 0x0000011fc0ffd0b0,
0x0000011fc0ffd580, 0x0000011fc1000a70, 0x0000011fc1002280, 0x0000011fc1003a90,
0x0000011fc1000f40, 0x0000011fc0ffed90, 0x0000011fc10030f0, 0x0000011fc0ffda50,
0x0000011fc10035c0, 0x0000011fc10000d0, 0x0000011fc0ffe8c0, 0x0000011fc0fff260,
0x0000011fc0fff730, 0x0000011fc10005a0, 0x0000011fc10018e0, 0x0000011fc1003f60,
0x0000011fc1004430, 0x0000011fc0fffc00, 0x0000011fc1002750, 0x0000011fc1001db0,
0x0000011fc0ffcbe0, 0x0000011fc1002c20, 0x0000011fc3ac4a10, 0x0000011fc3ac4ee0,
0x0000011fc3ac7090, 0x0000011fc3ac7a30, 0x0000011fc3ac19f0, 0x0000011fc3ac7560,
0x0000011fc3ac2860, 0x0000011fc3ac5d50, 0x0000011fc3ac2390, 0x0000011fc3ac6bc0,
0x0000011fc3ac4070, 0x0000011fc2ae0040, 0x0000011fc2ae0eb0, 0x0000011fc2adb810,
0x0000011fc2ae1380, 0x0000011fc2adcb50, 0x0000011fc2adc1b0, 0x0000011fc2ae1d20,
0x0000011fc2ae21f0, 0x0000011fc2ae26c0, 0x0000011fc2adde90, 0x0000011fc2ae2b90,
0x0000011fc5a29b20
}

Java Threads: ( => current thread )
  0x0000011f9af1dff0 JavaThread "main" [_thread_blocked, id=12100, stack(0x0000000887600000,0x0000000887700000)]
  0x0000011fbaba2850 JavaThread "Reference Handler" daemon [_thread_blocked, id=7652, stack(0x0000000887d00000,0x0000000887e00000)]
  0x0000011fbaba3400 JavaThread "Finalizer" daemon [_thread_blocked, id=13084, stack(0x0000000887e00000,0x0000000887f00000)]
  0x0000011fbabb6fe0 JavaThread "Signal Dispatcher" daemon [_thread_blocked, id=2092, stack(0x0000000888000000,0x0000000888100000)]
  0x0000011fbabb7b90 JavaThread "Attach Listener" daemon [_thread_blocked, id=7744, stack(0x0000000888100000,0x0000000888200000)]
  0x0000011fbabb8740 JavaThread "Service Thread" daemon [_thread_blocked, id=14008, stack(0x0000000888200000,0x0000000888300000)]
  0x0000011fbabbb8a0 JavaThread "Monitor Deflation Thread" daemon [_thread_blocked, id=2904, stack(0x0000000888300000,0x0000000888400000)]
  0x0000011fbabbc630 JavaThread "C2 CompilerThread0" daemon [_thread_in_native, id=12980, stack(0x0000000888400000,0x0000000888500000)]
  0x0000011fbabd1600 JavaThread "C1 CompilerThread0" daemon [_thread_blocked, id=14020, stack(0x0000000888500000,0x0000000888600000)]
  0x0000011fbf038010 JavaThread "Sweeper thread" daemon [_thread_blocked, id=12132, stack(0x0000000888600000,0x0000000888700000)]
  0x0000011fbf0f8d90 JavaThread "Common-Cleaner" daemon [_thread_blocked, id=7968, stack(0x0000000888700000,0x0000000888800000)]
  0x0000011fbf1094a0 JavaThread "Notification Thread" daemon [_thread_blocked, id=7144, stack(0x0000000888800000,0x0000000888900000)]
  0x0000011fc0fc4000 JavaThread "Daemon health stats" [_thread_blocked, id=5212, stack(0x0000000888d00000,0x0000000888e00000)]
  0x0000011fc0a2b140 JavaThread "Incoming local TCP Connector on port 49583" [_thread_in_native, id=1100, stack(0x0000000888e00000,0x0000000888f00000)]
  0x0000011fc14f3760 JavaThread "Daemon periodic checks" [_thread_blocked, id=5472, stack(0x0000000888f00000,0x0000000889000000)]
  0x0000011fbff34450 JavaThread "Daemon" [_thread_blocked, id=3316, stack(0x0000000889000000,0x0000000889100000)]
  0x0000011fc050e4a0 JavaThread "Handler for socket connection from /127.0.0.1:49583 to /127.0.0.1:49584" [_thread_in_native, id=11556, stack(0x0000000889100000,0x0000000889200000)]
  0x0000011fc0a62b30 JavaThread "Cancel handler" [_thread_blocked, id=14300, stack(0x0000000889200000,0x0000000889300000)]
  0x0000011fc09215d0 JavaThread "Daemon worker" [_thread_blocked, id=10156, stack(0x0000000889300000,0x0000000889400000)]
  0x0000011fc0a4bb10 JavaThread "Asynchronous log dispatcher for DefaultDaemonConnection: socket connection from /127.0.0.1:49583 to /127.0.0.1:49584" [_thread_blocked, id=7432, stack(0x0000000889400000,0x0000000889500000)]
  0x0000011fc0a49e30 JavaThread "Daemon client event forwarder" [_thread_blocked, id=13380, stack(0x0000000889600000,0x0000000889700000)]
  0x0000011fc0a4bfe0 JavaThread "Cache worker for journal cache (C:\Users\wefer\.gradle\caches\journal-1)" [_thread_blocked, id=7584, stack(0x0000000889700000,0x0000000889800000)]
  0x0000011fc0a49960 JavaThread "File lock request listener" [_thread_in_native, id=1632, stack(0x0000000889800000,0x0000000889900000)]
  0x0000011fc0a49490 JavaThread "Cache worker for file hash cache (C:\Users\wefer\.gradle\caches\8.0\fileHashes)" [_thread_blocked, id=10752, stack(0x0000000889900000,0x0000000889a00000)]
  0x0000011fc0a4c4b0 JavaThread "File watcher server" daemon [_thread_in_native, id=14112, stack(0x0000000889b00000,0x0000000889c00000)]
  0x0000011fc0a4a300 JavaThread "File watcher consumer" daemon [_thread_blocked, id=13052, stack(0x0000000889c00000,0x0000000889d00000)]
  0x0000011fc0a4c980 JavaThread "Cache worker for checksums cache (C:\Users\wefer\OneDrive\Рабочий стол\КУРСОВАЯ\FIND_WORK_IT\.gradle\8.0\checksums)" [_thread_blocked, id=5244, stack(0x0000000889d00000,0x0000000889e00000)]
  0x0000011fc0a4a7d0 JavaThread "Cache worker for cache directory md-rule (C:\Users\wefer\.gradle\caches\8.0\md-rule)" [_thread_blocked, id=8600, stack(0x0000000889e00000,0x0000000889f00000)]
  0x0000011fc0a4ce50 JavaThread "Cache worker for file content cache (C:\Users\wefer\.gradle\caches\8.0\fileContent)" [_thread_blocked, id=8700, stack(0x0000000889f00000,0x000000088a000000)]
  0x0000011fc0a4b170 JavaThread "Cache worker for file hash cache (C:\Users\wefer\OneDrive\Рабочий стол\КУРСОВАЯ\FIND_WORK_IT\.gradle\8.0\fileHashes)" [_thread_blocked, id=12216, stack(0x000000088a000000,0x000000088a100000)]
  0x0000011fc0a4b640 JavaThread "Cache worker for cache directory md-supplier (C:\Users\wefer\.gradle\caches\8.0\md-supplier)" [_thread_blocked, id=5376, stack(0x000000088a100000,0x000000088a200000)]
  0x0000011fbf371de0 JavaThread "Cache worker for execution history cache (C:\Users\wefer\.gradle\caches\8.0\executionHistory)" [_thread_blocked, id=12692, stack(0x000000088a200000,0x000000088a300000)]
  0x0000011fbf36e420 JavaThread "jar transforms" [_thread_blocked, id=11576, stack(0x000000088a300000,0x000000088a400000)]
  0x0000011fbf370f70 JavaThread "jar transforms Thread 2" [_thread_blocked, id=9320, stack(0x000000088a400000,0x000000088a500000)]
  0x0000011fbf373120 JavaThread "jar transforms Thread 3" [_thread_blocked, id=10952, stack(0x000000088a700000,0x000000088a800000)]
  0x0000011fbf371910 JavaThread "jar transforms Thread 4" [_thread_blocked, id=7460, stack(0x000000088a800000,0x000000088a900000)]
  0x0000011fbf371440 JavaThread "Cache worker for dependencies-accessors (C:\Users\wefer\OneDrive\Рабочий стол\КУРСОВАЯ\FIND_WORK_IT\.gradle\8.0\dependencies-accessors)" [_thread_blocked, id=9448, stack(0x000000088a900000,0x000000088aa00000)]
  0x0000011fbf3722b0 JavaThread "Cache worker for Build Output Cleanup Cache (C:\Users\wefer\OneDrive\Рабочий стол\КУРСОВАЯ\FIND_WORK_IT\.gradle\buildOutputCleanup)" [_thread_blocked, id=14232, stack(0x000000088aa00000,0x000000088ab00000)]
  0x0000011fbf372c50 JavaThread "Unconstrained build operations" [_thread_blocked, id=9732, stack(0x000000088ab00000,0x000000088ac00000)]
  0x0000011fbf36edc0 JavaThread "Unconstrained build operations Thread 2" [_thread_blocked, id=8544, stack(0x000000088ac00000,0x000000088ad00000)]
  0x0000011fbf36f290 JavaThread "Unconstrained build operations Thread 3" [_thread_blocked, id=14324, stack(0x000000088ad00000,0x000000088ae00000)]
  0x0000011fbf373ac0 JavaThread "Unconstrained build operations Thread 4" [_thread_blocked, id=9872, stack(0x000000088ae00000,0x000000088af00000)]
  0x0000011fbf36f760 JavaThread "Unconstrained build operations Thread 5" [_thread_blocked, id=6176, stack(0x000000088af00000,0x000000088b000000)]
  0x0000011fbf36cc10 JavaThread "Unconstrained build operations Thread 6" [_thread_blocked, id=2496, stack(0x000000088b000000,0x000000088b100000)]
  0x0000011fbf370100 JavaThread "Unconstrained build operations Thread 7" [_thread_blocked, id=12820, stack(0x000000088b100000,0x000000088b200000)]
  0x0000011fbf374460 JavaThread "Unconstrained build operations Thread 8" [_thread_blocked, id=4580, stack(0x000000088b200000,0x000000088b300000)]
  0x0000011fbf36d0e0 JavaThread "Unconstrained build operations Thread 9" [_thread_blocked, id=9544, stack(0x000000088b300000,0x000000088b400000)]
  0x0000011fbf373f90 JavaThread "Unconstrained build operations Thread 10" [_thread_blocked, id=2752, stack(0x000000088b400000,0x000000088b500000)]
  0x0000011fbf36fc30 JavaThread "Unconstrained build operations Thread 11" [_thread_blocked, id=11340, stack(0x000000088b500000,0x000000088b600000)]
  0x0000011fbf3705d0 JavaThread "Unconstrained build operations Thread 12" [_thread_blocked, id=12300, stack(0x000000088b600000,0x000000088b700000)]
  0x0000011fbf36da80 JavaThread "Unconstrained build operations Thread 13" [_thread_blocked, id=13628, stack(0x000000088b700000,0x000000088b800000)]
  0x0000011fbf36df50 JavaThread "Unconstrained build operations Thread 14" [_thread_blocked, id=14032, stack(0x000000088b800000,0x000000088b900000)]
  0x0000011fc1001410 JavaThread "Unconstrained build operations Thread 15" [_thread_blocked, id=7680, stack(0x000000088b900000,0x000000088ba00000)]
  0x0000011fc0ffdf20 JavaThread "Unconstrained build operations Thread 16" [_thread_blocked, id=13564, stack(0x000000088ba00000,0x000000088bb00000)]
  0x0000011fc0ffe3f0 JavaThread "Unconstrained build operations Thread 17" [_thread_blocked, id=10040, stack(0x000000088bb00000,0x000000088bc00000)]
  0x0000011fc0ffd0b0 JavaThread "Unconstrained build operations Thread 18" [_thread_blocked, id=10308, stack(0x000000088bc00000,0x000000088bd00000)]
  0x0000011fc0ffd580 JavaThread "Unconstrained build operations Thread 19" [_thread_blocked, id=4908, stack(0x000000088bd00000,0x000000088be00000)]
  0x0000011fc1000a70 JavaThread "Unconstrained build operations Thread 20" [_thread_blocked, id=13848, stack(0x000000088be00000,0x000000088bf00000)]
  0x0000011fc1002280 JavaThread "Unconstrained build operations Thread 21" [_thread_blocked, id=7884, stack(0x000000088bf00000,0x000000088c000000)]
  0x0000011fc1003a90 JavaThread "Unconstrained build operations Thread 22" [_thread_blocked, id=14224, stack(0x000000088c000000,0x000000088c100000)]
  0x0000011fc1000f40 JavaThread "Unconstrained build operations Thread 23" [_thread_blocked, id=8324, stack(0x000000088c100000,0x000000088c200000)]
  0x0000011fc0ffed90 JavaThread "Unconstrained build operations Thread 24" [_thread_blocked, id=3848, stack(0x000000088c200000,0x000000088c300000)]
  0x0000011fc10030f0 JavaThread "Unconstrained build operations Thread 25" [_thread_blocked, id=9948, stack(0x000000088c300000,0x000000088c400000)]
  0x0000011fc0ffda50 JavaThread "Unconstrained build operations Thread 26" [_thread_blocked, id=14260, stack(0x000000088c400000,0x000000088c500000)]
  0x0000011fc10035c0 JavaThread "Unconstrained build operations Thread 27" [_thread_blocked, id=13828, stack(0x000000088c500000,0x000000088c600000)]
  0x0000011fc10000d0 JavaThread "Unconstrained build operations Thread 28" [_thread_blocked, id=4968, stack(0x000000088c600000,0x000000088c700000)]
  0x0000011fc0ffe8c0 JavaThread "Unconstrained build operations Thread 29" [_thread_blocked, id=10948, stack(0x000000088c700000,0x000000088c800000)]
  0x0000011fc0fff260 JavaThread "Unconstrained build operations Thread 30" [_thread_blocked, id=13020, stack(0x000000088c800000,0x000000088c900000)]
  0x0000011fc0fff730 JavaThread "Unconstrained build operations Thread 31" [_thread_blocked, id=6948, stack(0x000000088c900000,0x000000088ca00000)]
  0x0000011fc10005a0 JavaThread "Unconstrained build operations Thread 32" [_thread_blocked, id=7552, stack(0x000000088ca00000,0x000000088cb00000)]
  0x0000011fc10018e0 JavaThread "Unconstrained build operations Thread 33" [_thread_blocked, id=9784, stack(0x000000088cb00000,0x000000088cc00000)]
  0x0000011fc1003f60 JavaThread "Unconstrained build operations Thread 34" [_thread_blocked, id=2624, stack(0x000000088cc00000,0x000000088cd00000)]
  0x0000011fc1004430 JavaThread "Unconstrained build operations Thread 35" [_thread_blocked, id=10604, stack(0x000000088cd00000,0x000000088ce00000)]
  0x0000011fc0fffc00 JavaThread "Unconstrained build operations Thread 36" [_thread_blocked, id=4716, stack(0x000000088ce00000,0x000000088cf00000)]
  0x0000011fc1002750 JavaThread "Unconstrained build operations Thread 37" [_thread_blocked, id=9360, stack(0x000000088cf00000,0x000000088d000000)]
  0x0000011fc1001db0 JavaThread "Unconstrained build operations Thread 38" [_thread_blocked, id=6572, stack(0x000000088d000000,0x000000088d100000)]
  0x0000011fc0ffcbe0 JavaThread "Unconstrained build operations Thread 39" [_thread_blocked, id=12984, stack(0x000000088d100000,0x000000088d200000)]
  0x0000011fc1002c20 JavaThread "Unconstrained build operations Thread 40" [_thread_blocked, id=9668, stack(0x000000088d200000,0x000000088d300000)]
  0x0000011fc3ac4a10 JavaThread "build event listener" [_thread_blocked, id=5892, stack(0x000000088d300000,0x000000088d400000)]
  0x0000011fc3ac4ee0 JavaThread "Memory manager" [_thread_blocked, id=10792, stack(0x000000088d400000,0x000000088d500000)]
  0x0000011fc3ac7090 JavaThread "pool-3-thread-1" [_thread_blocked, id=14088, stack(0x000000088d500000,0x000000088d600000)]
  0x0000011fc3ac7a30 JavaThread "build event listener" [_thread_blocked, id=4476, stack(0x000000088d600000,0x000000088d700000)]
  0x0000011fc3ac19f0 JavaThread "included builds" [_thread_blocked, id=13016, stack(0x000000088d700000,0x000000088d800000)]
  0x0000011fc3ac7560 JavaThread "Execution worker" [_thread_in_native, id=5028, stack(0x000000088d800000,0x000000088d900000)]
  0x0000011fc3ac2860 JavaThread "Execution worker Thread 2" [_thread_blocked, id=13608, stack(0x000000088d900000,0x000000088da00000)]
  0x0000011fc3ac5d50 JavaThread "Execution worker Thread 3" [_thread_blocked, id=544, stack(0x000000088da00000,0x000000088db00000)]
  0x0000011fc3ac2390 JavaThread "Cache worker for execution history cache (C:\Users\wefer\OneDrive\Рабочий стол\КУРСОВАЯ\FIND_WORK_IT\.gradle\8.0\executionHistory)" [_thread_blocked, id=10976, stack(0x000000088db00000,0x000000088dc00000)]
  0x0000011fc3ac6bc0 JavaThread "WorkerExecutor Queue" [_thread_blocked, id=2488, stack(0x000000088de00000,0x000000088df00000)]
  0x0000011fc3ac4070 JavaThread "RMI Scheduler(0)" daemon [_thread_blocked, id=11772, stack(0x000000088dd00000,0x000000088de00000)]
  0x0000011fc2ae0040 JavaThread "RMI GC Daemon" daemon [_thread_blocked, id=2732, stack(0x000000088e000000,0x000000088e100000)]
  0x0000011fc2ae0eb0 JavaThread "RMI TCP Accept-0" daemon [_thread_in_native, id=1536, stack(0x000000088e200000,0x000000088e300000)]
  0x0000011fc2adb810 JavaThread "RMI Reaper" [_thread_blocked, id=1560, stack(0x000000088e300000,0x000000088e400000)]
  0x0000011fc2ae1380 JavaThread "RMI TCP Connection(4)-127.0.0.1" daemon [_thread_in_native, id=9008, stack(0x000000088e400000,0x000000088e500000)]
  0x0000011fc2adcb50 JavaThread "WorkerExecutor Queue Thread 2" [_thread_blocked, id=5808, stack(0x000000088df00000,0x000000088e000000)]
  0x0000011fc2adc1b0 JavaThread "RMI TCP Connection(idle)" daemon [_thread_blocked, id=13816, stack(0x000000088e600000,0x000000088e700000)]
  0x0000011fc2ae1d20 JavaThread "Cache worker for Java compile cache (C:\Users\wefer\.gradle\caches\8.0\javaCompile)" [_thread_blocked, id=8740, stack(0x0000000887500000,0x0000000887600000)]
  0x0000011fc2ae21f0 JavaThread "Build operations" [_thread_blocked, id=10256, stack(0x0000000887f00000,0x0000000888000000)]
  0x0000011fc2ae26c0 JavaThread "Build operations Thread 2" [_thread_blocked, id=6576, stack(0x0000000889500000,0x0000000889600000)]
  0x0000011fc2adde90 JavaThread "Build operations Thread 3" [_thread_blocked, id=6008, stack(0x000000088e100000,0x000000088e200000)]
  0x0000011fc2ae2b90 JavaThread "Build operations Thread 4" [_thread_blocked, id=13652, stack(0x000000088e700000,0x000000088e800000)]
=>0x0000011fc5a29b20 JavaThread "C2 CompilerThread1" daemon [_thread_in_native, id=1224, stack(0x0000000887400000,0x0000000887500000)]

Other Threads:
  0x0000011fbab9f620 VMThread "VM Thread" [stack: 0x0000000887c00000,0x0000000887d00000] [id=4684]
  0x0000011fbf109d80 WatcherThread [stack: 0x0000000888900000,0x0000000888a00000] [id=13664]
  0x0000011f9d01c480 GCTaskThread "GC Thread#0" [stack: 0x0000000887700000,0x0000000887800000] [id=14144]
  0x0000011fbf9e0cc0 GCTaskThread "GC Thread#1" [stack: 0x0000000888a00000,0x0000000888b00000] [id=3032]
  0x0000011fbf6f20c0 GCTaskThread "GC Thread#2" [stack: 0x0000000888b00000,0x0000000888c00000] [id=11832]
  0x0000011fbf6f2370 GCTaskThread "GC Thread#3" [stack: 0x0000000888c00000,0x0000000888d00000] [id=776]
  0x0000011f9d02d520 ConcurrentGCThread "G1 Main Marker" [stack: 0x0000000887800000,0x0000000887900000] [id=7256]
  0x0000011f9d02f6e0 ConcurrentGCThread "G1 Conc#0" [stack: 0x0000000887900000,0x0000000887a00000] [id=14024]
  0x0000011f9d08d750 ConcurrentGCThread "G1 Refine#0" [stack: 0x0000000887a00000,0x0000000887b00000] [id=6036]
  0x0000011fc2c7dfc0 ConcurrentGCThread "G1 Refine#1" [stack: 0x000000088a500000,0x000000088a600000] [id=8508]
  0x0000011fc26614c0 ConcurrentGCThread "G1 Refine#2" [stack: 0x000000088a600000,0x000000088a700000] [id=8432]
  0x0000011f9d08e010 ConcurrentGCThread "G1 Service" [stack: 0x0000000887b00000,0x0000000887c00000] [id=7856]

Threads with active compile tasks:
C2 CompilerThread0    95496 18282       4       com.sun.tools.javac.tree.TreeInfo::symbol (104 bytes)
C2 CompilerThread1    95496 18253       4       com.sun.tools.javac.comp.Resolve::findInheritedMemberType (186 bytes)

VM state: not at safepoint (normal execution)

VM Mutex/Monitor currently owned by a thread: None

Heap address: 0x0000000080000000, size: 2048 MB, Compressed Oops mode: 32-bit

CDS archive(s) mapped at: [0x0000000800000000-0x0000000800bc0000-0x0000000800bc0000), size 12320768, SharedBaseAddress: 0x0000000800000000, ArchiveRelocationMode: 0.
Compressed class space mapped at: 0x0000000801000000-0x0000000841000000, reserved size: 1073741824
Narrow klass base: 0x0000000800000000, Narrow klass shift: 0, Narrow klass range: 0x100000000

GC Precious Log:
 CPUs: 4 total, 4 available
 Memory: 14274M
 Large Page Support: Disabled
 NUMA Support: Disabled
 Compressed Oops: Enabled (32-bit)
 Heap Region Size: 1M
 Heap Min Capacity: 8M
 Heap Initial Capacity: 224M
 Heap Max Capacity: 2G
 Pre-touch: Disabled
 Parallel Workers: 4
 Concurrent Workers: 1
 Concurrent Refinement Workers: 4
 Periodic GC: Disabled

Heap:
 garbage-first heap   total 257024K, used 167982K [0x0000000080000000, 0x0000000100000000)
  region size 1024K, 7 young (7168K), 2 survivors (2048K)
 Metaspace       used 116593K, committed 117504K, reserved 1179648K
  class space    used 15459K, committed 15872K, reserved 1048576K

Heap Regions: E=young(eden), S=young(survivor), O=old, HS=humongous(starts), HC=humongous(continues), CS=collection set, F=free, OA=open archive, CA=closed archive, TAMS=top-at-mark-start (previous, next)
|   0|0x0000000080000000, 0x0000000080100000, 0x0000000080100000|100%| O|  |TAMS 0x0000000080100000, 0x0000000080000000| Untracked 
|   1|0x0000000080100000, 0x0000000080200000, 0x0000000080200000|100%| O|  |TAMS 0x0000000080200000, 0x0000000080100000| Untracked 
|   2|0x0000000080200000, 0x0000000080300000, 0x0000000080300000|100%|HS|  |TAMS 0x0000000080300000, 0x0000000080200000| Complete 
|   3|0x0000000080300000, 0x0000000080400000, 0x0000000080400000|100%|HC|  |TAMS 0x0000000080400000, 0x0000000080300000| Complete 
|   4|0x0000000080400000, 0x0000000080500000, 0x0000000080500000|100%|HC|  |TAMS 0x0000000080500000, 0x0000000080400000| Complete 
|   5|0x0000000080500000, 0x0000000080600000, 0x0000000080600000|100%|HC|  |TAMS 0x0000000080600000, 0x0000000080500000| Complete 
|   6|0x0000000080600000, 0x0000000080700000, 0x0000000080700000|100%| O|  |TAMS 0x0000000080700000, 0x0000000080600000| Untracked 
|   7|0x0000000080700000, 0x0000000080800000, 0x0000000080800000|100%| O|  |TAMS 0x0000000080800000, 0x0000000080700000| Untracked 
|   8|0x0000000080800000, 0x0000000080900000, 0x0000000080900000|100%| O|  |TAMS 0x0000000080900000, 0x0000000080800000| Untracked 
|   9|0x0000000080900000, 0x0000000080a00000, 0x0000000080a00000|100%| O|  |TAMS 0x0000000080a00000, 0x0000000080900000| Untracked 
|  10|0x0000000080a00000, 0x0000000080b00000, 0x0000000080b00000|100%| O|  |TAMS 0x0000000080b00000, 0x0000000080a00000| Untracked 
|  11|0x0000000080b00000, 0x0000000080c00000, 0x0000000080c00000|100%| O|  |TAMS 0x0000000080c00000, 0x0000000080b00000| Untracked 
|  12|0x0000000080c00000, 0x0000000080d00000, 0x0000000080d00000|100%| O|  |TAMS 0x0000000080d00000, 0x0000000080c00000| Untracked 
|  13|0x0000000080d00000, 0x0000000080e00000, 0x0000000080e00000|100%| O|  |TAMS 0x0000000080e00000, 0x0000000080d00000| Untracked 
|  14|0x0000000080e00000, 0x0000000080f00000, 0x0000000080f00000|100%| O|  |TAMS 0x0000000080f00000, 0x0000000080e00000| Untracked 
|  15|0x0000000080f00000, 0x0000000081000000, 0x0000000081000000|100%| O|  |TAMS 0x0000000081000000, 0x0000000080f00000| Untracked 
|  16|0x0000000081000000, 0x0000000081100000, 0x0000000081100000|100%| O|  |TAMS 0x0000000081100000, 0x0000000081000000| Untracked 
|  17|0x0000000081100000, 0x0000000081200000, 0x0000000081200000|100%| O|  |TAMS 0x0000000081200000, 0x0000000081100000| Untracked 
|  18|0x0000000081200000, 0x0000000081300000, 0x0000000081300000|100%| O|  |TAMS 0x0000000081300000, 0x0000000081200000| Untracked 
|  19|0x0000000081300000, 0x0000000081400000, 0x0000000081400000|100%| O|  |TAMS 0x0000000081400000, 0x0000000081300000| Untracked 
|  20|0x0000000081400000, 0x0000000081500000, 0x0000000081500000|100%| O|  |TAMS 0x0000000081500000, 0x0000000081400000| Untracked 
|  21|0x0000000081500000, 0x0000000081600000, 0x0000000081600000|100%| O|  |TAMS 0x0000000081600000, 0x0000000081500000| Untracked 
|  22|0x0000000081600000, 0x0000000081700000, 0x0000000081700000|100%| O|  |TAMS 0x0000000081700000, 0x0000000081600000| Untracked 
|  23|0x0000000081700000, 0x0000000081800000, 0x0000000081800000|100%| O|  |TAMS 0x0000000081800000, 0x0000000081700000| Untracked 
|  24|0x0000000081800000, 0x0000000081900000, 0x0000000081900000|100%| O|  |TAMS 0x0000000081900000, 0x0000000081800000| Untracked 
|  25|0x0000000081900000, 0x0000000081a00000, 0x0000000081a00000|100%| O|  |TAMS 0x0000000081a00000, 0x0000000081900000| Untracked 
|  26|0x0000000081a00000, 0x0000000081b00000, 0x0000000081b00000|100%| O|  |TAMS 0x0000000081b00000, 0x0000000081a00000| Untracked 
|  27|0x0000000081b00000, 0x0000000081c00000, 0x0000000081c00000|100%| O|  |TAMS 0x0000000081c00000, 0x0000000081b00000| Untracked 
|  28|0x0000000081c00000, 0x0000000081d00000, 0x0000000081d00000|100%|HS|  |TAMS 0x0000000081d00000, 0x0000000081c00000| Complete 
|  29|0x0000000081d00000, 0x0000000081e00000, 0x0000000081e00000|100%| O|  |TAMS 0x0000000081e00000, 0x0000000081d00000| Untracked 
|  30|0x0000000081e00000, 0x0000000081f00000, 0x0000000081f00000|100%| O|  |TAMS 0x0000000081f00000, 0x0000000081e00000| Untracked 
|  31|0x0000000081f00000, 0x0000000082000000, 0x0000000082000000|100%| O|  |TAMS 0x0000000082000000, 0x0000000081f00000| Untracked 
|  32|0x0000000082000000, 0x0000000082100000, 0x0000000082100000|100%|HS|  |TAMS 0x0000000082100000, 0x0000000082000000| Complete 
|  33|0x0000000082100000, 0x0000000082200000, 0x0000000082200000|100%| O|  |TAMS 0x0000000082200000, 0x0000000082100000| Untracked 
|  34|0x0000000082200000, 0x0000000082300000, 0x0000000082300000|100%| O|  |TAMS 0x0000000082300000, 0x0000000082200000| Untracked 
|  35|0x0000000082300000, 0x0000000082400000, 0x0000000082400000|100%| O|  |TAMS 0x0000000082400000, 0x0000000082300000| Untracked 
|  36|0x0000000082400000, 0x0000000082500000, 0x0000000082500000|100%| O|  |TAMS 0x0000000082500000, 0x0000000082400000| Untracked 
|  37|0x0000000082500000, 0x0000000082600000, 0x0000000082600000|100%|HS|  |TAMS 0x0000000082600000, 0x0000000082500000| Complete 
|  38|0x0000000082600000, 0x0000000082700000, 0x0000000082700000|100%|HC|  |TAMS 0x0000000082700000, 0x0000000082600000| Complete 
|  39|0x0000000082700000, 0x0000000082800000, 0x0000000082800000|100%|HC|  |TAMS 0x0000000082800000, 0x0000000082700000| Complete 
|  40|0x0000000082800000, 0x0000000082900000, 0x0000000082900000|100%|HC|  |TAMS 0x0000000082900000, 0x0000000082800000| Complete 
|  41|0x0000000082900000, 0x0000000082a00000, 0x0000000082a00000|100%|HS|  |TAMS 0x0000000082a00000, 0x0000000082900000| Complete 
|  42|0x0000000082a00000, 0x0000000082b00000, 0x0000000082b00000|100%| O|  |TAMS 0x0000000082b00000, 0x0000000082a00000| Untracked 
|  43|0x0000000082b00000, 0x0000000082c00000, 0x0000000082c00000|100%| O|  |TAMS 0x0000000082c00000, 0x0000000082b00000| Untracked 
|  44|0x0000000082c00000, 0x0000000082d00000, 0x0000000082d00000|100%| O|  |TAMS 0x0000000082d00000, 0x0000000082c00000| Untracked 
|  45|0x0000000082d00000, 0x0000000082e00000, 0x0000000082e00000|100%| O|  |TAMS 0x0000000082d00000, 0x0000000082d00000| Untracked 
|  46|0x0000000082e00000, 0x0000000082f00000, 0x0000000082f00000|100%| O|  |TAMS 0x0000000082f00000, 0x0000000082e00000| Untracked 
|  47|0x0000000082f00000, 0x0000000083000000, 0x0000000083000000|100%| O|  |TAMS 0x0000000083000000, 0x0000000082f00000| Untracked 
|  48|0x0000000083000000, 0x0000000083100000, 0x0000000083100000|100%| O|  |TAMS 0x0000000083100000, 0x0000000083000000| Untracked 
|  49|0x0000000083100000, 0x0000000083200000, 0x0000000083200000|100%| O|  |TAMS 0x0000000083200000, 0x0000000083100000| Untracked 
|  50|0x0000000083200000, 0x0000000083300000, 0x0000000083300000|100%| O|  |TAMS 0x0000000083300000, 0x0000000083200000| Untracked 
|  51|0x0000000083300000, 0x0000000083400000, 0x0000000083400000|100%| O|  |TAMS 0x0000000083400000, 0x0000000083300000| Untracked 
|  52|0x0000000083400000, 0x0000000083500000, 0x0000000083500000|100%| O|  |TAMS 0x0000000083500000, 0x0000000083400000| Untracked 
|  53|0x0000000083500000, 0x0000000083600000, 0x0000000083600000|100%| O|  |TAMS 0x0000000083600000, 0x0000000083500000| Untracked 
|  54|0x0000000083600000, 0x0000000083700000, 0x0000000083700000|100%| O|  |TAMS 0x0000000083700000, 0x0000000083600000| Untracked 
|  55|0x0000000083700000, 0x0000000083800000, 0x0000000083800000|100%| O|  |TAMS 0x0000000083800000, 0x0000000083700000| Untracked 
|  56|0x0000000083800000, 0x0000000083900000, 0x0000000083900000|100%| O|  |TAMS 0x0000000083900000, 0x0000000083800000| Untracked 
|  57|0x0000000083900000, 0x0000000083a00000, 0x0000000083a00000|100%| O|  |TAMS 0x0000000083a00000, 0x0000000083900000| Untracked 
|  58|0x0000000083a00000, 0x0000000083b00000, 0x0000000083b00000|100%| O|  |TAMS 0x0000000083b00000, 0x0000000083a00000| Untracked 
|  59|0x0000000083b00000, 0x0000000083c00000, 0x0000000083c00000|100%| O|  |TAMS 0x0000000083c00000, 0x0000000083b00000| Untracked 
|  60|0x0000000083c00000, 0x0000000083d00000, 0x0000000083d00000|100%| O|  |TAMS 0x0000000083d00000, 0x0000000083c00000| Untracked 
|  61|0x0000000083d00000, 0x0000000083e00000, 0x0000000083e00000|100%| O|  |TAMS 0x0000000083e00000, 0x0000000083d00000| Untracked 
|  62|0x0000000083e00000, 0x0000000083f00000, 0x0000000083f00000|100%| O|  |TAMS 0x0000000083f00000, 0x0000000083e00000| Untracked 
|  63|0x0000000083f00000, 0x0000000084000000, 0x0000000084000000|100%| O|  |TAMS 0x0000000084000000, 0x0000000083f00000| Untracked 
|  64|0x0000000084000000, 0x0000000084100000, 0x0000000084100000|100%| O|  |TAMS 0x0000000084100000, 0x0000000084000000| Untracked 
|  65|0x0000000084100000, 0x0000000084200000, 0x0000000084200000|100%| O|  |TAMS 0x0000000084200000, 0x0000000084100000| Untracked 
|  66|0x0000000084200000, 0x0000000084300000, 0x0000000084300000|100%| O|  |TAMS 0x0000000084300000, 0x0000000084200000| Untracked 
|  67|0x0000000084300000, 0x0000000084400000, 0x0000000084400000|100%| O|  |TAMS 0x0000000084400000, 0x0000000084300000| Untracked 
|  68|0x0000000084400000, 0x0000000084500000, 0x0000000084500000|100%| O|  |TAMS 0x0000000084500000, 0x0000000084400000| Untracked 
|  69|0x0000000084500000, 0x0000000084600000, 0x0000000084600000|100%| O|  |TAMS 0x0000000084600000, 0x0000000084500000| Untracked 
|  70|0x0000000084600000, 0x0000000084700000, 0x0000000084700000|100%| O|  |TAMS 0x0000000084700000, 0x0000000084600000| Untracked 
|  71|0x0000000084700000, 0x0000000084800000, 0x0000000084800000|100%| O|  |TAMS 0x0000000084800000, 0x0000000084700000| Untracked 
|  72|0x0000000084800000, 0x0000000084900000, 0x0000000084900000|100%| O|  |TAMS 0x0000000084900000, 0x0000000084800000| Untracked 
|  73|0x0000000084900000, 0x0000000084a00000, 0x0000000084a00000|100%| O|  |TAMS 0x0000000084a00000, 0x0000000084900000| Untracked 
|  74|0x0000000084a00000, 0x0000000084b00000, 0x0000000084b00000|100%| O|  |TAMS 0x0000000084b00000, 0x0000000084a00000| Untracked 
|  75|0x0000000084b00000, 0x0000000084c00000, 0x0000000084c00000|100%| O|  |TAMS 0x0000000084c00000, 0x0000000084b00000| Untracked 
|  76|0x0000000084c00000, 0x0000000084d00000, 0x0000000084d00000|100%| O|  |TAMS 0x0000000084d00000, 0x0000000084c00000| Untracked 
|  77|0x0000000084d00000, 0x0000000084e00000, 0x0000000084e00000|100%| O|  |TAMS 0x0000000084e00000, 0x0000000084d00000| Untracked 
|  78|0x0000000084e00000, 0x0000000084f00000, 0x0000000084f00000|100%| O|  |TAMS 0x0000000084f00000, 0x0000000084e00000| Untracked 
|  79|0x0000000084f00000, 0x0000000085000000, 0x0000000085000000|100%| O|  |TAMS 0x0000000085000000, 0x0000000084f00000| Untracked 
|  80|0x0000000085000000, 0x0000000085100000, 0x0000000085100000|100%| O|  |TAMS 0x0000000085100000, 0x0000000085000000| Untracked 
|  81|0x0000000085100000, 0x0000000085200000, 0x0000000085200000|100%| O|  |TAMS 0x0000000085200000, 0x0000000085100000| Untracked 
|  82|0x0000000085200000, 0x0000000085300000, 0x0000000085300000|100%| O|  |TAMS 0x0000000085300000, 0x0000000085200000| Untracked 
|  83|0x0000000085300000, 0x0000000085400000, 0x0000000085400000|100%| O|  |TAMS 0x0000000085400000, 0x0000000085300000| Untracked 
|  84|0x0000000085400000, 0x0000000085500000, 0x0000000085500000|100%| O|  |TAMS 0x0000000085500000, 0x0000000085400000| Untracked 
|  85|0x0000000085500000, 0x0000000085600000, 0x0000000085600000|100%| O|  |TAMS 0x0000000085600000, 0x0000000085500000| Untracked 
|  86|0x0000000085600000, 0x0000000085700000, 0x0000000085700000|100%| O|  |TAMS 0x0000000085700000, 0x0000000085600000| Untracked 
|  87|0x0000000085700000, 0x0000000085800000, 0x0000000085800000|100%| O|  |TAMS 0x0000000085800000, 0x0000000085700000| Untracked 
|  88|0x0000000085800000, 0x0000000085900000, 0x0000000085900000|100%| O|  |TAMS 0x0000000085900000, 0x0000000085800000| Untracked 
|  89|0x0000000085900000, 0x0000000085a00000, 0x0000000085a00000|100%| O|  |TAMS 0x0000000085a00000, 0x0000000085900000| Untracked 
|  90|0x0000000085a00000, 0x0000000085b00000, 0x0000000085b00000|100%| O|  |TAMS 0x0000000085b00000, 0x0000000085a00000| Untracked 
|  91|0x0000000085b00000, 0x0000000085c00000, 0x0000000085c00000|100%| O|  |TAMS 0x0000000085c00000, 0x0000000085b00000| Untracked 
|  92|0x0000000085c00000, 0x0000000085d00000, 0x0000000085d00000|100%| O|  |TAMS 0x0000000085d00000, 0x0000000085c00000| Untracked 
|  93|0x0000000085d00000, 0x0000000085e00000, 0x0000000085e00000|100%| O|  |TAMS 0x0000000085e00000, 0x0000000085d00000| Untracked 
|  94|0x0000000085e00000, 0x0000000085f00000, 0x0000000085f00000|100%| O|  |TAMS 0x0000000085e00000, 0x0000000085e00000| Untracked 
|  95|0x0000000085f00000, 0x0000000086000000, 0x0000000086000000|100%| O|  |TAMS 0x0000000086000000, 0x0000000085f00000| Untracked 
|  96|0x0000000086000000, 0x0000000086100000, 0x0000000086100000|100%| O|  |TAMS 0x0000000086100000, 0x0000000086000000| Untracked 
|  97|0x0000000086100000, 0x0000000086200000, 0x0000000086200000|100%| O|  |TAMS 0x0000000086200000, 0x0000000086100000| Untracked 
|  98|0x0000000086200000, 0x0000000086300000, 0x0000000086300000|100%| O|  |TAMS 0x0000000086300000, 0x0000000086200000| Untracked 
|  99|0x0000000086300000, 0x0000000086400000, 0x0000000086400000|100%| O|  |TAMS 0x0000000086400000, 0x0000000086300000| Untracked 
| 100|0x0000000086400000, 0x0000000086500000, 0x0000000086500000|100%| O|  |TAMS 0x00000000864f4e00, 0x0000000086400000| Untracked 
| 101|0x0000000086500000, 0x0000000086600000, 0x0000000086600000|100%| O|  |TAMS 0x0000000086500000, 0x0000000086500000| Untracked 
| 102|0x0000000086600000, 0x0000000086700000, 0x0000000086700000|100%| O|  |TAMS 0x0000000086600000, 0x0000000086600000| Untracked 
| 103|0x0000000086700000, 0x0000000086800000, 0x0000000086800000|100%| O|  |TAMS 0x0000000086700000, 0x0000000086700000| Untracked 
| 104|0x0000000086800000, 0x0000000086900000, 0x0000000086900000|100%| O|  |TAMS 0x0000000086800000, 0x0000000086800000| Untracked 
| 105|0x0000000086900000, 0x0000000086a00000, 0x0000000086a00000|100%| O|  |TAMS 0x0000000086900000, 0x0000000086900000| Untracked 
| 106|0x0000000086a00000, 0x0000000086b00000, 0x0000000086b00000|100%| O|  |TAMS 0x0000000086a00000, 0x0000000086a00000| Untracked 
| 107|0x0000000086b00000, 0x0000000086c00000, 0x0000000086c00000|100%| O|  |TAMS 0x0000000086b00000, 0x0000000086b00000| Untracked 
| 108|0x0000000086c00000, 0x0000000086d00000, 0x0000000086d00000|100%| O|  |TAMS 0x0000000086c00000, 0x0000000086c00000| Untracked 
| 109|0x0000000086d00000, 0x0000000086e00000, 0x0000000086e00000|100%| O|  |TAMS 0x0000000086d00000, 0x0000000086d00000| Untracked 
| 110|0x0000000086e00000, 0x0000000086f00000, 0x0000000086f00000|100%| O|  |TAMS 0x0000000086e00000, 0x0000000086e00000| Untracked 
| 111|0x0000000086f00000, 0x0000000087000000, 0x0000000087000000|100%| O|  |TAMS 0x0000000086f00000, 0x0000000086f00000| Untracked 
| 112|0x0000000087000000, 0x0000000087100000, 0x0000000087100000|100%| O|  |TAMS 0x0000000087000000, 0x0000000087000000| Untracked 
| 113|0x0000000087100000, 0x0000000087200000, 0x0000000087200000|100%|HS|  |TAMS 0x0000000087100000, 0x0000000087100000| Complete 
| 114|0x0000000087200000, 0x0000000087300000, 0x0000000087300000|100%|HC|  |TAMS 0x0000000087200000, 0x0000000087200000| Complete 
| 115|0x0000000087300000, 0x0000000087400000, 0x0000000087400000|100%| O|  |TAMS 0x0000000087300000, 0x0000000087300000| Untracked 
| 116|0x0000000087400000, 0x0000000087500000, 0x0000000087500000|100%| O|  |TAMS 0x0000000087400000, 0x0000000087400000| Untracked 
| 117|0x0000000087500000, 0x0000000087600000, 0x0000000087600000|100%| O|  |TAMS 0x0000000087500000, 0x0000000087500000| Untracked 
| 118|0x0000000087600000, 0x0000000087700000, 0x0000000087700000|100%| O|  |TAMS 0x0000000087600000, 0x0000000087600000| Untracked 
| 119|0x0000000087700000, 0x0000000087800000, 0x0000000087800000|100%| O|  |TAMS 0x0000000087700000, 0x0000000087700000| Untracked 
| 120|0x0000000087800000, 0x0000000087900000, 0x0000000087900000|100%| O|  |TAMS 0x0000000087800000, 0x0000000087800000| Untracked 
| 121|0x0000000087900000, 0x0000000087a00000, 0x0000000087a00000|100%| O|  |TAMS 0x0000000087900000, 0x0000000087900000| Untracked 
| 122|0x0000000087a00000, 0x0000000087b00000, 0x0000000087b00000|100%| O|  |TAMS 0x0000000087a00000, 0x0000000087a00000| Untracked 
| 123|0x0000000087b00000, 0x0000000087c00000, 0x0000000087c00000|100%| O|  |TAMS 0x0000000087b00000, 0x0000000087b00000| Untracked 
| 124|0x0000000087c00000, 0x0000000087d00000, 0x0000000087d00000|100%| O|  |TAMS 0x0000000087c00000, 0x0000000087c00000| Untracked 
| 125|0x0000000087d00000, 0x0000000087e00000, 0x0000000087e00000|100%| O|  |TAMS 0x0000000087d00000, 0x0000000087d00000| Untracked 
| 126|0x0000000087e00000, 0x0000000087f00000, 0x0000000087f00000|100%| O|  |TAMS 0x0000000087e00000, 0x0000000087e00000| Untracked 
| 127|0x0000000087f00000, 0x0000000088000000, 0x0000000088000000|100%| O|  |TAMS 0x0000000087f00000, 0x0000000087f00000| Untracked 
| 128|0x0000000088000000, 0x0000000088100000, 0x0000000088100000|100%| O|  |TAMS 0x0000000088000000, 0x0000000088000000| Untracked 
| 129|0x0000000088100000, 0x0000000088200000, 0x0000000088200000|100%| O|  |TAMS 0x0000000088100000, 0x0000000088100000| Untracked 
| 130|0x0000000088200000, 0x0000000088300000, 0x0000000088300000|100%| O|  |TAMS 0x0000000088200000, 0x0000000088200000| Untracked 
| 131|0x0000000088300000, 0x0000000088400000, 0x0000000088400000|100%| O|  |TAMS 0x0000000088300000, 0x0000000088300000| Untracked 
| 132|0x0000000088400000, 0x0000000088500000, 0x0000000088500000|100%| O|  |TAMS 0x0000000088400000, 0x0000000088400000| Untracked 
| 133|0x0000000088500000, 0x0000000088600000, 0x0000000088600000|100%| O|  |TAMS 0x0000000088500000, 0x0000000088500000| Untracked 
| 134|0x0000000088600000, 0x0000000088700000, 0x0000000088700000|100%| O|  |TAMS 0x0000000088600000, 0x0000000088600000| Untracked 
| 135|0x0000000088700000, 0x0000000088800000, 0x0000000088800000|100%| O|  |TAMS 0x0000000088700000, 0x0000000088700000| Untracked 
| 136|0x0000000088800000, 0x0000000088900000, 0x0000000088900000|100%| O|  |TAMS 0x0000000088800000, 0x0000000088800000| Untracked 
| 137|0x0000000088900000, 0x0000000088a00000, 0x0000000088a00000|100%| O|  |TAMS 0x0000000088900000, 0x0000000088900000| Untracked 
| 138|0x0000000088a00000, 0x0000000088b00000, 0x0000000088b00000|100%| O|  |TAMS 0x0000000088a00000, 0x0000000088a00000| Untracked 
| 139|0x0000000088b00000, 0x0000000088c00000, 0x0000000088c00000|100%| O|  |TAMS 0x0000000088b00000, 0x0000000088b00000| Untracked 
| 140|0x0000000088c00000, 0x0000000088d00000, 0x0000000088d00000|100%| O|  |TAMS 0x0000000088c00000, 0x0000000088c00000| Untracked 
| 141|0x0000000088d00000, 0x0000000088e00000, 0x0000000088e00000|100%| O|  |TAMS 0x0000000088d00000, 0x0000000088d00000| Untracked 
| 142|0x0000000088e00000, 0x0000000088f00000, 0x0000000088f00000|100%| O|  |TAMS 0x0000000088e00000, 0x0000000088e00000| Untracked 
| 143|0x0000000088f00000, 0x0000000089000000, 0x0000000089000000|100%| O|  |TAMS 0x0000000088f00000, 0x0000000088f00000| Untracked 
| 144|0x0000000089000000, 0x0000000089100000, 0x0000000089100000|100%| O|  |TAMS 0x0000000089000000, 0x0000000089000000| Untracked 
| 145|0x0000000089100000, 0x0000000089200000, 0x0000000089200000|100%| O|  |TAMS 0x0000000089100000, 0x0000000089100000| Untracked 
| 146|0x0000000089200000, 0x0000000089300000, 0x0000000089300000|100%| O|  |TAMS 0x0000000089200000, 0x0000000089200000| Untracked 
| 147|0x0000000089300000, 0x0000000089400000, 0x0000000089400000|100%| O|  |TAMS 0x0000000089300000, 0x0000000089300000| Untracked 
| 148|0x0000000089400000, 0x0000000089500000, 0x0000000089500000|100%| O|  |TAMS 0x0000000089400000, 0x0000000089400000| Untracked 
| 149|0x0000000089500000, 0x0000000089600000, 0x0000000089600000|100%| O|  |TAMS 0x0000000089500000, 0x0000000089500000| Untracked 
| 150|0x0000000089600000, 0x0000000089700000, 0x0000000089700000|100%| O|  |TAMS 0x0000000089600000, 0x0000000089600000| Untracked 
| 151|0x0000000089700000, 0x0000000089800000, 0x0000000089800000|100%| O|  |TAMS 0x0000000089700000, 0x0000000089700000| Untracked 
| 152|0x0000000089800000, 0x0000000089900000, 0x0000000089900000|100%| O|  |TAMS 0x0000000089800000, 0x0000000089800000| Untracked 
| 153|0x0000000089900000, 0x0000000089a00000, 0x0000000089a00000|100%| O|  |TAMS 0x0000000089900000, 0x0000000089900000| Untracked 
| 154|0x0000000089a00000, 0x0000000089b00000, 0x0000000089b00000|100%| O|  |TAMS 0x0000000089a00000, 0x0000000089a00000| Untracked 
| 155|0x0000000089b00000, 0x0000000089c00000, 0x0000000089c00000|100%| O|  |TAMS 0x0000000089b00000, 0x0000000089b00000| Untracked 
| 156|0x0000000089c00000, 0x0000000089d00000, 0x0000000089d00000|100%| O|  |TAMS 0x0000000089c00000, 0x0000000089c00000| Untracked 
| 157|0x0000000089d00000, 0x0000000089e00000, 0x0000000089e00000|100%| O|  |TAMS 0x0000000089d00000, 0x0000000089d00000| Untracked 
| 158|0x0000000089e00000, 0x0000000089e76800, 0x0000000089f00000| 46%| O|  |TAMS 0x0000000089e00000, 0x0000000089e00000| Untracked 
| 159|0x0000000089f00000, 0x0000000089f00000, 0x000000008a000000|  0%| F|  |TAMS 0x0000000089f00000, 0x0000000089f00000| Untracked 
| 160|0x000000008a000000, 0x000000008a000000, 0x000000008a100000|  0%| F|  |TAMS 0x000000008a000000, 0x000000008a000000| Untracked 
| 161|0x000000008a100000, 0x000000008a100000, 0x000000008a200000|  0%| F|  |TAMS 0x000000008a100000, 0x000000008a100000| Untracked 
| 162|0x000000008a200000, 0x000000008a200000, 0x000000008a300000|  0%| F|  |TAMS 0x000000008a200000, 0x000000008a200000| Untracked 
| 163|0x000000008a300000, 0x000000008a300000, 0x000000008a400000|  0%| F|  |TAMS 0x000000008a300000, 0x000000008a300000| Untracked 
| 164|0x000000008a400000, 0x000000008a400000, 0x000000008a500000|  0%| F|  |TAMS 0x000000008a400000, 0x000000008a400000| Untracked 
| 165|0x000000008a500000, 0x000000008a500000, 0x000000008a600000|  0%| F|  |TAMS 0x000000008a500000, 0x000000008a500000| Untracked 
| 166|0x000000008a600000, 0x000000008a600000, 0x000000008a700000|  0%| F|  |TAMS 0x000000008a600000, 0x000000008a600000| Untracked 
| 167|0x000000008a700000, 0x000000008a700000, 0x000000008a800000|  0%| F|  |TAMS 0x000000008a700000, 0x000000008a700000| Untracked 
| 168|0x000000008a800000, 0x000000008a800000, 0x000000008a900000|  0%| F|  |TAMS 0x000000008a800000, 0x000000008a800000| Untracked 
| 169|0x000000008a900000, 0x000000008a900000, 0x000000008aa00000|  0%| F|  |TAMS 0x000000008a900000, 0x000000008a900000| Untracked 
| 170|0x000000008aa00000, 0x000000008aa00000, 0x000000008ab00000|  0%| F|  |TAMS 0x000000008aa00000, 0x000000008aa00000| Untracked 
| 171|0x000000008ab00000, 0x000000008ab00000, 0x000000008ac00000|  0%| F|  |TAMS 0x000000008ab00000, 0x000000008ab00000| Untracked 
| 172|0x000000008ac00000, 0x000000008ac00000, 0x000000008ad00000|  0%| F|  |TAMS 0x000000008ac00000, 0x000000008ac00000| Untracked 
| 173|0x000000008ad00000, 0x000000008ad00000, 0x000000008ae00000|  0%| F|  |TAMS 0x000000008ad00000, 0x000000008ad00000| Untracked 
| 174|0x000000008ae00000, 0x000000008ae00000, 0x000000008af00000|  0%| F|  |TAMS 0x000000008ae00000, 0x000000008ae00000| Untracked 
| 175|0x000000008af00000, 0x000000008af00000, 0x000000008b000000|  0%| F|  |TAMS 0x000000008af00000, 0x000000008af00000| Untracked 
| 176|0x000000008b000000, 0x000000008b000000, 0x000000008b100000|  0%| F|  |TAMS 0x000000008b000000, 0x000000008b000000| Untracked 
| 177|0x000000008b100000, 0x000000008b100000, 0x000000008b200000|  0%| F|  |TAMS 0x000000008b100000, 0x000000008b100000| Untracked 
| 178|0x000000008b200000, 0x000000008b200000, 0x000000008b300000|  0%| F|  |TAMS 0x000000008b200000, 0x000000008b200000| Untracked 
| 179|0x000000008b300000, 0x000000008b300000, 0x000000008b400000|  0%| F|  |TAMS 0x000000008b300000, 0x000000008b300000| Untracked 
| 180|0x000000008b400000, 0x000000008b400000, 0x000000008b500000|  0%| F|  |TAMS 0x000000008b400000, 0x000000008b400000| Untracked 
| 181|0x000000008b500000, 0x000000008b500000, 0x000000008b600000|  0%| F|  |TAMS 0x000000008b500000, 0x000000008b500000| Untracked 
| 182|0x000000008b600000, 0x000000008b600000, 0x000000008b700000|  0%| F|  |TAMS 0x000000008b600000, 0x000000008b600000| Untracked 
| 183|0x000000008b700000, 0x000000008b700000, 0x000000008b800000|  0%| F|  |TAMS 0x000000008b700000, 0x000000008b700000| Untracked 
| 184|0x000000008b800000, 0x000000008b800000, 0x000000008b900000|  0%| F|  |TAMS 0x000000008b800000, 0x000000008b800000| Untracked 
| 185|0x000000008b900000, 0x000000008b900000, 0x000000008ba00000|  0%| F|  |TAMS 0x000000008b900000, 0x000000008b900000| Untracked 
| 186|0x000000008ba00000, 0x000000008ba00000, 0x000000008bb00000|  0%| F|  |TAMS 0x000000008ba00000, 0x000000008ba00000| Untracked 
| 187|0x000000008bb00000, 0x000000008bb00000, 0x000000008bc00000|  0%| F|  |TAMS 0x000000008bb00000, 0x000000008bb00000| Untracked 
| 188|0x000000008bc00000, 0x000000008bc00000, 0x000000008bd00000|  0%| F|  |TAMS 0x000000008bc00000, 0x000000008bc00000| Untracked 
| 189|0x000000008bd00000, 0x000000008bd00000, 0x000000008be00000|  0%| F|  |TAMS 0x000000008bd00000, 0x000000008bd00000| Untracked 
| 190|0x000000008be00000, 0x000000008be00000, 0x000000008bf00000|  0%| F|  |TAMS 0x000000008be00000, 0x000000008be00000| Untracked 
| 191|0x000000008bf00000, 0x000000008bf00000, 0x000000008c000000|  0%| F|  |TAMS 0x000000008bf00000, 0x000000008bf00000| Untracked 
| 192|0x000000008c000000, 0x000000008c000000, 0x000000008c100000|  0%| F|  |TAMS 0x000000008c000000, 0x000000008c000000| Untracked 
| 193|0x000000008c100000, 0x000000008c100000, 0x000000008c200000|  0%| F|  |TAMS 0x000000008c100000, 0x000000008c100000| Untracked 
| 194|0x000000008c200000, 0x000000008c200000, 0x000000008c300000|  0%| F|  |TAMS 0x000000008c200000, 0x000000008c200000| Untracked 
| 195|0x000000008c300000, 0x000000008c300000, 0x000000008c400000|  0%| F|  |TAMS 0x000000008c300000, 0x000000008c300000| Untracked 
| 196|0x000000008c400000, 0x000000008c400000, 0x000000008c500000|  0%| F|  |TAMS 0x000000008c400000, 0x000000008c400000| Untracked 
| 197|0x000000008c500000, 0x000000008c500000, 0x000000008c600000|  0%| F|  |TAMS 0x000000008c500000, 0x000000008c500000| Untracked 
| 198|0x000000008c600000, 0x000000008c600000, 0x000000008c700000|  0%| F|  |TAMS 0x000000008c600000, 0x000000008c600000| Untracked 
| 199|0x000000008c700000, 0x000000008c795200, 0x000000008c800000| 58%| S|CS|TAMS 0x000000008c700000, 0x000000008c700000| Complete 
| 200|0x000000008c800000, 0x000000008c900000, 0x000000008c900000|100%| S|CS|TAMS 0x000000008c800000, 0x000000008c800000| Complete 
| 201|0x000000008c900000, 0x000000008c900000, 0x000000008ca00000|  0%| F|  |TAMS 0x000000008c900000, 0x000000008c900000| Untracked 
| 202|0x000000008ca00000, 0x000000008ca00000, 0x000000008cb00000|  0%| F|  |TAMS 0x000000008ca00000, 0x000000008ca00000| Untracked 
| 203|0x000000008cb00000, 0x000000008cb00000, 0x000000008cc00000|  0%| F|  |TAMS 0x000000008cb00000, 0x000000008cb00000| Untracked 
| 204|0x000000008cc00000, 0x000000008cc00000, 0x000000008cd00000|  0%| F|  |TAMS 0x000000008cc00000, 0x000000008cc00000| Untracked 
| 205|0x000000008cd00000, 0x000000008cd00000, 0x000000008ce00000|  0%| F|  |TAMS 0x000000008cd00000, 0x000000008cd00000| Untracked 
| 206|0x000000008ce00000, 0x000000008ce00000, 0x000000008cf00000|  0%| F|  |TAMS 0x000000008ce00000, 0x000000008ce00000| Untracked 
| 207|0x000000008cf00000, 0x000000008cf00000, 0x000000008d000000|  0%| F|  |TAMS 0x000000008cf00000, 0x000000008cf00000| Untracked 
| 208|0x000000008d000000, 0x000000008d000000, 0x000000008d100000|  0%| F|  |TAMS 0x000000008d000000, 0x000000008d000000| Untracked 
| 209|0x000000008d100000, 0x000000008d100000, 0x000000008d200000|  0%| F|  |TAMS 0x000000008d100000, 0x000000008d100000| Untracked 
| 210|0x000000008d200000, 0x000000008d200000, 0x000000008d300000|  0%| F|  |TAMS 0x000000008d200000, 0x000000008d200000| Untracked 
| 211|0x000000008d300000, 0x000000008d300000, 0x000000008d400000|  0%| F|  |TAMS 0x000000008d300000, 0x000000008d300000| Untracked 
| 212|0x000000008d400000, 0x000000008d400000, 0x000000008d500000|  0%| F|  |TAMS 0x000000008d400000, 0x000000008d400000| Untracked 
| 213|0x000000008d500000, 0x000000008d500000, 0x000000008d600000|  0%| F|  |TAMS 0x000000008d500000, 0x000000008d500000| Untracked 
| 214|0x000000008d600000, 0x000000008d600000, 0x000000008d700000|  0%| F|  |TAMS 0x000000008d600000, 0x000000008d600000| Untracked 
| 215|0x000000008d700000, 0x000000008d700000, 0x000000008d800000|  0%| F|  |TAMS 0x000000008d700000, 0x000000008d700000| Untracked 
| 216|0x000000008d800000, 0x000000008d800000, 0x000000008d900000|  0%| F|  |TAMS 0x000000008d800000, 0x000000008d800000| Untracked 
| 217|0x000000008d900000, 0x000000008d900000, 0x000000008da00000|  0%| F|  |TAMS 0x000000008d900000, 0x000000008d900000| Untracked 
| 218|0x000000008da00000, 0x000000008da00000, 0x000000008db00000|  0%| F|  |TAMS 0x000000008da00000, 0x000000008da00000| Untracked 
| 219|0x000000008db00000, 0x000000008db00000, 0x000000008dc00000|  0%| F|  |TAMS 0x000000008db00000, 0x000000008db00000| Untracked 
| 220|0x000000008dc00000, 0x000000008dc00000, 0x000000008dd00000|  0%| F|  |TAMS 0x000000008dc00000, 0x000000008dc00000| Untracked 
| 221|0x000000008dd00000, 0x000000008dd00000, 0x000000008de00000|  0%| F|  |TAMS 0x000000008dd00000, 0x000000008dd00000| Untracked 
| 222|0x000000008de00000, 0x000000008de00000, 0x000000008df00000|  0%| F|  |TAMS 0x000000008de00000, 0x000000008de00000| Untracked 
| 223|0x000000008df00000, 0x000000008df00000, 0x000000008e000000|  0%| F|  |TAMS 0x000000008df00000, 0x000000008df00000| Untracked 
| 224|0x000000008e000000, 0x000000008e000000, 0x000000008e100000|  0%| F|  |TAMS 0x000000008e000000, 0x000000008e000000| Untracked 
| 225|0x000000008e100000, 0x000000008e100000, 0x000000008e200000|  0%| F|  |TAMS 0x000000008e100000, 0x000000008e100000| Untracked 
| 226|0x000000008e200000, 0x000000008e200000, 0x000000008e300000|  0%| F|  |TAMS 0x000000008e200000, 0x000000008e200000| Untracked 
| 227|0x000000008e300000, 0x000000008e300000, 0x000000008e400000|  0%| F|  |TAMS 0x000000008e300000, 0x000000008e300000| Untracked 
| 228|0x000000008e400000, 0x000000008e400000, 0x000000008e500000|  0%| F|  |TAMS 0x000000008e400000, 0x000000008e400000| Untracked 
| 229|0x000000008e500000, 0x000000008e500000, 0x000000008e600000|  0%| F|  |TAMS 0x000000008e500000, 0x000000008e500000| Untracked 
| 230|0x000000008e600000, 0x000000008e600000, 0x000000008e700000|  0%| F|  |TAMS 0x000000008e600000, 0x000000008e600000| Untracked 
| 231|0x000000008e700000, 0x000000008e700000, 0x000000008e800000|  0%| F|  |TAMS 0x000000008e700000, 0x000000008e700000| Untracked 
| 232|0x000000008e800000, 0x000000008e800000, 0x000000008e900000|  0%| F|  |TAMS 0x000000008e800000, 0x000000008e800000| Untracked 
| 233|0x000000008e900000, 0x000000008e900000, 0x000000008ea00000|  0%| F|  |TAMS 0x000000008e900000, 0x000000008e900000| Untracked 
| 234|0x000000008ea00000, 0x000000008ea00000, 0x000000008eb00000|  0%| F|  |TAMS 0x000000008ea00000, 0x000000008ea00000| Untracked 
| 235|0x000000008eb00000, 0x000000008eb00000, 0x000000008ec00000|  0%| F|  |TAMS 0x000000008eb00000, 0x000000008eb00000| Untracked 
| 236|0x000000008ec00000, 0x000000008ec00000, 0x000000008ed00000|  0%| F|  |TAMS 0x000000008ec00000, 0x000000008ec00000| Untracked 
| 237|0x000000008ed00000, 0x000000008ed00000, 0x000000008ee00000|  0%| F|  |TAMS 0x000000008ed00000, 0x000000008ed00000| Untracked 
| 238|0x000000008ee00000, 0x000000008ee00000, 0x000000008ef00000|  0%| F|  |TAMS 0x000000008ee00000, 0x000000008ee00000| Untracked 
| 239|0x000000008ef00000, 0x000000008ef00000, 0x000000008f000000|  0%| F|  |TAMS 0x000000008ef00000, 0x000000008ef00000| Untracked 
| 240|0x000000008f000000, 0x000000008f000000, 0x000000008f100000|  0%| F|  |TAMS 0x000000008f000000, 0x000000008f000000| Untracked 
| 241|0x000000008f100000, 0x000000008f100000, 0x000000008f200000|  0%| F|  |TAMS 0x000000008f100000, 0x000000008f100000| Untracked 
| 242|0x000000008f200000, 0x000000008f200000, 0x000000008f300000|  0%| F|  |TAMS 0x000000008f200000, 0x000000008f200000| Untracked 
| 243|0x000000008f300000, 0x000000008f300000, 0x000000008f400000|  0%| F|  |TAMS 0x000000008f300000, 0x000000008f300000| Untracked 
| 244|0x000000008f400000, 0x000000008f400000, 0x000000008f500000|  0%| F|  |TAMS 0x000000008f400000, 0x000000008f400000| Untracked 
| 245|0x000000008f500000, 0x000000008f500000, 0x000000008f600000|  0%| F|  |TAMS 0x000000008f500000, 0x000000008f500000| Untracked 
| 246|0x000000008f600000, 0x000000008f60e680, 0x000000008f700000|  5%| E|  |TAMS 0x000000008f600000, 0x000000008f600000| Complete 
| 247|0x000000008f700000, 0x000000008f800000, 0x000000008f800000|100%| E|CS|TAMS 0x000000008f700000, 0x000000008f700000| Complete 
| 248|0x000000008f800000, 0x000000008f900000, 0x000000008f900000|100%| E|CS|TAMS 0x000000008f800000, 0x000000008f800000| Complete 
| 249|0x000000008f900000, 0x000000008fa00000, 0x000000008fa00000|100%| E|CS|TAMS 0x000000008f900000, 0x000000008f900000| Complete 
| 250|0x000000008fa00000, 0x000000008fb00000, 0x000000008fb00000|100%| E|CS|TAMS 0x000000008fa00000, 0x000000008fa00000| Complete 

Card table byte_map: [0x0000011fb3ed0000,0x0000011fb42d0000] _byte_map_base: 0x0000011fb3ad0000

Marking Bits (Prev, Next): (CMBitMap*) 0x0000011f9d01cad0, (CMBitMap*) 0x0000011f9d01ca90
 Prev Bits: [0x0000011fb66d0000, 0x0000011fb86d0000)
 Next Bits: [0x0000011fb46d0000, 0x0000011fb66d0000)

Polling page: 0x0000011f9c790000

Metaspace:

Usage:
  Non-class:     98.76 MB used.
      Class:     15.10 MB used.
       Both:    113.86 MB used.

Virtual space:
  Non-class space:      128.00 MB reserved,      99.25 MB ( 78%) committed,  2 nodes.
      Class space:        1.00 GB reserved,      15.50 MB (  2%) committed,  1 nodes.
             Both:        1.13 GB reserved,     114.75 MB ( 10%) committed. 

Chunk freelists:
   Non-Class:  11.84 MB
       Class:  480.00 KB
        Both:  12.31 MB

MaxMetaspaceSize: unlimited
CompressedClassSpaceSize: 1.00 GB
Initial GC threshold: 21.00 MB
Current GC threshold: 140.00 MB
CDS: on
MetaspaceReclaimPolicy: balanced
 - commit_granule_bytes: 65536.
 - commit_granule_words: 8192.
 - virtual_space_node_default_size: 8388608.
 - enlarge_chunks_in_place: 1.
 - new_chunks_are_fully_committed: 0.
 - uncommit_free_chunks: 1.
 - use_allocation_guard: 0.
 - handle_deallocations: 1.


Internal statistics:

num_allocs_failed_limit: 9.
num_arena_births: 1166.
num_arena_deaths: 6.
num_vsnodes_births: 3.
num_vsnodes_deaths: 0.
num_space_committed: 1836.
num_space_uncommitted: 0.
num_chunks_returned_to_freelist: 17.
num_chunks_taken_from_freelist: 5888.
num_chunk_merges: 12.
num_chunk_splits: 4023.
num_chunks_enlarged: 2778.
num_inconsistent_stats: 0.

CodeHeap 'non-profiled nmethods': size=120000Kb used=11357Kb max_used=11357Kb free=108642Kb
 bounds [0x0000011fac5a0000, 0x0000011fad0c0000, 0x0000011fb3ad0000]
CodeHeap 'profiled nmethods': size=120000Kb used=31082Kb max_used=31082Kb free=88917Kb
 bounds [0x0000011fa4ad0000, 0x0000011fa6930000, 0x0000011fac000000]
CodeHeap 'non-nmethods': size=5760Kb used=2437Kb max_used=2503Kb free=3322Kb
 bounds [0x0000011fac000000, 0x0000011fac280000, 0x0000011fac5a0000]
 total_blobs=16313 nmethods=15333 adapters=891
 compilation: enabled
              stopped_count=0, restarted_count=0
 full_count=0

Compilation events (20 events):
Event: 95.400 Thread 0x0000011fbabd1600 18370       3       com.sun.tools.javac.code.Symbol::hiddenIn (33 bytes)
Event: 95.400 Thread 0x0000011fbabd1600 nmethod 18370 0x0000011fa6914a10 code [0x0000011fa6914be0, 0x0000011fa6914fb8]
Event: 95.400 Thread 0x0000011fbabd1600 18371       3       com.sun.tools.javac.code.Symbol$ClassSymbol::isSubClass (129 bytes)
Event: 95.402 Thread 0x0000011fbabd1600 nmethod 18371 0x0000011fa6915190 code [0x0000011fa6915480, 0x0000011fa6916968]
Event: 95.402 Thread 0x0000011fbabd1600 18374       3       com.sun.tools.javac.tree.TreeTranslator::translate (40 bytes)
Event: 95.402 Thread 0x0000011fbabd1600 nmethod 18374 0x0000011fa6916f10 code [0x0000011fa69170e0, 0x0000011fa6917688]
Event: 95.402 Thread 0x0000011fbabd1600 18375       3       com.sun.tools.javac.code.Symbol::hasOuterInstance (35 bytes)
Event: 95.402 Thread 0x0000011fbabd1600 nmethod 18375 0x0000011fa6917810 code [0x0000011fa69179e0, 0x0000011fa6917f28]
Event: 95.402 Thread 0x0000011fbabd1600 18365       3       com.sun.tools.javac.code.Type$StructuralTypeMapping$4::<init> (16 bytes)
Event: 95.403 Thread 0x0000011fbabd1600 nmethod 18365 0x0000011fa6918090 code [0x0000011fa6918260, 0x0000011fa6918798]
Event: 95.403 Thread 0x0000011fbabd1600 18372       3       com.sun.tools.javac.code.Symbol$MethodSymbol::binaryOverrides (141 bytes)
Event: 95.405 Thread 0x0000011fbabd1600 nmethod 18372 0x0000011fa6918910 code [0x0000011fa6918da0, 0x0000011fa691bb18]
Event: 95.406 Thread 0x0000011fbabd1600 18373       3       com.sun.tools.javac.comp.TransTypes::addBridgeIfNeeded (251 bytes)
Event: 95.407 Thread 0x0000011fbabd1600 nmethod 18373 0x0000011fa691c790 code [0x0000011fa691ca20, 0x0000011fa691d9c8]
Event: 95.407 Thread 0x0000011fbabd1600 18367       1       com.sun.tools.javac.code.Type$JCPrimitiveType::isPrimitive (2 bytes)
Event: 95.407 Thread 0x0000011fbabd1600 nmethod 18367 0x0000011fad0aaf10 code [0x0000011fad0ab0a0, 0x0000011fad0ab178]
Event: 95.417 Thread 0x0000011fbabd1600 18376       3       java.net.URI$Parser::scanEscape (115 bytes)
Event: 95.418 Thread 0x0000011fbabd1600 nmethod 18376 0x0000011fa691de10 code [0x0000011fa691e120, 0x0000011fa691f328]
Event: 95.423 Thread 0x0000011fbabd1600 18377       3       com.sun.tools.javac.jvm.PoolWriter$WriteablePoolHelper::writeConstant (863 bytes)
Event: 95.429 Thread 0x0000011fbabd1600 nmethod 18377 0x0000011fa691f990 code [0x0000011fa6920520, 0x0000011fa6926be8]

GC Heap History (20 events):
Event: 40.437 GC heap before
{Heap before GC invocations=52 (full 0):
 garbage-first heap   total 257024K, used 204198K [0x0000000080000000, 0x0000000100000000)
  region size 1024K, 94 young (96256K), 1 survivors (1024K)
 Metaspace       used 90121K, committed 90880K, reserved 1179648K
  class space    used 12165K, committed 12544K, reserved 1048576K
}
Event: 40.445 GC heap after
{Heap after GC invocations=53 (full 0):
 garbage-first heap   total 257024K, used 113307K [0x0000000080000000, 0x0000000100000000)
  region size 1024K, 5 young (5120K), 5 survivors (5120K)
 Metaspace       used 90121K, committed 90880K, reserved 1179648K
  class space    used 12165K, committed 12544K, reserved 1048576K
}
Event: 54.090 GC heap before
{Heap before GC invocations=53 (full 0):
 garbage-first heap   total 257024K, used 206491K [0x0000000080000000, 0x0000000100000000)
  region size 1024K, 97 young (99328K), 5 survivors (5120K)
 Metaspace       used 91803K, committed 92608K, reserved 1179648K
  class space    used 12388K, committed 12800K, reserved 1048576K
}
Event: 54.102 GC heap after
{Heap after GC invocations=54 (full 0):
 garbage-first heap   total 257024K, used 118521K [0x0000000080000000, 0x0000000100000000)
  region size 1024K, 10 young (10240K), 10 survivors (10240K)
 Metaspace       used 91803K, committed 92608K, reserved 1179648K
  class space    used 12388K, committed 12800K, reserved 1048576K
}
Event: 75.763 GC heap before
{Heap before GC invocations=54 (full 0):
 garbage-first heap   total 257024K, used 208633K [0x0000000080000000, 0x0000000100000000)
  region size 1024K, 99 young (101376K), 10 survivors (10240K)
 Metaspace       used 92518K, committed 93312K, reserved 1179648K
  class space    used 12477K, committed 12864K, reserved 1048576K
}
Event: 75.783 GC heap after
{Heap after GC invocations=55 (full 0):
 garbage-first heap   total 257024K, used 125987K [0x0000000080000000, 0x0000000100000000)
  region size 1024K, 13 young (13312K), 13 survivors (13312K)
 Metaspace       used 92518K, committed 93312K, reserved 1179648K
  class space    used 12477K, committed 12864K, reserved 1048576K
}
Event: 81.034 GC heap before
{Heap before GC invocations=55 (full 0):
 garbage-first heap   total 257024K, used 213027K [0x0000000080000000, 0x0000000100000000)
  region size 1024K, 94 young (96256K), 13 survivors (13312K)
 Metaspace       used 101612K, committed 102464K, reserved 1179648K
  class space    used 13600K, committed 14016K, reserved 1048576K
}
Event: 81.052 GC heap after
{Heap after GC invocations=56 (full 0):
 garbage-first heap   total 257024K, used 133050K [0x0000000080000000, 0x0000000100000000)
  region size 1024K, 7 young (7168K), 7 survivors (7168K)
 Metaspace       used 101612K, committed 102464K, reserved 1179648K
  class space    used 13600K, committed 14016K, reserved 1048576K
}
Event: 83.444 GC heap before
{Heap before GC invocations=56 (full 0):
 garbage-first heap   total 257024K, used 209850K [0x0000000080000000, 0x0000000100000000)
  region size 1024K, 83 young (84992K), 7 survivors (7168K)
 Metaspace       used 101731K, committed 102528K, reserved 1179648K
  class space    used 13617K, committed 14016K, reserved 1048576K
}
Event: 83.457 GC heap after
{Heap after GC invocations=57 (full 0):
 garbage-first heap   total 257024K, used 133692K [0x0000000080000000, 0x0000000100000000)
  region size 1024K, 4 young (4096K), 4 survivors (4096K)
 Metaspace       used 101731K, committed 102528K, reserved 1179648K
  class space    used 13617K, committed 14016K, reserved 1048576K
}
Event: 86.168 GC heap before
{Heap before GC invocations=57 (full 0):
 garbage-first heap   total 257024K, used 213564K [0x0000000080000000, 0x0000000100000000)
  region size 1024K, 81 young (82944K), 4 survivors (4096K)
 Metaspace       used 102060K, committed 102912K, reserved 1179648K
  class space    used 13653K, committed 14080K, reserved 1048576K
}
Event: 86.184 GC heap after
{Heap after GC invocations=58 (full 0):
 garbage-first heap   total 257024K, used 141312K [0x0000000080000000, 0x0000000100000000)
  region size 1024K, 11 young (11264K), 11 survivors (11264K)
 Metaspace       used 102060K, committed 102912K, reserved 1179648K
  class space    used 13653K, committed 14080K, reserved 1048576K
}
Event: 88.668 GC heap before
{Heap before GC invocations=58 (full 0):
 garbage-first heap   total 257024K, used 214016K [0x0000000080000000, 0x0000000100000000)
  region size 1024K, 80 young (81920K), 11 survivors (11264K)
 Metaspace       used 107312K, committed 108096K, reserved 1179648K
  class space    used 14211K, committed 14592K, reserved 1048576K
}
Event: 88.690 GC heap after
{Heap after GC invocations=59 (full 0):
 garbage-first heap   total 257024K, used 156086K [0x0000000080000000, 0x0000000100000000)
  region size 1024K, 10 young (10240K), 10 survivors (10240K)
 Metaspace       used 107312K, committed 108096K, reserved 1179648K
  class space    used 14211K, committed 14592K, reserved 1048576K
}
Event: 91.014 GC heap before
{Heap before GC invocations=59 (full 0):
 garbage-first heap   total 257024K, used 210358K [0x0000000080000000, 0x0000000100000000)
  region size 1024K, 63 young (64512K), 10 survivors (10240K)
 Metaspace       used 112650K, committed 113472K, reserved 1179648K
  class space    used 14909K, committed 15296K, reserved 1048576K
}
Event: 91.030 GC heap after
{Heap after GC invocations=60 (full 0):
 garbage-first heap   total 257024K, used 159572K [0x0000000080000000, 0x0000000100000000)
  region size 1024K, 3 young (3072K), 3 survivors (3072K)
 Metaspace       used 112650K, committed 113472K, reserved 1179648K
  class space    used 14909K, committed 15296K, reserved 1048576K
}
Event: 92.433 GC heap before
{Heap before GC invocations=60 (full 0):
 garbage-first heap   total 257024K, used 212820K [0x0000000080000000, 0x0000000100000000)
  region size 1024K, 55 young (56320K), 3 survivors (3072K)
 Metaspace       used 113599K, committed 114432K, reserved 1179648K
  class space    used 15030K, committed 15424K, reserved 1048576K
}
Event: 92.448 GC heap after
{Heap after GC invocations=61 (full 0):
 garbage-first heap   total 257024K, used 163408K [0x0000000080000000, 0x0000000100000000)
  region size 1024K, 7 young (7168K), 7 survivors (7168K)
 Metaspace       used 113599K, committed 114432K, reserved 1179648K
  class space    used 15030K, committed 15424K, reserved 1048576K
}
Event: 95.214 GC heap before
{Heap before GC invocations=61 (full 0):
 garbage-first heap   total 257024K, used 214608K [0x0000000080000000, 0x0000000100000000)
  region size 1024K, 57 young (58368K), 7 survivors (7168K)
 Metaspace       used 116483K, committed 117376K, reserved 1179648K
  class space    used 15458K, committed 15872K, reserved 1048576K
}
Event: 95.223 GC heap after
{Heap after GC invocations=62 (full 0):
 garbage-first heap   total 257024K, used 163886K [0x0000000080000000, 0x0000000100000000)
  region size 1024K, 2 young (2048K), 2 survivors (2048K)
 Metaspace       used 116483K, committed 117376K, reserved 1179648K
  class space    used 15458K, committed 15872K, reserved 1048576K
}

Dll operation events (14 events):
Event: 0.011 Loaded shared library C:\Users\wefer\.jdks\corretto-17.0.7\bin\java.dll
Event: 0.025 Loaded shared library C:\Users\wefer\.jdks\corretto-17.0.7\bin\jsvml.dll
Event: 0.165 Loaded shared library C:\Users\wefer\.jdks\corretto-17.0.7\bin\net.dll
Event: 0.169 Loaded shared library C:\Users\wefer\.jdks\corretto-17.0.7\bin\nio.dll
Event: 0.187 Loaded shared library C:\Users\wefer\.jdks\corretto-17.0.7\bin\zip.dll
Event: 0.674 Loaded shared library C:\Users\wefer\.jdks\corretto-17.0.7\bin\jimage.dll
Event: 0.893 Loaded shared library C:\Users\wefer\.jdks\corretto-17.0.7\bin\verify.dll
Event: 1.280 Loaded shared library C:\Users\wefer\.gradle\native\68d5fa5c4cc2d200863cafc0d521ce42e7d3e7ee720ec0a83991735586a16f82\windows-amd64\native-platform.dll
Event: 1.342 Loaded shared library C:\Users\wefer\.gradle\native\e376f236ea51e6404a007f0833ffe2c6e607c4080706a723a18a27aeea778392\windows-amd64\native-platform-file-events.dll
Event: 3.311 Loaded shared library C:\Users\wefer\.jdks\corretto-17.0.7\bin\management.dll
Event: 3.319 Loaded shared library C:\Users\wefer\.jdks\corretto-17.0.7\bin\management_ext.dll
Event: 4.494 Loaded shared library C:\Users\wefer\.jdks\corretto-17.0.7\bin\sunmscapi.dll
Event: 39.745 Loaded shared library C:\Users\wefer\AppData\Local\Temp\native-platform171976141192561853dir\native-platform.dll
Event: 41.642 Loaded shared library C:\Users\wefer\.jdks\corretto-17.0.7\bin\rmi.dll

Deoptimization events (20 events):
Event: 95.023 Thread 0x0000011fc3ac7560 Uncommon trap: trap_request=0xffffff66 fr.pc=0x0000011fad01155c relative=0x0000000000000c9c
Event: 95.023 Thread 0x0000011fc3ac7560 Uncommon trap: reason=speculate_class_check action=maybe_recompile pc=0x0000011fad01155c method=com.sun.tools.javac.code.Type.hasTag(Lcom/sun/tools/javac/code/TypeTag;)Z @ 2 c2
Event: 95.023 Thread 0x0000011fc3ac7560 DEOPT PACKING pc=0x0000011fad01155c sp=0x000000088d8f8b20
Event: 95.023 Thread 0x0000011fc3ac7560 DEOPT UNPACKING pc=0x0000011fac0569a3 sp=0x000000088d8f8a78 mode 2
Event: 95.024 Thread 0x0000011fc3ac7560 Uncommon trap: trap_request=0xffffff66 fr.pc=0x0000011fad01155c relative=0x0000000000000c9c
Event: 95.024 Thread 0x0000011fc3ac7560 Uncommon trap: reason=speculate_class_check action=maybe_recompile pc=0x0000011fad01155c method=com.sun.tools.javac.code.Type.hasTag(Lcom/sun/tools/javac/code/TypeTag;)Z @ 2 c2
Event: 95.024 Thread 0x0000011fc3ac7560 DEOPT PACKING pc=0x0000011fad01155c sp=0x000000088d8f8ab0
Event: 95.024 Thread 0x0000011fc3ac7560 DEOPT UNPACKING pc=0x0000011fac0569a3 sp=0x000000088d8f8a08 mode 2
Event: 95.024 Thread 0x0000011fc3ac7560 Uncommon trap: trap_request=0xffffff66 fr.pc=0x0000011fad01155c relative=0x0000000000000c9c
Event: 95.024 Thread 0x0000011fc3ac7560 Uncommon trap: reason=speculate_class_check action=maybe_recompile pc=0x0000011fad01155c method=com.sun.tools.javac.code.Type.hasTag(Lcom/sun/tools/javac/code/TypeTag;)Z @ 2 c2
Event: 95.024 Thread 0x0000011fc3ac7560 DEOPT PACKING pc=0x0000011fad01155c sp=0x000000088d8f8b20
Event: 95.024 Thread 0x0000011fc3ac7560 DEOPT UNPACKING pc=0x0000011fac0569a3 sp=0x000000088d8f8a78 mode 2
Event: 95.024 Thread 0x0000011fc3ac7560 Uncommon trap: trap_request=0xffffff66 fr.pc=0x0000011fad01155c relative=0x0000000000000c9c
Event: 95.024 Thread 0x0000011fc3ac7560 Uncommon trap: reason=speculate_class_check action=maybe_recompile pc=0x0000011fad01155c method=com.sun.tools.javac.code.Type.hasTag(Lcom/sun/tools/javac/code/TypeTag;)Z @ 2 c2
Event: 95.024 Thread 0x0000011fc3ac7560 DEOPT PACKING pc=0x0000011fad01155c sp=0x000000088d8f8ab0
Event: 95.024 Thread 0x0000011fc3ac7560 DEOPT UNPACKING pc=0x0000011fac0569a3 sp=0x000000088d8f8a08 mode 2
Event: 95.401 Thread 0x0000011fc3ac7560 Uncommon trap: trap_request=0xffffff45 fr.pc=0x0000011fad079c6c relative=0x000000000000014c
Event: 95.401 Thread 0x0000011fc3ac7560 Uncommon trap: reason=unstable_if action=reinterpret pc=0x0000011fad079c6c method=com.sun.tools.javac.util.IntHashTable.lookup(Ljava/lang/Object;)I @ 73 c2
Event: 95.401 Thread 0x0000011fc3ac7560 DEOPT PACKING pc=0x0000011fad079c6c sp=0x000000088d8f94a0
Event: 95.401 Thread 0x0000011fc3ac7560 DEOPT UNPACKING pc=0x0000011fac0569a3 sp=0x000000088d8f9418 mode 2

Classes unloaded (3 events):
Event: 31.428 Thread 0x0000011fbab9f620 Unloading class 0x0000000801b4c400 'java/lang/invoke/LambdaForm$DMH+0x0000000801b4c400'
Event: 31.428 Thread 0x0000011fbab9f620 Unloading class 0x0000000801b4cc00 'java/lang/invoke/LambdaForm$DMH+0x0000000801b4cc00'
Event: 31.428 Thread 0x0000011fbab9f620 Unloading class 0x0000000801b4c800 'java/lang/invoke/LambdaForm$DMH+0x0000000801b4c800'

Classes redefined (0 events):
No events

Internal exceptions (20 events):
Event: 94.932 Thread 0x0000011fc3ac7560 Exception <a 'sun/nio/fs/WindowsException'{0x000000008ce8e0c0}> (0x000000008ce8e0c0) 
thrown [s\src\hotspot\share\prims\jni.cpp, line 516]
Event: 94.933 Thread 0x0000011fc3ac7560 Exception <a 'sun/nio/fs/WindowsException'{0x000000008ce8e788}> (0x000000008ce8e788) 
thrown [s\src\hotspot\share\prims\jni.cpp, line 516]
Event: 94.935 Thread 0x0000011fc3ac7560 Exception <a 'sun/nio/fs/WindowsException'{0x000000008ce929b0}> (0x000000008ce929b0) 
thrown [s\src\hotspot\share\prims\jni.cpp, line 516]
Event: 94.935 Thread 0x0000011fc3ac7560 Exception <a 'sun/nio/fs/WindowsException'{0x000000008ce92ff0}> (0x000000008ce92ff0) 
thrown [s\src\hotspot\share\prims\jni.cpp, line 516]
Event: 94.936 Thread 0x0000011fc3ac7560 Exception <a 'sun/nio/fs/WindowsException'{0x000000008ce95c58}> (0x000000008ce95c58) 
thrown [s\src\hotspot\share\prims\jni.cpp, line 516]
Event: 94.936 Thread 0x0000011fc3ac7560 Exception <a 'sun/nio/fs/WindowsException'{0x000000008ce96290}> (0x000000008ce96290) 
thrown [s\src\hotspot\share\prims\jni.cpp, line 516]
Event: 94.936 Thread 0x0000011fc3ac7560 Exception <a 'sun/nio/fs/WindowsException'{0x000000008ce98f80}> (0x000000008ce98f80) 
thrown [s\src\hotspot\share\prims\jni.cpp, line 516]
Event: 94.936 Thread 0x0000011fc3ac7560 Exception <a 'sun/nio/fs/WindowsException'{0x000000008ce99630}> (0x000000008ce99630) 
thrown [s\src\hotspot\share\prims\jni.cpp, line 516]
Event: 94.936 Thread 0x0000011fc3ac7560 Exception <a 'sun/nio/fs/WindowsException'{0x000000008ce9c380}> (0x000000008ce9c380) 
thrown [s\src\hotspot\share\prims\jni.cpp, line 516]
Event: 94.936 Thread 0x0000011fc3ac7560 Exception <a 'sun/nio/fs/WindowsException'{0x000000008ce9ca98}> (0x000000008ce9ca98) 
thrown [s\src\hotspot\share\prims\jni.cpp, line 516]
Event: 95.045 Thread 0x0000011fc3ac7560 Exception <a 'sun/nio/fs/WindowsException'{0x000000008cc47178}> (0x000000008cc47178) 
thrown [s\src\hotspot\share\prims\jni.cpp, line 516]
Event: 95.045 Thread 0x0000011fc3ac7560 Exception <a 'sun/nio/fs/WindowsException'{0x000000008cc479a8}> (0x000000008cc479a8) 
thrown [s\src\hotspot\share\prims\jni.cpp, line 516]
Event: 95.191 Thread 0x0000011fc3ac7560 Exception <a 'java/lang/IncompatibleClassChangeError'{0x000000008c9444d8}: Found class java.lang.Object, but interface was expected> (0x000000008c9444d8) 
thrown [s\src\hotspot\share\interpreter\linkResolver.cpp, line 826]
Event: 95.192 Thread 0x0000011fc3ac7560 Exception <a 'java/lang/IncompatibleClassChangeError'{0x000000008c947aa0}: Found class java.lang.Object, but interface was expected> (0x000000008c947aa0) 
thrown [s\src\hotspot\share\interpreter\linkResolver.cpp, line 826]
Event: 95.208 Thread 0x0000011fc3ac7560 Exception <a 'sun/nio/fs/WindowsException'{0x000000008c96cc58}> (0x000000008c96cc58) 
thrown [s\src\hotspot\share\prims\jni.cpp, line 516]
Event: 95.208 Thread 0x0000011fc3ac7560 Exception <a 'sun/nio/fs/WindowsException'{0x000000008c96d488}> (0x000000008c96d488) 
thrown [s\src\hotspot\share\prims\jni.cpp, line 516]
Event: 95.402 Thread 0x0000011fc3ac7560 Exception <a 'sun/nio/fs/WindowsException'{0x000000008f7674e8}> (0x000000008f7674e8) 
thrown [s\src\hotspot\share\prims\jni.cpp, line 516]
Event: 95.420 Thread 0x0000011fc3ac7560 Exception <a 'sun/nio/fs/WindowsException'{0x000000008f770640}> (0x000000008f770640) 
thrown [s\src\hotspot\share\prims\jni.cpp, line 516]
Event: 95.430 Thread 0x0000011fc3ac7560 Exception <a 'sun/nio/fs/WindowsException'{0x000000008f7776e0}> (0x000000008f7776e0) 
thrown [s\src\hotspot\share\prims\jni.cpp, line 516]
Event: 95.443 Thread 0x0000011fc3ac7560 Exception <a 'sun/nio/fs/WindowsException'{0x000000008f77e6b0}> (0x000000008f77e6b0) 
thrown [s\src\hotspot\share\prims\jni.cpp, line 516]

VM Operations (20 events):
Event: 92.242 Executing VM operation: ICBufferFull
Event: 92.242 Executing VM operation: ICBufferFull done
Event: 92.406 Executing VM operation: G1CollectForAllocation
Event: 92.451 Executing VM operation: G1CollectForAllocation done
Event: 92.525 Executing VM operation: HandshakeAllThreads
Event: 92.525 Executing VM operation: HandshakeAllThreads done
Event: 92.528 Executing VM operation: HandshakeAllThreads
Event: 92.528 Executing VM operation: HandshakeAllThreads done
Event: 92.667 Executing VM operation: HandshakeAllThreads
Event: 92.667 Executing VM operation: HandshakeAllThreads done
Event: 92.671 Executing VM operation: HandshakeAllThreads
Event: 92.671 Executing VM operation: HandshakeAllThreads done
Event: 92.903 Executing VM operation: ICBufferFull
Event: 92.904 Executing VM operation: ICBufferFull done
Event: 93.919 Executing VM operation: Cleanup
Event: 93.945 Executing VM operation: Cleanup done
Event: 94.953 Executing VM operation: Cleanup
Event: 94.953 Executing VM operation: Cleanup done
Event: 95.213 Executing VM operation: G1CollectForAllocation
Event: 95.223 Executing VM operation: G1CollectForAllocation done

Events (20 events):
Event: 92.494 loading class java/util/ArrayDeque$DescendingIterator done
Event: 92.664 loading class java/util/stream/Stream$1
Event: 92.664 loading class java/util/stream/Stream$1 done
Event: 92.664 loading class java/util/stream/SliceOps
Event: 92.664 loading class java/util/stream/SliceOps done
Event: 92.664 loading class java/util/stream/SliceOps$1
Event: 92.665 loading class java/util/stream/SliceOps$1 done
Event: 92.669 loading class java/util/stream/SliceOps$1$1
Event: 92.669 loading class java/util/stream/SliceOps$1$1 done
Event: 92.677 Thread 0x0000011fbf038010 flushing nmethod 0x0000011facf8ca90
Event: 92.685 Thread 0x0000011fbf038010 flushing nmethod 0x0000011fa540db90
Event: 92.694 Thread 0x0000011fbf038010 flushing nmethod 0x0000011fa5ca2910
Event: 92.694 Thread 0x0000011fbf038010 flushing nmethod 0x0000011fa5d32090
Event: 92.694 Thread 0x0000011fbf038010 flushing nmethod 0x0000011fa5d82d90
Event: 92.782 Thread 0x0000011fc5a29b20 Thread exited: 0x0000011fc5a29b20
Event: 92.822 Thread 0x0000011fc5a29b20 Thread added: 0x0000011fc5a29b20
Event: 94.084 loading class java/lang/SuppressWarnings
Event: 94.084 loading class java/lang/SuppressWarnings done
Event: 94.085 loading class java/util/ArrayList$SubList$2
Event: 94.085 loading class java/util/ArrayList$SubList$2 done


Dynamic libraries:
0x00007ff65fed0000 - 0x00007ff65fedd000 	C:\Users\wefer\.jdks\corretto-17.0.7\bin\java.exe
0x00007ffcb9cf0000 - 0x00007ffcb9f04000 	C:\WINDOWS\SYSTEM32\ntdll.dll
0x00007ffcb89d0000 - 0x00007ffcb8a92000 	C:\WINDOWS\System32\KERNEL32.DLL
0x00007ffcb7510000 - 0x00007ffcb78b3000 	C:\WINDOWS\System32\KERNELBASE.dll
0x00007ffcb7110000 - 0x00007ffcb7221000 	C:\WINDOWS\System32\ucrtbase.dll
0x00007ffcae060000 - 0x00007ffcae077000 	C:\Users\wefer\.jdks\corretto-17.0.7\bin\jli.dll
0x00007ffcaad50000 - 0x00007ffcaad65000 	C:\Users\wefer\.jdks\corretto-17.0.7\bin\VCRUNTIME140.dll
0x00007ffcb7af0000 - 0x00007ffcb7c9b000 	C:\WINDOWS\System32\USER32.dll
0x00007ffcb7420000 - 0x00007ffcb7446000 	C:\WINDOWS\System32\win32u.dll
0x00007ffcb8b50000 - 0x00007ffcb8b79000 	C:\WINDOWS\System32\GDI32.dll
0x00007ffcb78c0000 - 0x00007ffcb79d8000 	C:\WINDOWS\System32\gdi32full.dll
0x00007ffcb79e0000 - 0x00007ffcb7a7a000 	C:\WINDOWS\System32\msvcp_win.dll
0x00007ffca2ec0000 - 0x00007ffca314e000 	C:\WINDOWS\WinSxS\amd64_microsoft.windows.common-controls_6595b64144ccf1df_6.0.22621.1635_none_270f70857386168e\COMCTL32.dll
0x00007ffcb8aa0000 - 0x00007ffcb8b47000 	C:\WINDOWS\System32\msvcrt.dll
0x00007ffcb9c70000 - 0x00007ffcb9ca1000 	C:\WINDOWS\System32\IMM32.DLL
0x00007ffc9b150000 - 0x00007ffc9b1eb000 	C:\Users\wefer\.jdks\corretto-17.0.7\bin\msvcp140.dll
0x00007ffc76f00000 - 0x00007ffc77b1a000 	C:\Users\wefer\.jdks\corretto-17.0.7\bin\server\jvm.dll
0x00007ffcb9740000 - 0x00007ffcb97ee000 	C:\WINDOWS\System32\ADVAPI32.dll
0x00007ffcb86a0000 - 0x00007ffcb8744000 	C:\WINDOWS\System32\sechost.dll
0x00007ffcb93d0000 - 0x00007ffcb94e7000 	C:\WINDOWS\System32\RPCRT4.dll
0x00007ffc9fb10000 - 0x00007ffc9fb19000 	C:\WINDOWS\SYSTEM32\WSOCK32.dll
0x00007ffcb0e10000 - 0x00007ffcb0e44000 	C:\WINDOWS\SYSTEM32\WINMM.dll
0x00007ffcb7cc0000 - 0x00007ffcb7d31000 	C:\WINDOWS\System32\WS2_32.dll
0x00007ffcae050000 - 0x00007ffcae05a000 	C:\WINDOWS\SYSTEM32\VERSION.dll
0x00007ffcb6160000 - 0x00007ffcb6178000 	C:\WINDOWS\SYSTEM32\kernel.appcore.dll
0x00007ffcb18d0000 - 0x00007ffcb18da000 	C:\Users\wefer\.jdks\corretto-17.0.7\bin\jimage.dll
0x00007ffcaf750000 - 0x00007ffcaf97e000 	C:\WINDOWS\SYSTEM32\DBGHELP.DLL
0x00007ffcb8f00000 - 0x00007ffcb9289000 	C:\WINDOWS\System32\combase.dll
0x00007ffcb9290000 - 0x00007ffcb9367000 	C:\WINDOWS\System32\OLEAUT32.dll
0x00007ffcaf6f0000 - 0x00007ffcaf722000 	C:\WINDOWS\SYSTEM32\dbgcore.DLL
0x00007ffcb7230000 - 0x00007ffcb72ab000 	C:\WINDOWS\System32\bcryptPrimitives.dll
0x00007ffca0240000 - 0x00007ffca0265000 	C:\Users\wefer\.jdks\corretto-17.0.7\bin\java.dll
0x00007ffc998b0000 - 0x00007ffc99986000 	C:\Users\wefer\.jdks\corretto-17.0.7\bin\jsvml.dll
0x00007ffcb7d40000 - 0x00007ffcb853a000 	C:\WINDOWS\System32\SHELL32.dll
0x00007ffcb5110000 - 0x00007ffcb59de000 	C:\WINDOWS\SYSTEM32\windows.storage.dll
0x00007ffcb4fd0000 - 0x00007ffcb510e000 	C:\WINDOWS\SYSTEM32\wintypes.dll
0x00007ffcb8540000 - 0x00007ffcb8631000 	C:\WINDOWS\System32\SHCORE.dll
0x00007ffcb8640000 - 0x00007ffcb869e000 	C:\WINDOWS\System32\shlwapi.dll
0x00007ffcb7040000 - 0x00007ffcb7061000 	C:\WINDOWS\SYSTEM32\profapi.dll
0x00007ffcaad30000 - 0x00007ffcaad49000 	C:\Users\wefer\.jdks\corretto-17.0.7\bin\net.dll
0x00007ffcb0890000 - 0x00007ffcb09c7000 	C:\WINDOWS\SYSTEM32\WINHTTP.dll
0x00007ffcb65d0000 - 0x00007ffcb6639000 	C:\WINDOWS\system32\mswsock.dll
0x00007ffc9ec80000 - 0x00007ffc9ec95000 	C:\Users\wefer\.jdks\corretto-17.0.7\bin\nio.dll
0x00007ffc9e700000 - 0x00007ffc9e718000 	C:\Users\wefer\.jdks\corretto-17.0.7\bin\zip.dll
0x00007ffcb1840000 - 0x00007ffcb1850000 	C:\Users\wefer\.jdks\corretto-17.0.7\bin\verify.dll
0x00007ffcae520000 - 0x00007ffcae547000 	C:\Users\wefer\.gradle\native\68d5fa5c4cc2d200863cafc0d521ce42e7d3e7ee720ec0a83991735586a16f82\windows-amd64\native-platform.dll
0x00007ffc93290000 - 0x00007ffc933d4000 	C:\Users\wefer\.gradle\native\e376f236ea51e6404a007f0833ffe2c6e607c4080706a723a18a27aeea778392\windows-amd64\native-platform-file-events.dll
0x00007ffcb1670000 - 0x00007ffcb1679000 	C:\Users\wefer\.jdks\corretto-17.0.7\bin\management.dll
0x00007ffcb1420000 - 0x00007ffcb142b000 	C:\Users\wefer\.jdks\corretto-17.0.7\bin\management_ext.dll
0x00007ffcb94f0000 - 0x00007ffcb94f8000 	C:\WINDOWS\System32\PSAPI.DLL
0x00007ffcb6830000 - 0x00007ffcb684b000 	C:\WINDOWS\SYSTEM32\CRYPTSP.dll
0x00007ffcb60d0000 - 0x00007ffcb6105000 	C:\WINDOWS\system32\rsaenh.dll
0x00007ffcb66d0000 - 0x00007ffcb66f8000 	C:\WINDOWS\SYSTEM32\USERENV.dll
0x00007ffcb69d0000 - 0x00007ffcb69f8000 	C:\WINDOWS\SYSTEM32\bcrypt.dll
0x00007ffcb6850000 - 0x00007ffcb685c000 	C:\WINDOWS\SYSTEM32\CRYPTBASE.dll
0x00007ffcb5c40000 - 0x00007ffcb5c6d000 	C:\WINDOWS\SYSTEM32\IPHLPAPI.DLL
0x00007ffcb8ef0000 - 0x00007ffcb8ef9000 	C:\WINDOWS\System32\NSI.dll
0x00007ffcb0870000 - 0x00007ffcb0889000 	C:\WINDOWS\SYSTEM32\dhcpcsvc6.DLL
0x00007ffcb0850000 - 0x00007ffcb086f000 	C:\WINDOWS\SYSTEM32\dhcpcsvc.DLL
0x00007ffcb5c70000 - 0x00007ffcb5d63000 	C:\WINDOWS\SYSTEM32\DNSAPI.dll
0x00007ffcb12a0000 - 0x00007ffcb12ae000 	C:\Users\wefer\.jdks\corretto-17.0.7\bin\sunmscapi.dll
0x00007ffcb72b0000 - 0x00007ffcb7417000 	C:\WINDOWS\System32\CRYPT32.dll
0x00007ffcb69a0000 - 0x00007ffcb69ce000 	C:\WINDOWS\SYSTEM32\ncrypt.dll
0x00007ffcb6960000 - 0x00007ffcb6997000 	C:\WINDOWS\SYSTEM32\NTASN1.dll
0x00007ffcb1650000 - 0x00007ffcb1658000 	C:\WINDOWS\system32\wshunix.dll
0x00007ffc9df70000 - 0x00007ffc9df8e000 	C:\Users\wefer\AppData\Local\Temp\native-platform171976141192561853dir\native-platform.dll
0x00007ffcb0e70000 - 0x00007ffcb0e77000 	C:\Users\wefer\.jdks\corretto-17.0.7\bin\rmi.dll

dbghelp: loaded successfully - version: 4.0.5 - missing functions: none
symbol engine: initialized successfully - sym options: 0x614 - pdb path: .;C:\Users\wefer\.jdks\corretto-17.0.7\bin;C:\WINDOWS\SYSTEM32;C:\WINDOWS\WinSxS\amd64_microsoft.windows.common-controls_6595b64144ccf1df_6.0.22621.1635_none_270f70857386168e;C:\Users\wefer\.jdks\corretto-17.0.7\bin\server;C:\Users\wefer\.gradle\native\68d5fa5c4cc2d200863cafc0d521ce42e7d3e7ee720ec0a83991735586a16f82\windows-amd64;C:\Users\wefer\.gradle\native\e376f236ea51e6404a007f0833ffe2c6e607c4080706a723a18a27aeea778392\windows-amd64;C:\Users\wefer\AppData\Local\Temp\native-platform171976141192561853dir

VM Arguments:
jvm_args: --add-opens=java.base/java.util=ALL-UNNAMED --add-opens=java.base/java.lang=ALL-UNNAMED --add-opens=java.base/java.lang.invoke=ALL-UNNAMED --add-opens=java.prefs/java.util.prefs=ALL-UNNAMED --add-opens=java.base/java.nio.charset=ALL-UNNAMED --add-opens=java.base/java.net=ALL-UNNAMED --add-opens=java.base/java.util.concurrent.atomic=ALL-UNNAMED -Xmx2048m -Dfile.encoding=UTF-8 -Duser.country=RU -Duser.language=ru -Duser.variant 
java_command: org.gradle.launcher.daemon.bootstrap.GradleDaemon 8.0
java_class_path (initial): C:\Users\wefer\.gradle\wrapper\dists\gradle-8.0-bin\ca5e32bp14vu59qr306oxotwh\gradle-8.0\lib\gradle-launcher-8.0.jar
Launcher Type: SUN_STANDARD

[Global flags]
     intx CICompilerCount                          = 3                                         {product} {ergonomic}
     uint ConcGCThreads                            = 1                                         {product} {ergonomic}
     uint G1ConcRefinementThreads                  = 4                                         {product} {ergonomic}
   size_t G1HeapRegionSize                         = 1048576                                   {product} {ergonomic}
    uintx GCDrainStackTargetSize                   = 64                                        {product} {ergonomic}
   size_t InitialHeapSize                          = 234881024                                 {product} {ergonomic}
   size_t MarkStackSize                            = 4194304                                   {product} {ergonomic}
   size_t MaxHeapSize                              = 2147483648                                {product} {command line}
   size_t MaxNewSize                               = 1287651328                                {product} {ergonomic}
   size_t MinHeapDeltaBytes                        = 1048576                                   {product} {ergonomic}
   size_t MinHeapSize                              = 8388608                                   {product} {ergonomic}
    uintx NonNMethodCodeHeapSize                   = 5832780                                {pd product} {ergonomic}
    uintx NonProfiledCodeHeapSize                  = 122912730                              {pd product} {ergonomic}
    uintx ProfiledCodeHeapSize                     = 122912730                              {pd product} {ergonomic}
    uintx ReservedCodeCacheSize                    = 251658240                              {pd product} {ergonomic}
     bool SegmentedCodeCache                       = true                                      {product} {ergonomic}
   size_t SoftMaxHeapSize                          = 2147483648                             {manageable} {ergonomic}
     bool UseCompressedClassPointers               = true                           {product lp64_product} {ergonomic}
     bool UseCompressedOops                        = true                           {product lp64_product} {ergonomic}
     bool UseG1GC                                  = true                                      {product} {ergonomic}
     bool UseLargePagesIndividualAllocation        = false                                  {pd product} {ergonomic}

Logging:
Log output configuration:
 #0: stdout all=warning uptime,level,tags
 #1: stderr all=off uptime,level,tags

Environment Variables:
PATH=C:\WINDOWS\system32;C:\WINDOWS;C:\WINDOWS\System32\Wbem;C:\WINDOWS\System32\WindowsPowerShell\v1.0\;C:\WINDOWS\System32\OpenSSH\;C:\Program Files\Microsoft SQL Server\150\Tools\Binn\;C:\Program Files\Microsoft SQL Server\Client SDK\ODBC\170\Tools\Binn\;C:\Program Files\dotnet\;C:\Program Files\Git\cmd;C:\Users\wefer\AppData\Local\Microsoft\WindowsApps;C:\Users\wefer\.dotnet\tools;C:\Program Files (x86)\Microsoft VS Code\bin
USERNAME=wefer
OS=Windows_NT
PROCESSOR_IDENTIFIER=AMD64 Family 23 Model 24 Stepping 1, AuthenticAMD
TMP=C:\Users\wefer\AppData\Local\Temp
TEMP=C:\Users\wefer\AppData\Local\Temp



---------------  S Y S T E M  ---------------

OS:
 Windows 11 , 64 bit Build 22621 (10.0.22621.1635)
OS uptime: 1 days 14:42 hours

CPU: total 4 (initial active 4) (4 cores per cpu, 2 threads per core) family 23 model 24 stepping 1 microcode 0x0, cx8, cmov, fxsr, ht, mmx, 3dnowpref, sse, sse2, sse3, ssse3, sse4a, sse4.1, sse4.2, popcnt, lzcnt, tsc, tscinvbit, avx, avx2, aes, clmul, bmi1, bmi2, adx, sha, fma, vzeroupper, clflush, clflushopt

Memory: 4k page, system-wide physical 14274M (886M free)
TotalPageFile size 17298M (AvailPageFile size 5M)
current process WorkingSet (physical memory assigned to process): 582M, peak: 586M
current process commit charge ("private bytes"): 612M, peak: 618M

vm_info: OpenJDK 64-Bit Server VM (17.0.7+7-LTS) for windows-amd64 JRE (17.0.7+7-LTS), built on Apr 14 2023 01:39:21 by "Administrator" with MS VC++ 15.9 (VS2017)

END.
