#
# There is insufficient memory for the Java Runtime Environment to continue.
# Native memory allocation (mmap) failed to map 234881024 bytes for G1 virtual space
# Possible reasons:
#   The system is out of physical RAM or swap space
#   The process is running with CompressedOops enabled, and the Java Heap may be blocking the growth of the native heap
# Possible solutions:
#   Reduce memory load on the system
#   Increase physical memory or swap space
#   Check if swap backing store is full
#   Decrease Java heap size (-Xmx/-Xms)
#   Decrease number of Java threads
#   Decrease Java thread stack sizes (-Xss)
#   Set larger code cache with -XX:ReservedCodeCacheSize=
#   JVM is running with Zero Based Compressed Oops mode in which the Java heap is
#     placed in the first 32GB address space. The Java Heap base address is the
#     maximum limit for the native heap growth. Please use -XX:HeapBaseMinAddress
#     to set the Java Heap base and to place the Java Heap above 32GB virtual address.
# This output file may be truncated or incomplete.
#
#  Out of Memory Error (os_windows.cpp:3559), pid=12788, tid=612
#
# JRE version:  (17.0.7+7) (build )
# Java VM: OpenJDK 64-Bit Server VM (17.0.7+7-LTS, mixed mode, sharing, tiered, compressed oops, compressed class ptrs, g1 gc, windows-amd64)
# No core dump will be written. Minidumps are not enabled by default on client versions of Windows
#

---------------  S U M M A R Y ------------

Command Line: org.jetbrains.kotlin.cli.jvm.K2JVMCompiler @C:\PROJECT\FIND_WORK_IT\app\build\20230530_12077762047196010664.compiler.options

Host: AMD Ryzen 3 3200U with Radeon Vega Mobile Gfx  , 4 cores, 13G,  Windows 11 , 64 bit Build 22621 (10.0.22621.1635)
Time: Tue May 30 15:32:20 2023 RTZ 4 (s 11 , 64 bit Build 22621 (10.0.22621.1635) elapsed time: 0.013681 seconds (0d 0h 0m 0s)

---------------  T H R E A D  ---------------

Current thread (0x000001a6f30f0d30):  JavaThread "Unknown thread" [_thread_in_vm, id=612, stack(0x0000000f50500000,0x0000000f50600000)]

Stack: [0x0000000f50500000,0x0000000f50600000]
Native frames: (J=compiled Java code, j=interpreted, Vv=VM code, C=native code)
V  [jvm.dll+0x64b53a]
V  [jvm.dll+0x7fef54]
V  [jvm.dll+0x80070e]
V  [jvm.dll+0x800d63]
V  [jvm.dll+0x236a2b]
V  [jvm.dll+0x64843a]
V  [jvm.dll+0x63ce8a]
V  [jvm.dll+0x2f5629]
V  [jvm.dll+0x2fc826]
V  [jvm.dll+0x348eea]
V  [jvm.dll+0x34912f]
V  [jvm.dll+0x2cb9a8]
V  [jvm.dll+0x2cc939]
V  [jvm.dll+0x7d2cd1]
V  [jvm.dll+0x3563c1]
V  [jvm.dll+0x7b32ae]
V  [jvm.dll+0x3d38d3]
V  [jvm.dll+0x3d52c1]
C  [jli.dll+0x51bf]
C  [ucrtbase.dll+0x29363]
C  [KERNEL32.DLL+0x126ad]
C  [ntdll.dll+0x5a9f8]


---------------  P R O C E S S  ---------------

Threads class SMR info:
_java_thread_list=0x00007ffc779ec858, length=0, elements={
}

Java Threads: ( => current thread )

Other Threads:
  0x000001a6f3153520 GCTaskThread "GC Thread#0" [stack: 0x0000000f50600000,0x0000000f50700000] [id=2076]
  0x000001a6f3163d00 ConcurrentGCThread "G1 Main Marker" [stack: 0x0000000f50700000,0x0000000f50800000] [id=9024]
  0x000001a6f3164870 ConcurrentGCThread "G1 Conc#0" [stack: 0x0000000f50800000,0x0000000f50900000] [id=2536]

[error occurred during error reporting (printing all threads), id 0xc0000005, EXCEPTION_ACCESS_VIOLATION (0xc0000005) at pc=0x00007ffc771dcc47]

VM state: not at safepoint (not fully initialized)

VM Mutex/Monitor currently owned by a thread:  ([mutex/lock_event])
[0x000001a6f30edf30] Heap_lock - owner thread: 0x000001a6f30f0d30

Heap address: 0x0000000720e00000, size: 3570 MB, Compressed Oops mode: Zero based, Oop shift amount: 3

CDS archive(s) mapped at: [0x0000000000000000-0x0000000000000000-0x0000000000000000), size 0, SharedBaseAddress: 0x0000000800000000, ArchiveRelocationMode: 0.
Narrow klass base: 0x0000000000000000, Narrow klass shift: 0, Narrow klass range: 0x0

GC Precious Log:
<Empty>

Heap:
 garbage-first heap   total 0K, used 0K [0x0000000720e00000, 0x0000000800000000)
  region size 2048K, 0 young (0K), 0 survivors (0K)

[error occurred during error reporting (printing heap information), id 0xc0000005, EXCEPTION_ACCESS_VIOLATION (0xc0000005) at pc=0x00007ffc775a3419]

GC Heap History (0 events):
No events

Dll operation events (1 events):
Event: 0.008 Loaded shared library C:\Users\wefer\.jdks\corretto-17.0.7\bin\java.dll

Deoptimization events (0 events):
No events

Classes unloaded (0 events):
No events

Classes redefined (0 events):
No events

Internal exceptions (0 events):
No events

VM Operations (0 events):
No events

Events (0 events):
No events


Dynamic libraries:
0x00007ff65fed0000 - 0x00007ff65fedd000 	C:\Users\wefer\.jdks\corretto-17.0.7\bin\java.exe
0x00007ffcb9cf0000 - 0x00007ffcb9f04000 	C:\WINDOWS\SYSTEM32\ntdll.dll
0x00007ffcb89d0000 - 0x00007ffcb8a92000 	C:\WINDOWS\System32\KERNEL32.DLL
0x00007ffcb7510000 - 0x00007ffcb78b3000 	C:\WINDOWS\System32\KERNELBASE.dll
0x00007ffcb7110000 - 0x00007ffcb7221000 	C:\WINDOWS\System32\ucrtbase.dll
0x00007ffcb1910000 - 0x00007ffcb1925000 	C:\Users\wefer\.jdks\corretto-17.0.7\bin\VCRUNTIME140.dll
0x00007ffcb17c0000 - 0x00007ffcb17d7000 	C:\Users\wefer\.jdks\corretto-17.0.7\bin\jli.dll
0x00007ffcb7af0000 - 0x00007ffcb7c9b000 	C:\WINDOWS\System32\USER32.dll
0x00007ffcb7420000 - 0x00007ffcb7446000 	C:\WINDOWS\System32\win32u.dll
0x00007ffca2ec0000 - 0x00007ffca314e000 	C:\WINDOWS\WinSxS\amd64_microsoft.windows.common-controls_6595b64144ccf1df_6.0.22621.1635_none_270f70857386168e\COMCTL32.dll
0x00007ffcb8aa0000 - 0x00007ffcb8b47000 	C:\WINDOWS\System32\msvcrt.dll
0x00007ffcb8b50000 - 0x00007ffcb8b79000 	C:\WINDOWS\System32\GDI32.dll
0x00007ffcb78c0000 - 0x00007ffcb79d8000 	C:\WINDOWS\System32\gdi32full.dll
0x00007ffcb79e0000 - 0x00007ffcb7a7a000 	C:\WINDOWS\System32\msvcp_win.dll
0x00007ffcb9c70000 - 0x00007ffcb9ca1000 	C:\WINDOWS\System32\IMM32.DLL
0x00007ffcb1720000 - 0x00007ffcb17bb000 	C:\Users\wefer\.jdks\corretto-17.0.7\bin\msvcp140.dll
0x00007ffc76f00000 - 0x00007ffc77b1a000 	C:\Users\wefer\.jdks\corretto-17.0.7\bin\server\jvm.dll
0x00007ffcb9740000 - 0x00007ffcb97ee000 	C:\WINDOWS\System32\ADVAPI32.dll
0x00007ffcb86a0000 - 0x00007ffcb8744000 	C:\WINDOWS\System32\sechost.dll
0x00007ffcb93d0000 - 0x00007ffcb94e7000 	C:\WINDOWS\System32\RPCRT4.dll
0x00007ffc9fb10000 - 0x00007ffc9fb19000 	C:\WINDOWS\SYSTEM32\WSOCK32.dll
0x00007ffcae050000 - 0x00007ffcae05a000 	C:\WINDOWS\SYSTEM32\VERSION.dll
0x00007ffcb7cc0000 - 0x00007ffcb7d31000 	C:\WINDOWS\System32\WS2_32.dll
0x00007ffcb0e10000 - 0x00007ffcb0e44000 	C:\WINDOWS\SYSTEM32\WINMM.dll
0x00007ffcb6160000 - 0x00007ffcb6178000 	C:\WINDOWS\SYSTEM32\kernel.appcore.dll
0x00007ffcb42a0000 - 0x00007ffcb42aa000 	C:\Users\wefer\.jdks\corretto-17.0.7\bin\jimage.dll
0x00007ffcaf750000 - 0x00007ffcaf97e000 	C:\WINDOWS\SYSTEM32\DBGHELP.DLL
0x00007ffcb8f00000 - 0x00007ffcb9289000 	C:\WINDOWS\System32\combase.dll
0x00007ffcb9290000 - 0x00007ffcb9367000 	C:\WINDOWS\System32\OLEAUT32.dll
0x00007ffcaf6f0000 - 0x00007ffcaf722000 	C:\WINDOWS\SYSTEM32\dbgcore.DLL
0x00007ffcb7230000 - 0x00007ffcb72ab000 	C:\WINDOWS\System32\bcryptPrimitives.dll
0x00007ffcb16f0000 - 0x00007ffcb1715000 	C:\Users\wefer\.jdks\corretto-17.0.7\bin\java.dll

dbghelp: loaded successfully - version: 4.0.5 - missing functions: none
symbol engine: initialized successfully - sym options: 0x614 - pdb path: .;C:\Users\wefer\.jdks\corretto-17.0.7\bin;C:\WINDOWS\SYSTEM32;C:\WINDOWS\WinSxS\amd64_microsoft.windows.common-controls_6595b64144ccf1df_6.0.22621.1635_none_270f70857386168e;C:\Users\wefer\.jdks\corretto-17.0.7\bin\server

VM Arguments:
java_command: org.jetbrains.kotlin.cli.jvm.K2JVMCompiler @C:\PROJECT\FIND_WORK_IT\app\build\20230530_12077762047196010664.compiler.options
java_class_path (initial): C:\Users\wefer\.gradle\caches\modules-2\files-2.1\org.jetbrains.kotlin\kotlin-compiler-embeddable\1.7.20\8db18559a581dd2c36ddfd5046af145650f5b126\kotlin-compiler-embeddable-1.7.20.jar;C:\Users\wefer\.gradle\caches\modules-2\files-2.1\org.jetbrains.kotlin\kotlin-reflect\1.7.20\12b2501e33bb6373e8e347c86d85481863629381\kotlin-reflect-1.7.20.jar;C:\Users\wefer\.gradle\caches\modules-2\files-2.1\org.jetbrains.kotlin\kotlin-stdlib\1.7.20\726594ea9ba2beb2ee113647fefa9a10f9fabe52\kotlin-stdlib-1.7.20.jar;C:\Users\wefer\.gradle\caches\modules-2\files-2.1\org.jetbrains.kotlin\kotlin-script-runtime\1.7.20\bcd1cc6f865e632550357fcc59f5ffd532615a8\kotlin-script-runtime-1.7.20.jar;C:\Users\wefer\.gradle\caches\modules-2\files-2.1\org.jetbrains.kotlin\kotlin-daemon-embeddable\1.7.20\1e24355adad8d529d75d5b19eab55484057431ba\kotlin-daemon-embeddable-1.7.20.jar;C:\Users\wefer\.gradle\caches\modules-2\files-2.1\org.jetbrains.intellij.deps\trove4j\1.0.20200330\3afb14d5f9ceb459d724e907a21145e8ff394f02\trove4j-1.0.20200330.jar;C:\Users\wefer\.gradle\caches\modules-2\files-2.1\net.java.dev.jna\jna\5.6.0\330f2244e9030119ab3030fc3fededc86713d9cc\jna-5.6.0.jar;C:\Users\wefer\.gradle\caches\modules-2\files-2.1\org.jetbrains.kotlin\kotlin-stdlib-common\1.7.20\e15351bdaf9fa06f009be5da7a202e4184f00ae3\kotlin-stdlib-common-1.7.20.jar;C:\Users\wefer\.gradle\caches\modules-2\files-2.1\org.jetbrains\annotations\13.0\919f0dfe192fb4e063e7dacadee7f8bb9a2672a9\annotations-13.0.jar
Launcher Type: SUN_STANDARD

[Global flags]
     intx CICompilerCount                          = 3                                         {product} {ergonomic}
     uint ConcGCThreads                            = 1                                         {product} {ergonomic}
     uint G1ConcRefinementThreads                  = 4                                         {product} {ergonomic}
   size_t G1HeapRegionSize                         = 2097152                                   {product} {ergonomic}
    uintx GCDrainStackTargetSize                   = 64                                        {product} {ergonomic}
   size_t InitialHeapSize                          = 234881024                                 {product} {ergonomic}
   size_t MarkStackSize                            = 4194304                                   {product} {ergonomic}
   size_t MaxHeapSize                              = 3743416320                                {product} {ergonomic}
   size_t MinHeapDeltaBytes                        = 2097152                                   {product} {ergonomic}
   size_t MinHeapSize                              = 8388608                                   {product} {ergonomic}
    uintx NonNMethodCodeHeapSize                   = 5832780                                {pd product} {ergonomic}
    uintx NonProfiledCodeHeapSize                  = 122912730                              {pd product} {ergonomic}
    uintx ProfiledCodeHeapSize                     = 122912730                              {pd product} {ergonomic}
    uintx ReservedCodeCacheSize                    = 251658240                              {pd product} {ergonomic}
     bool SegmentedCodeCache                       = true                                      {product} {ergonomic}
   size_t SoftMaxHeapSize                          = 3743416320                             {manageable} {ergonomic}
     bool UseCompressedClassPointers               = true                           {product lp64_product} {ergonomic}
     bool UseCompressedOops                        = true                           {product lp64_product} {ergonomic}
     bool UseG1GC                                  = true                                      {product} {ergonomic}
     bool UseLargePagesIndividualAllocation        = false                                  {pd product} {ergonomic}

Logging:
Log output configuration:
 #0: stdout all=warning uptime,level,tags
 #1: stderr all=off uptime,level,tags

Environment Variables:
PATH=C:\WINDOWS\system32;C:\WINDOWS;C:\WINDOWS\System32\Wbem;C:\WINDOWS\System32\WindowsPowerShell\v1.0\;C:\WINDOWS\System32\OpenSSH\;C:\Program Files\Microsoft SQL Server\150\Tools\Binn\;C:\Program Files\Microsoft SQL Server\Client SDK\ODBC\170\Tools\Binn\;C:\Program Files\dotnet\;C:\Program Files\Git\cmd;C:\Users\wefer\AppData\Local\Microsoft\WindowsApps;C:\Users\wefer\.dotnet\tools;C:\Program Files (x86)\Microsoft VS Code\bin
USERNAME=wefer
OS=Windows_NT
PROCESSOR_IDENTIFIER=AMD64 Family 23 Model 24 Stepping 1, AuthenticAMD
TMP=C:\Users\wefer\AppData\Local\Temp
TEMP=C:\Users\wefer\AppData\Local\Temp



---------------  S Y S T E M  ---------------

OS:
 Windows 11 , 64 bit Build 22621 (10.0.22621.1635)
OS uptime: 1 days 15:05 hours

CPU: total 4 (initial active 4) (4 cores per cpu, 2 threads per core) family 23 model 24 stepping 1 microcode 0x0, cx8, cmov, fxsr, ht, mmx, 3dnowpref, sse, sse2, sse3, ssse3, sse4a, sse4.1, sse4.2, popcnt, lzcnt, tsc, tscinvbit, avx, avx2, aes, clmul, bmi1, bmi2, adx, sha, fma, vzeroupper, clflush, clflushopt

Memory: 4k page, system-wide physical 14274M (1018M free)
TotalPageFile size 17298M (AvailPageFile size 98M)
current process WorkingSet (physical memory assigned to process): 11M, peak: 11M
current process commit charge ("private bytes"): 52M, peak: 275M

vm_info: OpenJDK 64-Bit Server VM (17.0.7+7-LTS) for windows-amd64 JRE (17.0.7+7-LTS), built on Apr 14 2023 01:39:21 by "Administrator" with MS VC++ 15.9 (VS2017)

END.
