#
# There is insufficient memory for the Java Runtime Environment to continue.
# Native memory allocation (malloc) failed to allocate 1938656 bytes for Chunk::new
# Possible reasons:
#   The system is out of physical RAM or swap space
#   The process is running with CompressedOops enabled, and the Java Heap may be blocking the growth of the native heap
# Possible solutions:
#   Reduce memory load on the system
#   Increase physical memory or swap space
#   Check if swap backing store is full
#   Decrease Java heap size (-Xmx/-Xms)
#   Decrease number of Java threads
#   Decrease Java thread stack sizes (-Xss)
#   Set larger code cache with -XX:ReservedCodeCacheSize=
#   JVM is running with Unscaled Compressed Oops mode in which the Java heap is
#     placed in the first 4GB address space. The Java Heap base address is the
#     maximum limit for the native heap growth. Please use -XX:HeapBaseMinAddress
#     to set the Java Heap base and to place the Java Heap above 4GB virtual address.
# This output file may be truncated or incomplete.
#
#  Out of Memory Error (arena.cpp:189), pid=13672, tid=9516
#
# JRE version: OpenJDK Runtime Environment Corretto-17.0.7.7.1 (17.0.7+7) (build 17.0.7+7-LTS)
# Java VM: OpenJDK 64-Bit Server VM Corretto-17.0.7.7.1 (17.0.7+7-LTS, mixed mode, sharing, tiered, compressed oops, compressed class ptrs, g1 gc, windows-amd64)
# No core dump will be written. Minidumps are not enabled by default on client versions of Windows
#

---------------  S U M M A R Y ------------

Command Line: --add-opens=java.base/java.util=ALL-UNNAMED --add-opens=java.base/java.lang=ALL-UNNAMED --add-opens=java.base/java.lang.invoke=ALL-UNNAMED --add-opens=java.prefs/java.util.prefs=ALL-UNNAMED --add-opens=java.base/java.nio.charset=ALL-UNNAMED --add-opens=java.base/java.net=ALL-UNNAMED --add-opens=java.base/java.util.concurrent.atomic=ALL-UNNAMED -Xmx2048m -Dfile.encoding=UTF-8 -Duser.country=RU -Duser.language=ru -Duser.variant org.gradle.launcher.daemon.bootstrap.GradleDaemon 8.0

Host: AMD Ryzen 3 3200U with Radeon Vega Mobile Gfx  , 4 cores, 13G,  Windows 11 , 64 bit Build 22621 (10.0.22621.1635)
Time: Tue May 30 15:19:23 2023 RTZ 4 (s 11 , 64 bit Build 22621 (10.0.22621.1635) elapsed time: 14.922037 seconds (0d 0h 0m 14s)

---------------  T H R E A D  ---------------

Current thread (0x00000149b3cb3110):  JavaThread "C2 CompilerThread1" daemon [_thread_in_native, id=9516, stack(0x00000009c4e00000,0x00000009c4f00000)]


Current CompileTask:
C2:  14922 7871       4       com.sun.beans.TypeResolver::resolve (37 bytes)

Stack: [0x00000009c4e00000,0x00000009c4f00000]
Native frames: (J=compiled Java code, j=interpreted, Vv=VM code, C=native code)
V  [jvm.dll+0x64b53a]
V  [jvm.dll+0x7fef54]
V  [jvm.dll+0x80070e]
V  [jvm.dll+0x800d63]
V  [jvm.dll+0x236a2b]
V  [jvm.dll+0xbd47c]
V  [jvm.dll+0xbda5c]
V  [jvm.dll+0x350c37]
V  [jvm.dll+0x1b1592]
V  [jvm.dll+0x20addf]
V  [jvm.dll+0x20a287]
V  [jvm.dll+0x19a2ed]
V  [jvm.dll+0x21967d]
V  [jvm.dll+0x2178c4]
V  [jvm.dll+0x7b7dcb]
V  [jvm.dll+0x7b237a]
V  [jvm.dll+0x64a3a5]
C  [ucrtbase.dll+0x29363]
C  [KERNEL32.DLL+0x126ad]
C  [ntdll.dll+0x5a9f8]


---------------  P R O C E S S  ---------------

Threads class SMR info:
_java_thread_list=0x00000149bb6bfc40, length=81, elements={
0x0000014993e016e0, 0x00000149b395a070, 0x00000149b395ac20, 0x00000149b396bfb0,
0x00000149b396cb60, 0x00000149b396f620, 0x00000149b396ffd0, 0x00000149b3978280,
0x00000149b3980d30, 0x00000149b3993a10, 0x00000149b3bc3430, 0x00000149b3bcbb30,
0x00000149b9dc3070, 0x00000149b81fb5c0, 0x00000149b81fd770, 0x00000149b81fcdd0,
0x00000149b81fb0f0, 0x00000149b81fba90, 0x00000149b81fdc40, 0x00000149b81fd2a0,
0x00000149b81fa750, 0x00000149b81fe110, 0x00000149b81fac20, 0x00000149b81fc900,
0x00000149bae88160, 0x00000149bae88fd0, 0x00000149bae88630, 0x00000149bae88b00,
0x00000149bae8a7e0, 0x00000149bae872f0, 0x00000149bae894a0, 0x00000149bae85ae0,
0x00000149bae85fb0, 0x00000149bae86480, 0x00000149bae89970, 0x00000149bae89e40,
0x00000149bae85140, 0x00000149baf44550, 0x00000149baf41530, 0x00000149baf470a0,
0x00000149baf44a20, 0x00000149baf488b0, 0x00000149baf46230, 0x00000149baf45890,
0x00000149baf41ed0, 0x00000149baf436e0, 0x00000149baf43bb0, 0x00000149baf423a0,
0x00000149baf42d40, 0x00000149baf44ef0, 0x00000149baf453c0, 0x00000149baf46700,
0x00000149baf42870, 0x00000149baf47570, 0x00000149baf47a40, 0x00000149baf47f10,
0x00000149baf483e0, 0x00000149bc5a2310, 0x00000149bc5a8cf0, 0x00000149bc5a8350,
0x00000149bc5a3ff0, 0x00000149bc5a2cb0, 0x00000149bc5a4990, 0x00000149bc5a8820,
0x00000149bc5a3650, 0x00000149bc5a5800, 0x00000149bc5a5cd0, 0x00000149bc5a6b40,
0x00000149bc5a6670, 0x00000149bc5a7010, 0x00000149bc5a3180, 0x00000149bc5a91c0,
0x00000149bc5a3b20, 0x00000149bc5a4e60, 0x00000149bc5a44c0, 0x00000149bc5a61a0,
0x00000149bc5a74e0, 0x00000149bc5a27e0, 0x00000149bc5a7e80, 0x00000149bc5a9b60,
0x00000149b3cb3110
}

Java Threads: ( => current thread )
  0x0000014993e016e0 JavaThread "main" [_thread_blocked, id=10040, stack(0x00000009c3b00000,0x00000009c3c00000)]
  0x00000149b395a070 JavaThread "Reference Handler" daemon [_thread_blocked, id=2916, stack(0x00000009c4200000,0x00000009c4300000)]
  0x00000149b395ac20 JavaThread "Finalizer" daemon [_thread_blocked, id=6340, stack(0x00000009c4300000,0x00000009c4400000)]
  0x00000149b396bfb0 JavaThread "Signal Dispatcher" daemon [_thread_blocked, id=11912, stack(0x00000009c4400000,0x00000009c4500000)]
  0x00000149b396cb60 JavaThread "Attach Listener" daemon [_thread_blocked, id=12632, stack(0x00000009c4500000,0x00000009c4600000)]
  0x00000149b396f620 JavaThread "Service Thread" daemon [_thread_blocked, id=7592, stack(0x00000009c4600000,0x00000009c4700000)]
  0x00000149b396ffd0 JavaThread "Monitor Deflation Thread" daemon [_thread_blocked, id=5124, stack(0x00000009c4700000,0x00000009c4800000)]
  0x00000149b3978280 JavaThread "C2 CompilerThread0" daemon [_thread_in_native, id=12788, stack(0x00000009c4800000,0x00000009c4900000)]
  0x00000149b3980d30 JavaThread "C1 CompilerThread0" daemon [_thread_blocked, id=1580, stack(0x00000009c4900000,0x00000009c4a00000)]
  0x00000149b3993a10 JavaThread "Sweeper thread" daemon [_thread_blocked, id=11952, stack(0x00000009c4a00000,0x00000009c4b00000)]
  0x00000149b3bc3430 JavaThread "Common-Cleaner" daemon [_thread_blocked, id=11072, stack(0x00000009c4b00000,0x00000009c4c00000)]
  0x00000149b3bcbb30 JavaThread "Notification Thread" daemon [_thread_blocked, id=9796, stack(0x00000009c4c00000,0x00000009c4d00000)]
  0x00000149b9dc3070 JavaThread "Daemon health stats" [_thread_blocked, id=10160, stack(0x00000009c5200000,0x00000009c5300000)]
  0x00000149b81fb5c0 JavaThread "Incoming local TCP Connector on port 49978" [_thread_in_native, id=8244, stack(0x00000009c5300000,0x00000009c5400000)]
  0x00000149b81fd770 JavaThread "Daemon periodic checks" [_thread_blocked, id=12340, stack(0x00000009c5400000,0x00000009c5500000)]
  0x00000149b81fcdd0 JavaThread "Daemon" [_thread_blocked, id=13984, stack(0x00000009c5500000,0x00000009c5600000)]
  0x00000149b81fb0f0 JavaThread "Handler for socket connection from /127.0.0.1:49978 to /127.0.0.1:49979" [_thread_in_native, id=13836, stack(0x00000009c5600000,0x00000009c5700000)]
  0x00000149b81fba90 JavaThread "Cancel handler" [_thread_blocked, id=4240, stack(0x00000009c5700000,0x00000009c5800000)]
  0x00000149b81fdc40 JavaThread "Daemon worker" [_thread_in_vm, id=2624, stack(0x00000009c5800000,0x00000009c5900000)]
  0x00000149b81fd2a0 JavaThread "Asynchronous log dispatcher for DefaultDaemonConnection: socket connection from /127.0.0.1:49978 to /127.0.0.1:49979" [_thread_blocked, id=5852, stack(0x00000009c5900000,0x00000009c5a00000)]
  0x00000149b81fa750 JavaThread "Stdin handler" [_thread_blocked, id=9124, stack(0x00000009c5a00000,0x00000009c5b00000)]
  0x00000149b81fe110 JavaThread "Daemon client event forwarder" [_thread_blocked, id=7624, stack(0x00000009c5b00000,0x00000009c5c00000)]
  0x00000149b81fac20 JavaThread "Cache worker for journal cache (C:\Users\wefer\.gradle\caches\journal-1)" [_thread_blocked, id=8504, stack(0x00000009c5c00000,0x00000009c5d00000)]
  0x00000149b81fc900 JavaThread "File lock request listener" [_thread_in_native, id=7880, stack(0x00000009c5d00000,0x00000009c5e00000)]
  0x00000149bae88160 JavaThread "Cache worker for file hash cache (C:\Users\wefer\.gradle\caches\8.0\fileHashes)" [_thread_blocked, id=13644, stack(0x00000009c5e00000,0x00000009c5f00000)]
  0x00000149bae88fd0 JavaThread "File watcher server" daemon [_thread_in_native, id=2288, stack(0x00000009c5f00000,0x00000009c6000000)]
  0x00000149bae88630 JavaThread "File watcher consumer" daemon [_thread_blocked, id=2440, stack(0x00000009c6000000,0x00000009c6100000)]
  0x00000149bae88b00 JavaThread "jar transforms" [_thread_blocked, id=12140, stack(0x00000009c6100000,0x00000009c6200000)]
  0x00000149bae8a7e0 JavaThread "jar transforms Thread 2" [_thread_blocked, id=4464, stack(0x00000009c6200000,0x00000009c6300000)]
  0x00000149bae872f0 JavaThread "jar transforms Thread 3" [_thread_blocked, id=12580, stack(0x00000009c6300000,0x00000009c6400000)]
  0x00000149bae894a0 JavaThread "jar transforms Thread 4" [_thread_blocked, id=13600, stack(0x00000009c6400000,0x00000009c6500000)]
  0x00000149bae85ae0 JavaThread "Cache worker for checksums cache (C:\Users\wefer\OneDrive\Рабочий стол\КУРСОВАЯ\FIND_WORK_IT\.gradle\8.0\checksums)" [_thread_blocked, id=5052, stack(0x00000009c6500000,0x00000009c6600000)]
  0x00000149bae85fb0 JavaThread "Cache worker for cache directory md-rule (C:\Users\wefer\.gradle\caches\8.0\md-rule)" [_thread_blocked, id=8136, stack(0x00000009c6600000,0x00000009c6700000)]
  0x00000149bae86480 JavaThread "Cache worker for file content cache (C:\Users\wefer\.gradle\caches\8.0\fileContent)" [_thread_blocked, id=10604, stack(0x00000009c6700000,0x00000009c6800000)]
  0x00000149bae89970 JavaThread "Cache worker for file hash cache (C:\Users\wefer\OneDrive\Рабочий стол\КУРСОВАЯ\FIND_WORK_IT\.gradle\8.0\fileHashes)" [_thread_blocked, id=10380, stack(0x00000009c6800000,0x00000009c6900000)]
  0x00000149bae89e40 JavaThread "Cache worker for cache directory md-supplier (C:\Users\wefer\.gradle\caches\8.0\md-supplier)" [_thread_blocked, id=8544, stack(0x00000009c6900000,0x00000009c6a00000)]
  0x00000149bae85140 JavaThread "Cache worker for execution history cache (C:\Users\wefer\.gradle\caches\8.0\executionHistory)" [_thread_blocked, id=12084, stack(0x00000009c6a00000,0x00000009c6b00000)]
  0x00000149baf44550 JavaThread "Cache worker for dependencies-accessors (C:\Users\wefer\OneDrive\Рабочий стол\КУРСОВАЯ\FIND_WORK_IT\.gradle\8.0\dependencies-accessors)" [_thread_blocked, id=9384, stack(0x00000009c6d00000,0x00000009c6e00000)]
  0x00000149baf41530 JavaThread "Cache worker for Build Output Cleanup Cache (C:\Users\wefer\OneDrive\Рабочий стол\КУРСОВАЯ\FIND_WORK_IT\.gradle\buildOutputCleanup)" [_thread_blocked, id=14056, stack(0x00000009c6e00000,0x00000009c6f00000)]
  0x00000149baf470a0 JavaThread "Unconstrained build operations" [_thread_blocked, id=13784, stack(0x00000009c6f00000,0x00000009c7000000)]
  0x00000149baf44a20 JavaThread "Unconstrained build operations Thread 2" [_thread_blocked, id=7668, stack(0x00000009c7000000,0x00000009c7100000)]
  0x00000149baf488b0 JavaThread "Unconstrained build operations Thread 3" [_thread_blocked, id=6492, stack(0x00000009c7100000,0x00000009c7200000)]
  0x00000149baf46230 JavaThread "Unconstrained build operations Thread 4" [_thread_blocked, id=12832, stack(0x00000009c7200000,0x00000009c7300000)]
  0x00000149baf45890 JavaThread "Unconstrained build operations Thread 5" [_thread_blocked, id=6008, stack(0x00000009c7300000,0x00000009c7400000)]
  0x00000149baf41ed0 JavaThread "Unconstrained build operations Thread 6" [_thread_blocked, id=6772, stack(0x00000009c7400000,0x00000009c7500000)]
  0x00000149baf436e0 JavaThread "Unconstrained build operations Thread 7" [_thread_blocked, id=3532, stack(0x00000009c7500000,0x00000009c7600000)]
  0x00000149baf43bb0 JavaThread "Unconstrained build operations Thread 8" [_thread_blocked, id=7236, stack(0x00000009c7600000,0x00000009c7700000)]
  0x00000149baf423a0 JavaThread "Unconstrained build operations Thread 9" [_thread_blocked, id=10820, stack(0x00000009c7700000,0x00000009c7800000)]
  0x00000149baf42d40 JavaThread "Unconstrained build operations Thread 10" [_thread_blocked, id=7620, stack(0x00000009c7800000,0x00000009c7900000)]
  0x00000149baf44ef0 JavaThread "Unconstrained build operations Thread 11" [_thread_blocked, id=11488, stack(0x00000009c7900000,0x00000009c7a00000)]
  0x00000149baf453c0 JavaThread "Unconstrained build operations Thread 12" [_thread_blocked, id=11972, stack(0x00000009c7a00000,0x00000009c7b00000)]
  0x00000149baf46700 JavaThread "Unconstrained build operations Thread 13" [_thread_blocked, id=9592, stack(0x00000009c7b00000,0x00000009c7c00000)]
  0x00000149baf42870 JavaThread "Unconstrained build operations Thread 14" [_thread_blocked, id=9764, stack(0x00000009c7c00000,0x00000009c7d00000)]
  0x00000149baf47570 JavaThread "Unconstrained build operations Thread 15" [_thread_blocked, id=5092, stack(0x00000009c7d00000,0x00000009c7e00000)]
  0x00000149baf47a40 JavaThread "Unconstrained build operations Thread 16" [_thread_blocked, id=13512, stack(0x00000009c7e00000,0x00000009c7f00000)]
  0x00000149baf47f10 JavaThread "Unconstrained build operations Thread 17" [_thread_blocked, id=3876, stack(0x00000009c7f00000,0x00000009c8000000)]
  0x00000149baf483e0 JavaThread "Unconstrained build operations Thread 18" [_thread_blocked, id=9444, stack(0x00000009c8000000,0x00000009c8100000)]
  0x00000149bc5a2310 JavaThread "Unconstrained build operations Thread 19" [_thread_blocked, id=1812, stack(0x00000009c8100000,0x00000009c8200000)]
  0x00000149bc5a8cf0 JavaThread "Unconstrained build operations Thread 20" [_thread_blocked, id=6052, stack(0x00000009c8200000,0x00000009c8300000)]
  0x00000149bc5a8350 JavaThread "Unconstrained build operations Thread 21" [_thread_blocked, id=13564, stack(0x00000009c8300000,0x00000009c8400000)]
  0x00000149bc5a3ff0 JavaThread "Unconstrained build operations Thread 22" [_thread_blocked, id=13620, stack(0x00000009c8400000,0x00000009c8500000)]
  0x00000149bc5a2cb0 JavaThread "Unconstrained build operations Thread 23" [_thread_blocked, id=2936, stack(0x00000009c8500000,0x00000009c8600000)]
  0x00000149bc5a4990 JavaThread "Unconstrained build operations Thread 24" [_thread_blocked, id=11904, stack(0x00000009c8600000,0x00000009c8700000)]
  0x00000149bc5a8820 JavaThread "Unconstrained build operations Thread 25" [_thread_blocked, id=2568, stack(0x00000009c8700000,0x00000009c8800000)]
  0x00000149bc5a3650 JavaThread "Unconstrained build operations Thread 26" [_thread_blocked, id=12536, stack(0x00000009c8800000,0x00000009c8900000)]
  0x00000149bc5a5800 JavaThread "Unconstrained build operations Thread 27" [_thread_blocked, id=12904, stack(0x00000009c8900000,0x00000009c8a00000)]
  0x00000149bc5a5cd0 JavaThread "Unconstrained build operations Thread 28" [_thread_blocked, id=5504, stack(0x00000009c8a00000,0x00000009c8b00000)]
  0x00000149bc5a6b40 JavaThread "Unconstrained build operations Thread 29" [_thread_blocked, id=12200, stack(0x00000009c8b00000,0x00000009c8c00000)]
  0x00000149bc5a6670 JavaThread "Unconstrained build operations Thread 30" [_thread_blocked, id=548, stack(0x00000009c8c00000,0x00000009c8d00000)]
  0x00000149bc5a7010 JavaThread "Unconstrained build operations Thread 31" [_thread_blocked, id=12424, stack(0x00000009c8d00000,0x00000009c8e00000)]
  0x00000149bc5a3180 JavaThread "Unconstrained build operations Thread 32" [_thread_blocked, id=7576, stack(0x00000009c8e00000,0x00000009c8f00000)]
  0x00000149bc5a91c0 JavaThread "Unconstrained build operations Thread 33" [_thread_blocked, id=11088, stack(0x00000009c8f00000,0x00000009c9000000)]
  0x00000149bc5a3b20 JavaThread "Unconstrained build operations Thread 34" [_thread_blocked, id=10712, stack(0x00000009c9000000,0x00000009c9100000)]
  0x00000149bc5a4e60 JavaThread "Unconstrained build operations Thread 35" [_thread_blocked, id=13256, stack(0x00000009c9100000,0x00000009c9200000)]
  0x00000149bc5a44c0 JavaThread "Unconstrained build operations Thread 36" [_thread_blocked, id=7316, stack(0x00000009c9200000,0x00000009c9300000)]
  0x00000149bc5a61a0 JavaThread "Unconstrained build operations Thread 37" [_thread_blocked, id=7996, stack(0x00000009c9300000,0x00000009c9400000)]
  0x00000149bc5a74e0 JavaThread "Unconstrained build operations Thread 38" [_thread_blocked, id=3176, stack(0x00000009c9400000,0x00000009c9500000)]
  0x00000149bc5a27e0 JavaThread "Unconstrained build operations Thread 39" [_thread_blocked, id=11360, stack(0x00000009c9500000,0x00000009c9600000)]
  0x00000149bc5a7e80 JavaThread "Unconstrained build operations Thread 40" [_thread_blocked, id=14236, stack(0x00000009c9600000,0x00000009c9700000)]
  0x00000149bc5a9b60 JavaThread "Memory manager" [_thread_blocked, id=12920, stack(0x00000009c9700000,0x00000009c9800000)]
=>0x00000149b3cb3110 JavaThread "C2 CompilerThread1" daemon [_thread_in_native, id=9516, stack(0x00000009c4e00000,0x00000009c4f00000)]

Other Threads:
  0x00000149b39571e0 VMThread "VM Thread" [stack: 0x00000009c4100000,0x00000009c4200000] [id=12800]
  0x0000014993e7a150 WatcherThread [stack: 0x00000009c4d00000,0x00000009c4e00000] [id=4192]
  0x0000014993e5cb90 GCTaskThread "GC Thread#0" [stack: 0x00000009c3c00000,0x00000009c3d00000] [id=13272]
  0x00000149b3df91b0 GCTaskThread "GC Thread#1" [stack: 0x00000009c4f00000,0x00000009c5000000] [id=6328]
  0x00000149b3d98260 GCTaskThread "GC Thread#2" [stack: 0x00000009c5000000,0x00000009c5100000] [id=4308]
  0x00000149b3cb4630 GCTaskThread "GC Thread#3" [stack: 0x00000009c5100000,0x00000009c5200000] [id=5512]
  0x0000014993e6dc30 ConcurrentGCThread "G1 Main Marker" [stack: 0x00000009c3d00000,0x00000009c3e00000] [id=13868]
  0x0000014993e6fe90 ConcurrentGCThread "G1 Conc#0" [stack: 0x00000009c3e00000,0x00000009c3f00000] [id=14300]
  0x0000014993ecdd40 ConcurrentGCThread "G1 Refine#0" [stack: 0x00000009c3f00000,0x00000009c4000000] [id=13832]
  0x00000149b94486a0 ConcurrentGCThread "G1 Refine#1" [stack: 0x00000009c6b00000,0x00000009c6c00000] [id=7264]
  0x00000149b9448980 ConcurrentGCThread "G1 Refine#2" [stack: 0x00000009c6c00000,0x00000009c6d00000] [id=12472]
  0x0000014993ecea00 ConcurrentGCThread "G1 Service" [stack: 0x00000009c4000000,0x00000009c4100000] [id=2744]

Threads with active compile tasks:
C2 CompilerThread0    14944 7875       4       java.beans.Introspector::addMethod (196 bytes)
C2 CompilerThread1    14944 7871       4       com.sun.beans.TypeResolver::resolve (37 bytes)

VM state: not at safepoint (normal execution)

VM Mutex/Monitor currently owned by a thread: None

Heap address: 0x0000000080000000, size: 2048 MB, Compressed Oops mode: 32-bit

CDS archive(s) mapped at: [0x0000000800000000-0x0000000800bc0000-0x0000000800bc0000), size 12320768, SharedBaseAddress: 0x0000000800000000, ArchiveRelocationMode: 0.
Compressed class space mapped at: 0x0000000801000000-0x0000000841000000, reserved size: 1073741824
Narrow klass base: 0x0000000800000000, Narrow klass shift: 0, Narrow klass range: 0x100000000

GC Precious Log:
 CPUs: 4 total, 4 available
 Memory: 14274M
 Large Page Support: Disabled
 NUMA Support: Disabled
 Compressed Oops: Enabled (32-bit)
 Heap Region Size: 1M
 Heap Min Capacity: 8M
 Heap Initial Capacity: 224M
 Heap Max Capacity: 2G
 Pre-touch: Disabled
 Parallel Workers: 4
 Concurrent Workers: 1
 Concurrent Refinement Workers: 4
 Periodic GC: Disabled

Heap:
 garbage-first heap   total 215040K, used 156611K [0x0000000080000000, 0x0000000100000000)
  region size 1024K, 44 young (45056K), 4 survivors (4096K)
 Metaspace       used 64976K, committed 65728K, reserved 1114112K
  class space    used 8727K, committed 9088K, reserved 1048576K

Heap Regions: E=young(eden), S=young(survivor), O=old, HS=humongous(starts), HC=humongous(continues), CS=collection set, F=free, OA=open archive, CA=closed archive, TAMS=top-at-mark-start (previous, next)
|   0|0x0000000080000000, 0x0000000080100000, 0x0000000080100000|100%| O|  |TAMS 0x0000000080100000, 0x0000000080000000| Untracked 
|   1|0x0000000080100000, 0x0000000080200000, 0x0000000080200000|100%| O|  |TAMS 0x0000000080200000, 0x0000000080100000| Untracked 
|   2|0x0000000080200000, 0x0000000080300000, 0x0000000080300000|100%| O|  |TAMS 0x0000000080300000, 0x0000000080200000| Untracked 
|   3|0x0000000080300000, 0x0000000080400000, 0x0000000080400000|100%|HS|  |TAMS 0x0000000080400000, 0x0000000080300000| Complete 
|   4|0x0000000080400000, 0x0000000080500000, 0x0000000080500000|100%|HC|  |TAMS 0x0000000080500000, 0x0000000080400000| Complete 
|   5|0x0000000080500000, 0x0000000080600000, 0x0000000080600000|100%|HC|  |TAMS 0x0000000080600000, 0x0000000080500000| Complete 
|   6|0x0000000080600000, 0x0000000080700000, 0x0000000080700000|100%|HC|  |TAMS 0x0000000080700000, 0x0000000080600000| Complete 
|   7|0x0000000080700000, 0x0000000080800000, 0x0000000080800000|100%| O|  |TAMS 0x0000000080800000, 0x0000000080700000| Untracked 
|   8|0x0000000080800000, 0x0000000080900000, 0x0000000080900000|100%| O|  |TAMS 0x0000000080900000, 0x0000000080800000| Untracked 
|   9|0x0000000080900000, 0x0000000080a00000, 0x0000000080a00000|100%|HS|  |TAMS 0x0000000080a00000, 0x0000000080900000| Complete 
|  10|0x0000000080a00000, 0x0000000080b00000, 0x0000000080b00000|100%| O|  |TAMS 0x0000000080b00000, 0x0000000080a00000| Untracked 
|  11|0x0000000080b00000, 0x0000000080b97600, 0x0000000080c00000| 59%| O|  |TAMS 0x0000000080b97600, 0x0000000080b00000| Complete 
|  12|0x0000000080c00000, 0x0000000080d00000, 0x0000000080d00000|100%|HS|  |TAMS 0x0000000080d00000, 0x0000000080c00000| Complete 
|  13|0x0000000080d00000, 0x0000000080e00000, 0x0000000080e00000|100%|HC|  |TAMS 0x0000000080e00000, 0x0000000080d00000| Complete 
|  14|0x0000000080e00000, 0x0000000080f00000, 0x0000000080f00000|100%|HS|  |TAMS 0x0000000080f00000, 0x0000000080e00000| Complete 
|  15|0x0000000080f00000, 0x0000000081000000, 0x0000000081000000|100%|HC|  |TAMS 0x0000000081000000, 0x0000000080f00000| Complete 
|  16|0x0000000081000000, 0x0000000081100000, 0x0000000081100000|100%|HC|  |TAMS 0x0000000081100000, 0x0000000081000000| Complete 
|  17|0x0000000081100000, 0x0000000081200000, 0x0000000081200000|100%|HS|  |TAMS 0x0000000081200000, 0x0000000081100000| Complete 
|  18|0x0000000081200000, 0x0000000081300000, 0x0000000081300000|100%|HC|  |TAMS 0x0000000081300000, 0x0000000081200000| Complete 
|  19|0x0000000081300000, 0x0000000081400000, 0x0000000081400000|100%|HC|  |TAMS 0x0000000081400000, 0x0000000081300000| Complete 
|  20|0x0000000081400000, 0x0000000081500000, 0x0000000081500000|100%|HS|  |TAMS 0x0000000081500000, 0x0000000081400000| Complete 
|  21|0x0000000081500000, 0x0000000081600000, 0x0000000081600000|100%|HC|  |TAMS 0x0000000081600000, 0x0000000081500000| Complete 
|  22|0x0000000081600000, 0x0000000081700000, 0x0000000081700000|100%|HS|  |TAMS 0x0000000081700000, 0x0000000081600000| Complete 
|  23|0x0000000081700000, 0x0000000081800000, 0x0000000081800000|100%|HC|  |TAMS 0x0000000081800000, 0x0000000081700000| Complete 
|  24|0x0000000081800000, 0x0000000081900000, 0x0000000081900000|100%|HC|  |TAMS 0x0000000081900000, 0x0000000081800000| Complete 
|  25|0x0000000081900000, 0x0000000081a00000, 0x0000000081a00000|100%|HC|  |TAMS 0x0000000081a00000, 0x0000000081900000| Complete 
|  26|0x0000000081a00000, 0x0000000081b00000, 0x0000000081b00000|100%|HC|  |TAMS 0x0000000081b00000, 0x0000000081a00000| Complete 
|  27|0x0000000081b00000, 0x0000000081c00000, 0x0000000081c00000|100%|HC|  |TAMS 0x0000000081c00000, 0x0000000081b00000| Complete 
|  28|0x0000000081c00000, 0x0000000081d00000, 0x0000000081d00000|100%| O|  |TAMS 0x0000000081d00000, 0x0000000081c00000| Untracked 
|  29|0x0000000081d00000, 0x0000000081e00000, 0x0000000081e00000|100%| O|  |TAMS 0x0000000081e00000, 0x0000000081d00000| Untracked 
|  30|0x0000000081e00000, 0x0000000081f00000, 0x0000000081f00000|100%| O|  |TAMS 0x0000000081f00000, 0x0000000081e00000| Untracked 
|  31|0x0000000081f00000, 0x0000000082000000, 0x0000000082000000|100%| O|  |TAMS 0x0000000082000000, 0x0000000081f00000| Untracked 
|  32|0x0000000082000000, 0x0000000082100000, 0x0000000082100000|100%| O|  |TAMS 0x0000000082100000, 0x0000000082000000| Untracked 
|  33|0x0000000082100000, 0x0000000082200000, 0x0000000082200000|100%| O|  |TAMS 0x0000000082200000, 0x0000000082100000| Untracked 
|  34|0x0000000082200000, 0x0000000082300000, 0x0000000082300000|100%| O|  |TAMS 0x0000000082300000, 0x0000000082200000| Untracked 
|  35|0x0000000082300000, 0x0000000082400000, 0x0000000082400000|100%| O|  |TAMS 0x0000000082400000, 0x0000000082300000| Untracked 
|  36|0x0000000082400000, 0x0000000082500000, 0x0000000082500000|100%| O|  |TAMS 0x0000000082500000, 0x0000000082400000| Untracked 
|  37|0x0000000082500000, 0x0000000082600000, 0x0000000082600000|100%| O|  |TAMS 0x0000000082600000, 0x0000000082500000| Untracked 
|  38|0x0000000082600000, 0x0000000082700000, 0x0000000082700000|100%| O|  |TAMS 0x0000000082700000, 0x0000000082600000| Untracked 
|  39|0x0000000082700000, 0x0000000082800000, 0x0000000082800000|100%| O|  |TAMS 0x0000000082800000, 0x0000000082700000| Untracked 
|  40|0x0000000082800000, 0x0000000082900000, 0x0000000082900000|100%| O|  |TAMS 0x0000000082900000, 0x0000000082800000| Untracked 
|  41|0x0000000082900000, 0x0000000082a00000, 0x0000000082a00000|100%| O|  |TAMS 0x0000000082a00000, 0x0000000082900000| Untracked 
|  42|0x0000000082a00000, 0x0000000082b00000, 0x0000000082b00000|100%|HS|  |TAMS 0x0000000082b00000, 0x0000000082a00000| Complete 
|  43|0x0000000082b00000, 0x0000000082c00000, 0x0000000082c00000|100%|HC|  |TAMS 0x0000000082c00000, 0x0000000082b00000| Complete 
|  44|0x0000000082c00000, 0x0000000082d00000, 0x0000000082d00000|100%| O|  |TAMS 0x0000000082d00000, 0x0000000082c00000| Untracked 
|  45|0x0000000082d00000, 0x0000000082e00000, 0x0000000082e00000|100%| O|  |TAMS 0x0000000082e00000, 0x0000000082d00000| Untracked 
|  46|0x0000000082e00000, 0x0000000082f00000, 0x0000000082f00000|100%| O|  |TAMS 0x0000000082f00000, 0x0000000082e00000| Untracked 
|  47|0x0000000082f00000, 0x0000000083000000, 0x0000000083000000|100%| O|  |TAMS 0x0000000083000000, 0x0000000082f00000| Untracked 
|  48|0x0000000083000000, 0x0000000083100000, 0x0000000083100000|100%| O|  |TAMS 0x0000000083100000, 0x0000000083000000| Untracked 
|  49|0x0000000083100000, 0x0000000083200000, 0x0000000083200000|100%| O|  |TAMS 0x0000000083200000, 0x0000000083100000| Untracked 
|  50|0x0000000083200000, 0x0000000083200000, 0x0000000083300000|  0%| F|  |TAMS 0x0000000083200000, 0x0000000083200000| Untracked 
|  51|0x0000000083300000, 0x0000000083400000, 0x0000000083400000|100%|HS|  |TAMS 0x0000000083400000, 0x0000000083300000| Complete 
|  52|0x0000000083400000, 0x0000000083500000, 0x0000000083500000|100%|HC|  |TAMS 0x0000000083500000, 0x0000000083400000| Complete 
|  53|0x0000000083500000, 0x0000000083600000, 0x0000000083600000|100%|HC|  |TAMS 0x0000000083600000, 0x0000000083500000| Complete 
|  54|0x0000000083600000, 0x0000000083700000, 0x0000000083700000|100%|HC|  |TAMS 0x0000000083700000, 0x0000000083600000| Complete 
|  55|0x0000000083700000, 0x0000000083800000, 0x0000000083800000|100%|HC|  |TAMS 0x0000000083800000, 0x0000000083700000| Complete 
|  56|0x0000000083800000, 0x0000000083900000, 0x0000000083900000|100%|HC|  |TAMS 0x0000000083900000, 0x0000000083800000| Complete 
|  57|0x0000000083900000, 0x0000000083a00000, 0x0000000083a00000|100%|HC|  |TAMS 0x0000000083a00000, 0x0000000083900000| Complete 
|  58|0x0000000083a00000, 0x0000000083b00000, 0x0000000083b00000|100%|HC|  |TAMS 0x0000000083b00000, 0x0000000083a00000| Complete 
|  59|0x0000000083b00000, 0x0000000083c00000, 0x0000000083c00000|100%|HC|  |TAMS 0x0000000083c00000, 0x0000000083b00000| Complete 
|  60|0x0000000083c00000, 0x0000000083d00000, 0x0000000083d00000|100%|HC|  |TAMS 0x0000000083d00000, 0x0000000083c00000| Complete 
|  61|0x0000000083d00000, 0x0000000083e00000, 0x0000000083e00000|100%|HC|  |TAMS 0x0000000083e00000, 0x0000000083d00000| Complete 
|  62|0x0000000083e00000, 0x0000000083f00000, 0x0000000083f00000|100%|HS|  |TAMS 0x0000000083f00000, 0x0000000083e00000| Complete 
|  63|0x0000000083f00000, 0x0000000084000000, 0x0000000084000000|100%|HC|  |TAMS 0x0000000084000000, 0x0000000083f00000| Complete 
|  64|0x0000000084000000, 0x0000000084100000, 0x0000000084100000|100%|HC|  |TAMS 0x0000000084100000, 0x0000000084000000| Complete 
|  65|0x0000000084100000, 0x0000000084200000, 0x0000000084200000|100%|HS|  |TAMS 0x0000000084200000, 0x0000000084100000| Complete 
|  66|0x0000000084200000, 0x0000000084300000, 0x0000000084300000|100%|HC|  |TAMS 0x0000000084300000, 0x0000000084200000| Complete 
|  67|0x0000000084300000, 0x0000000084400000, 0x0000000084400000|100%|HS|  |TAMS 0x0000000084400000, 0x0000000084300000| Complete 
|  68|0x0000000084400000, 0x0000000084500000, 0x0000000084500000|100%|HC|  |TAMS 0x0000000084500000, 0x0000000084400000| Complete 
|  69|0x0000000084500000, 0x0000000084600000, 0x0000000084600000|100%|HC|  |TAMS 0x0000000084600000, 0x0000000084500000| Complete 
|  70|0x0000000084600000, 0x0000000084700000, 0x0000000084700000|100%| O|  |TAMS 0x0000000084700000, 0x0000000084600000| Untracked 
|  71|0x0000000084700000, 0x0000000084800000, 0x0000000084800000|100%|HS|  |TAMS 0x0000000084800000, 0x0000000084700000| Complete 
|  72|0x0000000084800000, 0x0000000084900000, 0x0000000084900000|100%| O|  |TAMS 0x0000000084900000, 0x0000000084800000| Untracked 
|  73|0x0000000084900000, 0x0000000084a00000, 0x0000000084a00000|100%| O|  |TAMS 0x0000000084a00000, 0x0000000084900000| Untracked 
|  74|0x0000000084a00000, 0x0000000084b00000, 0x0000000084b00000|100%| O|  |TAMS 0x0000000084b00000, 0x0000000084a00000| Untracked 
|  75|0x0000000084b00000, 0x0000000084c00000, 0x0000000084c00000|100%|HS|  |TAMS 0x0000000084c00000, 0x0000000084b00000| Complete 
|  76|0x0000000084c00000, 0x0000000084d00000, 0x0000000084d00000|100%|HC|  |TAMS 0x0000000084d00000, 0x0000000084c00000| Complete 
|  77|0x0000000084d00000, 0x0000000084e00000, 0x0000000084e00000|100%|HC|  |TAMS 0x0000000084e00000, 0x0000000084d00000| Complete 
|  78|0x0000000084e00000, 0x0000000084f00000, 0x0000000084f00000|100%|HC|  |TAMS 0x0000000084f00000, 0x0000000084e00000| Complete 
|  79|0x0000000084f00000, 0x0000000085000000, 0x0000000085000000|100%|HC|  |TAMS 0x0000000085000000, 0x0000000084f00000| Complete 
|  80|0x0000000085000000, 0x0000000085100000, 0x0000000085100000|100%|HC|  |TAMS 0x0000000085100000, 0x0000000085000000| Complete 
|  81|0x0000000085100000, 0x0000000085200000, 0x0000000085200000|100%| O|  |TAMS 0x0000000085200000, 0x0000000085100000| Untracked 
|  82|0x0000000085200000, 0x0000000085300000, 0x0000000085300000|100%| O|  |TAMS 0x0000000085300000, 0x0000000085200000| Untracked 
|  83|0x0000000085300000, 0x0000000085400000, 0x0000000085400000|100%| O|  |TAMS 0x0000000085400000, 0x0000000085300000| Untracked 
|  84|0x0000000085400000, 0x0000000085500000, 0x0000000085500000|100%| O|  |TAMS 0x0000000085500000, 0x0000000085400000| Untracked 
|  85|0x0000000085500000, 0x0000000085600000, 0x0000000085600000|100%| O|  |TAMS 0x0000000085600000, 0x0000000085500000| Untracked 
|  86|0x0000000085600000, 0x0000000085700000, 0x0000000085700000|100%|HS|  |TAMS 0x0000000085700000, 0x0000000085600000| Complete 
|  87|0x0000000085700000, 0x0000000085800000, 0x0000000085800000|100%|HS|  |TAMS 0x0000000085800000, 0x0000000085700000| Complete 
|  88|0x0000000085800000, 0x0000000085900000, 0x0000000085900000|100%|HS|  |TAMS 0x0000000085900000, 0x0000000085800000| Complete 
|  89|0x0000000085900000, 0x0000000085a00000, 0x0000000085a00000|100%|HC|  |TAMS 0x0000000085a00000, 0x0000000085900000| Complete 
|  90|0x0000000085a00000, 0x0000000085b00000, 0x0000000085b00000|100%|HC|  |TAMS 0x0000000085b00000, 0x0000000085a00000| Complete 
|  91|0x0000000085b00000, 0x0000000085c00000, 0x0000000085c00000|100%|HC|  |TAMS 0x0000000085c00000, 0x0000000085b00000| Complete 
|  92|0x0000000085c00000, 0x0000000085d00000, 0x0000000085d00000|100%|HS|  |TAMS 0x0000000085d00000, 0x0000000085c00000| Complete 
|  93|0x0000000085d00000, 0x0000000085e00000, 0x0000000085e00000|100%| O|  |TAMS 0x0000000085e00000, 0x0000000085d00000| Untracked 
|  94|0x0000000085e00000, 0x0000000085f00000, 0x0000000085f00000|100%| O|  |TAMS 0x0000000085f00000, 0x0000000085e00000| Untracked 
|  95|0x0000000085f00000, 0x0000000086000000, 0x0000000086000000|100%| O|  |TAMS 0x0000000086000000, 0x0000000085f00000| Untracked 
|  96|0x0000000086000000, 0x0000000086100000, 0x0000000086100000|100%| O|  |TAMS 0x0000000086100000, 0x0000000086000000| Untracked 
|  97|0x0000000086100000, 0x0000000086200000, 0x0000000086200000|100%| O|  |TAMS 0x0000000086200000, 0x0000000086100000| Untracked 
|  98|0x0000000086200000, 0x0000000086300000, 0x0000000086300000|100%| O|  |TAMS 0x0000000086300000, 0x0000000086200000| Untracked 
|  99|0x0000000086300000, 0x0000000086400000, 0x0000000086400000|100%| O|  |TAMS 0x0000000086400000, 0x0000000086300000| Untracked 
| 100|0x0000000086400000, 0x0000000086500000, 0x0000000086500000|100%| O|  |TAMS 0x0000000086500000, 0x0000000086400000| Untracked 
| 101|0x0000000086500000, 0x0000000086600000, 0x0000000086600000|100%| O|  |TAMS 0x0000000086600000, 0x0000000086500000| Untracked 
| 102|0x0000000086600000, 0x0000000086700000, 0x0000000086700000|100%| O|  |TAMS 0x0000000086700000, 0x0000000086600000| Untracked 
| 103|0x0000000086700000, 0x0000000086800000, 0x0000000086800000|100%| O|  |TAMS 0x0000000086800000, 0x0000000086700000| Untracked 
| 104|0x0000000086800000, 0x0000000086800000, 0x0000000086900000|  0%| F|  |TAMS 0x0000000086800000, 0x0000000086800000| Untracked 
| 105|0x0000000086900000, 0x0000000086a00000, 0x0000000086a00000|100%| O|  |TAMS 0x0000000086a00000, 0x0000000086900000| Untracked 
| 106|0x0000000086a00000, 0x0000000086b00000, 0x0000000086b00000|100%| O|  |TAMS 0x0000000086b00000, 0x0000000086a00000| Untracked 
| 107|0x0000000086b00000, 0x0000000086c00000, 0x0000000086c00000|100%| O|  |TAMS 0x0000000086c00000, 0x0000000086b00000| Untracked 
| 108|0x0000000086c00000, 0x0000000086d00000, 0x0000000086d00000|100%| O|  |TAMS 0x0000000086d00000, 0x0000000086c00000| Untracked 
| 109|0x0000000086d00000, 0x0000000086e00000, 0x0000000086e00000|100%| O|  |TAMS 0x0000000086e00000, 0x0000000086d00000| Untracked 
| 110|0x0000000086e00000, 0x0000000086f00000, 0x0000000086f00000|100%| O|  |TAMS 0x0000000086f00000, 0x0000000086e00000| Untracked 
| 111|0x0000000086f00000, 0x0000000087000000, 0x0000000087000000|100%| O|  |TAMS 0x0000000087000000, 0x0000000086f00000| Untracked 
| 112|0x0000000087000000, 0x000000008709ba00, 0x0000000087100000| 60%| O|  |TAMS 0x000000008709ba00, 0x0000000087000000| Untracked 
| 113|0x0000000087100000, 0x0000000087100000, 0x0000000087200000|  0%| F|  |TAMS 0x0000000087100000, 0x0000000087100000| Untracked 
| 114|0x0000000087200000, 0x0000000087200000, 0x0000000087300000|  0%| F|  |TAMS 0x0000000087200000, 0x0000000087200000| Untracked 
| 115|0x0000000087300000, 0x0000000087300000, 0x0000000087400000|  0%| F|  |TAMS 0x0000000087300000, 0x0000000087300000| Untracked 
| 116|0x0000000087400000, 0x0000000087400000, 0x0000000087500000|  0%| F|  |TAMS 0x0000000087400000, 0x0000000087400000| Untracked 
| 117|0x0000000087500000, 0x0000000087500000, 0x0000000087600000|  0%| F|  |TAMS 0x0000000087500000, 0x0000000087500000| Untracked 
| 118|0x0000000087600000, 0x0000000087600000, 0x0000000087700000|  0%| F|  |TAMS 0x0000000087600000, 0x0000000087600000| Untracked 
| 119|0x0000000087700000, 0x0000000087700000, 0x0000000087800000|  0%| F|  |TAMS 0x0000000087700000, 0x0000000087700000| Untracked 
| 120|0x0000000087800000, 0x0000000087800000, 0x0000000087900000|  0%| F|  |TAMS 0x0000000087800000, 0x0000000087800000| Untracked 
| 121|0x0000000087900000, 0x0000000087900000, 0x0000000087a00000|  0%| F|  |TAMS 0x0000000087900000, 0x0000000087900000| Untracked 
| 122|0x0000000087a00000, 0x0000000087a00000, 0x0000000087b00000|  0%| F|  |TAMS 0x0000000087a00000, 0x0000000087a00000| Untracked 
| 123|0x0000000087b00000, 0x0000000087b00000, 0x0000000087c00000|  0%| F|  |TAMS 0x0000000087b00000, 0x0000000087b00000| Untracked 
| 124|0x0000000087c00000, 0x0000000087c00000, 0x0000000087d00000|  0%| F|  |TAMS 0x0000000087c00000, 0x0000000087c00000| Untracked 
| 125|0x0000000087d00000, 0x0000000087d00000, 0x0000000087e00000|  0%| F|  |TAMS 0x0000000087d00000, 0x0000000087d00000| Untracked 
| 126|0x0000000087e00000, 0x0000000087e00000, 0x0000000087f00000|  0%| F|  |TAMS 0x0000000087e00000, 0x0000000087e00000| Untracked 
| 127|0x0000000087f00000, 0x0000000087f00000, 0x0000000088000000|  0%| F|  |TAMS 0x0000000087f00000, 0x0000000087f00000| Untracked 
| 128|0x0000000088000000, 0x0000000088000000, 0x0000000088100000|  0%| F|  |TAMS 0x0000000088000000, 0x0000000088000000| Untracked 
| 129|0x0000000088100000, 0x0000000088100000, 0x0000000088200000|  0%| F|  |TAMS 0x0000000088100000, 0x0000000088100000| Untracked 
| 130|0x0000000088200000, 0x0000000088200000, 0x0000000088300000|  0%| F|  |TAMS 0x0000000088200000, 0x0000000088200000| Untracked 
| 131|0x0000000088300000, 0x0000000088300000, 0x0000000088400000|  0%| F|  |TAMS 0x0000000088300000, 0x0000000088300000| Untracked 
| 132|0x0000000088400000, 0x0000000088400000, 0x0000000088500000|  0%| F|  |TAMS 0x0000000088400000, 0x0000000088400000| Untracked 
| 133|0x0000000088500000, 0x0000000088500000, 0x0000000088600000|  0%| F|  |TAMS 0x0000000088500000, 0x0000000088500000| Untracked 
| 134|0x0000000088600000, 0x0000000088600000, 0x0000000088700000|  0%| F|  |TAMS 0x0000000088600000, 0x0000000088600000| Untracked 
| 135|0x0000000088700000, 0x0000000088700000, 0x0000000088800000|  0%| F|  |TAMS 0x0000000088700000, 0x0000000088700000| Untracked 
| 136|0x0000000088800000, 0x0000000088800000, 0x0000000088900000|  0%| F|  |TAMS 0x0000000088800000, 0x0000000088800000| Untracked 
| 137|0x0000000088900000, 0x0000000088900000, 0x0000000088a00000|  0%| F|  |TAMS 0x0000000088900000, 0x0000000088900000| Untracked 
| 138|0x0000000088a00000, 0x0000000088a00000, 0x0000000088b00000|  0%| F|  |TAMS 0x0000000088a00000, 0x0000000088a00000| Untracked 
| 139|0x0000000088b00000, 0x0000000088b00000, 0x0000000088c00000|  0%| F|  |TAMS 0x0000000088b00000, 0x0000000088b00000| Untracked 
| 140|0x0000000088c00000, 0x0000000088c00000, 0x0000000088d00000|  0%| F|  |TAMS 0x0000000088c00000, 0x0000000088c00000| Untracked 
| 141|0x0000000088d00000, 0x0000000088d00000, 0x0000000088e00000|  0%| F|  |TAMS 0x0000000088d00000, 0x0000000088d00000| Untracked 
| 142|0x0000000088e00000, 0x0000000088e00000, 0x0000000088f00000|  0%| F|  |TAMS 0x0000000088e00000, 0x0000000088e00000| Untracked 
| 143|0x0000000088f00000, 0x0000000088f00000, 0x0000000089000000|  0%| F|  |TAMS 0x0000000088f00000, 0x0000000088f00000| Untracked 
| 144|0x0000000089000000, 0x0000000089000000, 0x0000000089100000|  0%| F|  |TAMS 0x0000000089000000, 0x0000000089000000| Untracked 
| 145|0x0000000089100000, 0x0000000089100000, 0x0000000089200000|  0%| F|  |TAMS 0x0000000089100000, 0x0000000089100000| Untracked 
| 146|0x0000000089200000, 0x0000000089200000, 0x0000000089300000|  0%| F|  |TAMS 0x0000000089200000, 0x0000000089200000| Untracked 
| 147|0x0000000089300000, 0x0000000089300000, 0x0000000089400000|  0%| F|  |TAMS 0x0000000089300000, 0x0000000089300000| Untracked 
| 148|0x0000000089400000, 0x0000000089400000, 0x0000000089500000|  0%| F|  |TAMS 0x0000000089400000, 0x0000000089400000| Untracked 
| 149|0x0000000089500000, 0x0000000089500000, 0x0000000089600000|  0%| F|  |TAMS 0x0000000089500000, 0x0000000089500000| Untracked 
| 150|0x0000000089600000, 0x0000000089600000, 0x0000000089700000|  0%| F|  |TAMS 0x0000000089600000, 0x0000000089600000| Untracked 
| 151|0x0000000089700000, 0x0000000089700000, 0x0000000089800000|  0%| F|  |TAMS 0x0000000089700000, 0x0000000089700000| Untracked 
| 152|0x0000000089800000, 0x0000000089800000, 0x0000000089900000|  0%| F|  |TAMS 0x0000000089800000, 0x0000000089800000| Untracked 
| 153|0x0000000089900000, 0x0000000089900000, 0x0000000089a00000|  0%| F|  |TAMS 0x0000000089900000, 0x0000000089900000| Untracked 
| 154|0x0000000089a00000, 0x0000000089abdc00, 0x0000000089b00000| 74%| S|CS|TAMS 0x0000000089a00000, 0x0000000089a00000| Complete 
| 155|0x0000000089b00000, 0x0000000089c00000, 0x0000000089c00000|100%| S|CS|TAMS 0x0000000089b00000, 0x0000000089b00000| Complete 
| 156|0x0000000089c00000, 0x0000000089d00000, 0x0000000089d00000|100%| S|CS|TAMS 0x0000000089c00000, 0x0000000089c00000| Complete 
| 157|0x0000000089d00000, 0x0000000089e00000, 0x0000000089e00000|100%| S|CS|TAMS 0x0000000089d00000, 0x0000000089d00000| Complete 
| 158|0x0000000089e00000, 0x0000000089e00000, 0x0000000089f00000|  0%| F|  |TAMS 0x0000000089e00000, 0x0000000089e00000| Untracked 
| 159|0x0000000089f00000, 0x0000000089f00000, 0x000000008a000000|  0%| F|  |TAMS 0x0000000089f00000, 0x0000000089f00000| Untracked 
| 160|0x000000008a000000, 0x000000008a000000, 0x000000008a100000|  0%| F|  |TAMS 0x000000008a000000, 0x000000008a000000| Untracked 
| 161|0x000000008a100000, 0x000000008a100000, 0x000000008a200000|  0%| F|  |TAMS 0x000000008a100000, 0x000000008a100000| Untracked 
| 162|0x000000008a200000, 0x000000008a200000, 0x000000008a300000|  0%| F|  |TAMS 0x000000008a200000, 0x000000008a200000| Untracked 
| 163|0x000000008a300000, 0x000000008a300000, 0x000000008a400000|  0%| F|  |TAMS 0x000000008a300000, 0x000000008a300000| Untracked 
| 164|0x000000008a400000, 0x000000008a400000, 0x000000008a500000|  0%| F|  |TAMS 0x000000008a400000, 0x000000008a400000| Untracked 
| 165|0x000000008a500000, 0x000000008a500000, 0x000000008a600000|  0%| F|  |TAMS 0x000000008a500000, 0x000000008a500000| Untracked 
| 166|0x000000008a600000, 0x000000008a600000, 0x000000008a700000|  0%| F|  |TAMS 0x000000008a600000, 0x000000008a600000| Untracked 
| 167|0x000000008a700000, 0x000000008a700000, 0x000000008a800000|  0%| F|  |TAMS 0x000000008a700000, 0x000000008a700000| Untracked 
| 168|0x000000008a800000, 0x000000008a800000, 0x000000008a900000|  0%| F|  |TAMS 0x000000008a800000, 0x000000008a800000| Untracked 
| 169|0x000000008a900000, 0x000000008a900000, 0x000000008aa00000|  0%| F|  |TAMS 0x000000008a900000, 0x000000008a900000| Untracked 
| 170|0x000000008aa00000, 0x000000008ab00000, 0x000000008ab00000|100%| E|  |TAMS 0x000000008aa00000, 0x000000008aa00000| Complete 
| 171|0x000000008ab00000, 0x000000008ac00000, 0x000000008ac00000|100%| E|CS|TAMS 0x000000008ab00000, 0x000000008ab00000| Complete 
| 172|0x000000008ac00000, 0x000000008ad00000, 0x000000008ad00000|100%| E|CS|TAMS 0x000000008ac00000, 0x000000008ac00000| Complete 
| 173|0x000000008ad00000, 0x000000008ae00000, 0x000000008ae00000|100%| E|CS|TAMS 0x000000008ad00000, 0x000000008ad00000| Complete 
| 174|0x000000008ae00000, 0x000000008af00000, 0x000000008af00000|100%| E|CS|TAMS 0x000000008ae00000, 0x000000008ae00000| Complete 
| 175|0x000000008af00000, 0x000000008b000000, 0x000000008b000000|100%| E|CS|TAMS 0x000000008af00000, 0x000000008af00000| Complete 
| 176|0x000000008b000000, 0x000000008b100000, 0x000000008b100000|100%| E|CS|TAMS 0x000000008b000000, 0x000000008b000000| Complete 
| 177|0x000000008b100000, 0x000000008b200000, 0x000000008b200000|100%| E|CS|TAMS 0x000000008b100000, 0x000000008b100000| Complete 
| 178|0x000000008b200000, 0x000000008b300000, 0x000000008b300000|100%| E|CS|TAMS 0x000000008b200000, 0x000000008b200000| Complete 
| 179|0x000000008b300000, 0x000000008b400000, 0x000000008b400000|100%| E|CS|TAMS 0x000000008b300000, 0x000000008b300000| Complete 
| 180|0x000000008b400000, 0x000000008b500000, 0x000000008b500000|100%| E|CS|TAMS 0x000000008b400000, 0x000000008b400000| Complete 
| 181|0x000000008b500000, 0x000000008b600000, 0x000000008b600000|100%| E|CS|TAMS 0x000000008b500000, 0x000000008b500000| Complete 
| 182|0x000000008b600000, 0x000000008b700000, 0x000000008b700000|100%| E|CS|TAMS 0x000000008b600000, 0x000000008b600000| Complete 
| 183|0x000000008b700000, 0x000000008b800000, 0x000000008b800000|100%| E|CS|TAMS 0x000000008b700000, 0x000000008b700000| Complete 
| 184|0x000000008b800000, 0x000000008b900000, 0x000000008b900000|100%| E|CS|TAMS 0x000000008b800000, 0x000000008b800000| Complete 
| 185|0x000000008b900000, 0x000000008ba00000, 0x000000008ba00000|100%| E|CS|TAMS 0x000000008b900000, 0x000000008b900000| Complete 
| 186|0x000000008ba00000, 0x000000008bb00000, 0x000000008bb00000|100%| E|CS|TAMS 0x000000008ba00000, 0x000000008ba00000| Complete 
| 187|0x000000008bb00000, 0x000000008bc00000, 0x000000008bc00000|100%| E|CS|TAMS 0x000000008bb00000, 0x000000008bb00000| Complete 
| 188|0x000000008bc00000, 0x000000008bd00000, 0x000000008bd00000|100%| E|CS|TAMS 0x000000008bc00000, 0x000000008bc00000| Complete 
| 189|0x000000008bd00000, 0x000000008be00000, 0x000000008be00000|100%| E|CS|TAMS 0x000000008bd00000, 0x000000008bd00000| Complete 
| 190|0x000000008be00000, 0x000000008bf00000, 0x000000008bf00000|100%| E|CS|TAMS 0x000000008be00000, 0x000000008be00000| Complete 
| 191|0x000000008bf00000, 0x000000008c000000, 0x000000008c000000|100%| E|CS|TAMS 0x000000008bf00000, 0x000000008bf00000| Complete 
| 192|0x000000008c000000, 0x000000008c100000, 0x000000008c100000|100%| E|CS|TAMS 0x000000008c000000, 0x000000008c000000| Complete 
| 193|0x000000008c100000, 0x000000008c200000, 0x000000008c200000|100%| E|CS|TAMS 0x000000008c100000, 0x000000008c100000| Complete 
| 194|0x000000008c200000, 0x000000008c300000, 0x000000008c300000|100%| E|CS|TAMS 0x000000008c200000, 0x000000008c200000| Complete 
| 195|0x000000008c300000, 0x000000008c400000, 0x000000008c400000|100%| E|CS|TAMS 0x000000008c300000, 0x000000008c300000| Complete 
| 196|0x000000008c400000, 0x000000008c500000, 0x000000008c500000|100%| E|CS|TAMS 0x000000008c400000, 0x000000008c400000| Complete 
| 197|0x000000008c500000, 0x000000008c600000, 0x000000008c600000|100%| E|CS|TAMS 0x000000008c500000, 0x000000008c500000| Complete 
| 198|0x000000008c600000, 0x000000008c700000, 0x000000008c700000|100%| E|CS|TAMS 0x000000008c600000, 0x000000008c600000| Complete 
| 199|0x000000008c700000, 0x000000008c800000, 0x000000008c800000|100%| E|CS|TAMS 0x000000008c700000, 0x000000008c700000| Complete 
| 200|0x000000008c800000, 0x000000008c900000, 0x000000008c900000|100%| E|CS|TAMS 0x000000008c800000, 0x000000008c800000| Complete 
| 201|0x000000008c900000, 0x000000008ca00000, 0x000000008ca00000|100%| E|CS|TAMS 0x000000008c900000, 0x000000008c900000| Complete 
| 202|0x000000008ca00000, 0x000000008cb00000, 0x000000008cb00000|100%| E|CS|TAMS 0x000000008ca00000, 0x000000008ca00000| Complete 
| 203|0x000000008cb00000, 0x000000008cc00000, 0x000000008cc00000|100%| E|CS|TAMS 0x000000008cb00000, 0x000000008cb00000| Complete 
| 204|0x000000008cc00000, 0x000000008cd00000, 0x000000008cd00000|100%| E|CS|TAMS 0x000000008cc00000, 0x000000008cc00000| Complete 
| 205|0x000000008cd00000, 0x000000008ce00000, 0x000000008ce00000|100%| E|CS|TAMS 0x000000008cd00000, 0x000000008cd00000| Complete 
| 206|0x000000008ce00000, 0x000000008cf00000, 0x000000008cf00000|100%| E|CS|TAMS 0x000000008ce00000, 0x000000008ce00000| Complete 
| 207|0x000000008cf00000, 0x000000008d000000, 0x000000008d000000|100%| E|CS|TAMS 0x000000008cf00000, 0x000000008cf00000| Complete 
| 222|0x000000008de00000, 0x000000008df00000, 0x000000008df00000|100%| E|CS|TAMS 0x000000008de00000, 0x000000008de00000| Complete 
| 223|0x000000008df00000, 0x000000008e000000, 0x000000008e000000|100%| E|CS|TAMS 0x000000008df00000, 0x000000008df00000| Complete 

Card table byte_map: [0x00000149acb20000,0x00000149acf20000] _byte_map_base: 0x00000149ac720000

Marking Bits (Prev, Next): (CMBitMap*) 0x0000014993e5d1a0, (CMBitMap*) 0x0000014993e5d1e0
 Prev Bits: [0x00000149ad320000, 0x00000149af320000)
 Next Bits: [0x00000149af320000, 0x00000149b1320000)

Polling page: 0x0000014993ed0000

Metaspace:

Usage:
  Non-class:     55.02 MB used.
      Class:      8.53 MB used.
       Both:     63.55 MB used.

Virtual space:
  Non-class space:       64.00 MB reserved,      55.38 MB ( 87%) committed,  1 nodes.
      Class space:        1.00 GB reserved,       8.88 MB ( <1%) committed,  1 nodes.
             Both:        1.06 GB reserved,      64.25 MB (  6%) committed. 

Chunk freelists:
   Non-Class:  8.64 MB
       Class:  7.02 MB
        Both:  15.66 MB

MaxMetaspaceSize: unlimited
CompressedClassSpaceSize: 1.00 GB
Initial GC threshold: 21.00 MB
Current GC threshold: 103.25 MB
CDS: on
MetaspaceReclaimPolicy: balanced
 - commit_granule_bytes: 65536.
 - commit_granule_words: 8192.
 - virtual_space_node_default_size: 8388608.
 - enlarge_chunks_in_place: 1.
 - new_chunks_are_fully_committed: 0.
 - uncommit_free_chunks: 1.
 - use_allocation_guard: 0.
 - handle_deallocations: 1.


Internal statistics:

num_allocs_failed_limit: 6.
num_arena_births: 726.
num_arena_deaths: 0.
num_vsnodes_births: 2.
num_vsnodes_deaths: 0.
num_space_committed: 1028.
num_space_uncommitted: 0.
num_chunks_returned_to_freelist: 6.
num_chunks_taken_from_freelist: 3268.
num_chunk_merges: 6.
num_chunk_splits: 2196.
num_chunks_enlarged: 1499.
num_inconsistent_stats: 0.

CodeHeap 'non-profiled nmethods': size=120000Kb used=4048Kb max_used=4048Kb free=115951Kb
 bounds [0x00000149a4bd0000, 0x00000149a4fd0000, 0x00000149ac100000]
CodeHeap 'profiled nmethods': size=120000Kb used=14344Kb max_used=14344Kb free=105655Kb
 bounds [0x000001499d100000, 0x000001499df10000, 0x00000149a4630000]
CodeHeap 'non-nmethods': size=5760Kb used=2371Kb max_used=2421Kb free=3388Kb
 bounds [0x00000149a4630000, 0x00000149a48a0000, 0x00000149a4bd0000]
 total_blobs=8031 nmethods=7135 adapters=806
 compilation: enabled
              stopped_count=0, restarted_count=0
 full_count=0

Compilation events (20 events):
Event: 14.853 Thread 0x00000149b3980d30 nmethod 7945 0x000001499def7f10 code [0x000001499def80e0, 0x000001499def8598]
Event: 14.856 Thread 0x00000149b3980d30 7946       3       org.gradle.api.internal.artifacts.configurations.DefaultConfiguration::addMutationValidator (12 bytes)
Event: 14.856 Thread 0x00000149b3980d30 nmethod 7946 0x000001499def8790 code [0x000001499def8940, 0x000001499def8b28]
Event: 14.864 Thread 0x00000149b3980d30 7947       2       java.lang.Class::isAnnotation (17 bytes)
Event: 14.865 Thread 0x00000149b3980d30 nmethod 7947 0x000001499def8c10 code [0x000001499def8da0, 0x000001499def8ed8]
Event: 14.869 Thread 0x00000149b3980d30 7948       1       com.android.build.gradle.internal.services.ProjectServices::getObjectFactory (5 bytes)
Event: 14.869 Thread 0x00000149b3980d30 nmethod 7948 0x00000149a4fc3b90 code [0x00000149a4fc3d20, 0x00000149a4fc3df8]
Event: 14.886 Thread 0x00000149b3980d30 7949       3       org.gradle.api.internal.project.DefaultProject::getConfigurations (30 bytes)
Event: 14.887 Thread 0x00000149b3980d30 nmethod 7949 0x000001499def8f90 code [0x000001499def9180, 0x000001499def98a8]
Event: 14.887 Thread 0x00000149b3980d30 7951       3       org.gradle.api.internal.DefaultNamedDomainObjectCollection::hasWithName (32 bytes)
Event: 14.888 Thread 0x00000149b3980d30 nmethod 7951 0x000001499def9a90 code [0x000001499def9c40, 0x000001499def9f98]
Event: 14.888 Thread 0x00000149b3980d30 7952       3       org.gradle.api.internal.project.DefaultProject::getIdentityPath (10 bytes)
Event: 14.888 Thread 0x00000149b3980d30 nmethod 7952 0x000001499defa090 code [0x000001499defa220, 0x000001499defa398]
Event: 14.888 Thread 0x00000149b3980d30 7953       3       org.gradle.api.specs.Specs::satisfyAll (10 bytes)
Event: 14.888 Thread 0x00000149b3980d30 nmethod 7953 0x000001499defa490 code [0x000001499defa620, 0x000001499defa778]
Event: 14.903 Thread 0x00000149b3980d30 7954       3       org.gradle.internal.reflect.ClassInspector::visitGraph (98 bytes)
Event: 14.904 Thread 0x00000149b3980d30 nmethod 7954 0x000001499defa810 code [0x000001499defab40, 0x000001499defc008]
Event: 14.913 Thread 0x00000149b3980d30 7955       1       org.gradle.api.internal.file.BaseDirFileResolver::getBaseDir (5 bytes)
Event: 14.913 Thread 0x00000149b3980d30 nmethod 7955 0x00000149a4fc3e90 code [0x00000149a4fc4020, 0x00000149a4fc40f8]
Event: 14.913 Thread 0x00000149b3980d30 7956       3       org.apache.commons.io.FilenameUtils::getPrefixLength (343 bytes)

GC Heap History (20 events):
Event: 7.504 GC heap before
{Heap before GC invocations=9 (full 0):
 garbage-first heap   total 150528K, used 85226K [0x0000000080000000, 0x0000000100000000)
  region size 1024K, 16 young (16384K), 5 survivors (5120K)
 Metaspace       used 36672K, committed 37120K, reserved 1114112K
  class space    used 5093K, committed 5312K, reserved 1048576K
}
Event: 7.509 GC heap after
{Heap after GC invocations=10 (full 0):
 garbage-first heap   total 150528K, used 76249K [0x0000000080000000, 0x0000000100000000)
  region size 1024K, 4 young (4096K), 4 survivors (4096K)
 Metaspace       used 36672K, committed 37120K, reserved 1114112K
  class space    used 5093K, committed 5312K, reserved 1048576K
}
Event: 8.191 GC heap before
{Heap before GC invocations=11 (full 0):
 garbage-first heap   total 150528K, used 113113K [0x0000000080000000, 0x0000000100000000)
  region size 1024K, 41 young (41984K), 4 survivors (4096K)
 Metaspace       used 40022K, committed 40640K, reserved 1114112K
  class space    used 5513K, committed 5824K, reserved 1048576K
}
Event: 8.201 GC heap after
{Heap after GC invocations=12 (full 0):
 garbage-first heap   total 150528K, used 79803K [0x0000000080000000, 0x0000000100000000)
  region size 1024K, 6 young (6144K), 6 survivors (6144K)
 Metaspace       used 40022K, committed 40640K, reserved 1114112K
  class space    used 5513K, committed 5824K, reserved 1048576K
}
Event: 8.832 GC heap before
{Heap before GC invocations=13 (full 0):
 garbage-first heap   total 153600K, used 122811K [0x0000000080000000, 0x0000000100000000)
  region size 1024K, 41 young (41984K), 6 survivors (6144K)
 Metaspace       used 43041K, committed 43648K, reserved 1114112K
  class space    used 5995K, committed 6272K, reserved 1048576K
}
Event: 8.842 GC heap after
{Heap after GC invocations=14 (full 0):
 garbage-first heap   total 153600K, used 89179K [0x0000000080000000, 0x0000000100000000)
  region size 1024K, 3 young (3072K), 3 survivors (3072K)
 Metaspace       used 43041K, committed 43648K, reserved 1114112K
  class space    used 5995K, committed 6272K, reserved 1048576K
}
Event: 9.580 GC heap before
{Heap before GC invocations=14 (full 0):
 garbage-first heap   total 153600K, used 118875K [0x0000000080000000, 0x0000000100000000)
  region size 1024K, 33 young (33792K), 3 survivors (3072K)
 Metaspace       used 44185K, committed 44800K, reserved 1114112K
  class space    used 6097K, committed 6400K, reserved 1048576K
}
Event: 9.587 GC heap after
{Heap after GC invocations=15 (full 0):
 garbage-first heap   total 153600K, used 91279K [0x0000000080000000, 0x0000000100000000)
  region size 1024K, 5 young (5120K), 5 survivors (5120K)
 Metaspace       used 44185K, committed 44800K, reserved 1114112K
  class space    used 6097K, committed 6400K, reserved 1048576K
}
Event: 10.220 GC heap before
{Heap before GC invocations=16 (full 0):
 garbage-first heap   total 178176K, used 129167K [0x0000000080000000, 0x0000000100000000)
  region size 1024K, 35 young (35840K), 5 survivors (5120K)
 Metaspace       used 46694K, committed 47360K, reserved 1114112K
  class space    used 6432K, committed 6720K, reserved 1048576K
}
Event: 10.230 GC heap after
{Heap after GC invocations=17 (full 0):
 garbage-first heap   total 178176K, used 106009K [0x0000000080000000, 0x0000000100000000)
  region size 1024K, 5 young (5120K), 5 survivors (5120K)
 Metaspace       used 46694K, committed 47360K, reserved 1114112K
  class space    used 6432K, committed 6720K, reserved 1048576K
}
Event: 10.877 GC heap before
{Heap before GC invocations=17 (full 0):
 garbage-first heap   total 178176K, used 139801K [0x0000000080000000, 0x0000000100000000)
  region size 1024K, 38 young (38912K), 5 survivors (5120K)
 Metaspace       used 51738K, committed 52416K, reserved 1114112K
  class space    used 7043K, committed 7360K, reserved 1048576K
}
Event: 10.885 GC heap after
{Heap after GC invocations=18 (full 0):
 garbage-first heap   total 214016K, used 107618K [0x0000000080000000, 0x0000000100000000)
  region size 1024K, 2 young (2048K), 2 survivors (2048K)
 Metaspace       used 51738K, committed 52416K, reserved 1114112K
  class space    used 7043K, committed 7360K, reserved 1048576K
}
Event: 11.377 GC heap before
{Heap before GC invocations=19 (full 0):
 garbage-first heap   total 214016K, used 122978K [0x0000000080000000, 0x0000000100000000)
  region size 1024K, 18 young (18432K), 2 survivors (2048K)
 Metaspace       used 55175K, committed 55872K, reserved 1114112K
  class space    used 7477K, committed 7808K, reserved 1048576K
}
Event: 11.384 GC heap after
{Heap after GC invocations=20 (full 0):
 garbage-first heap   total 214016K, used 109430K [0x0000000080000000, 0x0000000100000000)
  region size 1024K, 4 young (4096K), 4 survivors (4096K)
 Metaspace       used 55175K, committed 55872K, reserved 1114112K
  class space    used 7477K, committed 7808K, reserved 1048576K
}
Event: 12.597 GC heap before
{Heap before GC invocations=21 (full 0):
 garbage-first heap   total 215040K, used 167798K [0x0000000080000000, 0x0000000100000000)
  region size 1024K, 55 young (56320K), 4 survivors (4096K)
 Metaspace       used 59023K, committed 59648K, reserved 1114112K
  class space    used 7951K, committed 8256K, reserved 1048576K
}
Event: 12.606 GC heap after
{Heap after GC invocations=22 (full 0):
 garbage-first heap   total 215040K, used 113602K [0x0000000080000000, 0x0000000100000000)
  region size 1024K, 7 young (7168K), 7 survivors (7168K)
 Metaspace       used 59023K, committed 59648K, reserved 1114112K
  class space    used 7951K, committed 8256K, reserved 1048576K
}
Event: 12.831 GC heap before
{Heap before GC invocations=22 (full 0):
 garbage-first heap   total 215040K, used 116674K [0x0000000080000000, 0x0000000100000000)
  region size 1024K, 10 young (10240K), 7 survivors (7168K)
 Metaspace       used 59264K, committed 59968K, reserved 1114112K
  class space    used 7973K, committed 8256K, reserved 1048576K
}
Event: 12.838 GC heap after
{Heap after GC invocations=23 (full 0):
 garbage-first heap   total 215040K, used 114747K [0x0000000080000000, 0x0000000100000000)
  region size 1024K, 2 young (2048K), 2 survivors (2048K)
 Metaspace       used 59264K, committed 59968K, reserved 1114112K
  class space    used 7973K, committed 8256K, reserved 1048576K
}
Event: 14.330 GC heap before
{Heap before GC invocations=23 (full 0):
 garbage-first heap   total 215040K, used 165947K [0x0000000080000000, 0x0000000100000000)
  region size 1024K, 52 young (53248K), 2 survivors (2048K)
 Metaspace       used 62607K, committed 63360K, reserved 1114112K
  class space    used 8426K, committed 8768K, reserved 1048576K
}
Event: 14.336 GC heap after
{Heap after GC invocations=24 (full 0):
 garbage-first heap   total 215040K, used 116675K [0x0000000080000000, 0x0000000100000000)
  region size 1024K, 4 young (4096K), 4 survivors (4096K)
 Metaspace       used 62607K, committed 63360K, reserved 1114112K
  class space    used 8426K, committed 8768K, reserved 1048576K
}

Dll operation events (12 events):
Event: 0.008 Loaded shared library C:\Users\wefer\.jdks\corretto-17.0.7\bin\java.dll
Event: 0.019 Loaded shared library C:\Users\wefer\.jdks\corretto-17.0.7\bin\jsvml.dll
Event: 0.067 Loaded shared library C:\Users\wefer\.jdks\corretto-17.0.7\bin\net.dll
Event: 0.068 Loaded shared library C:\Users\wefer\.jdks\corretto-17.0.7\bin\nio.dll
Event: 0.073 Loaded shared library C:\Users\wefer\.jdks\corretto-17.0.7\bin\zip.dll
Event: 0.327 Loaded shared library C:\Users\wefer\.jdks\corretto-17.0.7\bin\jimage.dll
Event: 0.409 Loaded shared library C:\Users\wefer\.jdks\corretto-17.0.7\bin\verify.dll
Event: 0.631 Loaded shared library C:\Users\wefer\.gradle\native\68d5fa5c4cc2d200863cafc0d521ce42e7d3e7ee720ec0a83991735586a16f82\windows-amd64\native-platform.dll
Event: 0.637 Loaded shared library C:\Users\wefer\.gradle\native\e376f236ea51e6404a007f0833ffe2c6e607c4080706a723a18a27aeea778392\windows-amd64\native-platform-file-events.dll
Event: 1.899 Loaded shared library C:\Users\wefer\.jdks\corretto-17.0.7\bin\management.dll
Event: 1.903 Loaded shared library C:\Users\wefer\.jdks\corretto-17.0.7\bin\management_ext.dll
Event: 2.513 Loaded shared library C:\Users\wefer\.jdks\corretto-17.0.7\bin\sunmscapi.dll

Deoptimization events (20 events):
Event: 13.505 Thread 0x00000149b81fdc40 DEOPT PACKING pc=0x000001499d555550 sp=0x00000009c58f7f70
Event: 13.505 Thread 0x00000149b81fdc40 DEOPT UNPACKING pc=0x00000149a4687143 sp=0x00000009c58f7450 mode 0
Event: 13.987 Thread 0x00000149b81fdc40 DEOPT PACKING pc=0x000001499da10a71 sp=0x00000009c58f8190
Event: 13.987 Thread 0x00000149b81fdc40 DEOPT UNPACKING pc=0x00000149a4687143 sp=0x00000009c58f75f0 mode 0
Event: 14.224 Thread 0x00000149b81fdc40 Uncommon trap: trap_request=0xffffff45 fr.pc=0x00000149a4c00e5c relative=0x000000000000061c
Event: 14.224 Thread 0x00000149b81fdc40 Uncommon trap: reason=unstable_if action=reinterpret pc=0x00000149a4c00e5c method=groovy.lang.MetaClassImpl.filterPropertyMethod(Ljava/lang/Object;ZZ)Ljava/lang/Object; @ 60 c2
Event: 14.224 Thread 0x00000149b81fdc40 DEOPT PACKING pc=0x00000149a4c00e5c sp=0x00000009c58f75d0
Event: 14.224 Thread 0x00000149b81fdc40 DEOPT UNPACKING pc=0x00000149a46869a3 sp=0x00000009c58f7530 mode 2
Event: 14.430 Thread 0x00000149b81fdc40 Uncommon trap: trap_request=0xfffffff4 fr.pc=0x00000149a4fb0ad4 relative=0x0000000000002bb4
Event: 14.430 Thread 0x00000149b81fdc40 Uncommon trap: reason=null_check action=make_not_entrant pc=0x00000149a4fb0ad4 method=java.lang.PublicMethods$MethodList.getMostSpecific()Ljava/lang/reflect/Method; @ 41 c2
Event: 14.430 Thread 0x00000149b81fdc40 DEOPT PACKING pc=0x00000149a4fb0ad4 sp=0x00000009c58f2cb0
Event: 14.430 Thread 0x00000149b81fdc40 DEOPT UNPACKING pc=0x00000149a46869a3 sp=0x00000009c58f2b90 mode 2
Event: 14.542 Thread 0x00000149b81fdc40 Uncommon trap: trap_request=0xffffffc6 fr.pc=0x00000149a4c6877c relative=0x00000000000004bc
Event: 14.542 Thread 0x00000149b81fdc40 Uncommon trap: reason=bimorphic_or_optimized_type_check action=maybe_recompile pc=0x00000149a4c6877c method=org.codehaus.groovy.util.SingleKeyHashMap.get(Ljava/lang/Object;)Ljava/lang/Object; @ 43 c2
Event: 14.542 Thread 0x00000149b81fdc40 DEOPT PACKING pc=0x00000149a4c6877c sp=0x00000009c58f5c20
Event: 14.542 Thread 0x00000149b81fdc40 DEOPT UNPACKING pc=0x00000149a46869a3 sp=0x00000009c58f5bb8 mode 2
Event: 14.583 Thread 0x00000149b81fdc40 Uncommon trap: trap_request=0xfffffff4 fr.pc=0x00000149a4edace0 relative=0x0000000000000680
Event: 14.583 Thread 0x00000149b81fdc40 Uncommon trap: reason=null_check action=make_not_entrant pc=0x00000149a4edace0 method=org.gradle.util.internal.SimpleMapInterner.intern(Ljava/lang/Object;)Ljava/lang/Object; @ 2 c2
Event: 14.583 Thread 0x00000149b81fdc40 DEOPT PACKING pc=0x00000149a4edace0 sp=0x00000009c58f6b60
Event: 14.583 Thread 0x00000149b81fdc40 DEOPT UNPACKING pc=0x00000149a46869a3 sp=0x00000009c58f6b18 mode 2

Classes unloaded (0 events):
No events

Classes redefined (0 events):
No events

Internal exceptions (20 events):
Event: 14.551 Thread 0x00000149b81fdc40 Exception <a 'java/lang/ClassNotFoundException'{0x000000008c0af6f0}: com/android/build/gradle/internal/dsl/PackagingOptions$AgpDecorated_DecoratedCustomizer> (0x000000008c0af6f0) 
thrown [s\src\hotspot\share\classfile\systemDictionary.cpp, line 256]
Event: 14.554 Thread 0x00000149b81fdc40 Exception <a 'java/lang/ClassNotFoundException'{0x000000008bf0a820}: com/android/build/gradle/internal/dsl/ResourcesPackagingImpl$AgpDecorated_DecoratedBeanInfo> (0x000000008bf0a820) 
thrown [s\src\hotspot\share\classfile\systemDictionary.cpp, line 256]
Event: 14.555 Thread 0x00000149b81fdc40 Exception <a 'java/lang/ClassNotFoundException'{0x000000008bf18318}: com/android/build/gradle/internal/dsl/ResourcesPackagingImpl$AgpDecoratedBeanInfo> (0x000000008bf18318) 
thrown [s\src\hotspot\share\classfile\systemDictionary.cpp, line 256]
Event: 14.555 Thread 0x00000149b81fdc40 Exception <a 'java/lang/ClassNotFoundException'{0x000000008bf25ec8}: com/android/build/gradle/internal/dsl/ResourcesPackagingImplBeanInfo> (0x000000008bf25ec8) 
thrown [s\src\hotspot\share\classfile\systemDictionary.cpp, line 256]
Event: 14.556 Thread 0x00000149b81fdc40 Exception <a 'java/lang/ClassNotFoundException'{0x000000008bf337b8}: com/android/build/gradle/internal/dsl/ResourcesPackagingImplCustomizer> (0x000000008bf337b8) 
thrown [s\src\hotspot\share\classfile\systemDictionary.cpp, line 256]
Event: 14.557 Thread 0x00000149b81fdc40 Exception <a 'java/lang/ClassNotFoundException'{0x000000008bf47488}: com/android/build/gradle/internal/dsl/ResourcesPackagingImpl$AgpDecoratedCustomizer> (0x000000008bf47488) 
thrown [s\src\hotspot\share\classfile\systemDictionary.cpp, line 256]
Event: 14.557 Thread 0x00000149b81fdc40 Exception <a 'java/lang/ClassNotFoundException'{0x000000008bf62460}: com/android/build/gradle/internal/dsl/ResourcesPackagingImpl$AgpDecorated_DecoratedCustomizer> (0x000000008bf62460) 
thrown [s\src\hotspot\share\classfile\systemDictionary.cpp, line 256]
Event: 14.562 Thread 0x00000149b81fdc40 Exception <a 'java/lang/ClassNotFoundException'{0x000000008be31fc0}: com/android/build/gradle/internal/dsl/decorator/LockableSetBeanInfo> (0x000000008be31fc0) 
thrown [s\src\hotspot\share\classfile\systemDictionary.cpp, line 256]
Event: 14.562 Thread 0x00000149b81fdc40 Exception <a 'java/lang/ClassNotFoundException'{0x000000008be3b268}: java/util/AbstractSetBeanInfo> (0x000000008be3b268) 
thrown [s\src\hotspot\share\classfile\systemDictionary.cpp, line 256]
Event: 14.563 Thread 0x00000149b81fdc40 Exception <a 'java/lang/ClassNotFoundException'{0x000000008be44530}: java/util/AbstractSetCustomizer> (0x000000008be44530) 
thrown [s\src\hotspot\share\classfile\systemDictionary.cpp, line 256]
Event: 14.563 Thread 0x00000149b81fdc40 Exception <a 'java/lang/ClassNotFoundException'{0x000000008be56238}: com/android/build/gradle/internal/dsl/decorator/LockableSetCustomizer> (0x000000008be56238) 
thrown [s\src\hotspot\share\classfile\systemDictionary.cpp, line 256]
Event: 14.568 Thread 0x00000149b81fdc40 Exception <a 'java/lang/ClassNotFoundException'{0x000000008be9e450}: com/google/android/libraries/mapsplatform/secrets_gradle_plugin/SecretsPluginExtension_DecoratedBeanInfo> (0x000000008be9e450) 
thrown [s\src\hotspot\share\classfile\systemDictionary.cpp, line 256]
Event: 14.568 Thread 0x00000149b81fdc40 Exception <a 'java/lang/ClassNotFoundException'{0x000000008beab008}: com/google/android/libraries/mapsplatform/secrets_gradle_plugin/SecretsPluginExtensionBeanInfo> (0x000000008beab008) 
thrown [s\src\hotspot\share\classfile\systemDictionary.cpp, line 256]
Event: 14.569 Thread 0x00000149b81fdc40 Exception <a 'java/lang/ClassNotFoundException'{0x000000008beb7c00}: com/google/android/libraries/mapsplatform/secrets_gradle_plugin/SecretsPluginExtensionCustomizer> (0x000000008beb7c00) 
thrown [s\src\hotspot\share\classfile\systemDictionary.cpp, line 256]
Event: 14.570 Thread 0x00000149b81fdc40 Exception <a 'java/lang/ClassNotFoundException'{0x000000008beccbf8}: com/google/android/libraries/mapsplatform/secrets_gradle_plugin/SecretsPluginExtension_DecoratedCustomizer> (0x000000008beccbf8) 
thrown [s\src\hotspot\share\classfile\systemDictionary.cpp, line 256]
Event: 14.573 Thread 0x00000149b81fdc40 Exception <a 'java/lang/ClassNotFoundException'{0x000000008bdf0330}: java/util/ArrayListBeanInfo> (0x000000008bdf0330) 
thrown [s\src\hotspot\share\classfile\systemDictionary.cpp, line 256]
Event: 14.573 Thread 0x00000149b81fdc40 Exception <a 'java/lang/ClassNotFoundException'{0x000000008bdf88a8}: java/util/AbstractListBeanInfo> (0x000000008bdf88a8) 
thrown [s\src\hotspot\share\classfile\systemDictionary.cpp, line 256]
Event: 14.573 Thread 0x00000149b81fdc40 Exception <a 'java/lang/ClassNotFoundException'{0x000000008bc013f8}: java/util/AbstractListCustomizer> (0x000000008bc013f8) 
thrown [s\src\hotspot\share\classfile\systemDictionary.cpp, line 256]
Event: 14.574 Thread 0x00000149b81fdc40 Exception <a 'java/lang/ClassNotFoundException'{0x000000008bc148d0}: java/util/ArrayListCustomizer> (0x000000008bc148d0) 
thrown [s\src\hotspot\share\classfile\systemDictionary.cpp, line 256]
Event: 14.583 Thread 0x00000149b81fdc40 Implicit null exception at 0x00000149a4eda692 to 0x00000149a4edacd0

VM Operations (20 events):
Event: 12.550 Executing VM operation: HandshakeAllThreads
Event: 12.550 Executing VM operation: HandshakeAllThreads done
Event: 12.597 Executing VM operation: G1CollectForAllocation
Event: 12.606 Executing VM operation: G1CollectForAllocation done
Event: 12.831 Executing VM operation: G1CollectForAllocation
Event: 12.838 Executing VM operation: G1CollectForAllocation done
Event: 13.079 Executing VM operation: HandshakeAllThreads
Event: 13.079 Executing VM operation: HandshakeAllThreads done
Event: 14.079 Executing VM operation: ICBufferFull
Event: 14.080 Executing VM operation: ICBufferFull done
Event: 14.330 Executing VM operation: G1CollectForAllocation
Event: 14.337 Executing VM operation: G1CollectForAllocation done
Event: 14.456 Executing VM operation: G1Concurrent
Event: 14.462 Executing VM operation: G1Concurrent done
Event: 14.512 Executing VM operation: G1Concurrent
Event: 14.515 Executing VM operation: G1Concurrent done
Event: 14.575 Executing VM operation: HandshakeAllThreads
Event: 14.576 Executing VM operation: HandshakeAllThreads done
Event: 14.651 Executing VM operation: HandshakeAllThreads
Event: 14.651 Executing VM operation: HandshakeAllThreads done

Events (20 events):
Event: 14.563 loading class java/util/AbstractSetCustomizer done
Event: 14.572 loading class java/util/ArrayListBeanInfo
Event: 14.572 loading class java/util/ArrayListBeanInfo done
Event: 14.573 loading class java/util/ArrayListBeanInfo
Event: 14.573 loading class java/util/ArrayListBeanInfo done
Event: 14.573 loading class java/util/AbstractListBeanInfo
Event: 14.573 loading class java/util/AbstractListBeanInfo done
Event: 14.573 loading class java/util/AbstractListBeanInfo
Event: 14.573 loading class java/util/AbstractListBeanInfo done
Event: 14.573 loading class java/util/AbstractListCustomizer
Event: 14.573 loading class java/util/AbstractListCustomizer done
Event: 14.573 loading class java/util/AbstractListCustomizer
Event: 14.573 loading class java/util/AbstractListCustomizer done
Event: 14.574 loading class java/util/ArrayListCustomizer
Event: 14.574 loading class java/util/ArrayListCustomizer done
Event: 14.574 loading class java/util/ArrayListCustomizer
Event: 14.574 loading class java/util/ArrayListCustomizer done
Event: 14.579 Thread 0x00000149b3993a10 flushing nmethod 0x000001499d196c10
Event: 14.586 Thread 0x00000149b3993a10 flushing nmethod 0x000001499db53f10
Event: 14.586 Thread 0x00000149b3993a10 flushing nmethod 0x000001499db6cd10


Dynamic libraries:
0x00007ff65fed0000 - 0x00007ff65fedd000 	C:\Users\wefer\.jdks\corretto-17.0.7\bin\java.exe
0x00007ffcb9cf0000 - 0x00007ffcb9f04000 	C:\WINDOWS\SYSTEM32\ntdll.dll
0x00007ffcb89d0000 - 0x00007ffcb8a92000 	C:\WINDOWS\System32\KERNEL32.DLL
0x00007ffcb7510000 - 0x00007ffcb78b3000 	C:\WINDOWS\System32\KERNELBASE.dll
0x00007ffcb7110000 - 0x00007ffcb7221000 	C:\WINDOWS\System32\ucrtbase.dll
0x00007ffcaad50000 - 0x00007ffcaad65000 	C:\Users\wefer\.jdks\corretto-17.0.7\bin\VCRUNTIME140.dll
0x00007ffcae060000 - 0x00007ffcae077000 	C:\Users\wefer\.jdks\corretto-17.0.7\bin\jli.dll
0x00007ffcb7af0000 - 0x00007ffcb7c9b000 	C:\WINDOWS\System32\USER32.dll
0x00007ffcb7420000 - 0x00007ffcb7446000 	C:\WINDOWS\System32\win32u.dll
0x00007ffca2ec0000 - 0x00007ffca314e000 	C:\WINDOWS\WinSxS\amd64_microsoft.windows.common-controls_6595b64144ccf1df_6.0.22621.1635_none_270f70857386168e\COMCTL32.dll
0x00007ffcb8b50000 - 0x00007ffcb8b79000 	C:\WINDOWS\System32\GDI32.dll
0x00007ffcb8aa0000 - 0x00007ffcb8b47000 	C:\WINDOWS\System32\msvcrt.dll
0x00007ffcb78c0000 - 0x00007ffcb79d8000 	C:\WINDOWS\System32\gdi32full.dll
0x00007ffcb79e0000 - 0x00007ffcb7a7a000 	C:\WINDOWS\System32\msvcp_win.dll
0x00007ffcb9c70000 - 0x00007ffcb9ca1000 	C:\WINDOWS\System32\IMM32.DLL
0x00007ffc9b150000 - 0x00007ffc9b1eb000 	C:\Users\wefer\.jdks\corretto-17.0.7\bin\msvcp140.dll
0x00007ffc76f00000 - 0x00007ffc77b1a000 	C:\Users\wefer\.jdks\corretto-17.0.7\bin\server\jvm.dll
0x00007ffcb9740000 - 0x00007ffcb97ee000 	C:\WINDOWS\System32\ADVAPI32.dll
0x00007ffcb86a0000 - 0x00007ffcb8744000 	C:\WINDOWS\System32\sechost.dll
0x00007ffcb93d0000 - 0x00007ffcb94e7000 	C:\WINDOWS\System32\RPCRT4.dll
0x00007ffc9fb10000 - 0x00007ffc9fb19000 	C:\WINDOWS\SYSTEM32\WSOCK32.dll
0x00007ffcae050000 - 0x00007ffcae05a000 	C:\WINDOWS\SYSTEM32\VERSION.dll
0x00007ffcb7cc0000 - 0x00007ffcb7d31000 	C:\WINDOWS\System32\WS2_32.dll
0x00007ffcb0e10000 - 0x00007ffcb0e44000 	C:\WINDOWS\SYSTEM32\WINMM.dll
0x00007ffcb6160000 - 0x00007ffcb6178000 	C:\WINDOWS\SYSTEM32\kernel.appcore.dll
0x00007ffcb18d0000 - 0x00007ffcb18da000 	C:\Users\wefer\.jdks\corretto-17.0.7\bin\jimage.dll
0x00007ffcaf750000 - 0x00007ffcaf97e000 	C:\WINDOWS\SYSTEM32\DBGHELP.DLL
0x00007ffcb8f00000 - 0x00007ffcb9289000 	C:\WINDOWS\System32\combase.dll
0x00007ffcb9290000 - 0x00007ffcb9367000 	C:\WINDOWS\System32\OLEAUT32.dll
0x00007ffcaf6f0000 - 0x00007ffcaf722000 	C:\WINDOWS\SYSTEM32\dbgcore.DLL
0x00007ffcb7230000 - 0x00007ffcb72ab000 	C:\WINDOWS\System32\bcryptPrimitives.dll
0x00007ffca0240000 - 0x00007ffca0265000 	C:\Users\wefer\.jdks\corretto-17.0.7\bin\java.dll
0x00007ffc998b0000 - 0x00007ffc99986000 	C:\Users\wefer\.jdks\corretto-17.0.7\bin\jsvml.dll
0x00007ffcb7d40000 - 0x00007ffcb853a000 	C:\WINDOWS\System32\SHELL32.dll
0x00007ffcb5110000 - 0x00007ffcb59de000 	C:\WINDOWS\SYSTEM32\windows.storage.dll
0x00007ffcb4fd0000 - 0x00007ffcb510e000 	C:\WINDOWS\SYSTEM32\wintypes.dll
0x00007ffcb8540000 - 0x00007ffcb8631000 	C:\WINDOWS\System32\SHCORE.dll
0x00007ffcb8640000 - 0x00007ffcb869e000 	C:\WINDOWS\System32\shlwapi.dll
0x00007ffcb7040000 - 0x00007ffcb7061000 	C:\WINDOWS\SYSTEM32\profapi.dll
0x00007ffcaad30000 - 0x00007ffcaad49000 	C:\Users\wefer\.jdks\corretto-17.0.7\bin\net.dll
0x00007ffcb0890000 - 0x00007ffcb09c7000 	C:\WINDOWS\SYSTEM32\WINHTTP.dll
0x00007ffcb65d0000 - 0x00007ffcb6639000 	C:\WINDOWS\system32\mswsock.dll
0x00007ffc9ec80000 - 0x00007ffc9ec95000 	C:\Users\wefer\.jdks\corretto-17.0.7\bin\nio.dll
0x00007ffc9e700000 - 0x00007ffc9e718000 	C:\Users\wefer\.jdks\corretto-17.0.7\bin\zip.dll
0x00007ffcb1840000 - 0x00007ffcb1850000 	C:\Users\wefer\.jdks\corretto-17.0.7\bin\verify.dll
0x00007ffcae520000 - 0x00007ffcae547000 	C:\Users\wefer\.gradle\native\68d5fa5c4cc2d200863cafc0d521ce42e7d3e7ee720ec0a83991735586a16f82\windows-amd64\native-platform.dll
0x00007ffc93290000 - 0x00007ffc933d4000 	C:\Users\wefer\.gradle\native\e376f236ea51e6404a007f0833ffe2c6e607c4080706a723a18a27aeea778392\windows-amd64\native-platform-file-events.dll
0x00007ffcb1670000 - 0x00007ffcb1679000 	C:\Users\wefer\.jdks\corretto-17.0.7\bin\management.dll
0x00007ffcb1420000 - 0x00007ffcb142b000 	C:\Users\wefer\.jdks\corretto-17.0.7\bin\management_ext.dll
0x00007ffcb94f0000 - 0x00007ffcb94f8000 	C:\WINDOWS\System32\PSAPI.DLL
0x00007ffcb6830000 - 0x00007ffcb684b000 	C:\WINDOWS\SYSTEM32\CRYPTSP.dll
0x00007ffcb60d0000 - 0x00007ffcb6105000 	C:\WINDOWS\system32\rsaenh.dll
0x00007ffcb66d0000 - 0x00007ffcb66f8000 	C:\WINDOWS\SYSTEM32\USERENV.dll
0x00007ffcb69d0000 - 0x00007ffcb69f8000 	C:\WINDOWS\SYSTEM32\bcrypt.dll
0x00007ffcb6850000 - 0x00007ffcb685c000 	C:\WINDOWS\SYSTEM32\CRYPTBASE.dll
0x00007ffcb5c40000 - 0x00007ffcb5c6d000 	C:\WINDOWS\SYSTEM32\IPHLPAPI.DLL
0x00007ffcb8ef0000 - 0x00007ffcb8ef9000 	C:\WINDOWS\System32\NSI.dll
0x00007ffcb0870000 - 0x00007ffcb0889000 	C:\WINDOWS\SYSTEM32\dhcpcsvc6.DLL
0x00007ffcb0850000 - 0x00007ffcb086f000 	C:\WINDOWS\SYSTEM32\dhcpcsvc.DLL
0x00007ffcb5c70000 - 0x00007ffcb5d63000 	C:\WINDOWS\SYSTEM32\DNSAPI.dll
0x00007ffcb1920000 - 0x00007ffcb192e000 	C:\Users\wefer\.jdks\corretto-17.0.7\bin\sunmscapi.dll
0x00007ffcb72b0000 - 0x00007ffcb7417000 	C:\WINDOWS\System32\CRYPT32.dll
0x00007ffcb69a0000 - 0x00007ffcb69ce000 	C:\WINDOWS\SYSTEM32\ncrypt.dll
0x00007ffcb6960000 - 0x00007ffcb6997000 	C:\WINDOWS\SYSTEM32\NTASN1.dll
0x00007ffcb1650000 - 0x00007ffcb1658000 	C:\WINDOWS\system32\wshunix.dll

dbghelp: loaded successfully - version: 4.0.5 - missing functions: none
symbol engine: initialized successfully - sym options: 0x614 - pdb path: .;C:\Users\wefer\.jdks\corretto-17.0.7\bin;C:\WINDOWS\SYSTEM32;C:\WINDOWS\WinSxS\amd64_microsoft.windows.common-controls_6595b64144ccf1df_6.0.22621.1635_none_270f70857386168e;C:\Users\wefer\.jdks\corretto-17.0.7\bin\server;C:\Users\wefer\.gradle\native\68d5fa5c4cc2d200863cafc0d521ce42e7d3e7ee720ec0a83991735586a16f82\windows-amd64;C:\Users\wefer\.gradle\native\e376f236ea51e6404a007f0833ffe2c6e607c4080706a723a18a27aeea778392\windows-amd64

VM Arguments:
jvm_args: --add-opens=java.base/java.util=ALL-UNNAMED --add-opens=java.base/java.lang=ALL-UNNAMED --add-opens=java.base/java.lang.invoke=ALL-UNNAMED --add-opens=java.prefs/java.util.prefs=ALL-UNNAMED --add-opens=java.base/java.nio.charset=ALL-UNNAMED --add-opens=java.base/java.net=ALL-UNNAMED --add-opens=java.base/java.util.concurrent.atomic=ALL-UNNAMED -Xmx2048m -Dfile.encoding=UTF-8 -Duser.country=RU -Duser.language=ru -Duser.variant 
java_command: org.gradle.launcher.daemon.bootstrap.GradleDaemon 8.0
java_class_path (initial): C:\Users\wefer\.gradle\wrapper\dists\gradle-8.0-bin\ca5e32bp14vu59qr306oxotwh\gradle-8.0\lib\gradle-launcher-8.0.jar
Launcher Type: SUN_STANDARD

[Global flags]
     intx CICompilerCount                          = 3                                         {product} {ergonomic}
     uint ConcGCThreads                            = 1                                         {product} {ergonomic}
     uint G1ConcRefinementThreads                  = 4                                         {product} {ergonomic}
   size_t G1HeapRegionSize                         = 1048576                                   {product} {ergonomic}
    uintx GCDrainStackTargetSize                   = 64                                        {product} {ergonomic}
   size_t InitialHeapSize                          = 234881024                                 {product} {ergonomic}
   size_t MarkStackSize                            = 4194304                                   {product} {ergonomic}
   size_t MaxHeapSize                              = 2147483648                                {product} {command line}
   size_t MaxNewSize                               = 1287651328                                {product} {ergonomic}
   size_t MinHeapDeltaBytes                        = 1048576                                   {product} {ergonomic}
   size_t MinHeapSize                              = 8388608                                   {product} {ergonomic}
    uintx NonNMethodCodeHeapSize                   = 5832780                                {pd product} {ergonomic}
    uintx NonProfiledCodeHeapSize                  = 122912730                              {pd product} {ergonomic}
    uintx ProfiledCodeHeapSize                     = 122912730                              {pd product} {ergonomic}
    uintx ReservedCodeCacheSize                    = 251658240                              {pd product} {ergonomic}
     bool SegmentedCodeCache                       = true                                      {product} {ergonomic}
   size_t SoftMaxHeapSize                          = 2147483648                             {manageable} {ergonomic}
     bool UseCompressedClassPointers               = true                           {product lp64_product} {ergonomic}
     bool UseCompressedOops                        = true                           {product lp64_product} {ergonomic}
     bool UseG1GC                                  = true                                      {product} {ergonomic}
     bool UseLargePagesIndividualAllocation        = false                                  {pd product} {ergonomic}

Logging:
Log output configuration:
 #0: stdout all=warning uptime,level,tags
 #1: stderr all=off uptime,level,tags

Environment Variables:
PATH=C:\WINDOWS\system32;C:\WINDOWS;C:\WINDOWS\System32\Wbem;C:\WINDOWS\System32\WindowsPowerShell\v1.0\;C:\WINDOWS\System32\OpenSSH\;C:\Program Files\Microsoft SQL Server\150\Tools\Binn\;C:\Program Files\Microsoft SQL Server\Client SDK\ODBC\170\Tools\Binn\;C:\Program Files\dotnet\;C:\Program Files\Git\cmd;C:\Users\wefer\AppData\Local\Microsoft\WindowsApps;C:\Users\wefer\.dotnet\tools;C:\Program Files (x86)\Microsoft VS Code\bin
USERNAME=wefer
OS=Windows_NT
PROCESSOR_IDENTIFIER=AMD64 Family 23 Model 24 Stepping 1, AuthenticAMD
TMP=C:\Users\wefer\AppData\Local\Temp
TEMP=C:\Users\wefer\AppData\Local\Temp



---------------  S Y S T E M  ---------------

OS:
 Windows 11 , 64 bit Build 22621 (10.0.22621.1635)
OS uptime: 1 days 14:52 hours

CPU: total 4 (initial active 4) (4 cores per cpu, 2 threads per core) family 23 model 24 stepping 1 microcode 0x0, cx8, cmov, fxsr, ht, mmx, 3dnowpref, sse, sse2, sse3, ssse3, sse4a, sse4.1, sse4.2, popcnt, lzcnt, tsc, tscinvbit, avx, avx2, aes, clmul, bmi1, bmi2, adx, sha, fma, vzeroupper, clflush, clflushopt

Memory: 4k page, system-wide physical 14274M (1376M free)
TotalPageFile size 17298M (AvailPageFile size 5M)
current process WorkingSet (physical memory assigned to process): 428M, peak: 431M
current process commit charge ("private bytes"): 469M, peak: 470M

vm_info: OpenJDK 64-Bit Server VM (17.0.7+7-LTS) for windows-amd64 JRE (17.0.7+7-LTS), built on Apr 14 2023 01:39:21 by "Administrator" with MS VC++ 15.9 (VS2017)

END.
