#
# There is insufficient memory for the Java Runtime Environment to continue.
# Native memory allocation (mmap) failed to map 136314880 bytes for G1 virtual space
# Possible reasons:
#   The system is out of physical RAM or swap space
#   The process is running with CompressedOops enabled, and the Java Heap may be blocking the growth of the native heap
# Possible solutions:
#   Reduce memory load on the system
#   Increase physical memory or swap space
#   Check if swap backing store is full
#   Decrease Java heap size (-Xmx/-Xms)
#   Decrease number of Java threads
#   Decrease Java thread stack sizes (-Xss)
#   Set larger code cache with -XX:ReservedCodeCacheSize=
#   JVM is running with Unscaled Compressed Oops mode in which the Java heap is
#     placed in the first 4GB address space. The Java Heap base address is the
#     maximum limit for the native heap growth. Please use -XX:HeapBaseMinAddress
#     to set the Java Heap base and to place the Java Heap above 4GB virtual address.
# This output file may be truncated or incomplete.
#
#  Out of Memory Error (os_windows.cpp:3559), pid=11276, tid=2152
#
# JRE version: OpenJDK Runtime Environment Corretto-17.0.7.7.1 (17.0.7+7) (build 17.0.7+7-LTS)
# Java VM: OpenJDK 64-Bit Server VM Corretto-17.0.7.7.1 (17.0.7+7-LTS, mixed mode, sharing, tiered, compressed oops, compressed class ptrs, g1 gc, windows-amd64)
# No core dump will be written. Minidumps are not enabled by default on client versions of Windows
#

---------------  S U M M A R Y ------------

Command Line: --add-opens=java.base/java.util=ALL-UNNAMED --add-opens=java.base/java.lang=ALL-UNNAMED --add-opens=java.base/java.lang.invoke=ALL-UNNAMED --add-opens=java.prefs/java.util.prefs=ALL-UNNAMED --add-opens=java.base/java.nio.charset=ALL-UNNAMED --add-opens=java.base/java.net=ALL-UNNAMED --add-opens=java.base/java.util.concurrent.atomic=ALL-UNNAMED -Xmx2048m -Dfile.encoding=UTF-8 -Duser.country=RU -Duser.language=ru -Duser.variant org.gradle.launcher.daemon.bootstrap.GradleDaemon 8.0

Host: AMD Ryzen 3 3200U with Radeon Vega Mobile Gfx  , 4 cores, 13G,  Windows 11 , 64 bit Build 22621 (10.0.22621.1635)
Time: Tue May 30 15:18:26 2023 RTZ 4 (s 11 , 64 bit Build 22621 (10.0.22621.1635) elapsed time: 27.296839 seconds (0d 0h 0m 27s)

---------------  T H R E A D  ---------------

Current thread (0x000001e6932ac580):  VMThread "VM Thread" [stack: 0x000000678c800000,0x000000678c900000] [id=2152]

Stack: [0x000000678c800000,0x000000678c900000]
Native frames: (J=compiled Java code, j=interpreted, Vv=VM code, C=native code)
V  [jvm.dll+0x64b53a]
V  [jvm.dll+0x7fef54]
V  [jvm.dll+0x80070e]
V  [jvm.dll+0x800d63]
V  [jvm.dll+0x236a2b]
V  [jvm.dll+0x64843a]
V  [jvm.dll+0x63ce8a]
V  [jvm.dll+0x2f5629]
V  [jvm.dll+0x2fc826]
V  [jvm.dll+0x348eea]
V  [jvm.dll+0x34912f]
V  [jvm.dll+0x2cb9a8]
V  [jvm.dll+0x2c9da7]
V  [jvm.dll+0x2c938c]
V  [jvm.dll+0x30ca6b]
V  [jvm.dll+0x80519b]
V  [jvm.dll+0x805e78]
V  [jvm.dll+0x8063a5]
V  [jvm.dll+0x806774]
V  [jvm.dll+0x80683e]
V  [jvm.dll+0x7b237a]
V  [jvm.dll+0x64a3a5]
C  [ucrtbase.dll+0x29363]
C  [KERNEL32.DLL+0x126ad]
C  [ntdll.dll+0x5a9f8]

VM_Operation (0x00000067924f90c0): G1CollectForAllocation, mode: safepoint, requested by thread 0x000001e69b310d90


---------------  P R O C E S S  ---------------

Threads class SMR info:
_java_thread_list=0x000001e69a3ba9f0, length=89, elements={
0x000001e6f5601900, 0x000001e6932b1000, 0x000001e6932b1bb0, 0x000001e6932c93c0,
0x000001e6932c9f70, 0x000001e6932cca30, 0x000001e6932cd3e0, 0x000001e6932ce0c0,
0x000001e69345cc10, 0x000001e6934608e0, 0x000001e69352c8d0, 0x000001e693530db0,
0x000001e699857560, 0x000001e69918e440, 0x000001e699b8f010, 0x000001e699bb3590,
0x000001e69929cb00, 0x000001e699069a60, 0x000001e6992dcfd0, 0x000001e69876e440,
0x000001e6932fdff0, 0x000001e6932fbe40, 0x000001e6932ff330, 0x000001e6932fe4c0,
0x000001e699c6ef90, 0x000001e6932fdb20, 0x000001e6932fe990, 0x000001e6932fee60,
0x000001e6932fc7e0, 0x000001e6932fccb0, 0x000001e6932fd180, 0x000001e6932ff800,
0x000001e6932fd650, 0x000001e6932fc310, 0x000001e69b4cdb90, 0x000001e69b4ccd20,
0x000001e69b4d23c0, 0x000001e69b4cd6c0, 0x000001e69b4ce060, 0x000001e69b4d0210,
0x000001e69b4cb9e0, 0x000001e69b4cc850, 0x000001e69b4cbeb0, 0x000001e69b4d1550,
0x000001e69b4cea00, 0x000001e69b4d0bb0, 0x000001e69b4cf870, 0x000001e69b4d2890,
0x000001e69b4cb040, 0x000001e69b4ce530, 0x000001e69b4ceed0, 0x000001e69b4cb510,
0x000001e69b4cf3a0, 0x000001e69b4cd1f0, 0x000001e69b4d1080, 0x000001e69b4cfd40,
0x000001e69b4d1a20, 0x000001e6995e37e0, 0x000001e6995e8010, 0x000001e6995e4b20,
0x000001e6995e5990, 0x000001e6995e71a0, 0x000001e6995e4ff0, 0x000001e6995e7b40,
0x000001e6995e84e0, 0x000001e6995e4650, 0x000001e6995e2970, 0x000001e6995e9350,
0x000001e6995e54c0, 0x000001e6995e89b0, 0x000001e6995e1b00, 0x000001e6995e8e80,
0x000001e6995e1fd0, 0x000001e6995e7670, 0x000001e6995e3cb0, 0x000001e6995e5e60,
0x000001e6995e4180, 0x000001e6995e6330, 0x000001e6995e24a0, 0x000001e6995e2e40,
0x000001e6995e3310, 0x000001e6995e6800, 0x000001e69b3120d0, 0x000001e69b316dd0,
0x000001e69b3125a0, 0x000001e69b314750, 0x000001e69b3172a0, 0x000001e69b310d90,
0x000001e69b3150f0
}

Java Threads: ( => current thread )
  0x000001e6f5601900 JavaThread "main" [_thread_blocked, id=13876, stack(0x000000678c100000,0x000000678c200000)]
  0x000001e6932b1000 JavaThread "Reference Handler" daemon [_thread_blocked, id=2748, stack(0x000000678c900000,0x000000678ca00000)]
  0x000001e6932b1bb0 JavaThread "Finalizer" daemon [_thread_blocked, id=13812, stack(0x000000678ca00000,0x000000678cb00000)]
  0x000001e6932c93c0 JavaThread "Signal Dispatcher" daemon [_thread_blocked, id=4564, stack(0x000000678cb00000,0x000000678cc00000)]
  0x000001e6932c9f70 JavaThread "Attach Listener" daemon [_thread_blocked, id=13524, stack(0x000000678cc00000,0x000000678cd00000)]
  0x000001e6932cca30 JavaThread "Service Thread" daemon [_thread_blocked, id=2780, stack(0x000000678cd00000,0x000000678ce00000)]
  0x000001e6932cd3e0 JavaThread "Monitor Deflation Thread" daemon [_thread_blocked, id=10044, stack(0x000000678ce00000,0x000000678cf00000)]
  0x000001e6932ce0c0 JavaThread "C2 CompilerThread0" daemon [_thread_blocked, id=1492, stack(0x000000678cf00000,0x000000678d000000)]
  0x000001e69345cc10 JavaThread "C1 CompilerThread0" daemon [_thread_blocked, id=11832, stack(0x000000678d000000,0x000000678d100000)]
  0x000001e6934608e0 JavaThread "Sweeper thread" daemon [_thread_blocked, id=12336, stack(0x000000678d100000,0x000000678d200000)]
  0x000001e69352c8d0 JavaThread "Common-Cleaner" daemon [_thread_blocked, id=5984, stack(0x000000678d200000,0x000000678d300000)]
  0x000001e693530db0 JavaThread "Notification Thread" daemon [_thread_blocked, id=11340, stack(0x000000678d300000,0x000000678d400000)]
  0x000001e699857560 JavaThread "Daemon health stats" [_thread_blocked, id=6948, stack(0x000000678d500000,0x000000678d600000)]
  0x000001e69918e440 JavaThread "Incoming local TCP Connector on port 49944" [_thread_in_native, id=8248, stack(0x000000678d900000,0x000000678da00000)]
  0x000001e699b8f010 JavaThread "Daemon periodic checks" [_thread_blocked, id=13020, stack(0x000000678da00000,0x000000678db00000)]
  0x000001e699bb3590 JavaThread "Daemon" [_thread_blocked, id=13172, stack(0x000000678db00000,0x000000678dc00000)]
  0x000001e69929cb00 JavaThread "Handler for socket connection from /127.0.0.1:49944 to /127.0.0.1:49945" [_thread_in_native, id=12736, stack(0x000000678dc00000,0x000000678dd00000)]
  0x000001e699069a60 JavaThread "Cancel handler" [_thread_blocked, id=696, stack(0x000000678dd00000,0x000000678de00000)]
  0x000001e6992dcfd0 JavaThread "Daemon worker" [_thread_blocked, id=11948, stack(0x000000678de00000,0x000000678df00000)]
  0x000001e69876e440 JavaThread "Asynchronous log dispatcher for DefaultDaemonConnection: socket connection from /127.0.0.1:49944 to /127.0.0.1:49945" [_thread_blocked, id=14308, stack(0x000000678df00000,0x000000678e000000)]
  0x000001e6932fdff0 JavaThread "Stdin handler" [_thread_blocked, id=8980, stack(0x000000678e000000,0x000000678e100000)]
  0x000001e6932fbe40 JavaThread "Daemon client event forwarder" [_thread_blocked, id=5544, stack(0x000000678e100000,0x000000678e200000)]
  0x000001e6932ff330 JavaThread "Cache worker for journal cache (C:\Users\wefer\.gradle\caches\journal-1)" [_thread_blocked, id=11612, stack(0x000000678e200000,0x000000678e300000)]
  0x000001e6932fe4c0 JavaThread "File lock request listener" [_thread_in_native, id=14180, stack(0x000000678e300000,0x000000678e400000)]
  0x000001e699c6ef90 JavaThread "C2 CompilerThread1" daemon [_thread_blocked, id=10344, stack(0x000000678e400000,0x000000678e500000)]
  0x000001e6932fdb20 JavaThread "Cache worker for file hash cache (C:\Users\wefer\.gradle\caches\8.0\fileHashes)" [_thread_blocked, id=12072, stack(0x000000678e500000,0x000000678e600000)]
  0x000001e6932fe990 JavaThread "File watcher server" daemon [_thread_blocked, id=9144, stack(0x000000678e600000,0x000000678e700000)]
  0x000001e6932fee60 JavaThread "File watcher consumer" daemon [_thread_blocked, id=12508, stack(0x000000678e700000,0x000000678e800000)]
  0x000001e6932fc7e0 JavaThread "Cache worker for checksums cache (C:\Users\wefer\OneDrive\Рабочий стол\КУРСОВАЯ\FIND_WORK_IT\.gradle\8.0\checksums)" [_thread_blocked, id=4828, stack(0x000000678e800000,0x000000678e900000)]
  0x000001e6932fccb0 JavaThread "Cache worker for cache directory md-rule (C:\Users\wefer\.gradle\caches\8.0\md-rule)" [_thread_blocked, id=10120, stack(0x000000678e900000,0x000000678ea00000)]
  0x000001e6932fd180 JavaThread "Cache worker for file content cache (C:\Users\wefer\.gradle\caches\8.0\fileContent)" [_thread_blocked, id=4380, stack(0x000000678ea00000,0x000000678eb00000)]
  0x000001e6932ff800 JavaThread "Cache worker for file hash cache (C:\Users\wefer\OneDrive\Рабочий стол\КУРСОВАЯ\FIND_WORK_IT\.gradle\8.0\fileHashes)" [_thread_blocked, id=14216, stack(0x000000678eb00000,0x000000678ec00000)]
  0x000001e6932fd650 JavaThread "Cache worker for cache directory md-supplier (C:\Users\wefer\.gradle\caches\8.0\md-supplier)" [_thread_blocked, id=5036, stack(0x000000678ec00000,0x000000678ed00000)]
  0x000001e6932fc310 JavaThread "Cache worker for execution history cache (C:\Users\wefer\.gradle\caches\8.0\executionHistory)" [_thread_blocked, id=12888, stack(0x000000678ed00000,0x000000678ee00000)]
  0x000001e69b4cdb90 JavaThread "jar transforms" [_thread_blocked, id=9016, stack(0x000000678ee00000,0x000000678ef00000)]
  0x000001e69b4ccd20 JavaThread "jar transforms Thread 2" [_thread_blocked, id=9676, stack(0x000000678ef00000,0x000000678f000000)]
  0x000001e69b4d23c0 JavaThread "jar transforms Thread 3" [_thread_blocked, id=5892, stack(0x000000678f100000,0x000000678f200000)]
  0x000001e69b4cd6c0 JavaThread "jar transforms Thread 4" [_thread_blocked, id=6788, stack(0x000000678f200000,0x000000678f300000)]
  0x000001e69b4ce060 JavaThread "Cache worker for dependencies-accessors (C:\Users\wefer\OneDrive\Рабочий стол\КУРСОВАЯ\FIND_WORK_IT\.gradle\8.0\dependencies-accessors)" [_thread_blocked, id=12856, stack(0x000000678f300000,0x000000678f400000)]
  0x000001e69b4d0210 JavaThread "Cache worker for Build Output Cleanup Cache (C:\Users\wefer\OneDrive\Рабочий стол\КУРСОВАЯ\FIND_WORK_IT\.gradle\buildOutputCleanup)" [_thread_blocked, id=11096, stack(0x000000678f400000,0x000000678f500000)]
  0x000001e69b4cb9e0 JavaThread "Unconstrained build operations" [_thread_blocked, id=808, stack(0x000000678f500000,0x000000678f600000)]
  0x000001e69b4cc850 JavaThread "Unconstrained build operations Thread 2" [_thread_blocked, id=9844, stack(0x000000678f600000,0x000000678f700000)]
  0x000001e69b4cbeb0 JavaThread "Unconstrained build operations Thread 3" [_thread_blocked, id=10980, stack(0x000000678f700000,0x000000678f800000)]
  0x000001e69b4d1550 JavaThread "Unconstrained build operations Thread 4" [_thread_blocked, id=2180, stack(0x000000678f800000,0x000000678f900000)]
  0x000001e69b4cea00 JavaThread "Unconstrained build operations Thread 5" [_thread_blocked, id=10256, stack(0x000000678f900000,0x000000678fa00000)]
  0x000001e69b4d0bb0 JavaThread "Unconstrained build operations Thread 6" [_thread_blocked, id=8740, stack(0x000000678fa00000,0x000000678fb00000)]
  0x000001e69b4cf870 JavaThread "Unconstrained build operations Thread 7" [_thread_blocked, id=8264, stack(0x000000678fb00000,0x000000678fc00000)]
  0x000001e69b4d2890 JavaThread "Unconstrained build operations Thread 8" [_thread_blocked, id=11492, stack(0x000000678fc00000,0x000000678fd00000)]
  0x000001e69b4cb040 JavaThread "Unconstrained build operations Thread 9" [_thread_blocked, id=7660, stack(0x000000678fd00000,0x000000678fe00000)]
  0x000001e69b4ce530 JavaThread "Unconstrained build operations Thread 10" [_thread_blocked, id=8460, stack(0x000000678fe00000,0x000000678ff00000)]
  0x000001e69b4ceed0 JavaThread "Unconstrained build operations Thread 11" [_thread_blocked, id=12860, stack(0x000000678ff00000,0x0000006790000000)]
  0x000001e69b4cb510 JavaThread "Unconstrained build operations Thread 12" [_thread_blocked, id=13144, stack(0x0000006790000000,0x0000006790100000)]
  0x000001e69b4cf3a0 JavaThread "Unconstrained build operations Thread 13" [_thread_blocked, id=8432, stack(0x0000006790100000,0x0000006790200000)]
  0x000001e69b4cd1f0 JavaThread "Unconstrained build operations Thread 14" [_thread_blocked, id=10496, stack(0x0000006790200000,0x0000006790300000)]
  0x000001e69b4d1080 JavaThread "Unconstrained build operations Thread 15" [_thread_blocked, id=13764, stack(0x0000006790300000,0x0000006790400000)]
  0x000001e69b4cfd40 JavaThread "Unconstrained build operations Thread 16" [_thread_blocked, id=13760, stack(0x0000006790400000,0x0000006790500000)]
  0x000001e69b4d1a20 JavaThread "Unconstrained build operations Thread 17" [_thread_blocked, id=11596, stack(0x0000006790500000,0x0000006790600000)]
  0x000001e6995e37e0 JavaThread "Unconstrained build operations Thread 18" [_thread_blocked, id=8328, stack(0x0000006790600000,0x0000006790700000)]
  0x000001e6995e8010 JavaThread "Unconstrained build operations Thread 19" [_thread_blocked, id=9432, stack(0x0000006790700000,0x0000006790800000)]
  0x000001e6995e4b20 JavaThread "Unconstrained build operations Thread 20" [_thread_blocked, id=3496, stack(0x0000006790800000,0x0000006790900000)]
  0x000001e6995e5990 JavaThread "Unconstrained build operations Thread 21" [_thread_blocked, id=11504, stack(0x0000006790900000,0x0000006790a00000)]
  0x000001e6995e71a0 JavaThread "Unconstrained build operations Thread 22" [_thread_blocked, id=9176, stack(0x0000006790a00000,0x0000006790b00000)]
  0x000001e6995e4ff0 JavaThread "Unconstrained build operations Thread 23" [_thread_blocked, id=100, stack(0x0000006790b00000,0x0000006790c00000)]
  0x000001e6995e7b40 JavaThread "Unconstrained build operations Thread 24" [_thread_blocked, id=5520, stack(0x0000006790c00000,0x0000006790d00000)]
  0x000001e6995e84e0 JavaThread "Unconstrained build operations Thread 25" [_thread_blocked, id=12332, stack(0x0000006790d00000,0x0000006790e00000)]
  0x000001e6995e4650 JavaThread "Unconstrained build operations Thread 26" [_thread_blocked, id=8220, stack(0x0000006790e00000,0x0000006790f00000)]
  0x000001e6995e2970 JavaThread "Unconstrained build operations Thread 27" [_thread_blocked, id=6836, stack(0x0000006790f00000,0x0000006791000000)]
  0x000001e6995e9350 JavaThread "Unconstrained build operations Thread 28" [_thread_blocked, id=12444, stack(0x0000006791000000,0x0000006791100000)]
  0x000001e6995e54c0 JavaThread "Unconstrained build operations Thread 29" [_thread_blocked, id=2724, stack(0x0000006791100000,0x0000006791200000)]
  0x000001e6995e89b0 JavaThread "Unconstrained build operations Thread 30" [_thread_blocked, id=8772, stack(0x0000006791200000,0x0000006791300000)]
  0x000001e6995e1b00 JavaThread "Unconstrained build operations Thread 31" [_thread_blocked, id=3164, stack(0x0000006791300000,0x0000006791400000)]
  0x000001e6995e8e80 JavaThread "Unconstrained build operations Thread 32" [_thread_blocked, id=6776, stack(0x0000006791400000,0x0000006791500000)]
  0x000001e6995e1fd0 JavaThread "Unconstrained build operations Thread 33" [_thread_blocked, id=5140, stack(0x0000006791500000,0x0000006791600000)]
  0x000001e6995e7670 JavaThread "Unconstrained build operations Thread 34" [_thread_blocked, id=12584, stack(0x0000006791600000,0x0000006791700000)]
  0x000001e6995e3cb0 JavaThread "Unconstrained build operations Thread 35" [_thread_blocked, id=14004, stack(0x0000006791700000,0x0000006791800000)]
  0x000001e6995e5e60 JavaThread "Unconstrained build operations Thread 36" [_thread_blocked, id=10388, stack(0x0000006791800000,0x0000006791900000)]
  0x000001e6995e4180 JavaThread "Unconstrained build operations Thread 37" [_thread_blocked, id=6796, stack(0x0000006791900000,0x0000006791a00000)]
  0x000001e6995e6330 JavaThread "Unconstrained build operations Thread 38" [_thread_blocked, id=11976, stack(0x0000006791a00000,0x0000006791b00000)]
  0x000001e6995e24a0 JavaThread "Unconstrained build operations Thread 39" [_thread_blocked, id=1548, stack(0x0000006791b00000,0x0000006791c00000)]
  0x000001e6995e2e40 JavaThread "Unconstrained build operations Thread 40" [_thread_blocked, id=13060, stack(0x0000006791c00000,0x0000006791d00000)]
  0x000001e6995e3310 JavaThread "build event listener" [_thread_blocked, id=6804, stack(0x0000006791d00000,0x0000006791e00000)]
  0x000001e6995e6800 JavaThread "Memory manager" [_thread_blocked, id=5196, stack(0x0000006791e00000,0x0000006791f00000)]
  0x000001e69b3120d0 JavaThread "pool-3-thread-1" [_thread_blocked, id=11692, stack(0x0000006791f00000,0x0000006792000000)]
  0x000001e69b316dd0 JavaThread "build event listener" [_thread_blocked, id=11168, stack(0x0000006792000000,0x0000006792100000)]
  0x000001e69b3125a0 JavaThread "included builds" [_thread_blocked, id=13072, stack(0x0000006792100000,0x0000006792200000)]
  0x000001e69b314750 JavaThread "Execution worker" [_thread_blocked, id=14036, stack(0x0000006792200000,0x0000006792300000)]
  0x000001e69b3172a0 JavaThread "Execution worker Thread 2" [_thread_blocked, id=6276, stack(0x0000006792300000,0x0000006792400000)]
  0x000001e69b310d90 JavaThread "Execution worker Thread 3" [_thread_blocked, id=10864, stack(0x0000006792400000,0x0000006792500000)]
  0x000001e69b3150f0 JavaThread "Cache worker for execution history cache (C:\Users\wefer\OneDrive\Рабочий стол\КУРСОВАЯ\FIND_WORK_IT\.gradle\8.0\executionHistory)" [_thread_blocked, id=12988, stack(0x0000006792500000,0x0000006792600000)]

Other Threads:
=>0x000001e6932ac580 VMThread "VM Thread" [stack: 0x000000678c800000,0x000000678c900000] [id=2152]
  0x000001e6935326a0 WatcherThread [stack: 0x000000678d400000,0x000000678d500000] [id=13628]
  0x000001e6f565aca0 GCTaskThread "GC Thread#0" [stack: 0x000000678c300000,0x000000678c400000] [id=12996]
  0x000001e693817950 GCTaskThread "GC Thread#1" [stack: 0x000000678d600000,0x000000678d700000] [id=13236]
  0x000001e6980c34a0 GCTaskThread "GC Thread#2" [stack: 0x000000678d700000,0x000000678d800000] [id=2468]
  0x000001e6980c3750 GCTaskThread "GC Thread#3" [stack: 0x000000678d800000,0x000000678d900000] [id=12516]
  0x000001e6f566bbe0 ConcurrentGCThread "G1 Main Marker" [stack: 0x000000678c400000,0x000000678c500000] [id=4548]
  0x000001e6f566d760 ConcurrentGCThread "G1 Conc#0" [stack: 0x000000678c500000,0x000000678c600000] [id=11408]
  0x000001e6f56ce720 ConcurrentGCThread "G1 Refine#0" [stack: 0x000000678c600000,0x000000678c700000] [id=12572]
  0x000001e69349e4a0 ConcurrentGCThread "G1 Refine#1" [stack: 0x000000678f000000,0x000000678f100000] [id=8624]
  0x000001e6931664c0 ConcurrentGCThread "G1 Service" [stack: 0x000000678c700000,0x000000678c800000] [id=13308]

Threads with active compile tasks:
C2 CompilerThread0    27316 12246       4       java.util.regex.Pattern$Branch::match (66 bytes)
C2 CompilerThread1    27316 12220       4       com.android.utils.PositionXmlParser$DomBuilder::findOpeningTag (131 bytes)

VM state: at safepoint (normal execution)

VM Mutex/Monitor currently owned by a thread:  ([mutex/lock_event])
[0x000001e6f55fb850] Threads_lock - owner thread: 0x000001e6932ac580
[0x000001e6f55fc1e0] Heap_lock - owner thread: 0x000001e69b310d90

Heap address: 0x0000000080000000, size: 2048 MB, Compressed Oops mode: 32-bit

CDS archive(s) mapped at: [0x0000000800000000-0x0000000800bc0000-0x0000000800bc0000), size 12320768, SharedBaseAddress: 0x0000000800000000, ArchiveRelocationMode: 0.
Compressed class space mapped at: 0x0000000801000000-0x0000000841000000, reserved size: 1073741824
Narrow klass base: 0x0000000800000000, Narrow klass shift: 0, Narrow klass range: 0x100000000

GC Precious Log:
 CPUs: 4 total, 4 available
 Memory: 14274M
 Large Page Support: Disabled
 NUMA Support: Disabled
 Compressed Oops: Enabled (32-bit)
 Heap Region Size: 1M
 Heap Min Capacity: 8M
 Heap Initial Capacity: 224M
 Heap Max Capacity: 2G
 Pre-touch: Disabled
 Parallel Workers: 4
 Concurrent Workers: 1
 Concurrent Refinement Workers: 4
 Periodic GC: Disabled

Heap:
 garbage-first heap   total 229376K, used 101418K [0x0000000080000000, 0x0000000100000000)
  region size 1024K, 3 young (3072K), 3 survivors (3072K)
 Metaspace       used 84278K, committed 84928K, reserved 1179648K
  class space    used 11409K, committed 11712K, reserved 1048576K

Heap Regions: E=young(eden), S=young(survivor), O=old, HS=humongous(starts), HC=humongous(continues), CS=collection set, F=free, OA=open archive, CA=closed archive, TAMS=top-at-mark-start (previous, next)
|   0|0x0000000080000000, 0x0000000080100000, 0x0000000080100000|100%| O|  |TAMS 0x0000000080100000, 0x0000000080100000| Untracked 
|   1|0x0000000080100000, 0x0000000080200000, 0x0000000080200000|100%| O|  |TAMS 0x0000000080200000, 0x0000000080200000| Untracked 
|   2|0x0000000080200000, 0x0000000080300000, 0x0000000080300000|100%|HS|  |TAMS 0x0000000080300000, 0x0000000080300000| Complete 
|   3|0x0000000080300000, 0x0000000080400000, 0x0000000080400000|100%|HC|  |TAMS 0x0000000080400000, 0x0000000080400000| Complete 
|   4|0x0000000080400000, 0x0000000080500000, 0x0000000080500000|100%|HC|  |TAMS 0x0000000080500000, 0x0000000080500000| Complete 
|   5|0x0000000080500000, 0x0000000080600000, 0x0000000080600000|100%|HC|  |TAMS 0x0000000080600000, 0x0000000080600000| Complete 
|   6|0x0000000080600000, 0x0000000080700000, 0x0000000080700000|100%| O|  |TAMS 0x0000000080700000, 0x0000000080700000| Untracked 
|   7|0x0000000080700000, 0x0000000080800000, 0x0000000080800000|100%| O|  |TAMS 0x0000000080800000, 0x0000000080800000| Untracked 
|   8|0x0000000080800000, 0x0000000080900000, 0x0000000080900000|100%| O|  |TAMS 0x0000000080900000, 0x0000000080900000| Untracked 
|   9|0x0000000080900000, 0x0000000080a00000, 0x0000000080a00000|100%| O|  |TAMS 0x0000000080a00000, 0x0000000080a00000| Untracked 
|  10|0x0000000080a00000, 0x0000000080b00000, 0x0000000080b00000|100%| O|  |TAMS 0x0000000080b00000, 0x0000000080b00000| Untracked 
|  11|0x0000000080b00000, 0x0000000080c00000, 0x0000000080c00000|100%| O|  |TAMS 0x0000000080c00000, 0x0000000080c00000| Untracked 
|  12|0x0000000080c00000, 0x0000000080d00000, 0x0000000080d00000|100%| O|  |TAMS 0x0000000080d00000, 0x0000000080d00000| Untracked 
|  13|0x0000000080d00000, 0x0000000080e00000, 0x0000000080e00000|100%| O|  |TAMS 0x0000000080e00000, 0x0000000080e00000| Untracked 
|  14|0x0000000080e00000, 0x0000000080f00000, 0x0000000080f00000|100%| O|  |TAMS 0x0000000080f00000, 0x0000000080f00000| Untracked 
|  15|0x0000000080f00000, 0x0000000081000000, 0x0000000081000000|100%| O|  |TAMS 0x0000000081000000, 0x0000000081000000| Untracked 
|  16|0x0000000081000000, 0x0000000081100000, 0x0000000081100000|100%| O|  |TAMS 0x0000000081100000, 0x0000000081100000| Untracked 
|  17|0x0000000081100000, 0x0000000081200000, 0x0000000081200000|100%| O|  |TAMS 0x0000000081200000, 0x0000000081200000| Untracked 
|  18|0x0000000081200000, 0x0000000081300000, 0x0000000081300000|100%| O|  |TAMS 0x0000000081300000, 0x0000000081300000| Untracked 
|  19|0x0000000081300000, 0x0000000081400000, 0x0000000081400000|100%| O|  |TAMS 0x0000000081400000, 0x0000000081400000| Untracked 
|  20|0x0000000081400000, 0x0000000081500000, 0x0000000081500000|100%| O|  |TAMS 0x0000000081500000, 0x0000000081500000| Untracked 
|  21|0x0000000081500000, 0x0000000081600000, 0x0000000081600000|100%| O|  |TAMS 0x0000000081600000, 0x0000000081600000| Untracked 
|  22|0x0000000081600000, 0x0000000081700000, 0x0000000081700000|100%| O|  |TAMS 0x0000000081700000, 0x0000000081700000| Untracked 
|  23|0x0000000081700000, 0x0000000081800000, 0x0000000081800000|100%| O|  |TAMS 0x0000000081800000, 0x0000000081800000| Untracked 
|  24|0x0000000081800000, 0x0000000081900000, 0x0000000081900000|100%| O|  |TAMS 0x0000000081900000, 0x0000000081900000| Untracked 
|  25|0x0000000081900000, 0x0000000081a00000, 0x0000000081a00000|100%| O|  |TAMS 0x0000000081a00000, 0x0000000081a00000| Untracked 
|  26|0x0000000081a00000, 0x0000000081b00000, 0x0000000081b00000|100%| O|  |TAMS 0x0000000081b00000, 0x0000000081b00000| Untracked 
|  27|0x0000000081b00000, 0x0000000081c00000, 0x0000000081c00000|100%| O|  |TAMS 0x0000000081c00000, 0x0000000081c00000| Untracked 
|  28|0x0000000081c00000, 0x0000000081d00000, 0x0000000081d00000|100%| O|  |TAMS 0x0000000081d00000, 0x0000000081d00000| Untracked 
|  29|0x0000000081d00000, 0x0000000081e00000, 0x0000000081e00000|100%| O|  |TAMS 0x0000000081e00000, 0x0000000081e00000| Untracked 
|  30|0x0000000081e00000, 0x0000000081f00000, 0x0000000081f00000|100%| O|  |TAMS 0x0000000081f00000, 0x0000000081f00000| Untracked 
|  31|0x0000000081f00000, 0x0000000082000000, 0x0000000082000000|100%|HS|  |TAMS 0x0000000082000000, 0x0000000082000000| Complete 
|  32|0x0000000082000000, 0x0000000082100000, 0x0000000082100000|100%| O|  |TAMS 0x0000000082100000, 0x0000000082100000| Untracked 
|  33|0x0000000082100000, 0x0000000082200000, 0x0000000082200000|100%| O|  |TAMS 0x0000000082200000, 0x0000000082200000| Untracked 
|  34|0x0000000082200000, 0x0000000082300000, 0x0000000082300000|100%| O|  |TAMS 0x0000000082300000, 0x0000000082300000| Untracked 
|  35|0x0000000082300000, 0x0000000082400000, 0x0000000082400000|100%|HS|  |TAMS 0x0000000082400000, 0x0000000082400000| Complete 
|  36|0x0000000082400000, 0x0000000082500000, 0x0000000082500000|100%| O|  |TAMS 0x0000000082500000, 0x0000000082500000| Untracked 
|  37|0x0000000082500000, 0x0000000082600000, 0x0000000082600000|100%| O|  |TAMS 0x0000000082600000, 0x0000000082600000| Untracked 
|  38|0x0000000082600000, 0x0000000082700000, 0x0000000082700000|100%| O|  |TAMS 0x0000000082700000, 0x0000000082700000| Untracked 
|  39|0x0000000082700000, 0x0000000082800000, 0x0000000082800000|100%| O|  |TAMS 0x0000000082800000, 0x0000000082800000| Untracked 
|  40|0x0000000082800000, 0x0000000082900000, 0x0000000082900000|100%|HS|  |TAMS 0x0000000082900000, 0x0000000082900000| Complete 
|  41|0x0000000082900000, 0x0000000082a00000, 0x0000000082a00000|100%|HC|  |TAMS 0x0000000082a00000, 0x0000000082a00000| Complete 
|  42|0x0000000082a00000, 0x0000000082b00000, 0x0000000082b00000|100%|HC|  |TAMS 0x0000000082b00000, 0x0000000082b00000| Complete 
|  43|0x0000000082b00000, 0x0000000082c00000, 0x0000000082c00000|100%|HC|  |TAMS 0x0000000082c00000, 0x0000000082c00000| Complete 
|  44|0x0000000082c00000, 0x0000000082d00000, 0x0000000082d00000|100%|HS|  |TAMS 0x0000000082d00000, 0x0000000082d00000| Complete 
|  45|0x0000000082d00000, 0x0000000082e00000, 0x0000000082e00000|100%| O|  |TAMS 0x0000000082e00000, 0x0000000082e00000| Untracked 
|  46|0x0000000082e00000, 0x0000000082f00000, 0x0000000082f00000|100%| O|  |TAMS 0x0000000082f00000, 0x0000000082f00000| Untracked 
|  47|0x0000000082f00000, 0x0000000082f00000, 0x0000000083000000|  0%| F|  |TAMS 0x0000000082f00000, 0x0000000082f00000| Untracked 
|  48|0x0000000083000000, 0x0000000083100000, 0x0000000083100000|100%| O|  |TAMS 0x0000000083100000, 0x0000000083100000| Untracked 
|  49|0x0000000083100000, 0x0000000083200000, 0x0000000083200000|100%| O|  |TAMS 0x0000000083200000, 0x0000000083200000| Untracked 
|  50|0x0000000083200000, 0x0000000083300000, 0x0000000083300000|100%| O|  |TAMS 0x0000000083300000, 0x0000000083300000| Untracked 
|  51|0x0000000083300000, 0x0000000083400000, 0x0000000083400000|100%| O|  |TAMS 0x0000000083400000, 0x0000000083400000| Untracked 
|  52|0x0000000083400000, 0x0000000083500000, 0x0000000083500000|100%| O|  |TAMS 0x0000000083500000, 0x0000000083500000| Untracked 
|  53|0x0000000083500000, 0x0000000083600000, 0x0000000083600000|100%| O|  |TAMS 0x0000000083600000, 0x0000000083600000| Untracked 
|  54|0x0000000083600000, 0x0000000083700000, 0x0000000083700000|100%| O|  |TAMS 0x0000000083700000, 0x0000000083700000| Untracked 
|  55|0x0000000083700000, 0x0000000083800000, 0x0000000083800000|100%| O|  |TAMS 0x0000000083800000, 0x0000000083800000| Untracked 
|  56|0x0000000083800000, 0x0000000083900000, 0x0000000083900000|100%| O|  |TAMS 0x0000000083900000, 0x0000000083900000| Untracked 
|  57|0x0000000083900000, 0x0000000083a00000, 0x0000000083a00000|100%| O|  |TAMS 0x0000000083a00000, 0x0000000083a00000| Untracked 
|  58|0x0000000083a00000, 0x0000000083b00000, 0x0000000083b00000|100%| O|  |TAMS 0x0000000083b00000, 0x0000000083b00000| Untracked 
|  59|0x0000000083b00000, 0x0000000083c00000, 0x0000000083c00000|100%| O|  |TAMS 0x0000000083c00000, 0x0000000083c00000| Untracked 
|  60|0x0000000083c00000, 0x0000000083d00000, 0x0000000083d00000|100%| O|  |TAMS 0x0000000083d00000, 0x0000000083d00000| Untracked 
|  61|0x0000000083d00000, 0x0000000083e00000, 0x0000000083e00000|100%| O|  |TAMS 0x0000000083e00000, 0x0000000083e00000| Untracked 
|  62|0x0000000083e00000, 0x0000000083f00000, 0x0000000083f00000|100%| O|  |TAMS 0x0000000083f00000, 0x0000000083f00000| Untracked 
|  63|0x0000000083f00000, 0x0000000084000000, 0x0000000084000000|100%| O|  |TAMS 0x0000000084000000, 0x0000000084000000| Untracked 
|  64|0x0000000084000000, 0x0000000084100000, 0x0000000084100000|100%| O|  |TAMS 0x0000000084100000, 0x0000000084100000| Untracked 
|  65|0x0000000084100000, 0x0000000084200000, 0x0000000084200000|100%| O|  |TAMS 0x0000000084200000, 0x0000000084200000| Untracked 
|  66|0x0000000084200000, 0x0000000084300000, 0x0000000084300000|100%| O|  |TAMS 0x0000000084300000, 0x0000000084300000| Untracked 
|  67|0x0000000084300000, 0x0000000084400000, 0x0000000084400000|100%| O|  |TAMS 0x0000000084400000, 0x0000000084400000| Untracked 
|  68|0x0000000084400000, 0x0000000084500000, 0x0000000084500000|100%| O|  |TAMS 0x0000000084500000, 0x0000000084500000| Untracked 
|  69|0x0000000084500000, 0x0000000084600000, 0x0000000084600000|100%| O|  |TAMS 0x0000000084600000, 0x0000000084600000| Untracked 
|  70|0x0000000084600000, 0x0000000084700000, 0x0000000084700000|100%| O|  |TAMS 0x0000000084700000, 0x0000000084700000| Untracked 
|  71|0x0000000084700000, 0x0000000084800000, 0x0000000084800000|100%| O|  |TAMS 0x0000000084800000, 0x0000000084800000| Untracked 
|  72|0x0000000084800000, 0x0000000084900000, 0x0000000084900000|100%| O|  |TAMS 0x0000000084900000, 0x0000000084900000| Untracked 
|  73|0x0000000084900000, 0x0000000084a00000, 0x0000000084a00000|100%| O|  |TAMS 0x0000000084a00000, 0x0000000084a00000| Untracked 
|  74|0x0000000084a00000, 0x0000000084b00000, 0x0000000084b00000|100%| O|  |TAMS 0x0000000084b00000, 0x0000000084b00000| Untracked 
|  75|0x0000000084b00000, 0x0000000084c00000, 0x0000000084c00000|100%| O|  |TAMS 0x0000000084c00000, 0x0000000084c00000| Untracked 
|  76|0x0000000084c00000, 0x0000000084d00000, 0x0000000084d00000|100%| O|  |TAMS 0x0000000084d00000, 0x0000000084d00000| Untracked 
|  77|0x0000000084d00000, 0x0000000084e00000, 0x0000000084e00000|100%| O|  |TAMS 0x0000000084e00000, 0x0000000084e00000| Untracked 
|  78|0x0000000084e00000, 0x0000000084f00000, 0x0000000084f00000|100%| O|  |TAMS 0x0000000084e8da00, 0x0000000084f00000| Untracked 
|  79|0x0000000084f00000, 0x0000000085000000, 0x0000000085000000|100%| O|  |TAMS 0x0000000084f00000, 0x0000000085000000| Untracked 
|  80|0x0000000085000000, 0x0000000085100000, 0x0000000085100000|100%| O|  |TAMS 0x0000000085000000, 0x0000000085100000| Untracked 
|  81|0x0000000085100000, 0x0000000085200000, 0x0000000085200000|100%| O|  |TAMS 0x0000000085100000, 0x0000000085200000| Untracked 
|  82|0x0000000085200000, 0x0000000085300000, 0x0000000085300000|100%| O|  |TAMS 0x0000000085200000, 0x0000000085300000| Untracked 
|  83|0x0000000085300000, 0x0000000085400000, 0x0000000085400000|100%| O|  |TAMS 0x0000000085300000, 0x0000000085400000| Untracked 
|  84|0x0000000085400000, 0x0000000085500000, 0x0000000085500000|100%| O|  |TAMS 0x0000000085400000, 0x0000000085500000| Untracked 
|  85|0x0000000085500000, 0x0000000085600000, 0x0000000085600000|100%| O|  |TAMS 0x0000000085500000, 0x0000000085600000| Untracked 
|  86|0x0000000085600000, 0x0000000085700000, 0x0000000085700000|100%| O|  |TAMS 0x0000000085600000, 0x0000000085700000| Untracked 
|  87|0x0000000085700000, 0x0000000085800000, 0x0000000085800000|100%| O|  |TAMS 0x0000000085700000, 0x0000000085800000| Untracked 
|  88|0x0000000085800000, 0x0000000085900000, 0x0000000085900000|100%| O|  |TAMS 0x0000000085800000, 0x0000000085900000| Untracked 
|  89|0x0000000085900000, 0x0000000085a00000, 0x0000000085a00000|100%| O|  |TAMS 0x0000000085900000, 0x0000000085a00000| Untracked 
|  90|0x0000000085a00000, 0x0000000085b00000, 0x0000000085b00000|100%| O|  |TAMS 0x0000000085a00000, 0x0000000085b00000| Untracked 
|  91|0x0000000085b00000, 0x0000000085c00000, 0x0000000085c00000|100%| O|  |TAMS 0x0000000085b00000, 0x0000000085c00000| Untracked 
|  92|0x0000000085c00000, 0x0000000085d00000, 0x0000000085d00000|100%| O|  |TAMS 0x0000000085c00000, 0x0000000085d00000| Untracked 
|  93|0x0000000085d00000, 0x0000000085e00000, 0x0000000085e00000|100%| O|  |TAMS 0x0000000085d00000, 0x0000000085e00000| Untracked 
|  94|0x0000000085e00000, 0x0000000085f00000, 0x0000000085f00000|100%| O|  |TAMS 0x0000000085e00000, 0x0000000085f00000| Untracked 
|  95|0x0000000085f00000, 0x0000000086000000, 0x0000000086000000|100%| O|  |TAMS 0x0000000085f00000, 0x0000000086000000| Untracked 
|  96|0x0000000086000000, 0x0000000086100000, 0x0000000086100000|100%| O|  |TAMS 0x0000000086000000, 0x0000000086100000| Untracked 
|  97|0x0000000086100000, 0x000000008614de00, 0x0000000086200000| 30%| O|  |TAMS 0x0000000086100000, 0x000000008614de00| Untracked 
|  98|0x0000000086200000, 0x0000000086200000, 0x0000000086300000|  0%| F|  |TAMS 0x0000000086200000, 0x0000000086200000| Untracked 
|  99|0x0000000086300000, 0x0000000086300000, 0x0000000086400000|  0%| F|  |TAMS 0x0000000086300000, 0x0000000086300000| Untracked 
| 100|0x0000000086400000, 0x0000000086400000, 0x0000000086500000|  0%| F|  |TAMS 0x0000000086400000, 0x0000000086400000| Untracked 
| 101|0x0000000086500000, 0x0000000086500000, 0x0000000086600000|  0%| F|  |TAMS 0x0000000086500000, 0x0000000086500000| Untracked 
| 102|0x0000000086600000, 0x0000000086600000, 0x0000000086700000|  0%| F|  |TAMS 0x0000000086600000, 0x0000000086600000| Untracked 
| 103|0x0000000086700000, 0x0000000086700000, 0x0000000086800000|  0%| F|  |TAMS 0x0000000086700000, 0x0000000086700000| Untracked 
| 104|0x0000000086800000, 0x0000000086800000, 0x0000000086900000|  0%| F|  |TAMS 0x0000000086800000, 0x0000000086800000| Untracked 
| 105|0x0000000086900000, 0x0000000086900000, 0x0000000086a00000|  0%| F|  |TAMS 0x0000000086900000, 0x0000000086900000| Untracked 
| 106|0x0000000086a00000, 0x0000000086a00000, 0x0000000086b00000|  0%| F|  |TAMS 0x0000000086a00000, 0x0000000086a00000| Untracked 
| 107|0x0000000086b00000, 0x0000000086b00000, 0x0000000086c00000|  0%| F|  |TAMS 0x0000000086b00000, 0x0000000086b00000| Untracked 
| 108|0x0000000086c00000, 0x0000000086c00000, 0x0000000086d00000|  0%| F|  |TAMS 0x0000000086c00000, 0x0000000086c00000| Untracked 
| 109|0x0000000086d00000, 0x0000000086d00000, 0x0000000086e00000|  0%| F|  |TAMS 0x0000000086d00000, 0x0000000086d00000| Untracked 
| 110|0x0000000086e00000, 0x0000000086e00000, 0x0000000086f00000|  0%| F|  |TAMS 0x0000000086e00000, 0x0000000086e00000| Untracked 
| 111|0x0000000086f00000, 0x0000000086f00000, 0x0000000087000000|  0%| F|  |TAMS 0x0000000086f00000, 0x0000000086f00000| Untracked 
| 112|0x0000000087000000, 0x0000000087000000, 0x0000000087100000|  0%| F|  |TAMS 0x0000000087000000, 0x0000000087000000| Untracked 
| 113|0x0000000087100000, 0x0000000087100000, 0x0000000087200000|  0%| F|  |TAMS 0x0000000087100000, 0x0000000087100000| Untracked 
| 114|0x0000000087200000, 0x0000000087200000, 0x0000000087300000|  0%| F|  |TAMS 0x0000000087200000, 0x0000000087200000| Untracked 
| 115|0x0000000087300000, 0x0000000087300000, 0x0000000087400000|  0%| F|  |TAMS 0x0000000087300000, 0x0000000087300000| Untracked 
| 116|0x0000000087400000, 0x0000000087400000, 0x0000000087500000|  0%| F|  |TAMS 0x0000000087400000, 0x0000000087400000| Untracked 
| 117|0x0000000087500000, 0x0000000087500000, 0x0000000087600000|  0%| F|  |TAMS 0x0000000087500000, 0x0000000087500000| Untracked 
| 118|0x0000000087600000, 0x0000000087600000, 0x0000000087700000|  0%| F|  |TAMS 0x0000000087600000, 0x0000000087600000| Untracked 
| 119|0x0000000087700000, 0x0000000087700000, 0x0000000087800000|  0%| F|  |TAMS 0x0000000087700000, 0x0000000087700000| Untracked 
| 120|0x0000000087800000, 0x0000000087800000, 0x0000000087900000|  0%| F|  |TAMS 0x0000000087800000, 0x0000000087800000| Untracked 
| 121|0x0000000087900000, 0x0000000087900000, 0x0000000087a00000|  0%| F|  |TAMS 0x0000000087900000, 0x0000000087900000| Untracked 
| 122|0x0000000087a00000, 0x0000000087a00000, 0x0000000087b00000|  0%| F|  |TAMS 0x0000000087a00000, 0x0000000087a00000| Untracked 
| 123|0x0000000087b00000, 0x0000000087bbcb68, 0x0000000087c00000| 73%| S|CS|TAMS 0x0000000087b00000, 0x0000000087b00000| Complete 
| 124|0x0000000087c00000, 0x0000000087d00000, 0x0000000087d00000|100%| S|CS|TAMS 0x0000000087c00000, 0x0000000087c00000| Complete 
| 125|0x0000000087d00000, 0x0000000087e00000, 0x0000000087e00000|100%| S|CS|TAMS 0x0000000087d00000, 0x0000000087d00000| Complete 
| 126|0x0000000087e00000, 0x0000000087e00000, 0x0000000087f00000|  0%| F|  |TAMS 0x0000000087e00000, 0x0000000087e00000| Untracked 
| 127|0x0000000087f00000, 0x0000000087f00000, 0x0000000088000000|  0%| F|  |TAMS 0x0000000087f00000, 0x0000000087f00000| Untracked 
| 128|0x0000000088000000, 0x0000000088000000, 0x0000000088100000|  0%| F|  |TAMS 0x0000000088000000, 0x0000000088000000| Untracked 
| 129|0x0000000088100000, 0x0000000088100000, 0x0000000088200000|  0%| F|  |TAMS 0x0000000088100000, 0x0000000088100000| Untracked 
| 130|0x0000000088200000, 0x0000000088200000, 0x0000000088300000|  0%| F|  |TAMS 0x0000000088200000, 0x0000000088200000| Untracked 
| 131|0x0000000088300000, 0x0000000088300000, 0x0000000088400000|  0%| F|  |TAMS 0x0000000088300000, 0x0000000088300000| Untracked 
| 132|0x0000000088400000, 0x0000000088400000, 0x0000000088500000|  0%| F|  |TAMS 0x0000000088400000, 0x0000000088400000| Untracked 
| 133|0x0000000088500000, 0x0000000088500000, 0x0000000088600000|  0%| F|  |TAMS 0x0000000088500000, 0x0000000088500000| Untracked 
| 134|0x0000000088600000, 0x0000000088600000, 0x0000000088700000|  0%| F|  |TAMS 0x0000000088600000, 0x0000000088600000| Untracked 
| 135|0x0000000088700000, 0x0000000088700000, 0x0000000088800000|  0%| F|  |TAMS 0x0000000088700000, 0x0000000088700000| Untracked 
| 136|0x0000000088800000, 0x0000000088800000, 0x0000000088900000|  0%| F|  |TAMS 0x0000000088800000, 0x0000000088800000| Untracked 
| 137|0x0000000088900000, 0x0000000088900000, 0x0000000088a00000|  0%| F|  |TAMS 0x0000000088900000, 0x0000000088900000| Untracked 
| 138|0x0000000088a00000, 0x0000000088a00000, 0x0000000088b00000|  0%| F|  |TAMS 0x0000000088a00000, 0x0000000088a00000| Untracked 
| 139|0x0000000088b00000, 0x0000000088b00000, 0x0000000088c00000|  0%| F|  |TAMS 0x0000000088b00000, 0x0000000088b00000| Untracked 
| 140|0x0000000088c00000, 0x0000000088c00000, 0x0000000088d00000|  0%| F|  |TAMS 0x0000000088c00000, 0x0000000088c00000| Untracked 
| 141|0x0000000088d00000, 0x0000000088d00000, 0x0000000088e00000|  0%| F|  |TAMS 0x0000000088d00000, 0x0000000088d00000| Untracked 
| 142|0x0000000088e00000, 0x0000000088e00000, 0x0000000088f00000|  0%| F|  |TAMS 0x0000000088e00000, 0x0000000088e00000| Untracked 
| 143|0x0000000088f00000, 0x0000000088f00000, 0x0000000089000000|  0%| F|  |TAMS 0x0000000088f00000, 0x0000000088f00000| Untracked 
| 144|0x0000000089000000, 0x0000000089000000, 0x0000000089100000|  0%| F|  |TAMS 0x0000000089000000, 0x0000000089000000| Untracked 
| 145|0x0000000089100000, 0x0000000089100000, 0x0000000089200000|  0%| F|  |TAMS 0x0000000089100000, 0x0000000089100000| Untracked 
| 146|0x0000000089200000, 0x0000000089200000, 0x0000000089300000|  0%| F|  |TAMS 0x0000000089200000, 0x0000000089200000| Untracked 
| 147|0x0000000089300000, 0x0000000089300000, 0x0000000089400000|  0%| F|  |TAMS 0x0000000089300000, 0x0000000089300000| Untracked 
| 148|0x0000000089400000, 0x0000000089400000, 0x0000000089500000|  0%| F|  |TAMS 0x0000000089400000, 0x0000000089400000| Untracked 
| 149|0x0000000089500000, 0x0000000089500000, 0x0000000089600000|  0%| F|  |TAMS 0x0000000089500000, 0x0000000089500000| Untracked 
| 150|0x0000000089600000, 0x0000000089600000, 0x0000000089700000|  0%| F|  |TAMS 0x0000000089600000, 0x0000000089600000| Untracked 
| 151|0x0000000089700000, 0x0000000089700000, 0x0000000089800000|  0%| F|  |TAMS 0x0000000089700000, 0x0000000089700000| Untracked 
| 152|0x0000000089800000, 0x0000000089800000, 0x0000000089900000|  0%| F|  |TAMS 0x0000000089800000, 0x0000000089800000| Untracked 
| 153|0x0000000089900000, 0x0000000089900000, 0x0000000089a00000|  0%| F|  |TAMS 0x0000000089900000, 0x0000000089900000| Untracked 
| 154|0x0000000089a00000, 0x0000000089a00000, 0x0000000089b00000|  0%| F|  |TAMS 0x0000000089a00000, 0x0000000089a00000| Untracked 
| 155|0x0000000089b00000, 0x0000000089b00000, 0x0000000089c00000|  0%| F|  |TAMS 0x0000000089b00000, 0x0000000089b00000| Untracked 
| 156|0x0000000089c00000, 0x0000000089c00000, 0x0000000089d00000|  0%| F|  |TAMS 0x0000000089c00000, 0x0000000089c00000| Untracked 
| 157|0x0000000089d00000, 0x0000000089d00000, 0x0000000089e00000|  0%| F|  |TAMS 0x0000000089d00000, 0x0000000089d00000| Untracked 
| 158|0x0000000089e00000, 0x0000000089e00000, 0x0000000089f00000|  0%| F|  |TAMS 0x0000000089e00000, 0x0000000089e00000| Untracked 
| 159|0x0000000089f00000, 0x0000000089f00000, 0x000000008a000000|  0%| F|  |TAMS 0x0000000089f00000, 0x0000000089f00000| Untracked 
| 160|0x000000008a000000, 0x000000008a000000, 0x000000008a100000|  0%| F|  |TAMS 0x000000008a000000, 0x000000008a000000| Untracked 
| 161|0x000000008a100000, 0x000000008a100000, 0x000000008a200000|  0%| F|  |TAMS 0x000000008a100000, 0x000000008a100000| Untracked 
| 162|0x000000008a200000, 0x000000008a200000, 0x000000008a300000|  0%| F|  |TAMS 0x000000008a200000, 0x000000008a200000| Untracked 
| 163|0x000000008a300000, 0x000000008a300000, 0x000000008a400000|  0%| F|  |TAMS 0x000000008a300000, 0x000000008a300000| Untracked 
| 164|0x000000008a400000, 0x000000008a400000, 0x000000008a500000|  0%| F|  |TAMS 0x000000008a400000, 0x000000008a400000| Untracked 
| 165|0x000000008a500000, 0x000000008a500000, 0x000000008a600000|  0%| F|  |TAMS 0x000000008a500000, 0x000000008a500000| Untracked 
| 166|0x000000008a600000, 0x000000008a600000, 0x000000008a700000|  0%| F|  |TAMS 0x000000008a600000, 0x000000008a600000| Untracked 
| 167|0x000000008a700000, 0x000000008a700000, 0x000000008a800000|  0%| F|  |TAMS 0x000000008a700000, 0x000000008a700000| Untracked 
| 168|0x000000008a800000, 0x000000008a800000, 0x000000008a900000|  0%| F|  |TAMS 0x000000008a800000, 0x000000008a800000| Untracked 
| 169|0x000000008a900000, 0x000000008a900000, 0x000000008aa00000|  0%| F|  |TAMS 0x000000008a900000, 0x000000008a900000| Untracked 
| 170|0x000000008aa00000, 0x000000008aa00000, 0x000000008ab00000|  0%| F|  |TAMS 0x000000008aa00000, 0x000000008aa00000| Untracked 
| 171|0x000000008ab00000, 0x000000008ab00000, 0x000000008ac00000|  0%| F|  |TAMS 0x000000008ab00000, 0x000000008ab00000| Untracked 
| 172|0x000000008ac00000, 0x000000008ac00000, 0x000000008ad00000|  0%| F|  |TAMS 0x000000008ac00000, 0x000000008ac00000| Untracked 
| 173|0x000000008ad00000, 0x000000008ad00000, 0x000000008ae00000|  0%| F|  |TAMS 0x000000008ad00000, 0x000000008ad00000| Untracked 
| 174|0x000000008ae00000, 0x000000008ae00000, 0x000000008af00000|  0%| F|  |TAMS 0x000000008ae00000, 0x000000008ae00000| Untracked 
| 175|0x000000008af00000, 0x000000008af00000, 0x000000008b000000|  0%| F|  |TAMS 0x000000008af00000, 0x000000008af00000| Untracked 
| 176|0x000000008b000000, 0x000000008b000000, 0x000000008b100000|  0%| F|  |TAMS 0x000000008b000000, 0x000000008b000000| Untracked 
| 177|0x000000008b100000, 0x000000008b100000, 0x000000008b200000|  0%| F|  |TAMS 0x000000008b100000, 0x000000008b100000| Untracked 
| 178|0x000000008b200000, 0x000000008b200000, 0x000000008b300000|  0%| F|  |TAMS 0x000000008b200000, 0x000000008b200000| Untracked 
| 179|0x000000008b300000, 0x000000008b300000, 0x000000008b400000|  0%| F|  |TAMS 0x000000008b300000, 0x000000008b300000| Untracked 
| 180|0x000000008b400000, 0x000000008b400000, 0x000000008b500000|  0%| F|  |TAMS 0x000000008b400000, 0x000000008b400000| Untracked 
| 181|0x000000008b500000, 0x000000008b500000, 0x000000008b600000|  0%| F|  |TAMS 0x000000008b500000, 0x000000008b500000| Untracked 
| 182|0x000000008b600000, 0x000000008b600000, 0x000000008b700000|  0%| F|  |TAMS 0x000000008b600000, 0x000000008b600000| Untracked 
| 183|0x000000008b700000, 0x000000008b700000, 0x000000008b800000|  0%| F|  |TAMS 0x000000008b700000, 0x000000008b700000| Untracked 
| 184|0x000000008b800000, 0x000000008b800000, 0x000000008b900000|  0%| F|  |TAMS 0x000000008b800000, 0x000000008b800000| Untracked 
| 185|0x000000008b900000, 0x000000008b900000, 0x000000008ba00000|  0%| F|  |TAMS 0x000000008b900000, 0x000000008b900000| Untracked 
| 186|0x000000008ba00000, 0x000000008ba00000, 0x000000008bb00000|  0%| F|  |TAMS 0x000000008ba00000, 0x000000008ba00000| Untracked 
| 187|0x000000008bb00000, 0x000000008bb00000, 0x000000008bc00000|  0%| F|  |TAMS 0x000000008bb00000, 0x000000008bb00000| Untracked 
| 188|0x000000008bc00000, 0x000000008bc00000, 0x000000008bd00000|  0%| F|  |TAMS 0x000000008bc00000, 0x000000008bc00000| Untracked 
| 189|0x000000008bd00000, 0x000000008bd00000, 0x000000008be00000|  0%| F|  |TAMS 0x000000008bd00000, 0x000000008bd00000| Untracked 
| 190|0x000000008be00000, 0x000000008be00000, 0x000000008bf00000|  0%| F|  |TAMS 0x000000008be00000, 0x000000008be00000| Untracked 
| 191|0x000000008bf00000, 0x000000008bf00000, 0x000000008c000000|  0%| F|  |TAMS 0x000000008bf00000, 0x000000008bf00000| Untracked 
| 192|0x000000008c000000, 0x000000008c000000, 0x000000008c100000|  0%| F|  |TAMS 0x000000008c000000, 0x000000008c000000| Untracked 
| 193|0x000000008c100000, 0x000000008c100000, 0x000000008c200000|  0%| F|  |TAMS 0x000000008c100000, 0x000000008c100000| Untracked 
| 194|0x000000008c200000, 0x000000008c200000, 0x000000008c300000|  0%| F|  |TAMS 0x000000008c200000, 0x000000008c200000| Untracked 
| 195|0x000000008c300000, 0x000000008c300000, 0x000000008c400000|  0%| F|  |TAMS 0x000000008c300000, 0x000000008c300000| Untracked 
| 196|0x000000008c400000, 0x000000008c400000, 0x000000008c500000|  0%| F|  |TAMS 0x000000008c400000, 0x000000008c400000| Untracked 
| 197|0x000000008c500000, 0x000000008c500000, 0x000000008c600000|  0%| F|  |TAMS 0x000000008c500000, 0x000000008c500000| Untracked 
| 198|0x000000008c600000, 0x000000008c600000, 0x000000008c700000|  0%| F|  |TAMS 0x000000008c600000, 0x000000008c600000| Untracked 
| 199|0x000000008c700000, 0x000000008c700000, 0x000000008c800000|  0%| F|  |TAMS 0x000000008c700000, 0x000000008c700000| Untracked 
| 200|0x000000008c800000, 0x000000008c800000, 0x000000008c900000|  0%| F|  |TAMS 0x000000008c800000, 0x000000008c800000| Untracked 
| 201|0x000000008c900000, 0x000000008c900000, 0x000000008ca00000|  0%| F|  |TAMS 0x000000008c900000, 0x000000008c900000| Untracked 
| 202|0x000000008ca00000, 0x000000008ca00000, 0x000000008cb00000|  0%| F|  |TAMS 0x000000008ca00000, 0x000000008ca00000| Untracked 
| 203|0x000000008cb00000, 0x000000008cb00000, 0x000000008cc00000|  0%| F|  |TAMS 0x000000008cb00000, 0x000000008cb00000| Untracked 
| 204|0x000000008cc00000, 0x000000008cc00000, 0x000000008cd00000|  0%| F|  |TAMS 0x000000008cc00000, 0x000000008cc00000| Untracked 
| 205|0x000000008cd00000, 0x000000008cd00000, 0x000000008ce00000|  0%| F|  |TAMS 0x000000008cd00000, 0x000000008cd00000| Untracked 
| 206|0x000000008ce00000, 0x000000008ce00000, 0x000000008cf00000|  0%| F|  |TAMS 0x000000008ce00000, 0x000000008ce00000| Untracked 
| 207|0x000000008cf00000, 0x000000008cf00000, 0x000000008d000000|  0%| F|  |TAMS 0x000000008cf00000, 0x000000008cf00000| Untracked 
| 208|0x000000008d000000, 0x000000008d000000, 0x000000008d100000|  0%| F|  |TAMS 0x000000008d000000, 0x000000008d000000| Untracked 
| 209|0x000000008d100000, 0x000000008d100000, 0x000000008d200000|  0%| F|  |TAMS 0x000000008d100000, 0x000000008d100000| Untracked 
| 210|0x000000008d200000, 0x000000008d200000, 0x000000008d300000|  0%| F|  |TAMS 0x000000008d200000, 0x000000008d200000| Untracked 
| 211|0x000000008d300000, 0x000000008d300000, 0x000000008d400000|  0%| F|  |TAMS 0x000000008d300000, 0x000000008d300000| Untracked 
| 212|0x000000008d400000, 0x000000008d400000, 0x000000008d500000|  0%| F|  |TAMS 0x000000008d400000, 0x000000008d400000| Untracked 
| 213|0x000000008d500000, 0x000000008d500000, 0x000000008d600000|  0%| F|  |TAMS 0x000000008d500000, 0x000000008d500000| Untracked 
| 214|0x000000008d600000, 0x000000008d600000, 0x000000008d700000|  0%| F|  |TAMS 0x000000008d600000, 0x000000008d600000| Untracked 
| 215|0x000000008d700000, 0x000000008d700000, 0x000000008d800000|  0%| F|  |TAMS 0x000000008d700000, 0x000000008d700000| Untracked 
| 216|0x000000008d800000, 0x000000008d800000, 0x000000008d900000|  0%| F|  |TAMS 0x000000008d800000, 0x000000008d800000| Untracked 
| 217|0x000000008d900000, 0x000000008d900000, 0x000000008da00000|  0%| F|  |TAMS 0x000000008d900000, 0x000000008d900000| Untracked 
| 218|0x000000008da00000, 0x000000008da00000, 0x000000008db00000|  0%| F|  |TAMS 0x000000008da00000, 0x000000008da00000| Untracked 
| 219|0x000000008db00000, 0x000000008db00000, 0x000000008dc00000|  0%| F|  |TAMS 0x000000008db00000, 0x000000008db00000| Untracked 
| 220|0x000000008dc00000, 0x000000008dc00000, 0x000000008dd00000|  0%| F|  |TAMS 0x000000008dc00000, 0x000000008dc00000| Untracked 
| 221|0x000000008dd00000, 0x000000008dd00000, 0x000000008de00000|  0%| F|  |TAMS 0x000000008dd00000, 0x000000008dd00000| Untracked 
| 222|0x000000008de00000, 0x000000008de00000, 0x000000008df00000|  0%| F|  |TAMS 0x000000008de00000, 0x000000008de00000| Untracked 
| 223|0x000000008df00000, 0x000000008df00000, 0x000000008e000000|  0%| F|  |TAMS 0x000000008df00000, 0x000000008df00000| Untracked 

Card table byte_map: [0x000001e6fd510000,0x000001e6fd910000] _byte_map_base: 0x000001e6fd110000

Marking Bits (Prev, Next): (CMBitMap*) 0x000001e6f565b2f0, (CMBitMap*) 0x000001e6f565b2b0
 Prev Bits: [0x000001e68f000000, 0x000001e691000000)
 Next Bits: [0x000001e6fdd10000, 0x000001e6ffd10000)

Polling page: 0x000001e6f3550000

Metaspace:

Usage:
  Non-class:     71.16 MB used.
      Class:     11.14 MB used.
       Both:     82.30 MB used.

Virtual space:
  Non-class space:      128.00 MB reserved,      71.50 MB ( 56%) committed,  2 nodes.
      Class space:        1.00 GB reserved,      11.44 MB (  1%) committed,  1 nodes.
             Both:        1.13 GB reserved,      82.94 MB (  7%) committed. 

Chunk freelists:
   Non-Class:  7.81 MB
       Class:  4.39 MB
        Both:  12.20 MB

MaxMetaspaceSize: unlimited
CompressedClassSpaceSize: 1.00 GB
Initial GC threshold: 21.00 MB
Current GC threshold: 133.06 MB
CDS: on
MetaspaceReclaimPolicy: balanced
 - commit_granule_bytes: 65536.
 - commit_granule_words: 8192.
 - virtual_space_node_default_size: 8388608.
 - enlarge_chunks_in_place: 1.
 - new_chunks_are_fully_committed: 0.
 - uncommit_free_chunks: 1.
 - use_allocation_guard: 0.
 - handle_deallocations: 1.


Internal statistics:

num_allocs_failed_limit: 12.
num_arena_births: 878.
num_arena_deaths: 0.
num_vsnodes_births: 3.
num_vsnodes_deaths: 0.
num_space_committed: 1327.
num_space_uncommitted: 0.
num_chunks_returned_to_freelist: 12.
num_chunks_taken_from_freelist: 4308.
num_chunk_merges: 12.
num_chunk_splits: 2854.
num_chunks_enlarged: 1911.
num_inconsistent_stats: 0.

CodeHeap 'non-profiled nmethods': size=120000Kb used=5828Kb max_used=5828Kb free=114171Kb
 bounds [0x000001e687ad0000, 0x000001e688090000, 0x000001e68f000000]
CodeHeap 'profiled nmethods': size=120000Kb used=20422Kb max_used=20510Kb free=99577Kb
 bounds [0x000001e680000000, 0x000001e681420000, 0x000001e687530000]
CodeHeap 'non-nmethods': size=5760Kb used=2381Kb max_used=2451Kb free=3378Kb
 bounds [0x000001e687530000, 0x000001e6877a0000, 0x000001e687ad0000]
 total_blobs=11489 nmethods=10581 adapters=818
 compilation: enabled
              stopped_count=0, restarted_count=0
 full_count=0

Compilation events (20 events):
Event: 27.274 Thread 0x000001e69345cc10 12240       3       com.android.ide.common.blame.SourceFilePosition::print (43 bytes)
Event: 27.276 Thread 0x000001e69345cc10 nmethod 12240 0x000001e6808bde90 code [0x000001e6808be280, 0x000001e6808bffd8]
Event: 27.276 Thread 0x000001e69345cc10 12243       3       java.lang.StringConcatHelper::newString (67 bytes)
Event: 27.276 Thread 0x000001e6932ce0c0 nmethod 12219 0x000001e688080b10 code [0x000001e688080c80, 0x000001e688081058]
Event: 27.276 Thread 0x000001e6932ce0c0 12246       4       java.util.regex.Pattern$Branch::match (66 bytes)
Event: 27.276 Thread 0x000001e69345cc10 nmethod 12243 0x000001e6808bce10 code [0x000001e6808bd080, 0x000001e6808bdb08]
Event: 27.276 Thread 0x000001e69345cc10 12245       3       java.util.Formatter::<init> (18 bytes)
Event: 27.277 Thread 0x000001e69345cc10 nmethod 12245 0x000001e6808bc710 code [0x000001e6808bc8e0, 0x000001e6808bccb8]
Event: 27.277 Thread 0x000001e69345cc10 12244       3       java.lang.String::format (16 bytes)
Event: 27.277 Thread 0x000001e69345cc10 nmethod 12244 0x000001e6808bba90 code [0x000001e6808bbcc0, 0x000001e6808bc448]
Event: 27.278 Thread 0x000001e69345cc10 12247       3       com.android.ide.common.blame.SourceFile::print (111 bytes)
Event: 27.279 Thread 0x000001e69345cc10 nmethod 12247 0x000001e6800a3d10 code [0x000001e6800a3fe0, 0x000001e6800a4f78]
Event: 27.279 Thread 0x000001e69345cc10 12248       3       com.android.ide.common.blame.SourcePosition::toString (184 bytes)
Event: 27.280 Thread 0x000001e69345cc10 nmethod 12248 0x000001e6800a2990 code [0x000001e6800a2c80, 0x000001e6800a3948]
Event: 27.280 Thread 0x000001e69345cc10 12249       3       com.android.ide.common.blame.SourceFilePosition::toString (6 bytes)
Event: 27.280 Thread 0x000001e69345cc10 nmethod 12249 0x000001e6804b8990 code [0x000001e6804b8b20, 0x000001e6804b8c68]
Event: 27.280 Thread 0x000001e69345cc10 12251       3       com.android.manifmerger.Actions$Record::print (43 bytes)
Event: 27.281 Thread 0x000001e69345cc10 nmethod 12251 0x000001e6800a1c10 code [0x000001e6800a1e60, 0x000001e6800a2638]
Event: 27.281 Thread 0x000001e69345cc10 12252       3       com.android.manifmerger.Actions$DecisionTreeRecord::getNodeRecords (8 bytes)
Event: 27.282 Thread 0x000001e69345cc10 nmethod 12252 0x000001e6808bb710 code [0x000001e6808bb8a0, 0x000001e6808bb9e8]

GC Heap History (20 events):
Event: 19.504 GC heap after
{Heap after GC invocations=27 (full 0):
 garbage-first heap   total 144384K, used 65233K [0x0000000080000000, 0x0000000100000000)
  region size 1024K, 5 young (5120K), 5 survivors (5120K)
 Metaspace       used 60226K, committed 60800K, reserved 1114112K
  class space    used 8082K, committed 8320K, reserved 1048576K
}
Event: 20.029 GC heap before
{Heap before GC invocations=27 (full 0):
 garbage-first heap   total 144384K, used 109265K [0x0000000080000000, 0x0000000100000000)
  region size 1024K, 48 young (49152K), 5 survivors (5120K)
 Metaspace       used 62128K, committed 62720K, reserved 1114112K
  class space    used 8316K, committed 8576K, reserved 1048576K
}
Event: 20.040 GC heap after
{Heap after GC invocations=28 (full 0):
 garbage-first heap   total 144384K, used 68983K [0x0000000080000000, 0x0000000100000000)
  region size 1024K, 4 young (4096K), 4 survivors (4096K)
 Metaspace       used 62128K, committed 62720K, reserved 1114112K
  class space    used 8316K, committed 8576K, reserved 1048576K
}
Event: 20.842 GC heap before
{Heap before GC invocations=28 (full 0):
 garbage-first heap   total 144384K, used 110967K [0x0000000080000000, 0x0000000100000000)
  region size 1024K, 45 young (46080K), 4 survivors (4096K)
 Metaspace       used 67011K, committed 67520K, reserved 1114112K
  class space    used 9172K, committed 9408K, reserved 1048576K
}
Event: 20.852 GC heap after
{Heap after GC invocations=29 (full 0):
 garbage-first heap   total 144384K, used 71158K [0x0000000080000000, 0x0000000100000000)
  region size 1024K, 3 young (3072K), 3 survivors (3072K)
 Metaspace       used 67011K, committed 67520K, reserved 1114112K
  class space    used 9172K, committed 9408K, reserved 1048576K
}
Event: 21.780 GC heap before
{Heap before GC invocations=30 (full 0):
 garbage-first heap   total 144384K, used 113142K [0x0000000080000000, 0x0000000100000000)
  region size 1024K, 44 young (45056K), 3 survivors (3072K)
 Metaspace       used 70747K, committed 71296K, reserved 1114112K
  class space    used 9698K, committed 9984K, reserved 1048576K
}
Event: 21.790 GC heap after
{Heap after GC invocations=31 (full 0):
 garbage-first heap   total 144384K, used 74764K [0x0000000080000000, 0x0000000100000000)
  region size 1024K, 6 young (6144K), 6 survivors (6144K)
 Metaspace       used 70747K, committed 71296K, reserved 1114112K
  class space    used 9698K, committed 9984K, reserved 1048576K
}
Event: 21.802 GC heap before
{Heap before GC invocations=31 (full 0):
 garbage-first heap   total 144384K, used 75788K [0x0000000080000000, 0x0000000100000000)
  region size 1024K, 7 young (7168K), 6 survivors (6144K)
 Metaspace       used 70781K, committed 71360K, reserved 1114112K
  class space    used 9704K, committed 9984K, reserved 1048576K
}
Event: 21.813 GC heap after
{Heap after GC invocations=32 (full 0):
 garbage-first heap   total 174080K, used 75132K [0x0000000080000000, 0x0000000100000000)
  region size 1024K, 1 young (1024K), 1 survivors (1024K)
 Metaspace       used 70781K, committed 71360K, reserved 1114112K
  class space    used 9704K, committed 9984K, reserved 1048576K
}
Event: 22.904 GC heap before
{Heap before GC invocations=32 (full 0):
 garbage-first heap   total 174080K, used 136572K [0x0000000080000000, 0x0000000100000000)
  region size 1024K, 61 young (62464K), 1 survivors (1024K)
 Metaspace       used 76560K, committed 77120K, reserved 1179648K
  class space    used 10506K, committed 10752K, reserved 1048576K
}
Event: 22.913 GC heap after
{Heap after GC invocations=33 (full 0):
 garbage-first heap   total 174080K, used 79850K [0x0000000080000000, 0x0000000100000000)
  region size 1024K, 6 young (6144K), 6 survivors (6144K)
 Metaspace       used 76560K, committed 77120K, reserved 1179648K
  class space    used 10506K, committed 10752K, reserved 1048576K
}
Event: 23.425 GC heap before
{Heap before GC invocations=33 (full 0):
 garbage-first heap   total 174080K, used 138218K [0x0000000080000000, 0x0000000100000000)
  region size 1024K, 63 young (64512K), 6 survivors (6144K)
 Metaspace       used 77292K, committed 77952K, reserved 1179648K
  class space    used 10585K, committed 10880K, reserved 1048576K
}
Event: 23.445 GC heap after
{Heap after GC invocations=34 (full 0):
 garbage-first heap   total 174080K, used 88630K [0x0000000080000000, 0x0000000100000000)
  region size 1024K, 8 young (8192K), 8 survivors (8192K)
 Metaspace       used 77292K, committed 77952K, reserved 1179648K
  class space    used 10585K, committed 10880K, reserved 1048576K
}
Event: 24.728 GC heap before
{Heap before GC invocations=34 (full 0):
 garbage-first heap   total 174080K, used 137782K [0x0000000080000000, 0x0000000100000000)
  region size 1024K, 57 young (58368K), 8 survivors (8192K)
 Metaspace       used 81007K, committed 81728K, reserved 1179648K
  class space    used 11072K, committed 11392K, reserved 1048576K
}
Event: 24.744 GC heap after
{Heap after GC invocations=35 (full 0):
 garbage-first heap   total 174080K, used 95847K [0x0000000080000000, 0x0000000100000000)
  region size 1024K, 7 young (7168K), 7 survivors (7168K)
 Metaspace       used 81007K, committed 81728K, reserved 1179648K
  class space    used 11072K, committed 11392K, reserved 1048576K
}
Event: 25.756 GC heap before
{Heap before GC invocations=36 (full 0):
 garbage-first heap   total 174080K, used 139879K [0x0000000080000000, 0x0000000100000000)
  region size 1024K, 51 young (52224K), 7 survivors (7168K)
 Metaspace       used 81394K, committed 82048K, reserved 1179648K
  class space    used 11079K, committed 11392K, reserved 1048576K
}
Event: 25.768 GC heap after
{Heap after GC invocations=37 (full 0):
 garbage-first heap   total 174080K, used 99967K [0x0000000080000000, 0x0000000100000000)
  region size 1024K, 4 young (4096K), 4 survivors (4096K)
 Metaspace       used 81394K, committed 82048K, reserved 1179648K
  class space    used 11079K, committed 11392K, reserved 1048576K
}
Event: 25.854 GC heap before
{Heap before GC invocations=37 (full 0):
 garbage-first heap   total 174080K, used 103039K [0x0000000080000000, 0x0000000100000000)
  region size 1024K, 8 young (8192K), 4 survivors (4096K)
 Metaspace       used 81473K, committed 82176K, reserved 1179648K
  class space    used 11092K, committed 11456K, reserved 1048576K
}
Event: 25.859 GC heap after
{Heap after GC invocations=38 (full 0):
 garbage-first heap   total 174080K, used 99379K [0x0000000080000000, 0x0000000100000000)
  region size 1024K, 1 young (1024K), 1 survivors (1024K)
 Metaspace       used 81473K, committed 82176K, reserved 1179648K
  class space    used 11092K, committed 11456K, reserved 1048576K
}
Event: 27.282 GC heap before
{Heap before GC invocations=38 (full 0):
 garbage-first heap   total 174080K, used 142387K [0x0000000080000000, 0x0000000100000000)
  region size 1024K, 44 young (45056K), 1 survivors (1024K)
 Metaspace       used 84278K, committed 84928K, reserved 1179648K
  class space    used 11409K, committed 11712K, reserved 1048576K
}

Dll operation events (12 events):
Event: 0.068 Loaded shared library C:\Users\wefer\.jdks\corretto-17.0.7\bin\java.dll
Event: 0.181 Loaded shared library C:\Users\wefer\.jdks\corretto-17.0.7\bin\jsvml.dll
Event: 0.379 Loaded shared library C:\Users\wefer\.jdks\corretto-17.0.7\bin\net.dll
Event: 0.383 Loaded shared library C:\Users\wefer\.jdks\corretto-17.0.7\bin\nio.dll
Event: 0.405 Loaded shared library C:\Users\wefer\.jdks\corretto-17.0.7\bin\zip.dll
Event: 1.105 Loaded shared library C:\Users\wefer\.jdks\corretto-17.0.7\bin\jimage.dll
Event: 1.552 Loaded shared library C:\Users\wefer\.jdks\corretto-17.0.7\bin\verify.dll
Event: 2.212 Loaded shared library C:\Users\wefer\.gradle\native\68d5fa5c4cc2d200863cafc0d521ce42e7d3e7ee720ec0a83991735586a16f82\windows-amd64\native-platform.dll
Event: 2.222 Loaded shared library C:\Users\wefer\.gradle\native\e376f236ea51e6404a007f0833ffe2c6e607c4080706a723a18a27aeea778392\windows-amd64\native-platform-file-events.dll
Event: 7.634 Loaded shared library C:\Users\wefer\.jdks\corretto-17.0.7\bin\management.dll
Event: 7.648 Loaded shared library C:\Users\wefer\.jdks\corretto-17.0.7\bin\management_ext.dll
Event: 10.429 Loaded shared library C:\Users\wefer\.jdks\corretto-17.0.7\bin\sunmscapi.dll

Deoptimization events (20 events):
Event: 27.272 Thread 0x000001e69b310d90 Uncommon trap: trap_request=0xffffff45 fr.pc=0x000001e687f97ab0 relative=0x0000000000000770
Event: 27.272 Thread 0x000001e69b310d90 Uncommon trap: reason=unstable_if action=reinterpret pc=0x000001e687f97ab0 method=java.lang.AbstractStringBuilder.append(I)Ljava/lang/AbstractStringBuilder; @ 21 c2
Event: 27.272 Thread 0x000001e69b310d90 DEOPT PACKING pc=0x000001e687f97ab0 sp=0x00000067924fa740
Event: 27.272 Thread 0x000001e69b310d90 DEOPT UNPACKING pc=0x000001e6875869a3 sp=0x00000067924fa710 mode 2
Event: 27.272 Thread 0x000001e69b310d90 Uncommon trap: trap_request=0xffffff45 fr.pc=0x000001e687b901e4 relative=0x0000000000000064
Event: 27.272 Thread 0x000001e69b310d90 Uncommon trap: reason=unstable_if action=reinterpret pc=0x000001e687b901e4 method=java.lang.StringConcatHelper.mix(JLjava/lang/String;)J @ 13 c2
Event: 27.272 Thread 0x000001e69b310d90 DEOPT PACKING pc=0x000001e687b901e4 sp=0x00000067924fa5a0
Event: 27.272 Thread 0x000001e69b310d90 DEOPT UNPACKING pc=0x000001e6875869a3 sp=0x00000067924fa520 mode 2
Event: 27.272 Thread 0x000001e69b310d90 Uncommon trap: trap_request=0xffffff45 fr.pc=0x000001e687b93620 relative=0x0000000000000100
Event: 27.272 Thread 0x000001e69b310d90 Uncommon trap: reason=unstable_if action=reinterpret pc=0x000001e687b93620 method=java.lang.StringConcatHelper.prepend(J[BLjava/lang/String;)J @ 13 c2
Event: 27.272 Thread 0x000001e69b310d90 DEOPT PACKING pc=0x000001e687b93620 sp=0x00000067924fa500
Event: 27.272 Thread 0x000001e69b310d90 DEOPT UNPACKING pc=0x000001e6875869a3 sp=0x00000067924fa4b0 mode 2
Event: 27.272 Thread 0x000001e69b310d90 Uncommon trap: trap_request=0xffffff45 fr.pc=0x000001e687b91050 relative=0x00000000000000d0
Event: 27.272 Thread 0x000001e69b310d90 Uncommon trap: reason=unstable_if action=reinterpret pc=0x000001e687b91050 method=java.lang.String.getBytes([BIB)V @ 5 c2
Event: 27.272 Thread 0x000001e69b310d90 DEOPT PACKING pc=0x000001e687b91050 sp=0x00000067924fa460
Event: 27.272 Thread 0x000001e69b310d90 DEOPT UNPACKING pc=0x000001e6875869a3 sp=0x00000067924fa428 mode 2
Event: 27.272 Thread 0x000001e69b310d90 Uncommon trap: trap_request=0xffffff45 fr.pc=0x000001e687bcaecc relative=0x00000000000000ac
Event: 27.272 Thread 0x000001e69b310d90 Uncommon trap: reason=unstable_if action=reinterpret pc=0x000001e687bcaecc method=java.lang.StringConcatHelper.newString([BJ)Ljava/lang/String; @ 3 c2
Event: 27.272 Thread 0x000001e69b310d90 DEOPT PACKING pc=0x000001e687bcaecc sp=0x00000067924fa5e0
Event: 27.272 Thread 0x000001e69b310d90 DEOPT UNPACKING pc=0x000001e6875869a3 sp=0x00000067924fa568 mode 2

Classes unloaded (0 events):
No events

Classes redefined (0 events):
No events

Internal exceptions (20 events):
Event: 23.874 Thread 0x000001e6995e3310 Exception <a 'java/lang/NoSuchMethodError'{0x0000000089773828}: static [Ljava/lang/String;.<clinit>()V> (0x0000000089773828) 
thrown [s\src\hotspot\share\prims\jni.cpp, line 1107]
Event: 23.878 Thread 0x000001e6995e3310 Exception <a 'java/lang/NoSuchMethodError'{0x000000008977f9a0}: static Lcom/android/buildanalyzer/common/AndroidGradlePluginAttributionData$TaskInfo;.<clinit>()V> (0x000000008977f9a0) 
thrown [s\src\hotspot\share\prims\jni.cpp, line 1107]
Event: 23.879 Thread 0x000001e6995e3310 Exception <a 'java/lang/NoSuchMethodError'{0x000000008978c2e0}: static Lcom/android/buildanalyzer/common/AndroidGradlePluginAttributionData$TaskCategoryInfo;.<clinit>()V> (0x000000008978c2e0) 
thrown [s\src\hotspot\share\prims\jni.cpp, line 1107]
Event: 23.924 Thread 0x000001e69b3125a0 Exception <a 'sun/nio/fs/WindowsException'{0x00000000899f7680}> (0x00000000899f7680) 
thrown [s\src\hotspot\share\prims\jni.cpp, line 516]
Event: 23.934 Thread 0x000001e6932fbe40 Exception <a 'java/lang/NoSuchMethodError'{0x000000008956e698}: static Lorg/gradle/internal/build/event/types/DefaultTaskSkippedResult;.<clinit>()V> (0x000000008956e698) 
thrown [s\src\hotspot\share\prims\jni.cpp, line 1107]
Event: 23.952 Thread 0x000001e69b3125a0 Exception <a 'java/lang/NoSuchMethodError'{0x0000000089554d58}: static Lcom/android/build/api/variant/BuildConfigField;.<clinit>()V> (0x0000000089554d58) 
thrown [s\src\hotspot\share\prims\jni.cpp, line 1107]
Event: 24.366 Thread 0x000001e69b3125a0 Exception <a 'java/lang/NoSuchMethodError'{0x0000000088990b70}: 'void java.lang.invoke.DirectMethodHandle$Holder.invokeStatic(java.lang.Object, java.lang.Object, java.lang.Object, java.lang.Object, int, java.lang.Object, java.lang.Object)'> (0x0000000088990b70) 
thrown [s\src\hotspot\share\interpreter\linkResolver.cpp, line 759]
Event: 24.397 Thread 0x000001e69b3125a0 Exception <a 'java/lang/NoSuchMethodError'{0x0000000088675848}: 'java.lang.Object java.lang.invoke.DirectMethodHandle$Holder.invokeSpecialIFC(java.lang.Object, java.lang.Object, java.lang.Object)'> (0x0000000088675848) 
thrown [s\src\hotspot\share\interpreter\linkResolver.cpp, line 759]
Event: 24.397 Thread 0x000001e69b4cc850 Exception <a 'java/lang/NoSuchMethodError'{0x00000000886cd2e8}: 'java.lang.Object java.lang.invoke.DirectMethodHandle$Holder.invokeSpecialIFC(java.lang.Object, java.lang.Object, java.lang.Object)'> (0x00000000886cd2e8) 
thrown [s\src\hotspot\share\interpreter\linkResolver.cpp, line 759]
Event: 24.397 Thread 0x000001e69b4cbeb0 Exception <a 'java/lang/NoSuchMethodError'{0x00000000886b8978}: 'java.lang.Object java.lang.invoke.DirectMethodHandle$Holder.invokeSpecialIFC(java.lang.Object, java.lang.Object, java.lang.Object)'> (0x00000000886b8978) 
thrown [s\src\hotspot\share\interpreter\linkResolver.cpp, line 759]
Event: 24.397 Thread 0x000001e69b4d1550 Exception <a 'java/lang/NoSuchMethodError'{0x00000000886c18d0}: 'java.lang.Object java.lang.invoke.DirectMethodHandle$Holder.invokeSpecialIFC(java.lang.Object, java.lang.Object, java.lang.Object)'> (0x00000000886c18d0) 
thrown [s\src\hotspot\share\interpreter\linkResolver.cpp, line 759]
Event: 25.131 Thread 0x000001e69b4cb9e0 Implicit null exception at 0x000001e68803cd16 to 0x000001e68803d938
Event: 26.666 Thread 0x000001e69b310d90 Exception <a 'java/lang/NoSuchMethodError'{0x00000000893e1458}: 'void java.lang.invoke.DirectMethodHandle$Holder.invokeVirtual(java.lang.Object, java.lang.Object)'> (0x00000000893e1458) 
thrown [s\src\hotspot\share\interpreter\linkResolver.cpp, line 759]
Event: 26.681 Thread 0x000001e69b310d90 Exception <a 'sun/nio/fs/WindowsException'{0x0000000089256098}> (0x0000000089256098) 
thrown [s\src\hotspot\share\prims\jni.cpp, line 516]
Event: 26.682 Thread 0x000001e69b310d90 Exception <a 'sun/nio/fs/WindowsException'{0x0000000089256928}> (0x0000000089256928) 
thrown [s\src\hotspot\share\prims\jni.cpp, line 516]
Event: 26.685 Thread 0x000001e69b310d90 Exception <a 'sun/nio/fs/WindowsException'{0x0000000089258b30}> (0x0000000089258b30) 
thrown [s\src\hotspot\share\prims\jni.cpp, line 516]
Event: 26.685 Thread 0x000001e69b310d90 Exception <a 'sun/nio/fs/WindowsException'{0x0000000089267578}> (0x0000000089267578) 
thrown [s\src\hotspot\share\prims\jni.cpp, line 516]
Event: 26.687 Thread 0x000001e69b310d90 Exception <a 'sun/nio/fs/WindowsException'{0x0000000089269730}> (0x0000000089269730) 
thrown [s\src\hotspot\share\prims\jni.cpp, line 516]
Event: 26.687 Thread 0x000001e69b310d90 Exception <a 'sun/nio/fs/WindowsException'{0x0000000089269de8}> (0x0000000089269de8) 
thrown [s\src\hotspot\share\prims\jni.cpp, line 516]
Event: 27.188 Thread 0x000001e69b310d90 Implicit null exception at 0x000001e687bc7872 to 0x000001e687bc7f70

VM Operations (20 events):
Event: 25.589 Executing VM operation: ICBufferFull done
Event: 25.589 Executing VM operation: ICBufferFull
Event: 25.589 Executing VM operation: ICBufferFull done
Event: 25.589 Executing VM operation: ICBufferFull
Event: 25.589 Executing VM operation: ICBufferFull done
Event: 25.755 Executing VM operation: G1CollectForAllocation
Event: 25.768 Executing VM operation: G1CollectForAllocation done
Event: 25.848 Executing VM operation: HandshakeAllThreads
Event: 25.848 Executing VM operation: HandshakeAllThreads done
Event: 25.854 Executing VM operation: G1CollectForAllocation
Event: 25.859 Executing VM operation: G1CollectForAllocation done
Event: 25.928 Executing VM operation: HandshakeAllThreads
Event: 25.928 Executing VM operation: HandshakeAllThreads done
Event: 26.158 Executing VM operation: ICBufferFull
Event: 26.159 Executing VM operation: ICBufferFull done
Event: 27.010 Executing VM operation: ICBufferFull
Event: 27.011 Executing VM operation: ICBufferFull done
Event: 27.231 Executing VM operation: HandshakeAllThreads
Event: 27.231 Executing VM operation: HandshakeAllThreads done
Event: 27.282 Executing VM operation: G1CollectForAllocation

Events (20 events):
Event: 27.186 loading class org/w3c/dom/ls/LSInput
Event: 27.186 loading class org/w3c/dom/ls/LSInput done
Event: 27.186 loading class org/w3c/dom/ls/LSParser
Event: 27.186 loading class org/w3c/dom/ls/LSParser done
Event: 27.186 loading class org/w3c/dom/ls/LSSerializer
Event: 27.186 loading class org/w3c/dom/ls/LSSerializer done
Event: 27.187 loading class org/w3c/dom/ls/LSOutput
Event: 27.187 loading class org/w3c/dom/ls/LSOutput done
Event: 27.236 loading class java/util/TreeMap$DescendingSubMap
Event: 27.236 loading class java/util/TreeMap$NavigableSubMap
Event: 27.237 loading class java/util/TreeMap$NavigableSubMap done
Event: 27.237 loading class java/util/TreeMap$DescendingSubMap done
Event: 27.237 loading class java/util/TreeMap$DescendingSubMap$DescendingEntrySetView
Event: 27.237 loading class java/util/TreeMap$NavigableSubMap$EntrySetView
Event: 27.237 loading class java/util/TreeMap$NavigableSubMap$EntrySetView done
Event: 27.237 loading class java/util/TreeMap$DescendingSubMap$DescendingEntrySetView done
Event: 27.237 loading class java/util/TreeMap$NavigableSubMap$DescendingSubMapEntryIterator
Event: 27.237 loading class java/util/TreeMap$NavigableSubMap$SubMapIterator
Event: 27.237 loading class java/util/TreeMap$NavigableSubMap$SubMapIterator done
Event: 27.237 loading class java/util/TreeMap$NavigableSubMap$DescendingSubMapEntryIterator done


Dynamic libraries:
0x00007ff65fed0000 - 0x00007ff65fedd000 	C:\Users\wefer\.jdks\corretto-17.0.7\bin\java.exe
0x00007ffcb9cf0000 - 0x00007ffcb9f04000 	C:\WINDOWS\SYSTEM32\ntdll.dll
0x00007ffcb89d0000 - 0x00007ffcb8a92000 	C:\WINDOWS\System32\KERNEL32.DLL
0x00007ffcb7510000 - 0x00007ffcb78b3000 	C:\WINDOWS\System32\KERNELBASE.dll
0x00007ffcb7110000 - 0x00007ffcb7221000 	C:\WINDOWS\System32\ucrtbase.dll
0x00007ffcae060000 - 0x00007ffcae077000 	C:\Users\wefer\.jdks\corretto-17.0.7\bin\jli.dll
0x00007ffcb7af0000 - 0x00007ffcb7c9b000 	C:\WINDOWS\System32\USER32.dll
0x00007ffcb7420000 - 0x00007ffcb7446000 	C:\WINDOWS\System32\win32u.dll
0x00007ffcb8b50000 - 0x00007ffcb8b79000 	C:\WINDOWS\System32\GDI32.dll
0x00007ffcb78c0000 - 0x00007ffcb79d8000 	C:\WINDOWS\System32\gdi32full.dll
0x00007ffcb79e0000 - 0x00007ffcb7a7a000 	C:\WINDOWS\System32\msvcp_win.dll
0x00007ffcaad50000 - 0x00007ffcaad65000 	C:\Users\wefer\.jdks\corretto-17.0.7\bin\VCRUNTIME140.dll
0x00007ffca2ec0000 - 0x00007ffca314e000 	C:\WINDOWS\WinSxS\amd64_microsoft.windows.common-controls_6595b64144ccf1df_6.0.22621.1635_none_270f70857386168e\COMCTL32.dll
0x00007ffcb8aa0000 - 0x00007ffcb8b47000 	C:\WINDOWS\System32\msvcrt.dll
0x00007ffcb9c70000 - 0x00007ffcb9ca1000 	C:\WINDOWS\System32\IMM32.DLL
0x00007ffc9b150000 - 0x00007ffc9b1eb000 	C:\Users\wefer\.jdks\corretto-17.0.7\bin\msvcp140.dll
0x00007ffc76f00000 - 0x00007ffc77b1a000 	C:\Users\wefer\.jdks\corretto-17.0.7\bin\server\jvm.dll
0x00007ffcb9740000 - 0x00007ffcb97ee000 	C:\WINDOWS\System32\ADVAPI32.dll
0x00007ffcb86a0000 - 0x00007ffcb8744000 	C:\WINDOWS\System32\sechost.dll
0x00007ffcb93d0000 - 0x00007ffcb94e7000 	C:\WINDOWS\System32\RPCRT4.dll
0x00007ffc9fb10000 - 0x00007ffc9fb19000 	C:\WINDOWS\SYSTEM32\WSOCK32.dll
0x00007ffcb7cc0000 - 0x00007ffcb7d31000 	C:\WINDOWS\System32\WS2_32.dll
0x00007ffcb0e10000 - 0x00007ffcb0e44000 	C:\WINDOWS\SYSTEM32\WINMM.dll
0x00007ffcae050000 - 0x00007ffcae05a000 	C:\WINDOWS\SYSTEM32\VERSION.dll
0x00007ffcb6160000 - 0x00007ffcb6178000 	C:\WINDOWS\SYSTEM32\kernel.appcore.dll
0x00007ffcb18d0000 - 0x00007ffcb18da000 	C:\Users\wefer\.jdks\corretto-17.0.7\bin\jimage.dll
0x00007ffcaf750000 - 0x00007ffcaf97e000 	C:\WINDOWS\SYSTEM32\DBGHELP.DLL
0x00007ffcb8f00000 - 0x00007ffcb9289000 	C:\WINDOWS\System32\combase.dll
0x00007ffcb9290000 - 0x00007ffcb9367000 	C:\WINDOWS\System32\OLEAUT32.dll
0x00007ffcaf6f0000 - 0x00007ffcaf722000 	C:\WINDOWS\SYSTEM32\dbgcore.DLL
0x00007ffcb7230000 - 0x00007ffcb72ab000 	C:\WINDOWS\System32\bcryptPrimitives.dll
0x00007ffca0240000 - 0x00007ffca0265000 	C:\Users\wefer\.jdks\corretto-17.0.7\bin\java.dll
0x00007ffc998b0000 - 0x00007ffc99986000 	C:\Users\wefer\.jdks\corretto-17.0.7\bin\jsvml.dll
0x00007ffcb7d40000 - 0x00007ffcb853a000 	C:\WINDOWS\System32\SHELL32.dll
0x00007ffcb5110000 - 0x00007ffcb59de000 	C:\WINDOWS\SYSTEM32\windows.storage.dll
0x00007ffcb4fd0000 - 0x00007ffcb510e000 	C:\WINDOWS\SYSTEM32\wintypes.dll
0x00007ffcb8540000 - 0x00007ffcb8631000 	C:\WINDOWS\System32\SHCORE.dll
0x00007ffcb8640000 - 0x00007ffcb869e000 	C:\WINDOWS\System32\shlwapi.dll
0x00007ffcb7040000 - 0x00007ffcb7061000 	C:\WINDOWS\SYSTEM32\profapi.dll
0x00007ffcaad30000 - 0x00007ffcaad49000 	C:\Users\wefer\.jdks\corretto-17.0.7\bin\net.dll
0x00007ffcb0890000 - 0x00007ffcb09c7000 	C:\WINDOWS\SYSTEM32\WINHTTP.dll
0x00007ffcb65d0000 - 0x00007ffcb6639000 	C:\WINDOWS\system32\mswsock.dll
0x00007ffc9ec80000 - 0x00007ffc9ec95000 	C:\Users\wefer\.jdks\corretto-17.0.7\bin\nio.dll
0x00007ffc9e700000 - 0x00007ffc9e718000 	C:\Users\wefer\.jdks\corretto-17.0.7\bin\zip.dll
0x00007ffcb1840000 - 0x00007ffcb1850000 	C:\Users\wefer\.jdks\corretto-17.0.7\bin\verify.dll
0x00007ffcae520000 - 0x00007ffcae547000 	C:\Users\wefer\.gradle\native\68d5fa5c4cc2d200863cafc0d521ce42e7d3e7ee720ec0a83991735586a16f82\windows-amd64\native-platform.dll
0x00007ffc93290000 - 0x00007ffc933d4000 	C:\Users\wefer\.gradle\native\e376f236ea51e6404a007f0833ffe2c6e607c4080706a723a18a27aeea778392\windows-amd64\native-platform-file-events.dll
0x00007ffcb1670000 - 0x00007ffcb1679000 	C:\Users\wefer\.jdks\corretto-17.0.7\bin\management.dll
0x00007ffcb1420000 - 0x00007ffcb142b000 	C:\Users\wefer\.jdks\corretto-17.0.7\bin\management_ext.dll
0x00007ffcb94f0000 - 0x00007ffcb94f8000 	C:\WINDOWS\System32\PSAPI.DLL
0x00007ffcb6830000 - 0x00007ffcb684b000 	C:\WINDOWS\SYSTEM32\CRYPTSP.dll
0x00007ffcb60d0000 - 0x00007ffcb6105000 	C:\WINDOWS\system32\rsaenh.dll
0x00007ffcb66d0000 - 0x00007ffcb66f8000 	C:\WINDOWS\SYSTEM32\USERENV.dll
0x00007ffcb69d0000 - 0x00007ffcb69f8000 	C:\WINDOWS\SYSTEM32\bcrypt.dll
0x00007ffcb6850000 - 0x00007ffcb685c000 	C:\WINDOWS\SYSTEM32\CRYPTBASE.dll
0x00007ffcb5c40000 - 0x00007ffcb5c6d000 	C:\WINDOWS\SYSTEM32\IPHLPAPI.DLL
0x00007ffcb8ef0000 - 0x00007ffcb8ef9000 	C:\WINDOWS\System32\NSI.dll
0x00007ffcb0870000 - 0x00007ffcb0889000 	C:\WINDOWS\SYSTEM32\dhcpcsvc6.DLL
0x00007ffcb0850000 - 0x00007ffcb086f000 	C:\WINDOWS\SYSTEM32\dhcpcsvc.DLL
0x00007ffcb5c70000 - 0x00007ffcb5d63000 	C:\WINDOWS\SYSTEM32\DNSAPI.dll
0x00007ffcb1920000 - 0x00007ffcb192e000 	C:\Users\wefer\.jdks\corretto-17.0.7\bin\sunmscapi.dll
0x00007ffcb72b0000 - 0x00007ffcb7417000 	C:\WINDOWS\System32\CRYPT32.dll
0x00007ffcb69a0000 - 0x00007ffcb69ce000 	C:\WINDOWS\SYSTEM32\ncrypt.dll
0x00007ffcb6960000 - 0x00007ffcb6997000 	C:\WINDOWS\SYSTEM32\NTASN1.dll
0x00007ffcb1650000 - 0x00007ffcb1658000 	C:\WINDOWS\system32\wshunix.dll

dbghelp: loaded successfully - version: 4.0.5 - missing functions: none
symbol engine: initialized successfully - sym options: 0x614 - pdb path: .;C:\Users\wefer\.jdks\corretto-17.0.7\bin;C:\WINDOWS\SYSTEM32;C:\WINDOWS\WinSxS\amd64_microsoft.windows.common-controls_6595b64144ccf1df_6.0.22621.1635_none_270f70857386168e;C:\Users\wefer\.jdks\corretto-17.0.7\bin\server;C:\Users\wefer\.gradle\native\68d5fa5c4cc2d200863cafc0d521ce42e7d3e7ee720ec0a83991735586a16f82\windows-amd64;C:\Users\wefer\.gradle\native\e376f236ea51e6404a007f0833ffe2c6e607c4080706a723a18a27aeea778392\windows-amd64

VM Arguments:
jvm_args: --add-opens=java.base/java.util=ALL-UNNAMED --add-opens=java.base/java.lang=ALL-UNNAMED --add-opens=java.base/java.lang.invoke=ALL-UNNAMED --add-opens=java.prefs/java.util.prefs=ALL-UNNAMED --add-opens=java.base/java.nio.charset=ALL-UNNAMED --add-opens=java.base/java.net=ALL-UNNAMED --add-opens=java.base/java.util.concurrent.atomic=ALL-UNNAMED -Xmx2048m -Dfile.encoding=UTF-8 -Duser.country=RU -Duser.language=ru -Duser.variant 
java_command: org.gradle.launcher.daemon.bootstrap.GradleDaemon 8.0
java_class_path (initial): C:\Users\wefer\.gradle\wrapper\dists\gradle-8.0-bin\ca5e32bp14vu59qr306oxotwh\gradle-8.0\lib\gradle-launcher-8.0.jar
Launcher Type: SUN_STANDARD

[Global flags]
     intx CICompilerCount                          = 3                                         {product} {ergonomic}
     uint ConcGCThreads                            = 1                                         {product} {ergonomic}
     uint G1ConcRefinementThreads                  = 4                                         {product} {ergonomic}
   size_t G1HeapRegionSize                         = 1048576                                   {product} {ergonomic}
    uintx GCDrainStackTargetSize                   = 64                                        {product} {ergonomic}
   size_t InitialHeapSize                          = 234881024                                 {product} {ergonomic}
   size_t MarkStackSize                            = 4194304                                   {product} {ergonomic}
   size_t MaxHeapSize                              = 2147483648                                {product} {command line}
   size_t MaxNewSize                               = 1287651328                                {product} {ergonomic}
   size_t MinHeapDeltaBytes                        = 1048576                                   {product} {ergonomic}
   size_t MinHeapSize                              = 8388608                                   {product} {ergonomic}
    uintx NonNMethodCodeHeapSize                   = 5832780                                {pd product} {ergonomic}
    uintx NonProfiledCodeHeapSize                  = 122912730                              {pd product} {ergonomic}
    uintx ProfiledCodeHeapSize                     = 122912730                              {pd product} {ergonomic}
    uintx ReservedCodeCacheSize                    = 251658240                              {pd product} {ergonomic}
     bool SegmentedCodeCache                       = true                                      {product} {ergonomic}
   size_t SoftMaxHeapSize                          = 2147483648                             {manageable} {ergonomic}
     bool UseCompressedClassPointers               = true                           {product lp64_product} {ergonomic}
     bool UseCompressedOops                        = true                           {product lp64_product} {ergonomic}
     bool UseG1GC                                  = true                                      {product} {ergonomic}
     bool UseLargePagesIndividualAllocation        = false                                  {pd product} {ergonomic}

Logging:
Log output configuration:
 #0: stdout all=warning uptime,level,tags
 #1: stderr all=off uptime,level,tags

Environment Variables:
PATH=C:\WINDOWS\system32;C:\WINDOWS;C:\WINDOWS\System32\Wbem;C:\WINDOWS\System32\WindowsPowerShell\v1.0\;C:\WINDOWS\System32\OpenSSH\;C:\Program Files\Microsoft SQL Server\150\Tools\Binn\;C:\Program Files\Microsoft SQL Server\Client SDK\ODBC\170\Tools\Binn\;C:\Program Files\dotnet\;C:\Program Files\Git\cmd;C:\Users\wefer\AppData\Local\Microsoft\WindowsApps;C:\Users\wefer\.dotnet\tools;C:\Program Files (x86)\Microsoft VS Code\bin
USERNAME=wefer
OS=Windows_NT
PROCESSOR_IDENTIFIER=AMD64 Family 23 Model 24 Stepping 1, AuthenticAMD
TMP=C:\Users\wefer\AppData\Local\Temp
TEMP=C:\Users\wefer\AppData\Local\Temp



---------------  S Y S T E M  ---------------

OS:
 Windows 11 , 64 bit Build 22621 (10.0.22621.1635)
OS uptime: 1 days 14:51 hours

CPU: total 4 (initial active 4) (4 cores per cpu, 2 threads per core) family 23 model 24 stepping 1 microcode 0x0, cx8, cmov, fxsr, ht, mmx, 3dnowpref, sse, sse2, sse3, ssse3, sse4a, sse4.1, sse4.2, popcnt, lzcnt, tsc, tscinvbit, avx, avx2, aes, clmul, bmi1, bmi2, adx, sha, fma, vzeroupper, clflush, clflushopt

Memory: 4k page, system-wide physical 14274M (1386M free)
TotalPageFile size 17298M (AvailPageFile size 19M)
current process WorkingSet (physical memory assigned to process): 411M, peak: 424M
current process commit charge ("private bytes"): 504M, peak: 634M

vm_info: OpenJDK 64-Bit Server VM (17.0.7+7-LTS) for windows-amd64 JRE (17.0.7+7-LTS), built on Apr 14 2023 01:39:21 by "Administrator" with MS VC++ 15.9 (VS2017)

END.
