#
# There is insufficient memory for the Java Runtime Environment to continue.
# Native memory allocation (mmap) failed to map 31457280 bytes for G1 virtual space
# Possible reasons:
#   The system is out of physical RAM or swap space
#   The process is running with CompressedOops enabled, and the Java Heap may be blocking the growth of the native heap
# Possible solutions:
#   Reduce memory load on the system
#   Increase physical memory or swap space
#   Check if swap backing store is full
#   Decrease Java heap size (-Xmx/-Xms)
#   Decrease number of Java threads
#   Decrease Java thread stack sizes (-Xss)
#   Set larger code cache with -XX:ReservedCodeCacheSize=
#   JVM is running with Unscaled Compressed Oops mode in which the Java heap is
#     placed in the first 4GB address space. The Java Heap base address is the
#     maximum limit for the native heap growth. Please use -XX:HeapBaseMinAddress
#     to set the Java Heap base and to place the Java Heap above 4GB virtual address.
# This output file may be truncated or incomplete.
#
#  Out of Memory Error (os_windows.cpp:3559), pid=9260, tid=4716
#
# JRE version: OpenJDK Runtime Environment Corretto-17.0.7.7.1 (17.0.7+7) (build 17.0.7+7-LTS)
# Java VM: OpenJDK 64-Bit Server VM Corretto-17.0.7.7.1 (17.0.7+7-LTS, mixed mode, sharing, tiered, compressed oops, compressed class ptrs, g1 gc, windows-amd64)
# No core dump will be written. Minidumps are not enabled by default on client versions of Windows
#

---------------  S U M M A R Y ------------

Command Line: --add-opens=java.base/java.util=ALL-UNNAMED --add-opens=java.base/java.lang=ALL-UNNAMED --add-opens=java.base/java.lang.invoke=ALL-UNNAMED --add-opens=java.prefs/java.util.prefs=ALL-UNNAMED --add-opens=java.base/java.nio.charset=ALL-UNNAMED --add-opens=java.base/java.net=ALL-UNNAMED --add-opens=java.base/java.util.concurrent.atomic=ALL-UNNAMED -Xmx2048m -Dfile.encoding=UTF-8 -Duser.country=RU -Duser.language=ru -Duser.variant org.gradle.launcher.daemon.bootstrap.GradleDaemon 8.0

Host: AMD Ryzen 3 3200U with Radeon Vega Mobile Gfx  , 4 cores, 13G,  Windows 11 , 64 bit Build 22621 (10.0.22621.1635)
Time: Tue May 30 15:15:39 2023 RTZ 4 (s 11 , 64 bit Build 22621 (10.0.22621.1635) elapsed time: 82.355487 seconds (0d 0h 1m 22s)

---------------  T H R E A D  ---------------

Current thread (0x00000259655862f0):  VMThread "VM Thread" [stack: 0x000000b206f00000,0x000000b207000000] [id=4716]

Stack: [0x000000b206f00000,0x000000b207000000]
Native frames: (J=compiled Java code, j=interpreted, Vv=VM code, C=native code)
V  [jvm.dll+0x64b53a]
V  [jvm.dll+0x7fef54]
V  [jvm.dll+0x80070e]
V  [jvm.dll+0x800d63]
V  [jvm.dll+0x236a2b]
V  [jvm.dll+0x64843a]
V  [jvm.dll+0x63ce8a]
V  [jvm.dll+0x2f5629]
V  [jvm.dll+0x2fc826]
V  [jvm.dll+0x348eea]
V  [jvm.dll+0x34912f]
V  [jvm.dll+0x2cb9a8]
V  [jvm.dll+0x2ceb16]
V  [jvm.dll+0x2d938c]
V  [jvm.dll+0x30cc80]
V  [jvm.dll+0x80519b]
V  [jvm.dll+0x805e78]
V  [jvm.dll+0x8063a5]
V  [jvm.dll+0x806774]
V  [jvm.dll+0x80683e]
V  [jvm.dll+0x7b237a]
V  [jvm.dll+0x64a3a5]
C  [ucrtbase.dll+0x29363]
C  [KERNEL32.DLL+0x126ad]
C  [ntdll.dll+0x5a9f8]

VM_Operation (0x000000b206bff630): G1Concurrent, mode: safepoint, requested by thread 0x00000259479fdee0


---------------  P R O C E S S  ---------------

Threads class SMR info:
_java_thread_list=0x000002596ffa9860, length=83, elements={
0x0000025947991950, 0x000002596558b190, 0x000002596558bd40, 0x000002596559c0e0,
0x000002596559cba0, 0x000002596559f660, 0x00000259655a0010, 0x00000259655a2d00,
0x00000259655b0c10, 0x00000259655d1610, 0x0000025965812080, 0x000002596581a780,
0x000002596ab8e730, 0x000002596c1f5280, 0x000002596a478150, 0x000002596bacf440,
0x000002596a849b90, 0x000002596a84a060, 0x000002596a848d20, 0x000002596a84bd40,
0x000002596a848380, 0x000002596a84a530, 0x000002596a8491f0, 0x000002596a8496c0,
0x000002596c6c58c0, 0x000002596c6c1090, 0x000002596c6c1560, 0x000002596c6c1f00,
0x000002596d1502a0, 0x000002596d150c40, 0x000002596ed9dfc0, 0x000002596ed9afa0,
0x000002596ed9ee30, 0x000002596ed99c60, 0x000002596ed9a130, 0x000002596ed9e490,
0x000002596ed9aad0, 0x000002596ed98920, 0x000002596ed9b940, 0x000002596d69e040,
0x000002596ed9d150, 0x000002596ed9e960, 0x000002596ed9f300, 0x000002596ed97f80,
0x000002596ed9f7d0, 0x000002596ed98450, 0x000002596ed98df0, 0x000002596c6beee0,
0x000002596c6c23d0, 0x000002596c6bfd50, 0x000002596c6c4a50, 0x000002596c6be540,
0x000002596c6c0bc0, 0x000002596c6c0220, 0x000002596c6c3710, 0x000002596c6c06f0,
0x000002596c6c40b0, 0x000002596c6c4580, 0x000002596c6c1a30, 0x000002596c6c53f0,
0x000002596c6c28a0, 0x000002596c6c3240, 0x000002596d1515e0, 0x000002596d14ea90,
0x000002596d155470, 0x000002596d155940, 0x000002596d152df0, 0x000002596d14e0f0,
0x000002596d151ab0, 0x000002596d152450, 0x000002596d152920, 0x000002596d1532c0,
0x000002596d153c60, 0x000002596a84aa00, 0x000002596a848850, 0x000002596a84b3a0,
0x000002596a84b870, 0x000002596d43d5d0, 0x000002596d43b420, 0x000002596d4405f0,
0x000002596d43aa80, 0x000002596d440f90, 0x000002596d440ac0
}

Java Threads: ( => current thread )
  0x0000025947991950 JavaThread "main" [_thread_blocked, id=7880, stack(0x000000b206900000,0x000000b206a00000)]
  0x000002596558b190 JavaThread "Reference Handler" daemon [_thread_blocked, id=10604, stack(0x000000b207000000,0x000000b207100000)]
  0x000002596558bd40 JavaThread "Finalizer" daemon [_thread_blocked, id=2624, stack(0x000000b207100000,0x000000b207200000)]
  0x000002596559c0e0 JavaThread "Signal Dispatcher" daemon [_thread_blocked, id=9784, stack(0x000000b207200000,0x000000b207300000)]
  0x000002596559cba0 JavaThread "Attach Listener" daemon [_thread_blocked, id=5272, stack(0x000000b207300000,0x000000b207400000)]
  0x000002596559f660 JavaThread "Service Thread" daemon [_thread_blocked, id=4240, stack(0x000000b207400000,0x000000b207500000)]
  0x00000259655a0010 JavaThread "Monitor Deflation Thread" daemon [_thread_blocked, id=8136, stack(0x000000b207500000,0x000000b207600000)]
  0x00000259655a2d00 JavaThread "C2 CompilerThread0" daemon [_thread_blocked, id=8516, stack(0x000000b207600000,0x000000b207700000)]
  0x00000259655b0c10 JavaThread "C1 CompilerThread0" daemon [_thread_blocked, id=11160, stack(0x000000b207700000,0x000000b207800000)]
  0x00000259655d1610 JavaThread "Sweeper thread" daemon [_thread_blocked, id=12976, stack(0x000000b207800000,0x000000b207900000)]
  0x0000025965812080 JavaThread "Common-Cleaner" daemon [_thread_blocked, id=4444, stack(0x000000b207900000,0x000000b207a00000)]
  0x000002596581a780 JavaThread "Notification Thread" daemon [_thread_blocked, id=5852, stack(0x000000b207a00000,0x000000b207b00000)]
  0x000002596ab8e730 JavaThread "Daemon health stats" [_thread_blocked, id=14076, stack(0x000000b208000000,0x000000b208100000)]
  0x000002596c1f5280 JavaThread "Incoming local TCP Connector on port 49817" [_thread_in_native, id=4652, stack(0x000000b208100000,0x000000b208200000)]
  0x000002596a478150 JavaThread "Daemon periodic checks" [_thread_blocked, id=1576, stack(0x000000b208200000,0x000000b208300000)]
  0x000002596bacf440 JavaThread "Daemon" [_thread_blocked, id=8244, stack(0x000000b208300000,0x000000b208400000)]
  0x000002596a849b90 JavaThread "Daemon worker" [_thread_blocked, id=13836, stack(0x000000b208600000,0x000000b208700000)]
  0x000002596a84a060 JavaThread "Cache worker for journal cache (C:\Users\wefer\.gradle\caches\journal-1)" [_thread_blocked, id=3552, stack(0x000000b207c00000,0x000000b207d00000)]
  0x000002596a848d20 JavaThread "File lock request listener" [_thread_in_native, id=5808, stack(0x000000b208a00000,0x000000b208b00000)]
  0x000002596a84bd40 JavaThread "Cache worker for file hash cache (C:\Users\wefer\.gradle\caches\8.0\fileHashes)" [_thread_blocked, id=1080, stack(0x000000b208c00000,0x000000b208d00000)]
  0x000002596a848380 JavaThread "File watcher server" daemon [_thread_in_native, id=632, stack(0x000000b208d00000,0x000000b208e00000)]
  0x000002596a84a530 JavaThread "File watcher consumer" daemon [_thread_blocked, id=13832, stack(0x000000b208e00000,0x000000b208f00000)]
  0x000002596a8491f0 JavaThread "jar transforms" [_thread_blocked, id=580, stack(0x000000b208f00000,0x000000b209000000)]
  0x000002596a8496c0 JavaThread "jar transforms Thread 2" [_thread_blocked, id=6512, stack(0x000000b209000000,0x000000b209100000)]
  0x000002596c6c58c0 JavaThread "jar transforms Thread 3" [_thread_blocked, id=13920, stack(0x000000b209100000,0x000000b209200000)]
  0x000002596c6c1090 JavaThread "jar transforms Thread 4" [_thread_blocked, id=12084, stack(0x000000b209200000,0x000000b209300000)]
  0x000002596c6c1560 JavaThread "Cache worker for file content cache (C:\Users\wefer\.gradle\caches\8.0\fileContent)" [_thread_blocked, id=5588, stack(0x000000b209500000,0x000000b209600000)]
  0x000002596c6c1f00 JavaThread "Cache worker for execution history cache (C:\Users\wefer\.gradle\caches\8.0\executionHistory)" [_thread_blocked, id=5868, stack(0x000000b209800000,0x000000b209900000)]
  0x000002596d1502a0 JavaThread "Memory manager" [_thread_blocked, id=12016, stack(0x000000b20c500000,0x000000b20c600000)]
  0x000002596d150c40 JavaThread "pool-3-thread-1" [_thread_blocked, id=1924, stack(0x000000b20c600000,0x000000b20c700000)]
  0x000002596ed9dfc0 JavaThread "Handler for socket connection from /127.0.0.1:49817 to /127.0.0.1:49866" [_thread_in_native, id=7584, stack(0x000000b206600000,0x000000b206700000)]
  0x000002596ed9afa0 JavaThread "Cancel handler" [_thread_blocked, id=11556, stack(0x000000b206700000,0x000000b206800000)]
  0x000002596ed9ee30 JavaThread "Asynchronous log dispatcher for DefaultDaemonConnection: socket connection from /127.0.0.1:49817 to /127.0.0.1:49866" [_thread_blocked, id=12636, stack(0x000000b206800000,0x000000b206900000)]
  0x000002596ed99c60 JavaThread "Stdin handler" [_thread_blocked, id=7308, stack(0x000000b208700000,0x000000b208800000)]
  0x000002596ed9a130 JavaThread "Daemon client event forwarder" [_thread_blocked, id=12692, stack(0x000000b208800000,0x000000b208900000)]
  0x000002596ed9e490 JavaThread "Cache worker for checksums cache (C:\Users\wefer\OneDrive\Рабочий стол\КУРСОВАЯ\FIND_WORK_IT\.gradle\8.0\checksums)" [_thread_blocked, id=2288, stack(0x000000b208900000,0x000000b208a00000)]
  0x000002596ed9aad0 JavaThread "Cache worker for cache directory md-rule (C:\Users\wefer\.gradle\caches\8.0\md-rule)" [_thread_blocked, id=12916, stack(0x000000b208b00000,0x000000b208c00000)]
  0x000002596ed98920 JavaThread "Cache worker for file hash cache (C:\Users\wefer\OneDrive\Рабочий стол\КУРСОВАЯ\FIND_WORK_IT\.gradle\8.0\fileHashes)" [_thread_blocked, id=13496, stack(0x000000b209300000,0x000000b209400000)]
  0x000002596ed9b940 JavaThread "Cache worker for cache directory md-supplier (C:\Users\wefer\.gradle\caches\8.0\md-supplier)" [_thread_blocked, id=12096, stack(0x000000b209400000,0x000000b209500000)]
  0x000002596d69e040 JavaThread "C2 CompilerThread1" daemon [_thread_blocked, id=10740, stack(0x000000b209600000,0x000000b209700000)]
  0x000002596ed9d150 JavaThread "Cache worker for dependencies-accessors (C:\Users\wefer\OneDrive\Рабочий стол\КУРСОВАЯ\FIND_WORK_IT\.gradle\8.0\dependencies-accessors)" [_thread_blocked, id=13704, stack(0x000000b209700000,0x000000b209800000)]
  0x000002596ed9e960 JavaThread "Cache worker for Build Output Cleanup Cache (C:\Users\wefer\OneDrive\Рабочий стол\КУРСОВАЯ\FIND_WORK_IT\.gradle\buildOutputCleanup)" [_thread_blocked, id=7104, stack(0x000000b209b00000,0x000000b209c00000)]
  0x000002596ed9f300 JavaThread "Unconstrained build operations" [_thread_blocked, id=9380, stack(0x000000b209c00000,0x000000b209d00000)]
  0x000002596ed97f80 JavaThread "Unconstrained build operations Thread 2" [_thread_blocked, id=9248, stack(0x000000b209d00000,0x000000b209e00000)]
  0x000002596ed9f7d0 JavaThread "Unconstrained build operations Thread 3" [_thread_blocked, id=5212, stack(0x000000b209e00000,0x000000b209f00000)]
  0x000002596ed98450 JavaThread "Unconstrained build operations Thread 4" [_thread_blocked, id=9320, stack(0x000000b209f00000,0x000000b20a000000)]
  0x000002596ed98df0 JavaThread "Unconstrained build operations Thread 5" [_thread_blocked, id=3324, stack(0x000000b20a000000,0x000000b20a100000)]
  0x000002596c6beee0 JavaThread "Unconstrained build operations Thread 6" [_thread_blocked, id=8508, stack(0x000000b20a100000,0x000000b20a200000)]
  0x000002596c6c23d0 JavaThread "Unconstrained build operations Thread 7" [_thread_blocked, id=1636, stack(0x000000b20a200000,0x000000b20a300000)]
  0x000002596c6bfd50 JavaThread "Unconstrained build operations Thread 8" [_thread_blocked, id=10952, stack(0x000000b20a300000,0x000000b20a400000)]
  0x000002596c6c4a50 JavaThread "Unconstrained build operations Thread 9" [_thread_blocked, id=748, stack(0x000000b20a400000,0x000000b20a500000)]
  0x000002596c6be540 JavaThread "Unconstrained build operations Thread 10" [_thread_blocked, id=14272, stack(0x000000b20a500000,0x000000b20a600000)]
  0x000002596c6c0bc0 JavaThread "Unconstrained build operations Thread 11" [_thread_blocked, id=756, stack(0x000000b20a600000,0x000000b20a700000)]
  0x000002596c6c0220 JavaThread "Unconstrained build operations Thread 12" [_thread_blocked, id=2060, stack(0x000000b20a700000,0x000000b20a800000)]
  0x000002596c6c3710 JavaThread "Unconstrained build operations Thread 13" [_thread_blocked, id=9180, stack(0x000000b20a800000,0x000000b20a900000)]
  0x000002596c6c06f0 JavaThread "Unconstrained build operations Thread 14" [_thread_blocked, id=9908, stack(0x000000b20a900000,0x000000b20aa00000)]
  0x000002596c6c40b0 JavaThread "Unconstrained build operations Thread 15" [_thread_blocked, id=13644, stack(0x000000b20aa00000,0x000000b20ab00000)]
  0x000002596c6c4580 JavaThread "Unconstrained build operations Thread 16" [_thread_blocked, id=5560, stack(0x000000b20ab00000,0x000000b20ac00000)]
  0x000002596c6c1a30 JavaThread "Unconstrained build operations Thread 17" [_thread_blocked, id=12876, stack(0x000000b20ac00000,0x000000b20ad00000)]
  0x000002596c6c53f0 JavaThread "Unconstrained build operations Thread 18" [_thread_blocked, id=11432, stack(0x000000b20ad00000,0x000000b20ae00000)]
  0x000002596c6c28a0 JavaThread "Unconstrained build operations Thread 19" [_thread_blocked, id=13988, stack(0x000000b20ae00000,0x000000b20af00000)]
  0x000002596c6c3240 JavaThread "Unconstrained build operations Thread 20" [_thread_blocked, id=10460, stack(0x000000b20af00000,0x000000b20b000000)]
  0x000002596d1515e0 JavaThread "Unconstrained build operations Thread 21" [_thread_blocked, id=11752, stack(0x000000b20b000000,0x000000b20b100000)]
  0x000002596d14ea90 JavaThread "Unconstrained build operations Thread 22" [_thread_blocked, id=220, stack(0x000000b20b100000,0x000000b20b200000)]
  0x000002596d155470 JavaThread "Unconstrained build operations Thread 23" [_thread_blocked, id=7332, stack(0x000000b20b200000,0x000000b20b300000)]
  0x000002596d155940 JavaThread "Unconstrained build operations Thread 24" [_thread_blocked, id=14328, stack(0x000000b20b300000,0x000000b20b400000)]
  0x000002596d152df0 JavaThread "Unconstrained build operations Thread 25" [_thread_blocked, id=7396, stack(0x000000b20b400000,0x000000b20b500000)]
  0x000002596d14e0f0 JavaThread "Unconstrained build operations Thread 26" [_thread_blocked, id=11072, stack(0x000000b20b500000,0x000000b20b600000)]
  0x000002596d151ab0 JavaThread "Unconstrained build operations Thread 27" [_thread_blocked, id=7136, stack(0x000000b20b600000,0x000000b20b700000)]
  0x000002596d152450 JavaThread "Unconstrained build operations Thread 28" [_thread_blocked, id=13052, stack(0x000000b20b700000,0x000000b20b800000)]
  0x000002596d152920 JavaThread "Unconstrained build operations Thread 29" [_thread_blocked, id=12100, stack(0x000000b20b800000,0x000000b20b900000)]
  0x000002596d1532c0 JavaThread "Unconstrained build operations Thread 30" [_thread_blocked, id=3192, stack(0x000000b20b900000,0x000000b20ba00000)]
  0x000002596d153c60 JavaThread "Unconstrained build operations Thread 31" [_thread_blocked, id=5680, stack(0x000000b20ba00000,0x000000b20bb00000)]
  0x000002596a84aa00 JavaThread "Unconstrained build operations Thread 32" [_thread_blocked, id=3736, stack(0x000000b20bb00000,0x000000b20bc00000)]
  0x000002596a848850 JavaThread "Unconstrained build operations Thread 33" [_thread_blocked, id=13332, stack(0x000000b20bc00000,0x000000b20bd00000)]
  0x000002596a84b3a0 JavaThread "Unconstrained build operations Thread 34" [_thread_blocked, id=2440, stack(0x000000b20bd00000,0x000000b20be00000)]
  0x000002596a84b870 JavaThread "Unconstrained build operations Thread 35" [_thread_blocked, id=1188, stack(0x000000b20be00000,0x000000b20bf00000)]
  0x000002596d43d5d0 JavaThread "Unconstrained build operations Thread 36" [_thread_blocked, id=9104, stack(0x000000b20bf00000,0x000000b20c000000)]
  0x000002596d43b420 JavaThread "Unconstrained build operations Thread 37" [_thread_blocked, id=9732, stack(0x000000b20c000000,0x000000b20c100000)]
  0x000002596d4405f0 JavaThread "Unconstrained build operations Thread 38" [_thread_blocked, id=12340, stack(0x000000b20c100000,0x000000b20c200000)]
  0x000002596d43aa80 JavaThread "Unconstrained build operations Thread 39" [_thread_blocked, id=1800, stack(0x000000b20c200000,0x000000b20c300000)]
  0x000002596d440f90 JavaThread "Unconstrained build operations Thread 40" [_thread_blocked, id=8544, stack(0x000000b20c300000,0x000000b20c400000)]
  0x000002596d440ac0 JavaThread "build event listener" [_thread_blocked, id=11920, stack(0x000000b20c400000,0x000000b20c500000)]

Other Threads:
=>0x00000259655862f0 VMThread "VM Thread" [stack: 0x000000b206f00000,0x000000b207000000] [id=4716]
  0x000002596581d070 WatcherThread [stack: 0x000000b207b00000,0x000000b207c00000] [id=13128]
  0x00000259479ece40 GCTaskThread "GC Thread#0" [stack: 0x000000b206a00000,0x000000b206b00000] [id=8876]
  0x000002596a238590 GCTaskThread "GC Thread#1" [stack: 0x000000b207d00000,0x000000b207e00000] [id=9124]
  0x000002596a5d5ac0 GCTaskThread "GC Thread#2" [stack: 0x000000b207e00000,0x000000b207f00000] [id=7624]
  0x000002596a5d5d70 GCTaskThread "GC Thread#3" [stack: 0x000000b207f00000,0x000000b208000000] [id=8504]
  0x00000259479fdee0 ConcurrentGCThread "G1 Main Marker" [stack: 0x000000b206b00000,0x000000b206c00000] [id=3664]
  0x0000025947a00140 ConcurrentGCThread "G1 Conc#0" [stack: 0x000000b206c00000,0x000000b206d00000] [id=5844]
  0x0000025947a5ec70 ConcurrentGCThread "G1 Refine#0" [stack: 0x000000b206d00000,0x000000b206e00000] [id=4264]
  0x000002596c5e0630 ConcurrentGCThread "G1 Refine#1" [stack: 0x000000b209900000,0x000000b209a00000] [id=9120]
  0x000002596c5e0910 ConcurrentGCThread "G1 Refine#2" [stack: 0x000000b209a00000,0x000000b209b00000] [id=13432]
  0x0000025965437ef0 ConcurrentGCThread "G1 Service" [stack: 0x000000b206e00000,0x000000b206f00000] [id=13676]

Threads with active compile tasks:
C2 CompilerThread0    82375 14817       4       org.gradle.internal.operations.logging.LoggingBuildOperationProgressBroadcaster::onOutput (105 bytes)
C2 CompilerThread1    82376 14628       4       org.gradle.api.internal.artifacts.ivyservice.resolveengine.result.ResolvedVariantResultSerializer::read (132 bytes)

VM state: at safepoint (normal execution)

VM Mutex/Monitor currently owned by a thread:  ([mutex/lock_event])
[0x000002594798d630] Threads_lock - owner thread: 0x00000259655862f0
[0x000002594798d990] Heap_lock - owner thread: 0x00000259479fdee0

Heap address: 0x0000000080000000, size: 2048 MB, Compressed Oops mode: 32-bit

CDS archive(s) mapped at: [0x0000000800000000-0x0000000800bc0000-0x0000000800bc0000), size 12320768, SharedBaseAddress: 0x0000000800000000, ArchiveRelocationMode: 0.
Compressed class space mapped at: 0x0000000801000000-0x0000000841000000, reserved size: 1073741824
Narrow klass base: 0x0000000800000000, Narrow klass shift: 0, Narrow klass range: 0x100000000

GC Precious Log:
 CPUs: 4 total, 4 available
 Memory: 14274M
 Large Page Support: Disabled
 NUMA Support: Disabled
 Compressed Oops: Enabled (32-bit)
 Heap Region Size: 1M
 Heap Min Capacity: 8M
 Heap Initial Capacity: 224M
 Heap Max Capacity: 2G
 Pre-touch: Disabled
 Parallel Workers: 4
 Concurrent Workers: 1
 Concurrent Refinement Workers: 4
 Periodic GC: Disabled

Heap:
 garbage-first heap   total 345088K, used 224209K [0x0000000080000000, 0x0000000100000000)
  region size 1024K, 20 young (20480K), 8 survivors (8192K)
 Metaspace       used 105038K, committed 105984K, reserved 1179648K
  class space    used 13793K, committed 14272K, reserved 1048576K

Heap Regions: E=young(eden), S=young(survivor), O=old, HS=humongous(starts), HC=humongous(continues), CS=collection set, F=free, OA=open archive, CA=closed archive, TAMS=top-at-mark-start (previous, next)
|   0|0x0000000080000000, 0x0000000080100000, 0x0000000080100000|100%| O|  |TAMS 0x0000000080100000, 0x0000000080000000| Untracked 
|   1|0x0000000080100000, 0x0000000080200000, 0x0000000080200000|100%| O|  |TAMS 0x0000000080200000, 0x0000000080100000| Untracked 
|   2|0x0000000080200000, 0x0000000080300000, 0x0000000080300000|100%|HS|  |TAMS 0x0000000080300000, 0x0000000080200000| Complete 
|   3|0x0000000080300000, 0x0000000080400000, 0x0000000080400000|100%|HC|  |TAMS 0x0000000080400000, 0x0000000080300000| Complete 
|   4|0x0000000080400000, 0x0000000080500000, 0x0000000080500000|100%|HC|  |TAMS 0x0000000080500000, 0x0000000080400000| Complete 
|   5|0x0000000080500000, 0x0000000080600000, 0x0000000080600000|100%|HC|  |TAMS 0x0000000080600000, 0x0000000080500000| Complete 
|   6|0x0000000080600000, 0x0000000080700000, 0x0000000080700000|100%| O|  |TAMS 0x0000000080700000, 0x0000000080600000| Untracked 
|   7|0x0000000080700000, 0x0000000080800000, 0x0000000080800000|100%| O|  |TAMS 0x0000000080800000, 0x0000000080700000| Untracked 
|   8|0x0000000080800000, 0x0000000080900000, 0x0000000080900000|100%|HS|  |TAMS 0x0000000080900000, 0x0000000080800000| Complete 
|   9|0x0000000080900000, 0x0000000080a00000, 0x0000000080a00000|100%| O|  |TAMS 0x0000000080a00000, 0x0000000080900000| Untracked 
|  10|0x0000000080a00000, 0x0000000080b00000, 0x0000000080b00000|100%| O|  |TAMS 0x0000000080b00000, 0x0000000080a00000| Untracked 
|  11|0x0000000080b00000, 0x0000000080c00000, 0x0000000080c00000|100%| O|  |TAMS 0x0000000080c00000, 0x0000000080b00000| Untracked 
|  12|0x0000000080c00000, 0x0000000080d00000, 0x0000000080d00000|100%|HS|  |TAMS 0x0000000080d00000, 0x0000000080c00000| Complete 
|  13|0x0000000080d00000, 0x0000000080e00000, 0x0000000080e00000|100%|HC|  |TAMS 0x0000000080e00000, 0x0000000080d00000| Complete 
|  14|0x0000000080e00000, 0x0000000080f00000, 0x0000000080f00000|100%|HS|  |TAMS 0x0000000080f00000, 0x0000000080e00000| Complete 
|  15|0x0000000080f00000, 0x0000000081000000, 0x0000000081000000|100%|HC|  |TAMS 0x0000000081000000, 0x0000000080f00000| Complete 
|  16|0x0000000081000000, 0x0000000081100000, 0x0000000081100000|100%|HC|  |TAMS 0x0000000081100000, 0x0000000081000000| Complete 
|  17|0x0000000081100000, 0x0000000081200000, 0x0000000081200000|100%|HS|  |TAMS 0x0000000081200000, 0x0000000081100000| Complete 
|  18|0x0000000081200000, 0x0000000081300000, 0x0000000081300000|100%|HC|  |TAMS 0x0000000081300000, 0x0000000081200000| Complete 
|  19|0x0000000081300000, 0x0000000081400000, 0x0000000081400000|100%|HC|  |TAMS 0x0000000081400000, 0x0000000081300000| Complete 
|  20|0x0000000081400000, 0x0000000081500000, 0x0000000081500000|100%|HS|  |TAMS 0x0000000081500000, 0x0000000081400000| Complete 
|  21|0x0000000081500000, 0x0000000081600000, 0x0000000081600000|100%|HC|  |TAMS 0x0000000081600000, 0x0000000081500000| Complete 
|  22|0x0000000081600000, 0x0000000081700000, 0x0000000081700000|100%|HS|  |TAMS 0x0000000081700000, 0x0000000081600000| Complete 
|  23|0x0000000081700000, 0x0000000081800000, 0x0000000081800000|100%|HC|  |TAMS 0x0000000081800000, 0x0000000081700000| Complete 
|  24|0x0000000081800000, 0x0000000081900000, 0x0000000081900000|100%|HC|  |TAMS 0x0000000081900000, 0x0000000081800000| Complete 
|  25|0x0000000081900000, 0x0000000081a00000, 0x0000000081a00000|100%|HC|  |TAMS 0x0000000081a00000, 0x0000000081900000| Complete 
|  26|0x0000000081a00000, 0x0000000081b00000, 0x0000000081b00000|100%|HC|  |TAMS 0x0000000081b00000, 0x0000000081a00000| Complete 
|  27|0x0000000081b00000, 0x0000000081c00000, 0x0000000081c00000|100%|HC|  |TAMS 0x0000000081c00000, 0x0000000081b00000| Complete 
|  28|0x0000000081c00000, 0x0000000081d00000, 0x0000000081d00000|100%| O|  |TAMS 0x0000000081d00000, 0x0000000081c00000| Untracked 
|  29|0x0000000081d00000, 0x0000000081e00000, 0x0000000081e00000|100%| O|  |TAMS 0x0000000081e00000, 0x0000000081d00000| Untracked 
|  30|0x0000000081e00000, 0x0000000081f00000, 0x0000000081f00000|100%| O|  |TAMS 0x0000000081f00000, 0x0000000081e00000| Untracked 
|  31|0x0000000081f00000, 0x0000000082000000, 0x0000000082000000|100%| O|  |TAMS 0x0000000082000000, 0x0000000081f00000| Untracked 
|  32|0x0000000082000000, 0x0000000082100000, 0x0000000082100000|100%| O|  |TAMS 0x0000000082100000, 0x0000000082000000| Untracked 
|  33|0x0000000082100000, 0x0000000082200000, 0x0000000082200000|100%| O|  |TAMS 0x0000000082200000, 0x0000000082100000| Untracked 
|  34|0x0000000082200000, 0x0000000082300000, 0x0000000082300000|100%| O|  |TAMS 0x0000000082300000, 0x0000000082200000| Untracked 
|  35|0x0000000082300000, 0x0000000082400000, 0x0000000082400000|100%| O|  |TAMS 0x0000000082400000, 0x0000000082300000| Untracked 
|  36|0x0000000082400000, 0x0000000082500000, 0x0000000082500000|100%| O|  |TAMS 0x0000000082500000, 0x0000000082400000| Untracked 
|  37|0x0000000082500000, 0x0000000082600000, 0x0000000082600000|100%| O|  |TAMS 0x0000000082600000, 0x0000000082500000| Untracked 
|  38|0x0000000082600000, 0x0000000082700000, 0x0000000082700000|100%| O|  |TAMS 0x0000000082700000, 0x0000000082600000| Untracked 
|  39|0x0000000082700000, 0x0000000082800000, 0x0000000082800000|100%| O|  |TAMS 0x0000000082800000, 0x0000000082700000| Untracked 
|  40|0x0000000082800000, 0x0000000082900000, 0x0000000082900000|100%| O|  |TAMS 0x0000000082900000, 0x0000000082800000| Untracked 
|  41|0x0000000082900000, 0x0000000082a00000, 0x0000000082a00000|100%| O|  |TAMS 0x0000000082a00000, 0x0000000082900000| Untracked 
|  42|0x0000000082a00000, 0x0000000082b00000, 0x0000000082b00000|100%| O|  |TAMS 0x0000000082b00000, 0x0000000082a00000| Untracked 
|  43|0x0000000082b00000, 0x0000000082c00000, 0x0000000082c00000|100%| O|  |TAMS 0x0000000082c00000, 0x0000000082b00000| Untracked 
|  44|0x0000000082c00000, 0x0000000082d00000, 0x0000000082d00000|100%| O|  |TAMS 0x0000000082d00000, 0x0000000082c00000| Updating 
|  45|0x0000000082d00000, 0x0000000082e00000, 0x0000000082e00000|100%| O|  |TAMS 0x0000000082e00000, 0x0000000082d00000| Untracked 
|  46|0x0000000082e00000, 0x0000000082f00000, 0x0000000082f00000|100%| O|  |TAMS 0x0000000082f00000, 0x0000000082e00000| Updating 
|  47|0x0000000082f00000, 0x0000000083000000, 0x0000000083000000|100%|HS|  |TAMS 0x0000000083000000, 0x0000000082f00000| Complete 
|  48|0x0000000083000000, 0x0000000083100000, 0x0000000083100000|100%|HC|  |TAMS 0x0000000083100000, 0x0000000083000000| Complete 
|  49|0x0000000083100000, 0x0000000083200000, 0x0000000083200000|100%|HC|  |TAMS 0x0000000083200000, 0x0000000083100000| Complete 
|  50|0x0000000083200000, 0x0000000083300000, 0x0000000083300000|100%|HC|  |TAMS 0x0000000083300000, 0x0000000083200000| Complete 
|  51|0x0000000083300000, 0x0000000083400000, 0x0000000083400000|100%|HC|  |TAMS 0x0000000083400000, 0x0000000083300000| Complete 
|  52|0x0000000083400000, 0x0000000083500000, 0x0000000083500000|100%|HC|  |TAMS 0x0000000083500000, 0x0000000083400000| Complete 
|  53|0x0000000083500000, 0x0000000083600000, 0x0000000083600000|100%|HC|  |TAMS 0x0000000083600000, 0x0000000083500000| Complete 
|  54|0x0000000083600000, 0x0000000083700000, 0x0000000083700000|100%|HC|  |TAMS 0x0000000083700000, 0x0000000083600000| Complete 
|  55|0x0000000083700000, 0x0000000083800000, 0x0000000083800000|100%|HC|  |TAMS 0x0000000083800000, 0x0000000083700000| Complete 
|  56|0x0000000083800000, 0x0000000083900000, 0x0000000083900000|100%|HC|  |TAMS 0x0000000083900000, 0x0000000083800000| Complete 
|  57|0x0000000083900000, 0x0000000083a00000, 0x0000000083a00000|100%|HC|  |TAMS 0x0000000083a00000, 0x0000000083900000| Complete 
|  58|0x0000000083a00000, 0x0000000083b00000, 0x0000000083b00000|100%|HS|  |TAMS 0x0000000083b00000, 0x0000000083a00000| Complete 
|  59|0x0000000083b00000, 0x0000000083c00000, 0x0000000083c00000|100%|HC|  |TAMS 0x0000000083c00000, 0x0000000083b00000| Complete 
|  60|0x0000000083c00000, 0x0000000083d00000, 0x0000000083d00000|100%|HS|  |TAMS 0x0000000083d00000, 0x0000000083c00000| Complete 
|  61|0x0000000083d00000, 0x0000000083e00000, 0x0000000083e00000|100%|HC|  |TAMS 0x0000000083e00000, 0x0000000083d00000| Complete 
|  62|0x0000000083e00000, 0x0000000083f00000, 0x0000000083f00000|100%|HC|  |TAMS 0x0000000083f00000, 0x0000000083e00000| Complete 
|  63|0x0000000083f00000, 0x0000000084000000, 0x0000000084000000|100%|HS|  |TAMS 0x0000000084000000, 0x0000000083f00000| Complete 
|  64|0x0000000084000000, 0x0000000084100000, 0x0000000084100000|100%|HC|  |TAMS 0x0000000084100000, 0x0000000084000000| Complete 
|  65|0x0000000084100000, 0x0000000084200000, 0x0000000084200000|100%|HS|  |TAMS 0x0000000084200000, 0x0000000084100000| Complete 
|  66|0x0000000084200000, 0x0000000084300000, 0x0000000084300000|100%|HC|  |TAMS 0x0000000084300000, 0x0000000084200000| Complete 
|  67|0x0000000084300000, 0x0000000084400000, 0x0000000084400000|100%|HC|  |TAMS 0x0000000084400000, 0x0000000084300000| Complete 
|  68|0x0000000084400000, 0x0000000084500000, 0x0000000084500000|100%| O|  |TAMS 0x0000000084500000, 0x0000000084400000| Untracked 
|  69|0x0000000084500000, 0x0000000084600000, 0x0000000084600000|100%| O|  |TAMS 0x0000000084600000, 0x0000000084500000| Updating 
|  70|0x0000000084600000, 0x0000000084700000, 0x0000000084700000|100%| O|  |TAMS 0x0000000084700000, 0x0000000084600000| Untracked 
|  71|0x0000000084700000, 0x0000000084800000, 0x0000000084800000|100%| O|  |TAMS 0x0000000084800000, 0x0000000084700000| Untracked 
|  72|0x0000000084800000, 0x0000000084900000, 0x0000000084900000|100%| O|  |TAMS 0x0000000084900000, 0x0000000084800000| Updating 
|  73|0x0000000084900000, 0x0000000084a00000, 0x0000000084a00000|100%| O|  |TAMS 0x0000000084a00000, 0x0000000084900000| Untracked 
|  74|0x0000000084a00000, 0x0000000084b00000, 0x0000000084b00000|100%| O|  |TAMS 0x0000000084b00000, 0x0000000084a00000| Untracked 
|  75|0x0000000084b00000, 0x0000000084c00000, 0x0000000084c00000|100%| O|  |TAMS 0x0000000084c00000, 0x0000000084b00000| Untracked 
|  76|0x0000000084c00000, 0x0000000084d00000, 0x0000000084d00000|100%| O|  |TAMS 0x0000000084d00000, 0x0000000084c00000| Updating 
|  77|0x0000000084d00000, 0x0000000084e00000, 0x0000000084e00000|100%|HS|  |TAMS 0x0000000084e00000, 0x0000000084d00000| Complete 
|  78|0x0000000084e00000, 0x0000000084f00000, 0x0000000084f00000|100%|HC|  |TAMS 0x0000000084f00000, 0x0000000084e00000| Complete 
|  79|0x0000000084f00000, 0x0000000085000000, 0x0000000085000000|100%|HC|  |TAMS 0x0000000085000000, 0x0000000084f00000| Complete 
|  80|0x0000000085000000, 0x0000000085100000, 0x0000000085100000|100%|HC|  |TAMS 0x0000000085100000, 0x0000000085000000| Complete 
|  81|0x0000000085100000, 0x0000000085200000, 0x0000000085200000|100%|HC|  |TAMS 0x0000000085200000, 0x0000000085100000| Complete 
|  82|0x0000000085200000, 0x0000000085300000, 0x0000000085300000|100%|HC|  |TAMS 0x0000000085300000, 0x0000000085200000| Complete 
|  83|0x0000000085300000, 0x0000000085400000, 0x0000000085400000|100%|HS|  |TAMS 0x0000000085400000, 0x0000000085300000| Complete 
|  84|0x0000000085400000, 0x0000000085500000, 0x0000000085500000|100%|HS|  |TAMS 0x0000000085500000, 0x0000000085400000| Complete 
|  85|0x0000000085500000, 0x0000000085600000, 0x0000000085600000|100%|HS|  |TAMS 0x0000000085600000, 0x0000000085500000| Complete 
|  86|0x0000000085600000, 0x0000000085700000, 0x0000000085700000|100%|HS|  |TAMS 0x0000000085700000, 0x0000000085600000| Complete 
|  87|0x0000000085700000, 0x0000000085800000, 0x0000000085800000|100%|HC|  |TAMS 0x0000000085800000, 0x0000000085700000| Complete 
|  88|0x0000000085800000, 0x0000000085900000, 0x0000000085900000|100%|HC|  |TAMS 0x0000000085900000, 0x0000000085800000| Complete 
|  89|0x0000000085900000, 0x0000000085a00000, 0x0000000085a00000|100%|HC|  |TAMS 0x0000000085a00000, 0x0000000085900000| Complete 
|  90|0x0000000085a00000, 0x0000000085b00000, 0x0000000085b00000|100%|HS|  |TAMS 0x0000000085b00000, 0x0000000085a00000| Complete 
|  91|0x0000000085b00000, 0x0000000085c00000, 0x0000000085c00000|100%| O|  |TAMS 0x0000000085c00000, 0x0000000085b00000| Updating 
|  92|0x0000000085c00000, 0x0000000085d00000, 0x0000000085d00000|100%| O|  |TAMS 0x0000000085d00000, 0x0000000085c00000| Untracked 
|  93|0x0000000085d00000, 0x0000000085e00000, 0x0000000085e00000|100%| O|  |TAMS 0x0000000085e00000, 0x0000000085d00000| Untracked 
|  94|0x0000000085e00000, 0x0000000085f00000, 0x0000000085f00000|100%| O|  |TAMS 0x0000000085f00000, 0x0000000085e00000| Untracked 
|  95|0x0000000085f00000, 0x0000000086000000, 0x0000000086000000|100%| O|  |TAMS 0x0000000086000000, 0x0000000085f00000| Untracked 
|  96|0x0000000086000000, 0x0000000086100000, 0x0000000086100000|100%| O|  |TAMS 0x0000000086100000, 0x0000000086000000| Untracked 
|  97|0x0000000086100000, 0x0000000086200000, 0x0000000086200000|100%| O|  |TAMS 0x0000000086200000, 0x0000000086100000| Untracked 
|  98|0x0000000086200000, 0x0000000086300000, 0x0000000086300000|100%| O|  |TAMS 0x0000000086300000, 0x0000000086200000| Untracked 
|  99|0x0000000086300000, 0x0000000086400000, 0x0000000086400000|100%| O|  |TAMS 0x0000000086400000, 0x0000000086300000| Untracked 
| 100|0x0000000086400000, 0x0000000086500000, 0x0000000086500000|100%| O|  |TAMS 0x0000000086500000, 0x0000000086400000| Untracked 
| 101|0x0000000086500000, 0x0000000086600000, 0x0000000086600000|100%| O|  |TAMS 0x0000000086600000, 0x0000000086500000| Untracked 
| 102|0x0000000086600000, 0x0000000086700000, 0x0000000086700000|100%| O|  |TAMS 0x0000000086700000, 0x0000000086600000| Updating 
| 103|0x0000000086700000, 0x0000000086800000, 0x0000000086800000|100%| O|  |TAMS 0x0000000086800000, 0x0000000086700000| Untracked 
| 104|0x0000000086800000, 0x0000000086900000, 0x0000000086900000|100%| O|  |TAMS 0x0000000086900000, 0x0000000086800000| Untracked 
| 105|0x0000000086900000, 0x0000000086a00000, 0x0000000086a00000|100%| O|  |TAMS 0x0000000086a00000, 0x0000000086900000| Untracked 
| 106|0x0000000086a00000, 0x0000000086b00000, 0x0000000086b00000|100%| O|  |TAMS 0x0000000086b00000, 0x0000000086a00000| Untracked 
| 107|0x0000000086b00000, 0x0000000086c00000, 0x0000000086c00000|100%| O|  |TAMS 0x0000000086c00000, 0x0000000086b00000| Untracked 
| 108|0x0000000086c00000, 0x0000000086d00000, 0x0000000086d00000|100%| O|  |TAMS 0x0000000086d00000, 0x0000000086c00000| Untracked 
| 109|0x0000000086d00000, 0x0000000086e00000, 0x0000000086e00000|100%| O|  |TAMS 0x0000000086e00000, 0x0000000086d00000| Untracked 
| 110|0x0000000086e00000, 0x0000000086f00000, 0x0000000086f00000|100%| O|  |TAMS 0x0000000086f00000, 0x0000000086e00000| Untracked 
| 111|0x0000000086f00000, 0x0000000087000000, 0x0000000087000000|100%|HS|  |TAMS 0x0000000087000000, 0x0000000086f00000| Complete 
| 112|0x0000000087000000, 0x0000000087100000, 0x0000000087100000|100%|HC|  |TAMS 0x0000000087100000, 0x0000000087000000| Complete 
| 113|0x0000000087100000, 0x0000000087200000, 0x0000000087200000|100%|HC|  |TAMS 0x0000000087200000, 0x0000000087100000| Complete 
| 114|0x0000000087200000, 0x0000000087300000, 0x0000000087300000|100%|HC|  |TAMS 0x0000000087300000, 0x0000000087200000| Complete 
| 115|0x0000000087300000, 0x0000000087400000, 0x0000000087400000|100%|HC|  |TAMS 0x0000000087400000, 0x0000000087300000| Complete 
| 116|0x0000000087400000, 0x0000000087500000, 0x0000000087500000|100%|HC|  |TAMS 0x0000000087500000, 0x0000000087400000| Complete 
| 117|0x0000000087500000, 0x0000000087600000, 0x0000000087600000|100%|HC|  |TAMS 0x0000000087600000, 0x0000000087500000| Complete 
| 118|0x0000000087600000, 0x0000000087700000, 0x0000000087700000|100%|HC|  |TAMS 0x0000000087700000, 0x0000000087600000| Complete 
| 119|0x0000000087700000, 0x0000000087800000, 0x0000000087800000|100%|HC|  |TAMS 0x0000000087800000, 0x0000000087700000| Complete 
| 120|0x0000000087800000, 0x0000000087900000, 0x0000000087900000|100%|HC|  |TAMS 0x0000000087900000, 0x0000000087800000| Complete 
| 121|0x0000000087900000, 0x0000000087a00000, 0x0000000087a00000|100%|HS|  |TAMS 0x0000000087a00000, 0x0000000087900000| Complete 
| 122|0x0000000087a00000, 0x0000000087b00000, 0x0000000087b00000|100%|HC|  |TAMS 0x0000000087b00000, 0x0000000087a00000| Complete 
| 123|0x0000000087b00000, 0x0000000087c00000, 0x0000000087c00000|100%|HS|  |TAMS 0x0000000087c00000, 0x0000000087b00000| Complete 
| 124|0x0000000087c00000, 0x0000000087d00000, 0x0000000087d00000|100%|HC|  |TAMS 0x0000000087d00000, 0x0000000087c00000| Complete 
| 125|0x0000000087d00000, 0x0000000087e00000, 0x0000000087e00000|100%| O|  |TAMS 0x0000000087e00000, 0x0000000087d00000| Untracked 
| 126|0x0000000087e00000, 0x0000000087f00000, 0x0000000087f00000|100%| O|  |TAMS 0x0000000087f00000, 0x0000000087e00000| Untracked 
| 127|0x0000000087f00000, 0x0000000088000000, 0x0000000088000000|100%| O|  |TAMS 0x0000000088000000, 0x0000000087f00000| Untracked 
| 128|0x0000000088000000, 0x0000000088100000, 0x0000000088100000|100%| O|  |TAMS 0x0000000088100000, 0x0000000088000000| Untracked 
| 129|0x0000000088100000, 0x0000000088200000, 0x0000000088200000|100%| O|  |TAMS 0x0000000088200000, 0x0000000088100000| Untracked 
| 130|0x0000000088200000, 0x0000000088200000, 0x0000000088300000|  0%| F|  |TAMS 0x0000000088200000, 0x0000000088200000| Untracked 
| 131|0x0000000088300000, 0x0000000088400000, 0x0000000088400000|100%|HS|  |TAMS 0x0000000088400000, 0x0000000088300000| Complete 
| 132|0x0000000088400000, 0x0000000088500000, 0x0000000088500000|100%|HC|  |TAMS 0x0000000088500000, 0x0000000088400000| Complete 
| 133|0x0000000088500000, 0x0000000088600000, 0x0000000088600000|100%|HC|  |TAMS 0x0000000088600000, 0x0000000088500000| Complete 
| 134|0x0000000088600000, 0x0000000088700000, 0x0000000088700000|100%|HS|  |TAMS 0x0000000088700000, 0x0000000088600000| Complete 
| 135|0x0000000088700000, 0x0000000088800000, 0x0000000088800000|100%|HC|  |TAMS 0x0000000088800000, 0x0000000088700000| Complete 
| 136|0x0000000088800000, 0x0000000088900000, 0x0000000088900000|100%|HC|  |TAMS 0x0000000088900000, 0x0000000088800000| Complete 
| 137|0x0000000088900000, 0x0000000088a00000, 0x0000000088a00000|100%|HS|  |TAMS 0x0000000088a00000, 0x0000000088900000| Complete 
| 138|0x0000000088a00000, 0x0000000088b00000, 0x0000000088b00000|100%|HC|  |TAMS 0x0000000088b00000, 0x0000000088a00000| Complete 
| 139|0x0000000088b00000, 0x0000000088c00000, 0x0000000088c00000|100%|HS|  |TAMS 0x0000000088c00000, 0x0000000088b00000| Complete 
| 140|0x0000000088c00000, 0x0000000088d00000, 0x0000000088d00000|100%|HC|  |TAMS 0x0000000088d00000, 0x0000000088c00000| Complete 
| 141|0x0000000088d00000, 0x0000000088e00000, 0x0000000088e00000|100%|HC|  |TAMS 0x0000000088e00000, 0x0000000088d00000| Complete 
| 142|0x0000000088e00000, 0x0000000088f00000, 0x0000000088f00000|100%|HC|  |TAMS 0x0000000088f00000, 0x0000000088e00000| Complete 
| 143|0x0000000088f00000, 0x0000000089000000, 0x0000000089000000|100%|HC|  |TAMS 0x0000000089000000, 0x0000000088f00000| Complete 
| 144|0x0000000089000000, 0x0000000089100000, 0x0000000089100000|100%|HC|  |TAMS 0x0000000089100000, 0x0000000089000000| Complete 
| 145|0x0000000089100000, 0x0000000089200000, 0x0000000089200000|100%|HS|  |TAMS 0x0000000089200000, 0x0000000089100000| Complete 
| 146|0x0000000089200000, 0x0000000089300000, 0x0000000089300000|100%|HS|  |TAMS 0x0000000089300000, 0x0000000089200000| Complete 
| 147|0x0000000089300000, 0x0000000089400000, 0x0000000089400000|100%|HC|  |TAMS 0x0000000089400000, 0x0000000089300000| Complete 
| 148|0x0000000089400000, 0x0000000089500000, 0x0000000089500000|100%|HC|  |TAMS 0x0000000089500000, 0x0000000089400000| Complete 
| 149|0x0000000089500000, 0x0000000089600000, 0x0000000089600000|100%|HC|  |TAMS 0x0000000089600000, 0x0000000089500000| Complete 
| 150|0x0000000089600000, 0x0000000089700000, 0x0000000089700000|100%|HC|  |TAMS 0x0000000089700000, 0x0000000089600000| Complete 
| 151|0x0000000089700000, 0x0000000089800000, 0x0000000089800000|100%|HC|  |TAMS 0x0000000089800000, 0x0000000089700000| Complete 
| 152|0x0000000089800000, 0x0000000089900000, 0x0000000089900000|100%|HC|  |TAMS 0x0000000089900000, 0x0000000089800000| Complete 
| 153|0x0000000089900000, 0x0000000089a00000, 0x0000000089a00000|100%|HC|  |TAMS 0x0000000089a00000, 0x0000000089900000| Complete 
| 154|0x0000000089a00000, 0x0000000089b00000, 0x0000000089b00000|100%|HC|  |TAMS 0x0000000089b00000, 0x0000000089a00000| Complete 
| 155|0x0000000089b00000, 0x0000000089c00000, 0x0000000089c00000|100%|HC|  |TAMS 0x0000000089c00000, 0x0000000089b00000| Complete 
| 156|0x0000000089c00000, 0x0000000089d00000, 0x0000000089d00000|100%|HS|  |TAMS 0x0000000089d00000, 0x0000000089c00000| Complete 
| 157|0x0000000089d00000, 0x0000000089e00000, 0x0000000089e00000|100%|HC|  |TAMS 0x0000000089e00000, 0x0000000089d00000| Complete 
| 158|0x0000000089e00000, 0x0000000089f00000, 0x0000000089f00000|100%| O|  |TAMS 0x0000000089f00000, 0x0000000089e00000| Updating 
| 159|0x0000000089f00000, 0x000000008a000000, 0x000000008a000000|100%| O|  |TAMS 0x000000008a000000, 0x0000000089f00000| Untracked 
| 160|0x000000008a000000, 0x000000008a100000, 0x000000008a100000|100%| O|  |TAMS 0x000000008a100000, 0x000000008a000000| Untracked 
| 161|0x000000008a100000, 0x000000008a200000, 0x000000008a200000|100%| O|  |TAMS 0x000000008a200000, 0x000000008a100000| Untracked 
| 162|0x000000008a200000, 0x000000008a300000, 0x000000008a300000|100%| O|  |TAMS 0x000000008a300000, 0x000000008a200000| Untracked 
| 163|0x000000008a300000, 0x000000008a400000, 0x000000008a400000|100%| O|  |TAMS 0x000000008a400000, 0x000000008a300000| Untracked 
| 164|0x000000008a400000, 0x000000008a500000, 0x000000008a500000|100%| O|  |TAMS 0x000000008a500000, 0x000000008a400000| Untracked 
| 165|0x000000008a500000, 0x000000008a600000, 0x000000008a600000|100%| O|  |TAMS 0x000000008a600000, 0x000000008a500000| Untracked 
| 166|0x000000008a600000, 0x000000008a700000, 0x000000008a700000|100%| O|  |TAMS 0x000000008a700000, 0x000000008a600000| Updating 
| 167|0x000000008a700000, 0x000000008a800000, 0x000000008a800000|100%| O|  |TAMS 0x000000008a800000, 0x000000008a700000| Updating 
| 168|0x000000008a800000, 0x000000008a900000, 0x000000008a900000|100%| O|  |TAMS 0x000000008a900000, 0x000000008a800000| Updating 
| 169|0x000000008a900000, 0x000000008aa00000, 0x000000008aa00000|100%| O|  |TAMS 0x000000008aa00000, 0x000000008a900000| Updating 
| 170|0x000000008aa00000, 0x000000008ab00000, 0x000000008ab00000|100%| O|  |TAMS 0x000000008ab00000, 0x000000008aa00000| Updating 
| 171|0x000000008ab00000, 0x000000008ac00000, 0x000000008ac00000|100%| O|  |TAMS 0x000000008ac00000, 0x000000008ab00000| Untracked 
| 172|0x000000008ac00000, 0x000000008ad00000, 0x000000008ad00000|100%| O|  |TAMS 0x000000008ad00000, 0x000000008ac00000| Untracked 
| 173|0x000000008ad00000, 0x000000008ae00000, 0x000000008ae00000|100%| O|  |TAMS 0x000000008ae00000, 0x000000008ad00000| Untracked 
| 174|0x000000008ae00000, 0x000000008af00000, 0x000000008af00000|100%| O|  |TAMS 0x000000008af00000, 0x000000008ae00000| Untracked 
| 175|0x000000008af00000, 0x000000008b000000, 0x000000008b000000|100%| O|  |TAMS 0x000000008b000000, 0x000000008af00000| Untracked 
| 176|0x000000008b000000, 0x000000008b100000, 0x000000008b100000|100%| O|  |TAMS 0x000000008b100000, 0x000000008b000000| Updating 
| 177|0x000000008b100000, 0x000000008b200000, 0x000000008b200000|100%| O|  |TAMS 0x000000008b200000, 0x000000008b100000| Updating 
| 178|0x000000008b200000, 0x000000008b300000, 0x000000008b300000|100%| O|  |TAMS 0x000000008b300000, 0x000000008b200000| Untracked 
| 179|0x000000008b300000, 0x000000008b400000, 0x000000008b400000|100%| O|  |TAMS 0x000000008b400000, 0x000000008b300000| Untracked 
| 180|0x000000008b400000, 0x000000008b500000, 0x000000008b500000|100%| O|  |TAMS 0x000000008b500000, 0x000000008b400000| Untracked 
| 181|0x000000008b500000, 0x000000008b600000, 0x000000008b600000|100%| O|  |TAMS 0x000000008b600000, 0x000000008b500000| Untracked 
| 182|0x000000008b600000, 0x000000008b700000, 0x000000008b700000|100%| O|  |TAMS 0x000000008b700000, 0x000000008b600000| Untracked 
| 183|0x000000008b700000, 0x000000008b800000, 0x000000008b800000|100%| O|  |TAMS 0x000000008b800000, 0x000000008b700000| Untracked 
| 184|0x000000008b800000, 0x000000008b900000, 0x000000008b900000|100%| O|  |TAMS 0x000000008b900000, 0x000000008b800000| Untracked 
| 185|0x000000008b900000, 0x000000008ba00000, 0x000000008ba00000|100%| O|  |TAMS 0x000000008ba00000, 0x000000008b900000| Untracked 
| 186|0x000000008ba00000, 0x000000008bb00000, 0x000000008bb00000|100%| O|  |TAMS 0x000000008bb00000, 0x000000008ba00000| Updating 
| 187|0x000000008bb00000, 0x000000008bc00000, 0x000000008bc00000|100%| O|  |TAMS 0x000000008bc00000, 0x000000008bb00000| Untracked 
| 188|0x000000008bc00000, 0x000000008bd00000, 0x000000008bd00000|100%| O|  |TAMS 0x000000008bd00000, 0x000000008bc00000| Untracked 
| 189|0x000000008bd00000, 0x000000008be00000, 0x000000008be00000|100%| O|  |TAMS 0x000000008be00000, 0x000000008bd00000| Untracked 
| 190|0x000000008be00000, 0x000000008bf00000, 0x000000008bf00000|100%| O|  |TAMS 0x000000008bf00000, 0x000000008be00000| Updating 
| 191|0x000000008bf00000, 0x000000008bf00000, 0x000000008c000000|  0%| F|  |TAMS 0x000000008bf00000, 0x000000008bf00000| Untracked 
| 192|0x000000008c000000, 0x000000008c100000, 0x000000008c100000|100%| O|  |TAMS 0x000000008c100000, 0x000000008c000000| Untracked 
| 193|0x000000008c100000, 0x000000008c200000, 0x000000008c200000|100%| O|  |TAMS 0x000000008c200000, 0x000000008c100000| Untracked 
| 194|0x000000008c200000, 0x000000008c300000, 0x000000008c300000|100%| O|  |TAMS 0x000000008c300000, 0x000000008c200000| Untracked 
| 195|0x000000008c300000, 0x000000008c400000, 0x000000008c400000|100%| O|  |TAMS 0x000000008c400000, 0x000000008c300000| Untracked 
| 196|0x000000008c400000, 0x000000008c500000, 0x000000008c500000|100%| O|  |TAMS 0x000000008c500000, 0x000000008c400000| Untracked 
| 197|0x000000008c500000, 0x000000008c600000, 0x000000008c600000|100%| O|  |TAMS 0x000000008c600000, 0x000000008c500000| Untracked 
| 198|0x000000008c600000, 0x000000008c700000, 0x000000008c700000|100%| O|  |TAMS 0x000000008c700000, 0x000000008c600000| Untracked 
| 199|0x000000008c700000, 0x000000008c800000, 0x000000008c800000|100%| O|  |TAMS 0x000000008c800000, 0x000000008c700000| Untracked 
| 200|0x000000008c800000, 0x000000008c900000, 0x000000008c900000|100%| O|  |TAMS 0x000000008c900000, 0x000000008c800000| Untracked 
| 201|0x000000008c900000, 0x000000008c9f4600, 0x000000008ca00000| 95%| O|  |TAMS 0x000000008c9f4600, 0x000000008c900000| Untracked 
| 202|0x000000008ca00000, 0x000000008ca00000, 0x000000008cb00000|  0%| F|  |TAMS 0x000000008ca00000, 0x000000008ca00000| Untracked 
| 203|0x000000008cb00000, 0x000000008cb00000, 0x000000008cc00000|  0%| F|  |TAMS 0x000000008cb00000, 0x000000008cb00000| Untracked 
| 204|0x000000008cc00000, 0x000000008cc00000, 0x000000008cd00000|  0%| F|  |TAMS 0x000000008cc00000, 0x000000008cc00000| Untracked 
| 205|0x000000008cd00000, 0x000000008cd00000, 0x000000008ce00000|  0%| F|  |TAMS 0x000000008cd00000, 0x000000008cd00000| Untracked 
| 206|0x000000008ce00000, 0x000000008ce00000, 0x000000008cf00000|  0%| F|  |TAMS 0x000000008ce00000, 0x000000008ce00000| Untracked 
| 207|0x000000008cf00000, 0x000000008cf00000, 0x000000008d000000|  0%| F|  |TAMS 0x000000008cf00000, 0x000000008cf00000| Untracked 
| 208|0x000000008d000000, 0x000000008d000000, 0x000000008d100000|  0%| F|  |TAMS 0x000000008d000000, 0x000000008d000000| Untracked 
| 209|0x000000008d100000, 0x000000008d100000, 0x000000008d200000|  0%| F|  |TAMS 0x000000008d100000, 0x000000008d100000| Untracked 
| 210|0x000000008d200000, 0x000000008d200000, 0x000000008d300000|  0%| F|  |TAMS 0x000000008d200000, 0x000000008d200000| Untracked 
| 211|0x000000008d300000, 0x000000008d300000, 0x000000008d400000|  0%| F|  |TAMS 0x000000008d300000, 0x000000008d300000| Untracked 
| 212|0x000000008d400000, 0x000000008d400000, 0x000000008d500000|  0%| F|  |TAMS 0x000000008d400000, 0x000000008d400000| Untracked 
| 213|0x000000008d500000, 0x000000008d500000, 0x000000008d600000|  0%| F|  |TAMS 0x000000008d500000, 0x000000008d500000| Untracked 
| 214|0x000000008d600000, 0x000000008d600000, 0x000000008d700000|  0%| F|  |TAMS 0x000000008d600000, 0x000000008d600000| Untracked 
| 215|0x000000008d700000, 0x000000008d700000, 0x000000008d800000|  0%| F|  |TAMS 0x000000008d700000, 0x000000008d700000| Untracked 
| 216|0x000000008d800000, 0x000000008d800000, 0x000000008d900000|  0%| F|  |TAMS 0x000000008d800000, 0x000000008d800000| Untracked 
| 217|0x000000008d900000, 0x000000008d900000, 0x000000008da00000|  0%| F|  |TAMS 0x000000008d900000, 0x000000008d900000| Untracked 
| 218|0x000000008da00000, 0x000000008da00000, 0x000000008db00000|  0%| F|  |TAMS 0x000000008da00000, 0x000000008da00000| Untracked 
| 219|0x000000008db00000, 0x000000008db00000, 0x000000008dc00000|  0%| F|  |TAMS 0x000000008db00000, 0x000000008db00000| Untracked 
| 220|0x000000008dc00000, 0x000000008dc00000, 0x000000008dd00000|  0%| F|  |TAMS 0x000000008dc00000, 0x000000008dc00000| Untracked 
| 221|0x000000008dd00000, 0x000000008dd00000, 0x000000008de00000|  0%| F|  |TAMS 0x000000008dd00000, 0x000000008dd00000| Untracked 
| 222|0x000000008de00000, 0x000000008de00000, 0x000000008df00000|  0%| F|  |TAMS 0x000000008de00000, 0x000000008de00000| Untracked 
| 223|0x000000008df00000, 0x000000008df00000, 0x000000008e000000|  0%| F|  |TAMS 0x000000008df00000, 0x000000008df00000| Untracked 
| 224|0x000000008e000000, 0x000000008e000000, 0x000000008e100000|  0%| F|  |TAMS 0x000000008e000000, 0x000000008e000000| Untracked 
| 225|0x000000008e100000, 0x000000008e100000, 0x000000008e200000|  0%| F|  |TAMS 0x000000008e100000, 0x000000008e100000| Untracked 
| 226|0x000000008e200000, 0x000000008e200000, 0x000000008e300000|  0%| F|  |TAMS 0x000000008e200000, 0x000000008e200000| Untracked 
| 227|0x000000008e300000, 0x000000008e300000, 0x000000008e400000|  0%| F|  |TAMS 0x000000008e300000, 0x000000008e300000| Untracked 
| 228|0x000000008e400000, 0x000000008e400000, 0x000000008e500000|  0%| F|  |TAMS 0x000000008e400000, 0x000000008e400000| Untracked 
| 229|0x000000008e500000, 0x000000008e500000, 0x000000008e600000|  0%| F|  |TAMS 0x000000008e500000, 0x000000008e500000| Untracked 
| 230|0x000000008e600000, 0x000000008e600000, 0x000000008e700000|  0%| F|  |TAMS 0x000000008e600000, 0x000000008e600000| Untracked 
| 231|0x000000008e700000, 0x000000008e700000, 0x000000008e800000|  0%| F|  |TAMS 0x000000008e700000, 0x000000008e700000| Untracked 
| 232|0x000000008e800000, 0x000000008e800000, 0x000000008e900000|  0%| F|  |TAMS 0x000000008e800000, 0x000000008e800000| Untracked 
| 233|0x000000008e900000, 0x000000008e900000, 0x000000008ea00000|  0%| F|  |TAMS 0x000000008e900000, 0x000000008e900000| Untracked 
| 234|0x000000008ea00000, 0x000000008ea00000, 0x000000008eb00000|  0%| F|  |TAMS 0x000000008ea00000, 0x000000008ea00000| Untracked 
| 235|0x000000008eb00000, 0x000000008eb00000, 0x000000008ec00000|  0%| F|  |TAMS 0x000000008eb00000, 0x000000008eb00000| Untracked 
| 236|0x000000008ec00000, 0x000000008ec00000, 0x000000008ed00000|  0%| F|  |TAMS 0x000000008ec00000, 0x000000008ec00000| Untracked 
| 237|0x000000008ed00000, 0x000000008ed00000, 0x000000008ee00000|  0%| F|  |TAMS 0x000000008ed00000, 0x000000008ed00000| Untracked 
| 238|0x000000008ee00000, 0x000000008ee00000, 0x000000008ef00000|  0%| F|  |TAMS 0x000000008ee00000, 0x000000008ee00000| Untracked 
| 239|0x000000008ef00000, 0x000000008ef00000, 0x000000008f000000|  0%| F|  |TAMS 0x000000008ef00000, 0x000000008ef00000| Untracked 
| 240|0x000000008f000000, 0x000000008f000000, 0x000000008f100000|  0%| F|  |TAMS 0x000000008f000000, 0x000000008f000000| Untracked 
| 241|0x000000008f100000, 0x000000008f100000, 0x000000008f200000|  0%| F|  |TAMS 0x000000008f100000, 0x000000008f100000| Untracked 
| 242|0x000000008f200000, 0x000000008f200000, 0x000000008f300000|  0%| F|  |TAMS 0x000000008f200000, 0x000000008f200000| Untracked 
| 243|0x000000008f300000, 0x000000008f300000, 0x000000008f400000|  0%| F|  |TAMS 0x000000008f300000, 0x000000008f300000| Untracked 
| 244|0x000000008f400000, 0x000000008f400000, 0x000000008f500000|  0%| F|  |TAMS 0x000000008f400000, 0x000000008f400000| Untracked 
| 245|0x000000008f500000, 0x000000008f500000, 0x000000008f600000|  0%| F|  |TAMS 0x000000008f500000, 0x000000008f500000| Untracked 
| 246|0x000000008f600000, 0x000000008f600000, 0x000000008f700000|  0%| F|  |TAMS 0x000000008f600000, 0x000000008f600000| Untracked 
| 247|0x000000008f700000, 0x000000008f700000, 0x000000008f800000|  0%| F|  |TAMS 0x000000008f700000, 0x000000008f700000| Untracked 
| 248|0x000000008f800000, 0x000000008f800000, 0x000000008f900000|  0%| F|  |TAMS 0x000000008f800000, 0x000000008f800000| Untracked 
| 249|0x000000008f900000, 0x000000008f900000, 0x000000008fa00000|  0%| F|  |TAMS 0x000000008f900000, 0x000000008f900000| Untracked 
| 250|0x000000008fa00000, 0x000000008fa00000, 0x000000008fb00000|  0%| F|  |TAMS 0x000000008fa00000, 0x000000008fa00000| Untracked 
| 251|0x000000008fb00000, 0x000000008fb00000, 0x000000008fc00000|  0%| F|  |TAMS 0x000000008fb00000, 0x000000008fb00000| Untracked 
| 252|0x000000008fc00000, 0x000000008fc00000, 0x000000008fd00000|  0%| F|  |TAMS 0x000000008fc00000, 0x000000008fc00000| Untracked 
| 253|0x000000008fd00000, 0x000000008fe00000, 0x000000008fe00000|100%| S|CS|TAMS 0x000000008fd00000, 0x000000008fd00000| Complete 
| 254|0x000000008fe00000, 0x000000008ff00000, 0x000000008ff00000|100%| S|CS|TAMS 0x000000008fe00000, 0x000000008fe00000| Complete 
| 255|0x000000008ff00000, 0x0000000090000000, 0x0000000090000000|100%| S|CS|TAMS 0x000000008ff00000, 0x000000008ff00000| Complete 
| 256|0x0000000090000000, 0x0000000090100000, 0x0000000090100000|100%| S|CS|TAMS 0x0000000090000000, 0x0000000090000000| Complete 
| 257|0x0000000090100000, 0x0000000090200000, 0x0000000090200000|100%| S|CS|TAMS 0x0000000090100000, 0x0000000090100000| Complete 
| 258|0x0000000090200000, 0x0000000090300000, 0x0000000090300000|100%| S|CS|TAMS 0x0000000090200000, 0x0000000090200000| Complete 
| 259|0x0000000090300000, 0x0000000090400000, 0x0000000090400000|100%| S|CS|TAMS 0x0000000090300000, 0x0000000090300000| Complete 
| 260|0x0000000090400000, 0x0000000090500000, 0x0000000090500000|100%| S|CS|TAMS 0x0000000090400000, 0x0000000090400000| Complete 
| 261|0x0000000090500000, 0x0000000090500000, 0x0000000090600000|  0%| F|  |TAMS 0x0000000090500000, 0x0000000090500000| Untracked 
| 262|0x0000000090600000, 0x0000000090600000, 0x0000000090700000|  0%| F|  |TAMS 0x0000000090600000, 0x0000000090600000| Untracked 
| 263|0x0000000090700000, 0x0000000090700000, 0x0000000090800000|  0%| F|  |TAMS 0x0000000090700000, 0x0000000090700000| Untracked 
| 264|0x0000000090800000, 0x0000000090800000, 0x0000000090900000|  0%| F|  |TAMS 0x0000000090800000, 0x0000000090800000| Untracked 
| 265|0x0000000090900000, 0x0000000090900000, 0x0000000090a00000|  0%| F|  |TAMS 0x0000000090900000, 0x0000000090900000| Untracked 
| 266|0x0000000090a00000, 0x0000000090a00000, 0x0000000090b00000|  0%| F|  |TAMS 0x0000000090a00000, 0x0000000090a00000| Untracked 
| 267|0x0000000090b00000, 0x0000000090b00000, 0x0000000090c00000|  0%| F|  |TAMS 0x0000000090b00000, 0x0000000090b00000| Untracked 
| 268|0x0000000090c00000, 0x0000000090c00000, 0x0000000090d00000|  0%| F|  |TAMS 0x0000000090c00000, 0x0000000090c00000| Untracked 
| 269|0x0000000090d00000, 0x0000000090d00000, 0x0000000090e00000|  0%| F|  |TAMS 0x0000000090d00000, 0x0000000090d00000| Untracked 
| 270|0x0000000090e00000, 0x0000000090e00000, 0x0000000090f00000|  0%| F|  |TAMS 0x0000000090e00000, 0x0000000090e00000| Untracked 
| 271|0x0000000090f00000, 0x0000000090f00000, 0x0000000091000000|  0%| F|  |TAMS 0x0000000090f00000, 0x0000000090f00000| Untracked 
| 272|0x0000000091000000, 0x0000000091000000, 0x0000000091100000|  0%| F|  |TAMS 0x0000000091000000, 0x0000000091000000| Untracked 
| 273|0x0000000091100000, 0x0000000091100000, 0x0000000091200000|  0%| F|  |TAMS 0x0000000091100000, 0x0000000091100000| Untracked 
| 274|0x0000000091200000, 0x0000000091200000, 0x0000000091300000|  0%| F|  |TAMS 0x0000000091200000, 0x0000000091200000| Untracked 
| 275|0x0000000091300000, 0x0000000091300000, 0x0000000091400000|  0%| F|  |TAMS 0x0000000091300000, 0x0000000091300000| Untracked 
| 276|0x0000000091400000, 0x0000000091400000, 0x0000000091500000|  0%| F|  |TAMS 0x0000000091400000, 0x0000000091400000| Untracked 
| 277|0x0000000091500000, 0x0000000091500000, 0x0000000091600000|  0%| F|  |TAMS 0x0000000091500000, 0x0000000091500000| Untracked 
| 278|0x0000000091600000, 0x0000000091600000, 0x0000000091700000|  0%| F|  |TAMS 0x0000000091600000, 0x0000000091600000| Untracked 
| 279|0x0000000091700000, 0x0000000091700000, 0x0000000091800000|  0%| F|  |TAMS 0x0000000091700000, 0x0000000091700000| Untracked 
| 280|0x0000000091800000, 0x0000000091800000, 0x0000000091900000|  0%| F|  |TAMS 0x0000000091800000, 0x0000000091800000| Untracked 
| 281|0x0000000091900000, 0x0000000091900000, 0x0000000091a00000|  0%| F|  |TAMS 0x0000000091900000, 0x0000000091900000| Untracked 
| 282|0x0000000091a00000, 0x0000000091a00000, 0x0000000091b00000|  0%| F|  |TAMS 0x0000000091a00000, 0x0000000091a00000| Untracked 
| 283|0x0000000091b00000, 0x0000000091b00000, 0x0000000091c00000|  0%| F|  |TAMS 0x0000000091b00000, 0x0000000091b00000| Untracked 
| 284|0x0000000091c00000, 0x0000000091c00000, 0x0000000091d00000|  0%| F|  |TAMS 0x0000000091c00000, 0x0000000091c00000| Untracked 
| 285|0x0000000091d00000, 0x0000000091d00000, 0x0000000091e00000|  0%| F|  |TAMS 0x0000000091d00000, 0x0000000091d00000| Untracked 
| 286|0x0000000091e00000, 0x0000000091e00000, 0x0000000091f00000|  0%| F|  |TAMS 0x0000000091e00000, 0x0000000091e00000| Untracked 
| 287|0x0000000091f00000, 0x0000000091f00000, 0x0000000092000000|  0%| F|  |TAMS 0x0000000091f00000, 0x0000000091f00000| Untracked 
| 288|0x0000000092000000, 0x0000000092000000, 0x0000000092100000|  0%| F|  |TAMS 0x0000000092000000, 0x0000000092000000| Untracked 
| 289|0x0000000092100000, 0x0000000092100000, 0x0000000092200000|  0%| F|  |TAMS 0x0000000092100000, 0x0000000092100000| Untracked 
| 290|0x0000000092200000, 0x0000000092200000, 0x0000000092300000|  0%| F|  |TAMS 0x0000000092200000, 0x0000000092200000| Untracked 
| 291|0x0000000092300000, 0x0000000092300000, 0x0000000092400000|  0%| F|  |TAMS 0x0000000092300000, 0x0000000092300000| Untracked 
| 292|0x0000000092400000, 0x0000000092400000, 0x0000000092500000|  0%| F|  |TAMS 0x0000000092400000, 0x0000000092400000| Untracked 
| 293|0x0000000092500000, 0x0000000092500000, 0x0000000092600000|  0%| F|  |TAMS 0x0000000092500000, 0x0000000092500000| Untracked 
| 294|0x0000000092600000, 0x0000000092600000, 0x0000000092700000|  0%| F|  |TAMS 0x0000000092600000, 0x0000000092600000| Untracked 
| 295|0x0000000092700000, 0x0000000092700000, 0x0000000092800000|  0%| F|  |TAMS 0x0000000092700000, 0x0000000092700000| Untracked 
| 296|0x0000000092800000, 0x0000000092800000, 0x0000000092900000|  0%| F|  |TAMS 0x0000000092800000, 0x0000000092800000| Untracked 
| 297|0x0000000092900000, 0x0000000092900000, 0x0000000092a00000|  0%| F|  |TAMS 0x0000000092900000, 0x0000000092900000| Untracked 
| 298|0x0000000092a00000, 0x0000000092a00000, 0x0000000092b00000|  0%| F|  |TAMS 0x0000000092a00000, 0x0000000092a00000| Untracked 
| 299|0x0000000092b00000, 0x0000000092b00000, 0x0000000092c00000|  0%| F|  |TAMS 0x0000000092b00000, 0x0000000092b00000| Untracked 
| 300|0x0000000092c00000, 0x0000000092c00000, 0x0000000092d00000|  0%| F|  |TAMS 0x0000000092c00000, 0x0000000092c00000| Untracked 
| 301|0x0000000092d00000, 0x0000000092d00000, 0x0000000092e00000|  0%| F|  |TAMS 0x0000000092d00000, 0x0000000092d00000| Untracked 
| 302|0x0000000092e00000, 0x0000000092e00000, 0x0000000092f00000|  0%| F|  |TAMS 0x0000000092e00000, 0x0000000092e00000| Untracked 
| 303|0x0000000092f00000, 0x0000000092f00000, 0x0000000093000000|  0%| F|  |TAMS 0x0000000092f00000, 0x0000000092f00000| Untracked 
| 304|0x0000000093000000, 0x0000000093000000, 0x0000000093100000|  0%| F|  |TAMS 0x0000000093000000, 0x0000000093000000| Untracked 
| 305|0x0000000093100000, 0x0000000093100000, 0x0000000093200000|  0%| F|  |TAMS 0x0000000093100000, 0x0000000093100000| Untracked 
| 306|0x0000000093200000, 0x0000000093200000, 0x0000000093300000|  0%| F|  |TAMS 0x0000000093200000, 0x0000000093200000| Untracked 
| 307|0x0000000093300000, 0x0000000093300000, 0x0000000093400000|  0%| F|  |TAMS 0x0000000093300000, 0x0000000093300000| Untracked 
| 308|0x0000000093400000, 0x0000000093400000, 0x0000000093500000|  0%| F|  |TAMS 0x0000000093400000, 0x0000000093400000| Untracked 
| 309|0x0000000093500000, 0x0000000093500000, 0x0000000093600000|  0%| F|  |TAMS 0x0000000093500000, 0x0000000093500000| Untracked 
| 310|0x0000000093600000, 0x0000000093600000, 0x0000000093700000|  0%| F|  |TAMS 0x0000000093600000, 0x0000000093600000| Untracked 
| 311|0x0000000093700000, 0x0000000093700000, 0x0000000093800000|  0%| F|  |TAMS 0x0000000093700000, 0x0000000093700000| Untracked 
| 312|0x0000000093800000, 0x0000000093800000, 0x0000000093900000|  0%| F|  |TAMS 0x0000000093800000, 0x0000000093800000| Untracked 
| 313|0x0000000093900000, 0x0000000093900000, 0x0000000093a00000|  0%| F|  |TAMS 0x0000000093900000, 0x0000000093900000| Untracked 
| 314|0x0000000093a00000, 0x0000000093a00000, 0x0000000093b00000|  0%| F|  |TAMS 0x0000000093a00000, 0x0000000093a00000| Untracked 
| 315|0x0000000093b00000, 0x0000000093b00000, 0x0000000093c00000|  0%| F|  |TAMS 0x0000000093b00000, 0x0000000093b00000| Untracked 
| 316|0x0000000093c00000, 0x0000000093c00000, 0x0000000093d00000|  0%| F|  |TAMS 0x0000000093c00000, 0x0000000093c00000| Untracked 
| 317|0x0000000093d00000, 0x0000000093d00000, 0x0000000093e00000|  0%| F|  |TAMS 0x0000000093d00000, 0x0000000093d00000| Untracked 
| 318|0x0000000093e00000, 0x0000000093e00000, 0x0000000093f00000|  0%| F|  |TAMS 0x0000000093e00000, 0x0000000093e00000| Untracked 
| 319|0x0000000093f00000, 0x0000000093f00000, 0x0000000094000000|  0%| F|  |TAMS 0x0000000093f00000, 0x0000000093f00000| Untracked 
| 320|0x0000000094000000, 0x0000000094000000, 0x0000000094100000|  0%| F|  |TAMS 0x0000000094000000, 0x0000000094000000| Untracked 
| 321|0x0000000094100000, 0x0000000094100000, 0x0000000094200000|  0%| F|  |TAMS 0x0000000094100000, 0x0000000094100000| Untracked 
| 322|0x0000000094200000, 0x0000000094200000, 0x0000000094300000|  0%| F|  |TAMS 0x0000000094200000, 0x0000000094200000| Untracked 
| 323|0x0000000094300000, 0x0000000094300000, 0x0000000094400000|  0%| F|  |TAMS 0x0000000094300000, 0x0000000094300000| Untracked 
| 324|0x0000000094400000, 0x0000000094400000, 0x0000000094500000|  0%| F|  |TAMS 0x0000000094400000, 0x0000000094400000| Untracked 
| 325|0x0000000094500000, 0x0000000094580800, 0x0000000094600000| 50%| E|  |TAMS 0x0000000094500000, 0x0000000094500000| Complete 
| 326|0x0000000094600000, 0x0000000094700000, 0x0000000094700000|100%| E|CS|TAMS 0x0000000094600000, 0x0000000094600000| Complete 
| 327|0x0000000094700000, 0x0000000094800000, 0x0000000094800000|100%| E|CS|TAMS 0x0000000094700000, 0x0000000094700000| Complete 
| 328|0x0000000094800000, 0x0000000094900000, 0x0000000094900000|100%| E|CS|TAMS 0x0000000094800000, 0x0000000094800000| Complete 
| 329|0x0000000094900000, 0x0000000094a00000, 0x0000000094a00000|100%| E|CS|TAMS 0x0000000094900000, 0x0000000094900000| Complete 
| 330|0x0000000094a00000, 0x0000000094b00000, 0x0000000094b00000|100%| E|CS|TAMS 0x0000000094a00000, 0x0000000094a00000| Complete 
| 331|0x0000000094b00000, 0x0000000094c00000, 0x0000000094c00000|100%| E|CS|TAMS 0x0000000094b00000, 0x0000000094b00000| Complete 
| 332|0x0000000094c00000, 0x0000000094d00000, 0x0000000094d00000|100%| E|CS|TAMS 0x0000000094c00000, 0x0000000094c00000| Complete 
| 333|0x0000000094d00000, 0x0000000094e00000, 0x0000000094e00000|100%| E|CS|TAMS 0x0000000094d00000, 0x0000000094d00000| Complete 
| 334|0x0000000094e00000, 0x0000000094f00000, 0x0000000094f00000|100%| E|CS|TAMS 0x0000000094e00000, 0x0000000094e00000| Complete 
| 335|0x0000000094f00000, 0x0000000095000000, 0x0000000095000000|100%| E|CS|TAMS 0x0000000094f00000, 0x0000000094f00000| Complete 
| 336|0x0000000095000000, 0x0000000095100000, 0x0000000095100000|100%| E|CS|TAMS 0x0000000095000000, 0x0000000095000000| Complete 

Card table byte_map: [0x000002595e8a0000,0x000002595eca0000] _byte_map_base: 0x000002595e4a0000

Marking Bits (Prev, Next): (CMBitMap*) 0x00000259479ed490, (CMBitMap*) 0x00000259479ed450
 Prev Bits: [0x00000259610a0000, 0x00000259630a0000)
 Next Bits: [0x000002595f0a0000, 0x00000259610a0000)

Polling page: 0x0000025947160000

Metaspace:

Usage:
  Non-class:     89.11 MB used.
      Class:     13.47 MB used.
       Both:    102.58 MB used.

Virtual space:
  Non-class space:      128.00 MB reserved,      89.56 MB ( 70%) committed,  2 nodes.
      Class space:        1.00 GB reserved,      13.94 MB (  1%) committed,  1 nodes.
             Both:        1.13 GB reserved,     103.50 MB (  9%) committed. 

Chunk freelists:
   Non-Class:  6.38 MB
       Class:  2.08 MB
        Both:  8.45 MB

MaxMetaspaceSize: unlimited
CompressedClassSpaceSize: 1.00 GB
Initial GC threshold: 21.00 MB
Current GC threshold: 154.50 MB
CDS: on
MetaspaceReclaimPolicy: balanced
 - commit_granule_bytes: 65536.
 - commit_granule_words: 8192.
 - virtual_space_node_default_size: 8388608.
 - enlarge_chunks_in_place: 1.
 - new_chunks_are_fully_committed: 0.
 - uncommit_free_chunks: 1.
 - use_allocation_guard: 0.
 - handle_deallocations: 1.


Internal statistics:

num_allocs_failed_limit: 6.
num_arena_births: 1414.
num_arena_deaths: 0.
num_vsnodes_births: 3.
num_vsnodes_deaths: 0.
num_space_committed: 1656.
num_space_uncommitted: 0.
num_chunks_returned_to_freelist: 6.
num_chunks_taken_from_freelist: 5993.
num_chunk_merges: 6.
num_chunk_splits: 3859.
num_chunks_enlarged: 2398.
num_inconsistent_stats: 0.

CodeHeap 'non-profiled nmethods': size=120000Kb used=7877Kb max_used=7877Kb free=112122Kb
 bounds [0x0000025956f70000, 0x0000025957730000, 0x000002595e4a0000]
CodeHeap 'profiled nmethods': size=120000Kb used=27203Kb max_used=27203Kb free=92796Kb
 bounds [0x000002594f4a0000, 0x0000025950f40000, 0x00000259569d0000]
CodeHeap 'non-nmethods': size=5760Kb used=2448Kb max_used=2511Kb free=3311Kb
 bounds [0x00000259569d0000, 0x0000025956c50000, 0x0000025956f70000]
 total_blobs=14220 nmethods=13234 adapters=897
 compilation: enabled
              stopped_count=0, restarted_count=0
 full_count=0

Compilation events (20 events):
Event: 82.331 Thread 0x00000259655b0c10 14828       3       com.google.common.collect.RegularImmutableMap::createValues (9 bytes)
Event: 82.332 Thread 0x00000259655b0c10 nmethod 14828 0x0000025950f2e690 code [0x0000025950f2e860, 0x0000025950f2ebf8]
Event: 82.337 Thread 0x00000259655b0c10 14831       3       java.util.concurrent.CopyOnWriteArraySet::contains (9 bytes)
Event: 82.337 Thread 0x00000259655b0c10 nmethod 14831 0x0000025950f2ed90 code [0x0000025950f2ef40, 0x0000025950f2f168]
Event: 82.337 Thread 0x00000259655b0c10 14832       3       org.gradle.util.internal.CollectionUtils::collect (53 bytes)
Event: 82.338 Thread 0x00000259655b0c10 nmethod 14832 0x0000025950f2f290 code [0x0000025950f2f4c0, 0x0000025950f2fef8]
Event: 82.338 Thread 0x00000259655b0c10 14833       1       org.gradle.internal.component.local.model.DefaultLocalComponentMetadata::getModuleVersionId (5 bytes)
Event: 82.338 Thread 0x00000259655b0c10 nmethod 14833 0x000002595771f590 code [0x000002595771f720, 0x000002595771f7f8]
Event: 82.338 Thread 0x00000259655b0c10 14834       1       org.gradle.internal.component.local.model.DefaultLocalComponentMetadata::access$1900 (5 bytes)
Event: 82.338 Thread 0x00000259655b0c10 nmethod 14834 0x000002595771f890 code [0x000002595771fa20, 0x000002595771fad8]
Event: 82.338 Thread 0x00000259655b0c10 14835       1       org.gradle.internal.component.local.model.DslOriginDependencyMetadataWrapper::getSource (5 bytes)
Event: 82.338 Thread 0x00000259655b0c10 nmethod 14835 0x000002595771fb90 code [0x000002595771fd20, 0x000002595771fdf8]
Event: 82.338 Thread 0x00000259655a2d00 nmethod 14822 0x000002595771fe90 code [0x0000025957720040, 0x00000259577207b8]
Event: 82.339 Thread 0x00000259655a2d00 14830       4       java.util.stream.PipelineHelper::<init> (5 bytes)
Event: 82.339 Thread 0x00000259655b0c10 14836       3       org.gradle.api.internal.artifacts.configurations.DefaultConfiguration::assertIsResolvable (58 bytes)
Event: 82.339 Thread 0x00000259655a2d00 nmethod 14830 0x0000025957720c10 code [0x0000025957720d80, 0x0000025957720df8]
Event: 82.339 Thread 0x00000259655a2d00 14829       4       org.gradle.internal.reflect.annotations.impl.DefaultPropertyAnnotationMetadata::compareTo (9 bytes)
Event: 82.339 Thread 0x00000259655b0c10 nmethod 14836 0x0000025950f30190 code [0x0000025950f30400, 0x0000025950f30c68]
Event: 82.341 Thread 0x00000259655a2d00 nmethod 14829 0x0000025957720f10 code [0x00000259577210a0, 0x0000025957721338]
Event: 82.341 Thread 0x00000259655a2d00 14817       4       org.gradle.internal.operations.logging.LoggingBuildOperationProgressBroadcaster::onOutput (105 bytes)

GC Heap History (20 events):
Event: 16.541 GC heap before
{Heap before GC invocations=23 (full 0):
 garbage-first heap   total 288768K, used 208696K [0x0000000080000000, 0x0000000100000000)
  region size 1024K, 82 young (83968K), 7 survivors (7168K)
 Metaspace       used 74228K, committed 75008K, reserved 1114112K
  class space    used 10078K, committed 10432K, reserved 1048576K
}
Event: 16.559 GC heap after
{Heap after GC invocations=24 (full 0):
 garbage-first heap   total 288768K, used 143880K [0x0000000080000000, 0x0000000100000000)
  region size 1024K, 10 young (10240K), 10 survivors (10240K)
 Metaspace       used 74228K, committed 75008K, reserved 1114112K
  class space    used 10078K, committed 10432K, reserved 1048576K
}
Event: 17.757 GC heap before
{Heap before GC invocations=25 (full 0):
 garbage-first heap   total 290816K, used 225800K [0x0000000080000000, 0x0000000100000000)
  region size 1024K, 64 young (65536K), 10 survivors (10240K)
 Metaspace       used 78065K, committed 78784K, reserved 1179648K
  class space    used 10606K, committed 10944K, reserved 1048576K
}
Event: 17.776 GC heap after
{Heap after GC invocations=26 (full 0):
 garbage-first heap   total 290816K, used 180196K [0x0000000080000000, 0x0000000100000000)
  region size 1024K, 9 young (9216K), 9 survivors (9216K)
 Metaspace       used 78065K, committed 78784K, reserved 1179648K
  class space    used 10606K, committed 10944K, reserved 1048576K
}
Event: 19.385 GC heap before
{Heap before GC invocations=27 (full 0):
 garbage-first heap   total 309248K, used 234468K [0x0000000080000000, 0x0000000100000000)
  region size 1024K, 61 young (62464K), 9 survivors (9216K)
 Metaspace       used 85784K, committed 86592K, reserved 1179648K
  class space    used 11646K, committed 12032K, reserved 1048576K
}
Event: 19.399 GC heap after
{Heap after GC invocations=28 (full 0):
 garbage-first heap   total 309248K, used 183711K [0x0000000080000000, 0x0000000100000000)
  region size 1024K, 4 young (4096K), 4 survivors (4096K)
 Metaspace       used 85784K, committed 86592K, reserved 1179648K
  class space    used 11646K, committed 12032K, reserved 1048576K
}
Event: 20.857 GC heap before
{Heap before GC invocations=28 (full 0):
 garbage-first heap   total 309248K, used 245151K [0x0000000080000000, 0x0000000100000000)
  region size 1024K, 65 young (66560K), 4 survivors (4096K)
 Metaspace       used 89253K, committed 89984K, reserved 1179648K
  class space    used 11992K, committed 12352K, reserved 1048576K
}
Event: 20.873 GC heap after
{Heap after GC invocations=29 (full 0):
 garbage-first heap   total 309248K, used 190917K [0x0000000080000000, 0x0000000100000000)
  region size 1024K, 9 young (9216K), 9 survivors (9216K)
 Metaspace       used 89253K, committed 89984K, reserved 1179648K
  class space    used 11992K, committed 12352K, reserved 1048576K
}
Event: 22.144 GC heap before
{Heap before GC invocations=30 (full 0):
 garbage-first heap   total 331776K, used 248261K [0x0000000080000000, 0x0000000100000000)
  region size 1024K, 66 young (67584K), 9 survivors (9216K)
 Metaspace       used 90105K, committed 90944K, reserved 1179648K
  class space    used 12070K, committed 12480K, reserved 1048576K
}
Event: 22.169 GC heap after
{Heap after GC invocations=31 (full 0):
 garbage-first heap   total 331776K, used 195826K [0x0000000080000000, 0x0000000100000000)
  region size 1024K, 5 young (5120K), 5 survivors (5120K)
 Metaspace       used 90105K, committed 90944K, reserved 1179648K
  class space    used 12070K, committed 12480K, reserved 1048576K
}
Event: 22.363 GC heap before
{Heap before GC invocations=31 (full 0):
 garbage-first heap   total 331776K, used 206066K [0x0000000080000000, 0x0000000100000000)
  region size 1024K, 16 young (16384K), 5 survivors (5120K)
 Metaspace       used 90301K, committed 91136K, reserved 1179648K
  class space    used 12088K, committed 12480K, reserved 1048576K
}
Event: 22.372 GC heap after
{Heap after GC invocations=32 (full 0):
 garbage-first heap   total 331776K, used 197378K [0x0000000080000000, 0x0000000100000000)
  region size 1024K, 2 young (2048K), 2 survivors (2048K)
 Metaspace       used 90301K, committed 91136K, reserved 1179648K
  class space    used 12088K, committed 12480K, reserved 1048576K
}
Event: 23.452 GC heap before
{Heap before GC invocations=32 (full 0):
 garbage-first heap   total 331776K, used 265986K [0x0000000080000000, 0x0000000100000000)
  region size 1024K, 70 young (71680K), 2 survivors (2048K)
 Metaspace       used 93339K, committed 94144K, reserved 1179648K
  class space    used 12499K, committed 12864K, reserved 1048576K
}
Event: 23.460 GC heap after
{Heap after GC invocations=33 (full 0):
 garbage-first heap   total 331776K, used 200158K [0x0000000080000000, 0x0000000100000000)
  region size 1024K, 5 young (5120K), 5 survivors (5120K)
 Metaspace       used 93339K, committed 94144K, reserved 1179648K
  class space    used 12499K, committed 12864K, reserved 1048576K
}
Event: 25.491 GC heap before
{Heap before GC invocations=34 (full 0):
 garbage-first heap   total 345088K, used 270814K [0x0000000080000000, 0x0000000100000000)
  region size 1024K, 74 young (75776K), 5 survivors (5120K)
 Metaspace       used 98532K, committed 99456K, reserved 1179648K
  class space    used 13102K, committed 13504K, reserved 1048576K
}
Event: 25.510 GC heap after
{Heap after GC invocations=35 (full 0):
 garbage-first heap   total 345088K, used 206019K [0x0000000080000000, 0x0000000100000000)
  region size 1024K, 10 young (10240K), 10 survivors (10240K)
 Metaspace       used 98532K, committed 99456K, reserved 1179648K
  class space    used 13102K, committed 13504K, reserved 1048576K
}
Event: 25.579 GC heap before
{Heap before GC invocations=35 (full 0):
 garbage-first heap   total 345088K, used 212163K [0x0000000080000000, 0x0000000100000000)
  region size 1024K, 16 young (16384K), 10 survivors (10240K)
 Metaspace       used 98601K, committed 99584K, reserved 1179648K
  class space    used 13116K, committed 13568K, reserved 1048576K
}
Event: 25.592 GC heap after
{Heap after GC invocations=36 (full 0):
 garbage-first heap   total 345088K, used 206204K [0x0000000080000000, 0x0000000100000000)
  region size 1024K, 2 young (2048K), 2 survivors (2048K)
 Metaspace       used 98601K, committed 99584K, reserved 1179648K
  class space    used 13116K, committed 13568K, reserved 1048576K
}
Event: 82.024 GC heap before
{Heap before GC invocations=36 (full 0):
 garbage-first heap   total 345088K, used 280956K [0x0000000080000000, 0x0000000100000000)
  region size 1024K, 76 young (77824K), 2 survivors (2048K)
 Metaspace       used 104669K, committed 105600K, reserved 1179648K
  class space    used 13750K, committed 14208K, reserved 1048576K
}
Event: 82.038 GC heap after
{Heap after GC invocations=37 (full 0):
 garbage-first heap   total 345088K, used 212945K [0x0000000080000000, 0x0000000100000000)
  region size 1024K, 8 young (8192K), 8 survivors (8192K)
 Metaspace       used 104669K, committed 105600K, reserved 1179648K
  class space    used 13750K, committed 14208K, reserved 1048576K
}

Dll operation events (12 events):
Event: 0.010 Loaded shared library C:\Users\wefer\.jdks\corretto-17.0.7\bin\java.dll
Event: 0.019 Loaded shared library C:\Users\wefer\.jdks\corretto-17.0.7\bin\jsvml.dll
Event: 0.071 Loaded shared library C:\Users\wefer\.jdks\corretto-17.0.7\bin\net.dll
Event: 0.072 Loaded shared library C:\Users\wefer\.jdks\corretto-17.0.7\bin\nio.dll
Event: 0.079 Loaded shared library C:\Users\wefer\.jdks\corretto-17.0.7\bin\zip.dll
Event: 0.364 Loaded shared library C:\Users\wefer\.jdks\corretto-17.0.7\bin\jimage.dll
Event: 0.492 Loaded shared library C:\Users\wefer\.jdks\corretto-17.0.7\bin\verify.dll
Event: 0.782 Loaded shared library C:\Users\wefer\.gradle\native\68d5fa5c4cc2d200863cafc0d521ce42e7d3e7ee720ec0a83991735586a16f82\windows-amd64\native-platform.dll
Event: 0.789 Loaded shared library C:\Users\wefer\.gradle\native\e376f236ea51e6404a007f0833ffe2c6e607c4080706a723a18a27aeea778392\windows-amd64\native-platform-file-events.dll
Event: 1.770 Loaded shared library C:\Users\wefer\.jdks\corretto-17.0.7\bin\management.dll
Event: 1.774 Loaded shared library C:\Users\wefer\.jdks\corretto-17.0.7\bin\management_ext.dll
Event: 2.471 Loaded shared library C:\Users\wefer\.jdks\corretto-17.0.7\bin\sunmscapi.dll

Deoptimization events (20 events):
Event: 81.980 Thread 0x000002596a849b90 DEOPT PACKING pc=0x0000025957700cd0 sp=0x000000b2086f9410
Event: 81.980 Thread 0x000002596a849b90 DEOPT UNPACKING pc=0x0000025956a269a3 sp=0x000000b2086f93e0 mode 2
Event: 81.982 Thread 0x000002596a849b90 Uncommon trap: trap_request=0xffffffbe fr.pc=0x0000025957700cd0 relative=0x0000000000001490
Event: 81.982 Thread 0x000002596a849b90 Uncommon trap: reason=profile_predicate action=maybe_recompile pc=0x0000025957700cd0 method=org.gradle.api.internal.attributes.DefaultImmutableAttributesFactory.concat(Lorg/gradle/api/internal/attributes/ImmutableAttributes;Lorg/gradle/api/internal/attrib
Event: 81.983 Thread 0x000002596a849b90 DEOPT PACKING pc=0x0000025957700cd0 sp=0x000000b2086f9410
Event: 81.983 Thread 0x000002596a849b90 DEOPT UNPACKING pc=0x0000025956a269a3 sp=0x000000b2086f93e0 mode 2
Event: 81.989 Thread 0x000002596a849b90 Uncommon trap: trap_request=0xffffffbe fr.pc=0x0000025957700cd0 relative=0x0000000000001490
Event: 81.989 Thread 0x000002596a849b90 Uncommon trap: reason=profile_predicate action=maybe_recompile pc=0x0000025957700cd0 method=org.gradle.api.internal.attributes.DefaultImmutableAttributesFactory.concat(Lorg/gradle/api/internal/attributes/ImmutableAttributes;Lorg/gradle/api/internal/attrib
Event: 81.989 Thread 0x000002596a849b90 DEOPT PACKING pc=0x0000025957700cd0 sp=0x000000b2086f90c0
Event: 81.989 Thread 0x000002596a849b90 DEOPT UNPACKING pc=0x0000025956a269a3 sp=0x000000b2086f9090 mode 2
Event: 82.219 Thread 0x000002596a849b90 DEOPT PACKING pc=0x00000259506d6d5f sp=0x000000b2086f8bd0
Event: 82.219 Thread 0x000002596a849b90 DEOPT UNPACKING pc=0x0000025956a27143 sp=0x000000b2086f80a0 mode 0
Event: 82.267 Thread 0x000002596a849b90 Uncommon trap: trap_request=0xffffffc6 fr.pc=0x0000025957143128 relative=0x00000000000003c8
Event: 82.267 Thread 0x000002596a849b90 Uncommon trap: reason=bimorphic_or_optimized_type_check action=maybe_recompile pc=0x0000025957143128 method=java.util.Spliterators$IteratorSpliterator.tryAdvance(Ljava/util/function/Consumer;)Z @ 50 c2
Event: 82.267 Thread 0x000002596a849b90 DEOPT PACKING pc=0x0000025957143128 sp=0x000000b2086fa3f0
Event: 82.267 Thread 0x000002596a849b90 DEOPT UNPACKING pc=0x0000025956a269a3 sp=0x000000b2086fa390 mode 2
Event: 82.333 Thread 0x000002596a849b90 Uncommon trap: trap_request=0xffffffc6 fr.pc=0x0000025957143128 relative=0x00000000000003c8
Event: 82.333 Thread 0x000002596a849b90 Uncommon trap: reason=bimorphic_or_optimized_type_check action=maybe_recompile pc=0x0000025957143128 method=java.util.Spliterators$IteratorSpliterator.tryAdvance(Ljava/util/function/Consumer;)Z @ 50 c2
Event: 82.333 Thread 0x000002596a849b90 DEOPT PACKING pc=0x0000025957143128 sp=0x000000b2086fa330
Event: 82.333 Thread 0x000002596a849b90 DEOPT UNPACKING pc=0x0000025956a269a3 sp=0x000000b2086fa2d0 mode 2

Classes unloaded (0 events):
No events

Classes redefined (0 events):
No events

Internal exceptions (20 events):
Event: 25.918 Thread 0x000002596ed9b940 Exception <a 'sun/nio/fs/WindowsException'{0x0000000094365f18}> (0x0000000094365f18) 
thrown [s\src\hotspot\share\prims\jni.cpp, line 516]
Event: 32.481 Thread 0x000002596a478150 Implicit null exception at 0x0000025957077cf5 to 0x00000259570783f4
Event: 32.481 Thread 0x000002596a478150 Implicit null exception at 0x0000025957068af2 to 0x00000259570691f0
Event: 80.992 Thread 0x000002596ed9a130 Exception <a 'java/lang/NoSuchMethodError'{0x00000000932baed0}: static Lorg/gradle/internal/build/event/types/DefaultOperationStartedProgressEvent;.<clinit>()V> (0x00000000932baed0) 
thrown [s\src\hotspot\share\prims\jni.cpp, line 1107]
Event: 80.993 Thread 0x000002596ed9a130 Exception <a 'java/lang/NoSuchMethodError'{0x0000000092f08960}: static Lorg/gradle/internal/build/event/types/DefaultProjectConfigurationDescriptor;.<clinit>()V> (0x0000000092f08960) 
thrown [s\src\hotspot\share\prims\jni.cpp, line 1107]
Event: 80.993 Thread 0x000002596ed9a130 Exception <a 'java/lang/NoSuchMethodError'{0x0000000092f0ac88}: static Lorg/gradle/internal/build/event/types/DefaultOperationDescriptor;.<clinit>()V> (0x0000000092f0ac88) 
thrown [s\src\hotspot\share\prims\jni.cpp, line 1107]
Event: 81.286 Thread 0x000002596a849b90 Exception <a 'java/lang/NoSuchMethodError'{0x0000000091c64fd8}: 'long java.lang.invoke.DirectMethodHandle$Holder.invokeVirtual(java.lang.Object, java.lang.Object)'> (0x0000000091c64fd8) 
thrown [s\src\hotspot\share\interpreter\linkResolver.cpp, line 759]
Event: 81.297 Thread 0x000002596ed9a130 Exception <a 'java/lang/NoSuchMethodError'{0x0000000091cdb4c0}: static Lorg/gradle/internal/build/event/types/DefaultOperationFinishedProgressEvent;.<clinit>()V> (0x0000000091cdb4c0) 
thrown [s\src\hotspot\share\prims\jni.cpp, line 1107]
Event: 81.300 Thread 0x000002596ed9a130 Exception <a 'java/lang/NoSuchMethodError'{0x0000000091cf4d38}: static Lorg/gradle/internal/build/event/types/DefaultProjectConfigurationSuccessResult;.<clinit>()V> (0x0000000091cf4d38) 
thrown [s\src\hotspot\share\prims\jni.cpp, line 1107]
Event: 81.326 Thread 0x000002596ed9a130 Exception <a 'java/lang/NoSuchMethodError'{0x0000000091cf5df0}: static Lorg/gradle/internal/build/event/types/AbstractProjectConfigurationResult;.<clinit>()V> (0x0000000091cf5df0) 
thrown [s\src\hotspot\share\prims\jni.cpp, line 1107]
Event: 81.326 Thread 0x000002596ed9a130 Exception <a 'java/lang/NoSuchMethodError'{0x0000000091cf70a0}: static Lorg/gradle/internal/build/event/types/AbstractOperationResult;.<clinit>()V> (0x0000000091cf70a0) 
thrown [s\src\hotspot\share\prims\jni.cpp, line 1107]
Event: 81.326 Thread 0x000002596ed9a130 Exception <a 'java/lang/NoSuchMethodError'{0x0000000091b00ac8}: static Lorg/gradle/internal/build/event/types/DefaultPluginApplicationResult;.<clinit>()V> (0x0000000091b00ac8) 
thrown [s\src\hotspot\share\prims\jni.cpp, line 1107]
Event: 81.328 Thread 0x000002596ed9a130 Exception <a 'java/lang/NoSuchMethodError'{0x0000000091b0a8b8}: static Lorg/gradle/internal/build/event/types/DefaultBinaryPluginIdentifier;.<clinit>()V> (0x0000000091b0a8b8) 
thrown [s\src\hotspot\share\prims\jni.cpp, line 1107]
Event: 81.332 Thread 0x000002596ed9a130 Exception <a 'java/lang/NoSuchMethodError'{0x0000000091b1dce0}: static Lorg/gradle/internal/build/event/types/DefaultScriptPluginIdentifier;.<clinit>()V> (0x0000000091b1dce0) 
thrown [s\src\hotspot\share\prims\jni.cpp, line 1107]
Event: 81.452 Thread 0x000002596a849b90 Exception <a 'sun/nio/fs/WindowsException'{0x00000000918d35d0}> (0x00000000918d35d0) 
thrown [s\src\hotspot\share\prims\jni.cpp, line 516]
Event: 82.177 Thread 0x000002596a849b90 Exception <a 'sun/nio/fs/WindowsException'{0x0000000094b85d40}> (0x0000000094b85d40) 
thrown [s\src\hotspot\share\prims\jni.cpp, line 516]
Event: 82.197 Thread 0x000002596a849b90 Exception <a 'sun/nio/fs/WindowsException'{0x0000000094a23f80}> (0x0000000094a23f80) 
thrown [s\src\hotspot\share\prims\jni.cpp, line 516]
Event: 82.197 Thread 0x000002596a849b90 Exception <a 'sun/nio/fs/WindowsException'{0x0000000094a255a0}> (0x0000000094a255a0) 
thrown [s\src\hotspot\share\prims\jni.cpp, line 516]
Event: 82.198 Thread 0x000002596a849b90 Exception <a 'sun/nio/fs/WindowsException'{0x0000000094a26c10}> (0x0000000094a26c10) 
thrown [s\src\hotspot\share\prims\jni.cpp, line 516]
Event: 82.198 Thread 0x000002596a849b90 Exception <a 'sun/nio/fs/WindowsException'{0x0000000094a28280}> (0x0000000094a28280) 
thrown [s\src\hotspot\share\prims\jni.cpp, line 516]

VM Operations (20 events):
Event: 53.404 Executing VM operation: Cleanup done
Event: 57.442 Executing VM operation: Cleanup
Event: 57.442 Executing VM operation: Cleanup done
Event: 59.453 Executing VM operation: Cleanup
Event: 59.453 Executing VM operation: Cleanup done
Event: 63.470 Executing VM operation: Cleanup
Event: 63.470 Executing VM operation: Cleanup done
Event: 77.586 Executing VM operation: Cleanup
Event: 77.586 Executing VM operation: Cleanup done
Event: 81.088 Executing VM operation: ICBufferFull
Event: 81.088 Executing VM operation: ICBufferFull done
Event: 81.289 Executing VM operation: HandshakeAllThreads
Event: 81.289 Executing VM operation: HandshakeAllThreads done
Event: 81.412 Executing VM operation: HandshakeAllThreads
Event: 81.412 Executing VM operation: HandshakeAllThreads done
Event: 81.628 Executing VM operation: ICBufferFull
Event: 81.628 Executing VM operation: ICBufferFull done
Event: 82.024 Executing VM operation: G1CollectForAllocation
Event: 82.039 Executing VM operation: G1CollectForAllocation done
Event: 82.341 Executing VM operation: G1Concurrent

Events (20 events):
Event: 81.216 Thread 0x000002596d4405f0 Thread added: 0x000002596d4405f0
Event: 81.216 Thread 0x000002596d43aa80 Thread added: 0x000002596d43aa80
Event: 81.216 Thread 0x000002596d440f90 Thread added: 0x000002596d440f90
Event: 81.287 loading class java/util/stream/SortedOps
Event: 81.287 loading class java/util/stream/SortedOps done
Event: 81.287 loading class java/util/stream/SortedOps$OfRef
Event: 81.287 loading class java/util/stream/SortedOps$OfRef done
Event: 81.290 loading class java/util/stream/SortedOps$RefSortingSink
Event: 81.290 loading class java/util/stream/SortedOps$AbstractRefSortingSink
Event: 81.290 loading class java/util/stream/SortedOps$AbstractRefSortingSink done
Event: 81.290 loading class java/util/stream/SortedOps$RefSortingSink done
Event: 81.329 loading class java/time/Ser
Event: 81.329 loading class java/time/Ser done
Event: 81.387 Thread 0x000002596d440ac0 Thread added: 0x000002596d440ac0
Event: 81.724 loading class java/time/temporal/WeekFields
Event: 81.729 loading class java/time/temporal/WeekFields done
Event: 81.729 loading class java/time/temporal/WeekFields$ComputedDayOfField
Event: 81.731 loading class java/time/temporal/WeekFields$ComputedDayOfField done
Event: 81.733 loading class java/time/Month$1
Event: 81.733 loading class java/time/Month$1 done


Dynamic libraries:
0x00007ff65fed0000 - 0x00007ff65fedd000 	C:\Users\wefer\.jdks\corretto-17.0.7\bin\java.exe
0x00007ffcb9cf0000 - 0x00007ffcb9f04000 	C:\WINDOWS\SYSTEM32\ntdll.dll
0x00007ffcb89d0000 - 0x00007ffcb8a92000 	C:\WINDOWS\System32\KERNEL32.DLL
0x00007ffcb7510000 - 0x00007ffcb78b3000 	C:\WINDOWS\System32\KERNELBASE.dll
0x00007ffcb7110000 - 0x00007ffcb7221000 	C:\WINDOWS\System32\ucrtbase.dll
0x00007ffcaad50000 - 0x00007ffcaad65000 	C:\Users\wefer\.jdks\corretto-17.0.7\bin\VCRUNTIME140.dll
0x00007ffcae060000 - 0x00007ffcae077000 	C:\Users\wefer\.jdks\corretto-17.0.7\bin\jli.dll
0x00007ffcb7af0000 - 0x00007ffcb7c9b000 	C:\WINDOWS\System32\USER32.dll
0x00007ffcb7420000 - 0x00007ffcb7446000 	C:\WINDOWS\System32\win32u.dll
0x00007ffca2ec0000 - 0x00007ffca314e000 	C:\WINDOWS\WinSxS\amd64_microsoft.windows.common-controls_6595b64144ccf1df_6.0.22621.1635_none_270f70857386168e\COMCTL32.dll
0x00007ffcb8b50000 - 0x00007ffcb8b79000 	C:\WINDOWS\System32\GDI32.dll
0x00007ffcb8aa0000 - 0x00007ffcb8b47000 	C:\WINDOWS\System32\msvcrt.dll
0x00007ffcb78c0000 - 0x00007ffcb79d8000 	C:\WINDOWS\System32\gdi32full.dll
0x00007ffcb79e0000 - 0x00007ffcb7a7a000 	C:\WINDOWS\System32\msvcp_win.dll
0x00007ffcb9c70000 - 0x00007ffcb9ca1000 	C:\WINDOWS\System32\IMM32.DLL
0x00007ffc9b150000 - 0x00007ffc9b1eb000 	C:\Users\wefer\.jdks\corretto-17.0.7\bin\msvcp140.dll
0x00007ffc76f00000 - 0x00007ffc77b1a000 	C:\Users\wefer\.jdks\corretto-17.0.7\bin\server\jvm.dll
0x00007ffcb9740000 - 0x00007ffcb97ee000 	C:\WINDOWS\System32\ADVAPI32.dll
0x00007ffcb86a0000 - 0x00007ffcb8744000 	C:\WINDOWS\System32\sechost.dll
0x00007ffcb93d0000 - 0x00007ffcb94e7000 	C:\WINDOWS\System32\RPCRT4.dll
0x00007ffc9fb10000 - 0x00007ffc9fb19000 	C:\WINDOWS\SYSTEM32\WSOCK32.dll
0x00007ffcb0e10000 - 0x00007ffcb0e44000 	C:\WINDOWS\SYSTEM32\WINMM.dll
0x00007ffcae050000 - 0x00007ffcae05a000 	C:\WINDOWS\SYSTEM32\VERSION.dll
0x00007ffcb7cc0000 - 0x00007ffcb7d31000 	C:\WINDOWS\System32\WS2_32.dll
0x00007ffcb6160000 - 0x00007ffcb6178000 	C:\WINDOWS\SYSTEM32\kernel.appcore.dll
0x00007ffcb18d0000 - 0x00007ffcb18da000 	C:\Users\wefer\.jdks\corretto-17.0.7\bin\jimage.dll
0x00007ffcaf750000 - 0x00007ffcaf97e000 	C:\WINDOWS\SYSTEM32\DBGHELP.DLL
0x00007ffcb8f00000 - 0x00007ffcb9289000 	C:\WINDOWS\System32\combase.dll
0x00007ffcb9290000 - 0x00007ffcb9367000 	C:\WINDOWS\System32\OLEAUT32.dll
0x00007ffcaf6f0000 - 0x00007ffcaf722000 	C:\WINDOWS\SYSTEM32\dbgcore.DLL
0x00007ffcb7230000 - 0x00007ffcb72ab000 	C:\WINDOWS\System32\bcryptPrimitives.dll
0x00007ffca0240000 - 0x00007ffca0265000 	C:\Users\wefer\.jdks\corretto-17.0.7\bin\java.dll
0x00007ffc998b0000 - 0x00007ffc99986000 	C:\Users\wefer\.jdks\corretto-17.0.7\bin\jsvml.dll
0x00007ffcb7d40000 - 0x00007ffcb853a000 	C:\WINDOWS\System32\SHELL32.dll
0x00007ffcb5110000 - 0x00007ffcb59de000 	C:\WINDOWS\SYSTEM32\windows.storage.dll
0x00007ffcb4fd0000 - 0x00007ffcb510e000 	C:\WINDOWS\SYSTEM32\wintypes.dll
0x00007ffcb8540000 - 0x00007ffcb8631000 	C:\WINDOWS\System32\SHCORE.dll
0x00007ffcb8640000 - 0x00007ffcb869e000 	C:\WINDOWS\System32\shlwapi.dll
0x00007ffcb7040000 - 0x00007ffcb7061000 	C:\WINDOWS\SYSTEM32\profapi.dll
0x00007ffcaad30000 - 0x00007ffcaad49000 	C:\Users\wefer\.jdks\corretto-17.0.7\bin\net.dll
0x00007ffcb0890000 - 0x00007ffcb09c7000 	C:\WINDOWS\SYSTEM32\WINHTTP.dll
0x00007ffcb65d0000 - 0x00007ffcb6639000 	C:\WINDOWS\system32\mswsock.dll
0x00007ffc9ec80000 - 0x00007ffc9ec95000 	C:\Users\wefer\.jdks\corretto-17.0.7\bin\nio.dll
0x00007ffc9e700000 - 0x00007ffc9e718000 	C:\Users\wefer\.jdks\corretto-17.0.7\bin\zip.dll
0x00007ffcb1840000 - 0x00007ffcb1850000 	C:\Users\wefer\.jdks\corretto-17.0.7\bin\verify.dll
0x00007ffcae520000 - 0x00007ffcae547000 	C:\Users\wefer\.gradle\native\68d5fa5c4cc2d200863cafc0d521ce42e7d3e7ee720ec0a83991735586a16f82\windows-amd64\native-platform.dll
0x00007ffc93290000 - 0x00007ffc933d4000 	C:\Users\wefer\.gradle\native\e376f236ea51e6404a007f0833ffe2c6e607c4080706a723a18a27aeea778392\windows-amd64\native-platform-file-events.dll
0x00007ffcb1670000 - 0x00007ffcb1679000 	C:\Users\wefer\.jdks\corretto-17.0.7\bin\management.dll
0x00007ffcb1420000 - 0x00007ffcb142b000 	C:\Users\wefer\.jdks\corretto-17.0.7\bin\management_ext.dll
0x00007ffcb94f0000 - 0x00007ffcb94f8000 	C:\WINDOWS\System32\PSAPI.DLL
0x00007ffcb6830000 - 0x00007ffcb684b000 	C:\WINDOWS\SYSTEM32\CRYPTSP.dll
0x00007ffcb60d0000 - 0x00007ffcb6105000 	C:\WINDOWS\system32\rsaenh.dll
0x00007ffcb66d0000 - 0x00007ffcb66f8000 	C:\WINDOWS\SYSTEM32\USERENV.dll
0x00007ffcb69d0000 - 0x00007ffcb69f8000 	C:\WINDOWS\SYSTEM32\bcrypt.dll
0x00007ffcb6850000 - 0x00007ffcb685c000 	C:\WINDOWS\SYSTEM32\CRYPTBASE.dll
0x00007ffcb5c40000 - 0x00007ffcb5c6d000 	C:\WINDOWS\SYSTEM32\IPHLPAPI.DLL
0x00007ffcb8ef0000 - 0x00007ffcb8ef9000 	C:\WINDOWS\System32\NSI.dll
0x00007ffcb0870000 - 0x00007ffcb0889000 	C:\WINDOWS\SYSTEM32\dhcpcsvc6.DLL
0x00007ffcb0850000 - 0x00007ffcb086f000 	C:\WINDOWS\SYSTEM32\dhcpcsvc.DLL
0x00007ffcb5c70000 - 0x00007ffcb5d63000 	C:\WINDOWS\SYSTEM32\DNSAPI.dll
0x00007ffcb1920000 - 0x00007ffcb192e000 	C:\Users\wefer\.jdks\corretto-17.0.7\bin\sunmscapi.dll
0x00007ffcb72b0000 - 0x00007ffcb7417000 	C:\WINDOWS\System32\CRYPT32.dll
0x00007ffcb69a0000 - 0x00007ffcb69ce000 	C:\WINDOWS\SYSTEM32\ncrypt.dll
0x00007ffcb6960000 - 0x00007ffcb6997000 	C:\WINDOWS\SYSTEM32\NTASN1.dll
0x00007ffcb1650000 - 0x00007ffcb1658000 	C:\WINDOWS\system32\wshunix.dll

dbghelp: loaded successfully - version: 4.0.5 - missing functions: none
symbol engine: initialized successfully - sym options: 0x614 - pdb path: .;C:\Users\wefer\.jdks\corretto-17.0.7\bin;C:\WINDOWS\SYSTEM32;C:\WINDOWS\WinSxS\amd64_microsoft.windows.common-controls_6595b64144ccf1df_6.0.22621.1635_none_270f70857386168e;C:\Users\wefer\.jdks\corretto-17.0.7\bin\server;C:\Users\wefer\.gradle\native\68d5fa5c4cc2d200863cafc0d521ce42e7d3e7ee720ec0a83991735586a16f82\windows-amd64;C:\Users\wefer\.gradle\native\e376f236ea51e6404a007f0833ffe2c6e607c4080706a723a18a27aeea778392\windows-amd64

VM Arguments:
jvm_args: --add-opens=java.base/java.util=ALL-UNNAMED --add-opens=java.base/java.lang=ALL-UNNAMED --add-opens=java.base/java.lang.invoke=ALL-UNNAMED --add-opens=java.prefs/java.util.prefs=ALL-UNNAMED --add-opens=java.base/java.nio.charset=ALL-UNNAMED --add-opens=java.base/java.net=ALL-UNNAMED --add-opens=java.base/java.util.concurrent.atomic=ALL-UNNAMED -Xmx2048m -Dfile.encoding=UTF-8 -Duser.country=RU -Duser.language=ru -Duser.variant 
java_command: org.gradle.launcher.daemon.bootstrap.GradleDaemon 8.0
java_class_path (initial): C:\Users\wefer\.gradle\wrapper\dists\gradle-8.0-bin\ca5e32bp14vu59qr306oxotwh\gradle-8.0\lib\gradle-launcher-8.0.jar
Launcher Type: SUN_STANDARD

[Global flags]
     intx CICompilerCount                          = 3                                         {product} {ergonomic}
     uint ConcGCThreads                            = 1                                         {product} {ergonomic}
     uint G1ConcRefinementThreads                  = 4                                         {product} {ergonomic}
   size_t G1HeapRegionSize                         = 1048576                                   {product} {ergonomic}
    uintx GCDrainStackTargetSize                   = 64                                        {product} {ergonomic}
   size_t InitialHeapSize                          = 234881024                                 {product} {ergonomic}
   size_t MarkStackSize                            = 4194304                                   {product} {ergonomic}
   size_t MaxHeapSize                              = 2147483648                                {product} {command line}
   size_t MaxNewSize                               = 1287651328                                {product} {ergonomic}
   size_t MinHeapDeltaBytes                        = 1048576                                   {product} {ergonomic}
   size_t MinHeapSize                              = 8388608                                   {product} {ergonomic}
    uintx NonNMethodCodeHeapSize                   = 5832780                                {pd product} {ergonomic}
    uintx NonProfiledCodeHeapSize                  = 122912730                              {pd product} {ergonomic}
    uintx ProfiledCodeHeapSize                     = 122912730                              {pd product} {ergonomic}
    uintx ReservedCodeCacheSize                    = 251658240                              {pd product} {ergonomic}
     bool SegmentedCodeCache                       = true                                      {product} {ergonomic}
   size_t SoftMaxHeapSize                          = 2147483648                             {manageable} {ergonomic}
     bool UseCompressedClassPointers               = true                           {product lp64_product} {ergonomic}
     bool UseCompressedOops                        = true                           {product lp64_product} {ergonomic}
     bool UseG1GC                                  = true                                      {product} {ergonomic}
     bool UseLargePagesIndividualAllocation        = false                                  {pd product} {ergonomic}

Logging:
Log output configuration:
 #0: stdout all=warning uptime,level,tags
 #1: stderr all=off uptime,level,tags

Environment Variables:
PATH=C:\WINDOWS\system32;C:\WINDOWS;C:\WINDOWS\System32\Wbem;C:\WINDOWS\System32\WindowsPowerShell\v1.0\;C:\WINDOWS\System32\OpenSSH\;C:\Program Files\Microsoft SQL Server\150\Tools\Binn\;C:\Program Files\Microsoft SQL Server\Client SDK\ODBC\170\Tools\Binn\;C:\Program Files\dotnet\;C:\Program Files\Git\cmd;C:\Users\wefer\AppData\Local\Microsoft\WindowsApps;C:\Users\wefer\.dotnet\tools;C:\Program Files (x86)\Microsoft VS Code\bin
USERNAME=wefer
OS=Windows_NT
PROCESSOR_IDENTIFIER=AMD64 Family 23 Model 24 Stepping 1, AuthenticAMD
TMP=C:\Users\wefer\AppData\Local\Temp
TEMP=C:\Users\wefer\AppData\Local\Temp



---------------  S Y S T E M  ---------------

OS:
 Windows 11 , 64 bit Build 22621 (10.0.22621.1635)
OS uptime: 1 days 14:48 hours

CPU: total 4 (initial active 4) (4 cores per cpu, 2 threads per core) family 23 model 24 stepping 1 microcode 0x0, cx8, cmov, fxsr, ht, mmx, 3dnowpref, sse, sse2, sse3, ssse3, sse4a, sse4.1, sse4.2, popcnt, lzcnt, tsc, tscinvbit, avx, avx2, aes, clmul, bmi1, bmi2, adx, sha, fma, vzeroupper, clflush, clflushopt

Memory: 4k page, system-wide physical 14274M (1323M free)
TotalPageFile size 17298M (AvailPageFile size 27M)
current process WorkingSet (physical memory assigned to process): 632M, peak: 662M
current process commit charge ("private bytes"): 675M, peak: 705M

vm_info: OpenJDK 64-Bit Server VM (17.0.7+7-LTS) for windows-amd64 JRE (17.0.7+7-LTS), built on Apr 14 2023 01:39:21 by "Administrator" with MS VC++ 15.9 (VS2017)

END.
