#
# There is insufficient memory for the Java Runtime Environment to continue.
# Native memory allocation (malloc) failed to allocate 1663920 bytes for Chunk::new
# Possible reasons:
#   The system is out of physical RAM or swap space
#   The process is running with CompressedOops enabled, and the Java Heap may be blocking the growth of the native heap
# Possible solutions:
#   Reduce memory load on the system
#   Increase physical memory or swap space
#   Check if swap backing store is full
#   Decrease Java heap size (-Xmx/-Xms)
#   Decrease number of Java threads
#   Decrease Java thread stack sizes (-Xss)
#   Set larger code cache with -XX:ReservedCodeCacheSize=
#   JVM is running with Unscaled Compressed Oops mode in which the Java heap is
#     placed in the first 4GB address space. The Java Heap base address is the
#     maximum limit for the native heap growth. Please use -XX:HeapBaseMinAddress
#     to set the Java Heap base and to place the Java Heap above 4GB virtual address.
# This output file may be truncated or incomplete.
#
#  Out of Memory Error (arena.cpp:189), pid=7828, tid=6948
#
# JRE version: OpenJDK Runtime Environment Corretto-17.0.7.7.1 (17.0.7+7) (build 17.0.7+7-LTS)
# Java VM: OpenJDK 64-Bit Server VM Corretto-17.0.7.7.1 (17.0.7+7-LTS, mixed mode, sharing, tiered, compressed oops, compressed class ptrs, g1 gc, windows-amd64)
# No core dump will be written. Minidumps are not enabled by default on client versions of Windows
#

---------------  S U M M A R Y ------------

Command Line: --add-opens=java.base/java.util=ALL-UNNAMED --add-opens=java.base/java.lang=ALL-UNNAMED --add-opens=java.base/java.lang.invoke=ALL-UNNAMED --add-opens=java.prefs/java.util.prefs=ALL-UNNAMED --add-opens=java.base/java.nio.charset=ALL-UNNAMED --add-opens=java.base/java.net=ALL-UNNAMED --add-opens=java.base/java.util.concurrent.atomic=ALL-UNNAMED -Xmx2048m -Dfile.encoding=UTF-8 -Duser.country=RU -Duser.language=ru -Duser.variant org.gradle.launcher.daemon.bootstrap.GradleDaemon 8.0

Host: AMD Ryzen 3 3200U with Radeon Vega Mobile Gfx  , 4 cores, 13G,  Windows 11 , 64 bit Build 22621 (10.0.22621.1635)
Time: Tue May 30 15:22:42 2023 RTZ 4 (s 11 , 64 bit Build 22621 (10.0.22621.1635) elapsed time: 66.345591 seconds (0d 0h 1m 6s)

---------------  T H R E A D  ---------------

Current thread (0x00000211d40ee990):  JavaThread "C2 CompilerThread0" daemon [_thread_in_native, id=6948, stack(0x000000b0c5b00000,0x000000b0c5c00000)]


Current CompileTask:
C2:  66345 15377       4       org.gradle.internal.instantiation.generator.AbstractClassGenerator::inspectType (560 bytes)

Stack: [0x000000b0c5b00000,0x000000b0c5c00000]
Native frames: (J=compiled Java code, j=interpreted, Vv=VM code, C=native code)
V  [jvm.dll+0x64b53a]
V  [jvm.dll+0x7fef54]
V  [jvm.dll+0x80070e]
V  [jvm.dll+0x800d63]
V  [jvm.dll+0x236a2b]
V  [jvm.dll+0xbd47c]
V  [jvm.dll+0xbda5c]
V  [jvm.dll+0x350c37]
V  [jvm.dll+0x1b1780]
V  [jvm.dll+0x20addf]
V  [jvm.dll+0x20a287]
V  [jvm.dll+0x19a2ed]
V  [jvm.dll+0x21967d]
V  [jvm.dll+0x2178c4]
V  [jvm.dll+0x7b7dcb]
V  [jvm.dll+0x7b237a]
V  [jvm.dll+0x64a3a5]
C  [ucrtbase.dll+0x29363]
C  [KERNEL32.DLL+0x126ad]
C  [ntdll.dll+0x5a9f8]


---------------  P R O C E S S  ---------------

Threads class SMR info:
_java_thread_list=0x00000211dd3c7a00, length=92, elements={
0x00000211b64b22d0, 0x00000211d40d2fa0, 0x00000211d40d42f0, 0x00000211d40e51e0,
0x00000211d40e5ca0, 0x00000211d40e6e60, 0x00000211d40ebfd0, 0x00000211d40ee990,
0x00000211d4208af0, 0x00000211d42096f0, 0x00000211d433f1c0, 0x00000211d43408d0,
0x00000211da2e8040, 0x00000211d9bd5220, 0x00000211da599c50, 0x00000211d9a338d0,
0x00000211d9a33da0, 0x00000211d98ebb00, 0x00000211d96ffbf0, 0x00000211d969dd50,
0x00000211d969a860, 0x00000211d969d880, 0x00000211d969b6d0, 0x00000211d969ad30,
0x00000211d969b200, 0x00000211d969bba0, 0x00000211d969d3b0, 0x00000211d969c070,
0x00000211d969c540, 0x00000211d969ca10, 0x00000211d969cee0, 0x00000211dc3ab570,
0x00000211dc3a76e0, 0x00000211dc3a9890, 0x00000211dc3a8a20, 0x00000211dc3a5060,
0x00000211dc3aba40, 0x00000211dc3ac8b0, 0x00000211dc3a6870, 0x00000211dc3a9d60,
0x00000211dc3a93c0, 0x00000211dc3a7bb0, 0x00000211dc3a7210, 0x00000211dc3a63a0,
0x00000211dc3a5a00, 0x00000211dc3a8080, 0x00000211dc3a5ed0, 0x00000211dc3a8ef0,
0x00000211dc3aa230, 0x00000211dc3ab0a0, 0x00000211dc3aa700, 0x00000211dc3aabd0,
0x00000211dadd7030, 0x00000211dadd61c0, 0x00000211dadd6b60, 0x00000211dadd6690,
0x00000211dadd7ea0, 0x00000211dadd1e60, 0x00000211dadd3b40, 0x00000211dadd79d0,
0x00000211dadd7500, 0x00000211dadd8370, 0x00000211dadd49b0, 0x00000211dadd8840,
0x00000211dadd8d10, 0x00000211dadd14c0, 0x00000211dadd1990, 0x00000211dadd2330,
0x00000211dadd4e80, 0x00000211dadd31a0, 0x00000211dadd2800, 0x00000211dadd5cf0,
0x00000211dadd2cd0, 0x00000211dadd5350, 0x00000211dadd3670, 0x00000211dadd4010,
0x00000211dadd44e0, 0x00000211dadd5820, 0x00000211d9395bc0, 0x00000211d9398240,
0x00000211d9399f20, 0x00000211d9394880, 0x00000211d9396090, 0x00000211d9399a50,
0x00000211d9396560, 0x00000211d9396a30, 0x00000211d9394d50, 0x00000211d93978a0,
0x00000211d9397d70, 0x00000211dd3cf210, 0x00000211dd3d1890, 0x00000211da90a3e0
}

Java Threads: ( => current thread )
  0x00000211b64b22d0 JavaThread "main" [_thread_blocked, id=2488, stack(0x000000b0c4e00000,0x000000b0c4f00000)]
  0x00000211d40d2fa0 JavaThread "Reference Handler" daemon [_thread_blocked, id=13524, stack(0x000000b0c5500000,0x000000b0c5600000)]
  0x00000211d40d42f0 JavaThread "Finalizer" daemon [_thread_blocked, id=6848, stack(0x000000b0c5600000,0x000000b0c5700000)]
  0x00000211d40e51e0 JavaThread "Signal Dispatcher" daemon [_thread_blocked, id=7680, stack(0x000000b0c5700000,0x000000b0c5800000)]
  0x00000211d40e5ca0 JavaThread "Attach Listener" daemon [_thread_blocked, id=11832, stack(0x000000b0c5800000,0x000000b0c5900000)]
  0x00000211d40e6e60 JavaThread "Service Thread" daemon [_thread_blocked, id=12684, stack(0x000000b0c5900000,0x000000b0c5a00000)]
  0x00000211d40ebfd0 JavaThread "Monitor Deflation Thread" daemon [_thread_blocked, id=11524, stack(0x000000b0c5a00000,0x000000b0c5b00000)]
=>0x00000211d40ee990 JavaThread "C2 CompilerThread0" daemon [_thread_in_native, id=6948, stack(0x000000b0c5b00000,0x000000b0c5c00000)]
  0x00000211d4208af0 JavaThread "C1 CompilerThread0" daemon [_thread_blocked, id=13876, stack(0x000000b0c5c00000,0x000000b0c5d00000)]
  0x00000211d42096f0 JavaThread "Sweeper thread" daemon [_thread_blocked, id=12516, stack(0x000000b0c5d00000,0x000000b0c5e00000)]
  0x00000211d433f1c0 JavaThread "Common-Cleaner" daemon [_thread_blocked, id=13768, stack(0x000000b0c5e00000,0x000000b0c5f00000)]
  0x00000211d43408d0 JavaThread "Notification Thread" daemon [_thread_blocked, id=12880, stack(0x000000b0c5f00000,0x000000b0c6000000)]
  0x00000211da2e8040 JavaThread "Daemon health stats" [_thread_blocked, id=11612, stack(0x000000b0c6500000,0x000000b0c6600000)]
  0x00000211d9bd5220 JavaThread "Incoming local TCP Connector on port 50056" [_thread_in_native, id=14180, stack(0x000000b0c6600000,0x000000b0c6700000)]
  0x00000211da599c50 JavaThread "Daemon periodic checks" [_thread_blocked, id=9144, stack(0x000000b0c6700000,0x000000b0c6800000)]
  0x00000211d9a338d0 JavaThread "Daemon" [_thread_blocked, id=13236, stack(0x000000b0c6800000,0x000000b0c6900000)]
  0x00000211d9a33da0 JavaThread "Handler for socket connection from /127.0.0.1:50056 to /127.0.0.1:50057" [_thread_in_native, id=13020, stack(0x000000b0c6900000,0x000000b0c6a00000)]
  0x00000211d98ebb00 JavaThread "Cancel handler" [_thread_blocked, id=13172, stack(0x000000b0c6a00000,0x000000b0c6b00000)]
  0x00000211d96ffbf0 JavaThread "Daemon worker" [_thread_blocked, id=8248, stack(0x000000b0c6b00000,0x000000b0c6c00000)]
  0x00000211d969dd50 JavaThread "Asynchronous log dispatcher for DefaultDaemonConnection: socket connection from /127.0.0.1:50056 to /127.0.0.1:50057" [_thread_blocked, id=12888, stack(0x000000b0c6c00000,0x000000b0c6d00000)]
  0x00000211d969a860 JavaThread "Daemon client event forwarder" [_thread_blocked, id=11492, stack(0x000000b0c6e00000,0x000000b0c6f00000)]
  0x00000211d969d880 JavaThread "Cache worker for journal cache (C:\Users\wefer\.gradle\caches\journal-1)" [_thread_blocked, id=8264, stack(0x000000b0c6f00000,0x000000b0c7000000)]
  0x00000211d969b6d0 JavaThread "File lock request listener" [_thread_in_native, id=8740, stack(0x000000b0c7000000,0x000000b0c7100000)]
  0x00000211d969ad30 JavaThread "Cache worker for file hash cache (C:\Users\wefer\.gradle\caches\8.0\fileHashes)" [_thread_blocked, id=10980, stack(0x000000b0c7100000,0x000000b0c7200000)]
  0x00000211d969b200 JavaThread "File watcher server" daemon [_thread_in_native, id=6788, stack(0x000000b0c7200000,0x000000b0c7300000)]
  0x00000211d969bba0 JavaThread "File watcher consumer" daemon [_thread_blocked, id=808, stack(0x000000b0c7300000,0x000000b0c7400000)]
  0x00000211d969d3b0 JavaThread "Cache worker for checksums cache (C:\Users\wefer\OneDrive\Рабочий стол\КУРСОВАЯ\FIND_WORK_IT\.gradle\8.0\checksums)" [_thread_blocked, id=5892, stack(0x000000b0c7400000,0x000000b0c7500000)]
  0x00000211d969c070 JavaThread "Cache worker for cache directory md-rule (C:\Users\wefer\.gradle\caches\8.0\md-rule)" [_thread_blocked, id=8624, stack(0x000000b0c7500000,0x000000b0c7600000)]
  0x00000211d969c540 JavaThread "Cache worker for file content cache (C:\Users\wefer\.gradle\caches\8.0\fileContent)" [_thread_blocked, id=5036, stack(0x000000b0c7600000,0x000000b0c7700000)]
  0x00000211d969ca10 JavaThread "Cache worker for file hash cache (C:\Users\wefer\OneDrive\Рабочий стол\КУРСОВАЯ\FIND_WORK_IT\.gradle\8.0\fileHashes)" [_thread_blocked, id=12852, stack(0x000000b0c7700000,0x000000b0c7800000)]
  0x00000211d969cee0 JavaThread "Cache worker for cache directory md-supplier (C:\Users\wefer\.gradle\caches\8.0\md-supplier)" [_thread_blocked, id=13628, stack(0x000000b0c7800000,0x000000b0c7900000)]
  0x00000211dc3ab570 JavaThread "Cache worker for execution history cache (C:\Users\wefer\.gradle\caches\8.0\executionHistory)" [_thread_blocked, id=4380, stack(0x000000b0c7900000,0x000000b0c7a00000)]
  0x00000211dc3a76e0 JavaThread "jar transforms" [_thread_blocked, id=3464, stack(0x000000b0c6100000,0x000000b0c6200000)]
  0x00000211dc3a9890 JavaThread "jar transforms Thread 2" [_thread_blocked, id=4196, stack(0x000000b0c7b00000,0x000000b0c7c00000)]
  0x00000211dc3a8a20 JavaThread "jar transforms Thread 3" [_thread_blocked, id=13072, stack(0x000000b0c7d00000,0x000000b0c7e00000)]
  0x00000211dc3a5060 JavaThread "jar transforms Thread 4" [_thread_blocked, id=13872, stack(0x000000b0c7e00000,0x000000b0c7f00000)]
  0x00000211dc3aba40 JavaThread "Cache worker for dependencies-accessors (C:\Users\wefer\OneDrive\Рабочий стол\КУРСОВАЯ\FIND_WORK_IT\.gradle\8.0\dependencies-accessors)" [_thread_blocked, id=12768, stack(0x000000b0c7f00000,0x000000b0c8000000)]
  0x00000211dc3ac8b0 JavaThread "Cache worker for Build Output Cleanup Cache (C:\Users\wefer\OneDrive\Рабочий стол\КУРСОВАЯ\FIND_WORK_IT\.gradle\buildOutputCleanup)" [_thread_blocked, id=9008, stack(0x000000b0c7a00000,0x000000b0c7b00000)]
  0x00000211dc3a6870 JavaThread "Unconstrained build operations" [_thread_blocked, id=9980, stack(0x000000b0c8100000,0x000000b0c8200000)]
  0x00000211dc3a9d60 JavaThread "Unconstrained build operations Thread 2" [_thread_blocked, id=8372, stack(0x000000b0c8200000,0x000000b0c8300000)]
  0x00000211dc3a93c0 JavaThread "Unconstrained build operations Thread 3" [_thread_blocked, id=11200, stack(0x000000b0c8300000,0x000000b0c8400000)]
  0x00000211dc3a7bb0 JavaThread "Unconstrained build operations Thread 4" [_thread_blocked, id=8024, stack(0x000000b0c8400000,0x000000b0c8500000)]
  0x00000211dc3a7210 JavaThread "Unconstrained build operations Thread 5" [_thread_blocked, id=8932, stack(0x000000b0c8500000,0x000000b0c8600000)]
  0x00000211dc3a63a0 JavaThread "Unconstrained build operations Thread 6" [_thread_blocked, id=13712, stack(0x000000b0c8600000,0x000000b0c8700000)]
  0x00000211dc3a5a00 JavaThread "Unconstrained build operations Thread 7" [_thread_in_Java, id=2708, stack(0x000000b0c8700000,0x000000b0c8800000)]
  0x00000211dc3a8080 JavaThread "Unconstrained build operations Thread 8" [_thread_blocked, id=8524, stack(0x000000b0c8800000,0x000000b0c8900000)]
  0x00000211dc3a5ed0 JavaThread "Unconstrained build operations Thread 9" [_thread_blocked, id=4276, stack(0x000000b0c8900000,0x000000b0c8a00000)]
  0x00000211dc3a8ef0 JavaThread "Unconstrained build operations Thread 10" [_thread_blocked, id=7980, stack(0x000000b0c8a00000,0x000000b0c8b00000)]
  0x00000211dc3aa230 JavaThread "Unconstrained build operations Thread 11" [_thread_blocked, id=8180, stack(0x000000b0c8b00000,0x000000b0c8c00000)]
  0x00000211dc3ab0a0 JavaThread "Unconstrained build operations Thread 12" [_thread_blocked, id=11800, stack(0x000000b0c8c00000,0x000000b0c8d00000)]
  0x00000211dc3aa700 JavaThread "Unconstrained build operations Thread 13" [_thread_blocked, id=10052, stack(0x000000b0c8d00000,0x000000b0c8e00000)]
  0x00000211dc3aabd0 JavaThread "Unconstrained build operations Thread 14" [_thread_blocked, id=11724, stack(0x000000b0c8e00000,0x000000b0c8f00000)]
  0x00000211dadd7030 JavaThread "Unconstrained build operations Thread 15" [_thread_blocked, id=9596, stack(0x000000b0c8f00000,0x000000b0c9000000)]
  0x00000211dadd61c0 JavaThread "Unconstrained build operations Thread 16" [_thread_blocked, id=9788, stack(0x000000b0c9000000,0x000000b0c9100000)]
  0x00000211dadd6b60 JavaThread "Unconstrained build operations Thread 17" [_thread_blocked, id=656, stack(0x000000b0c9100000,0x000000b0c9200000)]
  0x00000211dadd6690 JavaThread "Unconstrained build operations Thread 18" [_thread_blocked, id=7992, stack(0x000000b0c9200000,0x000000b0c9300000)]
  0x00000211dadd7ea0 JavaThread "Unconstrained build operations Thread 19" [_thread_in_Java, id=12080, stack(0x000000b0c9300000,0x000000b0c9400000)]
  0x00000211dadd1e60 JavaThread "Unconstrained build operations Thread 20" [_thread_blocked, id=13364, stack(0x000000b0c9400000,0x000000b0c9500000)]
  0x00000211dadd3b40 JavaThread "Unconstrained build operations Thread 21" [_thread_blocked, id=9160, stack(0x000000b0c9500000,0x000000b0c9600000)]
  0x00000211dadd79d0 JavaThread "Unconstrained build operations Thread 22" [_thread_blocked, id=8040, stack(0x000000b0c9600000,0x000000b0c9700000)]
  0x00000211dadd7500 JavaThread "Unconstrained build operations Thread 23" [_thread_blocked, id=6644, stack(0x000000b0c9700000,0x000000b0c9800000)]
  0x00000211dadd8370 JavaThread "Unconstrained build operations Thread 24" [_thread_blocked, id=1472, stack(0x000000b0c9800000,0x000000b0c9900000)]
  0x00000211dadd49b0 JavaThread "Unconstrained build operations Thread 25" [_thread_blocked, id=1772, stack(0x000000b0c9900000,0x000000b0c9a00000)]
  0x00000211dadd8840 JavaThread "Unconstrained build operations Thread 26" [_thread_blocked, id=12672, stack(0x000000b0c9a00000,0x000000b0c9b00000)]
  0x00000211dadd8d10 JavaThread "Unconstrained build operations Thread 27" [_thread_blocked, id=11616, stack(0x000000b0c9b00000,0x000000b0c9c00000)]
  0x00000211dadd14c0 JavaThread "Unconstrained build operations Thread 28" [_thread_blocked, id=8788, stack(0x000000b0c9c00000,0x000000b0c9d00000)]
  0x00000211dadd1990 JavaThread "Unconstrained build operations Thread 29" [_thread_blocked, id=12784, stack(0x000000b0c9d00000,0x000000b0c9e00000)]
  0x00000211dadd2330 JavaThread "Unconstrained build operations Thread 30" [_thread_blocked, id=10176, stack(0x000000b0c9e00000,0x000000b0c9f00000)]
  0x00000211dadd4e80 JavaThread "Unconstrained build operations Thread 31" [_thread_blocked, id=11876, stack(0x000000b0c9f00000,0x000000b0ca000000)]
  0x00000211dadd31a0 JavaThread "Unconstrained build operations Thread 32" [_thread_blocked, id=7604, stack(0x000000b0ca000000,0x000000b0ca100000)]
  0x00000211dadd2800 JavaThread "Unconstrained build operations Thread 33" [_thread_blocked, id=12396, stack(0x000000b0ca100000,0x000000b0ca200000)]
  0x00000211dadd5cf0 JavaThread "Unconstrained build operations Thread 34" [_thread_blocked, id=9436, stack(0x000000b0ca200000,0x000000b0ca300000)]
  0x00000211dadd2cd0 JavaThread "Unconstrained build operations Thread 35" [_thread_blocked, id=13560, stack(0x000000b0ca300000,0x000000b0ca400000)]
  0x00000211dadd5350 JavaThread "Unconstrained build operations Thread 36" [_thread_blocked, id=5592, stack(0x000000b0ca400000,0x000000b0ca500000)]
  0x00000211dadd3670 JavaThread "Unconstrained build operations Thread 37" [_thread_blocked, id=13684, stack(0x000000b0ca500000,0x000000b0ca600000)]
  0x00000211dadd4010 JavaThread "Unconstrained build operations Thread 38" [_thread_blocked, id=3068, stack(0x000000b0ca600000,0x000000b0ca700000)]
  0x00000211dadd44e0 JavaThread "Unconstrained build operations Thread 39" [_thread_blocked, id=13124, stack(0x000000b0ca700000,0x000000b0ca800000)]
  0x00000211dadd5820 JavaThread "Unconstrained build operations Thread 40" [_thread_blocked, id=13460, stack(0x000000b0ca800000,0x000000b0ca900000)]
  0x00000211d9395bc0 JavaThread "build event listener" [_thread_blocked, id=2272, stack(0x000000b0ca900000,0x000000b0caa00000)]
  0x00000211d9398240 JavaThread "Memory manager" [_thread_blocked, id=6428, stack(0x000000b0caa00000,0x000000b0cab00000)]
  0x00000211d9399f20 JavaThread "pool-3-thread-1" [_thread_blocked, id=10336, stack(0x000000b0cab00000,0x000000b0cac00000)]
  0x00000211d9394880 JavaThread "build event listener" [_thread_blocked, id=11760, stack(0x000000b0cac00000,0x000000b0cad00000)]
  0x00000211d9396090 JavaThread "included builds" [_thread_blocked, id=12868, stack(0x000000b0cad00000,0x000000b0cae00000)]
  0x00000211d9399a50 JavaThread "Execution worker" [_thread_blocked, id=13380, stack(0x000000b0cae00000,0x000000b0caf00000)]
  0x00000211d9396560 JavaThread "Execution worker Thread 2" [_thread_blocked, id=7884, stack(0x000000b0caf00000,0x000000b0cb000000)]
  0x00000211d9396a30 JavaThread "Execution worker Thread 3" [_thread_blocked, id=10156, stack(0x000000b0cb000000,0x000000b0cb100000)]
  0x00000211d9394d50 JavaThread "Cache worker for execution history cache (C:\Users\wefer\OneDrive\Рабочий стол\КУРСОВАЯ\FIND_WORK_IT\.gradle\8.0\executionHistory)" [_thread_blocked, id=8844, stack(0x000000b0cb100000,0x000000b0cb200000)]
  0x00000211d93978a0 JavaThread "WorkerExecutor Queue Thread 2" [_thread_in_native, id=6796, stack(0x000000b0cb500000,0x000000b0cb600000)]
  0x00000211d9397d70 JavaThread "WorkerExecutor Queue Thread 3" [_thread_blocked, id=12900, stack(0x000000b0cb600000,0x000000b0cb700000)]
  0x00000211dd3cf210 JavaThread "WorkerExecutor Queue Thread 5" [_thread_blocked, id=12580, stack(0x000000b0c4d00000,0x000000b0c4e00000)]
  0x00000211dd3d1890 JavaThread "WorkerExecutor Queue Thread 6" [_thread_blocked, id=9872, stack(0x000000b0c4c00000,0x000000b0c4d00000)]
  0x00000211da90a3e0 JavaThread "C2 CompilerThread1" daemon [_thread_in_native, id=12752, stack(0x000000b0c6d00000,0x000000b0c6e00000)]

Other Threads:
  0x00000211d40cfd70 VMThread "VM Thread" [stack: 0x000000b0c5400000,0x000000b0c5500000] [id=4548]
  0x00000211b652c490 WatcherThread [stack: 0x000000b0c6000000,0x000000b0c6100000] [id=10288]
  0x00000211b650d7c0 GCTaskThread "GC Thread#0" [stack: 0x000000b0c4f00000,0x000000b0c5000000] [id=9748]
  0x00000211d498cfa0 GCTaskThread "GC Thread#1" [stack: 0x000000b0c6200000,0x000000b0c6300000] [id=12072]
  0x00000211d499d7d0 GCTaskThread "GC Thread#2" [stack: 0x000000b0c6300000,0x000000b0c6400000] [id=10344]
  0x00000211d4805af0 GCTaskThread "GC Thread#3" [stack: 0x000000b0c6400000,0x000000b0c6500000] [id=14308]
  0x00000211b651e860 ConcurrentGCThread "G1 Main Marker" [stack: 0x000000b0c5000000,0x000000b0c5100000] [id=10792]
  0x00000211b6520ac0 ConcurrentGCThread "G1 Conc#0" [stack: 0x000000b0c5100000,0x000000b0c5200000] [id=760]
  0x00000211b657e900 ConcurrentGCThread "G1 Refine#0" [stack: 0x000000b0c5200000,0x000000b0c5300000] [id=3520]
  0x00000211dae15380 ConcurrentGCThread "G1 Refine#1" [stack: 0x000000b0c7c00000,0x000000b0c7d00000] [id=3336]
  0x00000211d3f873f0 ConcurrentGCThread "G1 Service" [stack: 0x000000b0c5300000,0x000000b0c5400000] [id=5016]

Threads with active compile tasks:
C2 CompilerThread0    66377 15377       4       org.gradle.internal.instantiation.generator.AbstractClassGenerator::inspectType (560 bytes)
C2 CompilerThread1    66377 15390       4       com.android.utils.XmlUtils::append (597 bytes)

VM state: not at safepoint (normal execution)

VM Mutex/Monitor currently owned by a thread: None

Heap address: 0x0000000080000000, size: 2048 MB, Compressed Oops mode: 32-bit

CDS archive(s) mapped at: [0x0000000800000000-0x0000000800bc0000-0x0000000800bc0000), size 12320768, SharedBaseAddress: 0x0000000800000000, ArchiveRelocationMode: 0.
Compressed class space mapped at: 0x0000000801000000-0x0000000841000000, reserved size: 1073741824
Narrow klass base: 0x0000000800000000, Narrow klass shift: 0, Narrow klass range: 0x100000000

GC Precious Log:
 CPUs: 4 total, 4 available
 Memory: 14274M
 Large Page Support: Disabled
 NUMA Support: Disabled
 Compressed Oops: Enabled (32-bit)
 Heap Region Size: 1M
 Heap Min Capacity: 8M
 Heap Initial Capacity: 224M
 Heap Max Capacity: 2G
 Pre-touch: Disabled
 Parallel Workers: 4
 Concurrent Workers: 1
 Concurrent Refinement Workers: 4
 Periodic GC: Disabled

Heap:
 garbage-first heap   total 206848K, used 121231K [0x0000000080000000, 0x0000000100000000)
  region size 1024K, 13 young (13312K), 4 survivors (4096K)
 Metaspace       used 96512K, committed 97344K, reserved 1179648K
  class space    used 12717K, committed 13120K, reserved 1048576K

Heap Regions: E=young(eden), S=young(survivor), O=old, HS=humongous(starts), HC=humongous(continues), CS=collection set, F=free, OA=open archive, CA=closed archive, TAMS=top-at-mark-start (previous, next)
|   0|0x0000000080000000, 0x0000000080100000, 0x0000000080100000|100%| O|  |TAMS 0x0000000080100000, 0x0000000080000000| Untracked 
|   1|0x0000000080100000, 0x0000000080200000, 0x0000000080200000|100%| O|  |TAMS 0x0000000080200000, 0x0000000080100000| Untracked 
|   2|0x0000000080200000, 0x0000000080300000, 0x0000000080300000|100%|HS|  |TAMS 0x0000000080300000, 0x0000000080200000| Complete 
|   3|0x0000000080300000, 0x0000000080400000, 0x0000000080400000|100%|HC|  |TAMS 0x0000000080400000, 0x0000000080300000| Complete 
|   4|0x0000000080400000, 0x0000000080500000, 0x0000000080500000|100%|HC|  |TAMS 0x0000000080500000, 0x0000000080400000| Complete 
|   5|0x0000000080500000, 0x0000000080600000, 0x0000000080600000|100%|HC|  |TAMS 0x0000000080600000, 0x0000000080500000| Complete 
|   6|0x0000000080600000, 0x0000000080700000, 0x0000000080700000|100%| O|  |TAMS 0x0000000080700000, 0x0000000080600000| Untracked 
|   7|0x0000000080700000, 0x0000000080800000, 0x0000000080800000|100%| O|  |TAMS 0x0000000080800000, 0x0000000080700000| Untracked 
|   8|0x0000000080800000, 0x0000000080900000, 0x0000000080900000|100%| O|  |TAMS 0x0000000080900000, 0x0000000080800000| Untracked 
|   9|0x0000000080900000, 0x0000000080a00000, 0x0000000080a00000|100%| O|  |TAMS 0x0000000080a00000, 0x0000000080900000| Untracked 
|  10|0x0000000080a00000, 0x0000000080b00000, 0x0000000080b00000|100%| O|  |TAMS 0x0000000080b00000, 0x0000000080a00000| Untracked 
|  11|0x0000000080b00000, 0x0000000080c00000, 0x0000000080c00000|100%| O|  |TAMS 0x0000000080c00000, 0x0000000080b00000| Untracked 
|  12|0x0000000080c00000, 0x0000000080d00000, 0x0000000080d00000|100%| O|  |TAMS 0x0000000080d00000, 0x0000000080c00000| Untracked 
|  13|0x0000000080d00000, 0x0000000080e00000, 0x0000000080e00000|100%| O|  |TAMS 0x0000000080e00000, 0x0000000080d00000| Untracked 
|  14|0x0000000080e00000, 0x0000000080f00000, 0x0000000080f00000|100%| O|  |TAMS 0x0000000080f00000, 0x0000000080e00000| Untracked 
|  15|0x0000000080f00000, 0x0000000081000000, 0x0000000081000000|100%| O|  |TAMS 0x0000000081000000, 0x0000000080f00000| Untracked 
|  16|0x0000000081000000, 0x0000000081100000, 0x0000000081100000|100%| O|  |TAMS 0x0000000081100000, 0x0000000081000000| Untracked 
|  17|0x0000000081100000, 0x0000000081200000, 0x0000000081200000|100%| O|  |TAMS 0x0000000081200000, 0x0000000081100000| Untracked 
|  18|0x0000000081200000, 0x0000000081300000, 0x0000000081300000|100%| O|  |TAMS 0x0000000081300000, 0x0000000081200000| Untracked 
|  19|0x0000000081300000, 0x0000000081400000, 0x0000000081400000|100%| O|  |TAMS 0x0000000081400000, 0x0000000081300000| Untracked 
|  20|0x0000000081400000, 0x0000000081500000, 0x0000000081500000|100%| O|  |TAMS 0x0000000081500000, 0x0000000081400000| Untracked 
|  21|0x0000000081500000, 0x0000000081600000, 0x0000000081600000|100%| O|  |TAMS 0x0000000081600000, 0x0000000081500000| Untracked 
|  22|0x0000000081600000, 0x0000000081700000, 0x0000000081700000|100%| O|  |TAMS 0x0000000081700000, 0x0000000081600000| Untracked 
|  23|0x0000000081700000, 0x0000000081800000, 0x0000000081800000|100%| O|  |TAMS 0x0000000081800000, 0x0000000081700000| Untracked 
|  24|0x0000000081800000, 0x0000000081900000, 0x0000000081900000|100%| O|  |TAMS 0x0000000081900000, 0x0000000081800000| Untracked 
|  25|0x0000000081900000, 0x0000000081a00000, 0x0000000081a00000|100%|HS|  |TAMS 0x0000000081a00000, 0x0000000081900000| Complete 
|  26|0x0000000081a00000, 0x0000000081b00000, 0x0000000081b00000|100%| O|  |TAMS 0x0000000081b00000, 0x0000000081a00000| Untracked 
|  27|0x0000000081b00000, 0x0000000081c00000, 0x0000000081c00000|100%| O|  |TAMS 0x0000000081c00000, 0x0000000081b00000| Untracked 
|  28|0x0000000081c00000, 0x0000000081d00000, 0x0000000081d00000|100%| O|  |TAMS 0x0000000081d00000, 0x0000000081c00000| Untracked 
|  29|0x0000000081d00000, 0x0000000081e00000, 0x0000000081e00000|100%| O|  |TAMS 0x0000000081e00000, 0x0000000081d00000| Untracked 
|  30|0x0000000081e00000, 0x0000000081f00000, 0x0000000081f00000|100%| O|  |TAMS 0x0000000081f00000, 0x0000000081e00000| Untracked 
|  31|0x0000000081f00000, 0x0000000082000000, 0x0000000082000000|100%| O|  |TAMS 0x0000000082000000, 0x0000000081f00000| Untracked 
|  32|0x0000000082000000, 0x0000000082100000, 0x0000000082100000|100%| O|  |TAMS 0x0000000082100000, 0x0000000082000000| Untracked 
|  33|0x0000000082100000, 0x0000000082200000, 0x0000000082200000|100%| O|  |TAMS 0x0000000082200000, 0x0000000082100000| Untracked 
|  34|0x0000000082200000, 0x0000000082300000, 0x0000000082300000|100%|HS|  |TAMS 0x0000000082300000, 0x0000000082200000| Complete 
|  35|0x0000000082300000, 0x0000000082400000, 0x0000000082400000|100%|HS|  |TAMS 0x0000000082400000, 0x0000000082300000| Complete 
|  36|0x0000000082400000, 0x0000000082500000, 0x0000000082500000|100%|HC|  |TAMS 0x0000000082500000, 0x0000000082400000| Complete 
|  37|0x0000000082500000, 0x0000000082600000, 0x0000000082600000|100%|HC|  |TAMS 0x0000000082600000, 0x0000000082500000| Complete 
|  38|0x0000000082600000, 0x0000000082700000, 0x0000000082700000|100%|HC|  |TAMS 0x0000000082700000, 0x0000000082600000| Complete 
|  39|0x0000000082700000, 0x0000000082800000, 0x0000000082800000|100%|HS|  |TAMS 0x0000000082800000, 0x0000000082700000| Complete 
|  40|0x0000000082800000, 0x0000000082900000, 0x0000000082900000|100%| O|  |TAMS 0x0000000082900000, 0x0000000082800000| Untracked 
|  41|0x0000000082900000, 0x0000000082a00000, 0x0000000082a00000|100%| O|  |TAMS 0x0000000082a00000, 0x0000000082900000| Untracked 
|  42|0x0000000082a00000, 0x0000000082b00000, 0x0000000082b00000|100%| O|  |TAMS 0x0000000082b00000, 0x0000000082a00000| Untracked 
|  43|0x0000000082b00000, 0x0000000082c00000, 0x0000000082c00000|100%| O|  |TAMS 0x0000000082c00000, 0x0000000082b00000| Untracked 
|  44|0x0000000082c00000, 0x0000000082d00000, 0x0000000082d00000|100%| O|  |TAMS 0x0000000082d00000, 0x0000000082c00000| Untracked 
|  45|0x0000000082d00000, 0x0000000082e00000, 0x0000000082e00000|100%| O|  |TAMS 0x0000000082e00000, 0x0000000082d00000| Untracked 
|  46|0x0000000082e00000, 0x0000000082f00000, 0x0000000082f00000|100%| O|  |TAMS 0x0000000082f00000, 0x0000000082e00000| Untracked 
|  47|0x0000000082f00000, 0x0000000083000000, 0x0000000083000000|100%| O|  |TAMS 0x0000000083000000, 0x0000000082f00000| Untracked 
|  48|0x0000000083000000, 0x0000000083100000, 0x0000000083100000|100%| O|  |TAMS 0x0000000083100000, 0x0000000083000000| Untracked 
|  49|0x0000000083100000, 0x0000000083200000, 0x0000000083200000|100%| O|  |TAMS 0x0000000083200000, 0x0000000083100000| Untracked 
|  50|0x0000000083200000, 0x0000000083300000, 0x0000000083300000|100%| O|  |TAMS 0x0000000083300000, 0x0000000083200000| Untracked 
|  51|0x0000000083300000, 0x0000000083400000, 0x0000000083400000|100%| O|  |TAMS 0x0000000083400000, 0x0000000083300000| Untracked 
|  52|0x0000000083400000, 0x0000000083500000, 0x0000000083500000|100%| O|  |TAMS 0x0000000083500000, 0x0000000083400000| Untracked 
|  53|0x0000000083500000, 0x0000000083600000, 0x0000000083600000|100%| O|  |TAMS 0x0000000083600000, 0x0000000083500000| Untracked 
|  54|0x0000000083600000, 0x0000000083700000, 0x0000000083700000|100%| O|  |TAMS 0x0000000083700000, 0x0000000083600000| Untracked 
|  55|0x0000000083700000, 0x0000000083800000, 0x0000000083800000|100%| O|  |TAMS 0x0000000083800000, 0x0000000083700000| Untracked 
|  56|0x0000000083800000, 0x0000000083900000, 0x0000000083900000|100%| O|  |TAMS 0x0000000083900000, 0x0000000083800000| Untracked 
|  57|0x0000000083900000, 0x0000000083a00000, 0x0000000083a00000|100%| O|  |TAMS 0x0000000083a00000, 0x0000000083900000| Untracked 
|  58|0x0000000083a00000, 0x0000000083b00000, 0x0000000083b00000|100%| O|  |TAMS 0x0000000083b00000, 0x0000000083a00000| Untracked 
|  59|0x0000000083b00000, 0x0000000083c00000, 0x0000000083c00000|100%| O|  |TAMS 0x0000000083c00000, 0x0000000083b00000| Untracked 
|  60|0x0000000083c00000, 0x0000000083d00000, 0x0000000083d00000|100%| O|  |TAMS 0x0000000083d00000, 0x0000000083c00000| Untracked 
|  61|0x0000000083d00000, 0x0000000083e00000, 0x0000000083e00000|100%| O|  |TAMS 0x0000000083e00000, 0x0000000083d00000| Untracked 
|  62|0x0000000083e00000, 0x0000000083f00000, 0x0000000083f00000|100%| O|  |TAMS 0x0000000083f00000, 0x0000000083e00000| Untracked 
|  63|0x0000000083f00000, 0x0000000084000000, 0x0000000084000000|100%| O|  |TAMS 0x0000000084000000, 0x0000000083f00000| Untracked 
|  64|0x0000000084000000, 0x0000000084100000, 0x0000000084100000|100%| O|  |TAMS 0x0000000084100000, 0x0000000084000000| Untracked 
|  65|0x0000000084100000, 0x0000000084200000, 0x0000000084200000|100%| O|  |TAMS 0x0000000084200000, 0x0000000084100000| Untracked 
|  66|0x0000000084200000, 0x0000000084300000, 0x0000000084300000|100%| O|  |TAMS 0x0000000084300000, 0x0000000084200000| Untracked 
|  67|0x0000000084300000, 0x0000000084400000, 0x0000000084400000|100%| O|  |TAMS 0x0000000084400000, 0x0000000084300000| Untracked 
|  68|0x0000000084400000, 0x0000000084500000, 0x0000000084500000|100%| O|  |TAMS 0x0000000084500000, 0x0000000084400000| Untracked 
|  69|0x0000000084500000, 0x0000000084600000, 0x0000000084600000|100%| O|  |TAMS 0x0000000084600000, 0x0000000084500000| Untracked 
|  70|0x0000000084600000, 0x0000000084700000, 0x0000000084700000|100%| O|  |TAMS 0x0000000084700000, 0x0000000084600000| Untracked 
|  71|0x0000000084700000, 0x0000000084800000, 0x0000000084800000|100%| O|  |TAMS 0x0000000084800000, 0x0000000084700000| Untracked 
|  72|0x0000000084800000, 0x0000000084900000, 0x0000000084900000|100%| O|  |TAMS 0x0000000084900000, 0x0000000084800000| Untracked 
|  73|0x0000000084900000, 0x0000000084a00000, 0x0000000084a00000|100%| O|  |TAMS 0x0000000084a00000, 0x0000000084900000| Untracked 
|  74|0x0000000084a00000, 0x0000000084b00000, 0x0000000084b00000|100%| O|  |TAMS 0x0000000084b00000, 0x0000000084a00000| Untracked 
|  75|0x0000000084b00000, 0x0000000084c00000, 0x0000000084c00000|100%| O|  |TAMS 0x0000000084c00000, 0x0000000084b00000| Untracked 
|  76|0x0000000084c00000, 0x0000000084d00000, 0x0000000084d00000|100%| O|  |TAMS 0x0000000084d00000, 0x0000000084c00000| Untracked 
|  77|0x0000000084d00000, 0x0000000084e00000, 0x0000000084e00000|100%| O|  |TAMS 0x0000000084e00000, 0x0000000084d00000| Untracked 
|  78|0x0000000084e00000, 0x0000000084f00000, 0x0000000084f00000|100%| O|  |TAMS 0x0000000084f00000, 0x0000000084e00000| Untracked 
|  79|0x0000000084f00000, 0x0000000085000000, 0x0000000085000000|100%| O|  |TAMS 0x0000000084f00000, 0x0000000084f00000| Untracked 
|  80|0x0000000085000000, 0x0000000085100000, 0x0000000085100000|100%| O|  |TAMS 0x0000000085100000, 0x0000000085000000| Untracked 
|  81|0x0000000085100000, 0x0000000085200000, 0x0000000085200000|100%| O|  |TAMS 0x0000000085200000, 0x0000000085100000| Untracked 
|  82|0x0000000085200000, 0x0000000085300000, 0x0000000085300000|100%| O|  |TAMS 0x0000000085300000, 0x0000000085200000| Untracked 
|  83|0x0000000085300000, 0x0000000085400000, 0x0000000085400000|100%| O|  |TAMS 0x0000000085400000, 0x0000000085300000| Untracked 
|  84|0x0000000085400000, 0x0000000085500000, 0x0000000085500000|100%| O|  |TAMS 0x0000000085500000, 0x0000000085400000| Untracked 
|  85|0x0000000085500000, 0x0000000085600000, 0x0000000085600000|100%| O|  |TAMS 0x0000000085600000, 0x0000000085500000| Untracked 
|  86|0x0000000085600000, 0x0000000085700000, 0x0000000085700000|100%| O|  |TAMS 0x0000000085700000, 0x0000000085600000| Untracked 
|  87|0x0000000085700000, 0x0000000085800000, 0x0000000085800000|100%| O|  |TAMS 0x0000000085800000, 0x0000000085700000| Untracked 
|  88|0x0000000085800000, 0x0000000085900000, 0x0000000085900000|100%| O|  |TAMS 0x0000000085900000, 0x0000000085800000| Untracked 
|  89|0x0000000085900000, 0x0000000085900000, 0x0000000085a00000|  0%| F|  |TAMS 0x0000000085900000, 0x0000000085900000| Untracked 
|  90|0x0000000085a00000, 0x0000000085a00000, 0x0000000085b00000|  0%| F|  |TAMS 0x0000000085a00000, 0x0000000085a00000| Untracked 
|  91|0x0000000085b00000, 0x0000000085c00000, 0x0000000085c00000|100%| O|  |TAMS 0x0000000085c00000, 0x0000000085b00000| Untracked 
|  92|0x0000000085c00000, 0x0000000085d00000, 0x0000000085d00000|100%| O|  |TAMS 0x0000000085d00000, 0x0000000085c00000| Untracked 
|  93|0x0000000085d00000, 0x0000000085e00000, 0x0000000085e00000|100%| O|  |TAMS 0x0000000085e00000, 0x0000000085d00000| Untracked 
|  94|0x0000000085e00000, 0x0000000085f00000, 0x0000000085f00000|100%| O|  |TAMS 0x0000000085f00000, 0x0000000085e00000| Untracked 
|  95|0x0000000085f00000, 0x0000000086000000, 0x0000000086000000|100%| O|  |TAMS 0x0000000086000000, 0x0000000085f00000| Untracked 
|  96|0x0000000086000000, 0x0000000086100000, 0x0000000086100000|100%| O|  |TAMS 0x0000000086100000, 0x0000000086000000| Untracked 
|  97|0x0000000086100000, 0x0000000086200000, 0x0000000086200000|100%| O|  |TAMS 0x0000000086200000, 0x0000000086100000| Untracked 
|  98|0x0000000086200000, 0x0000000086300000, 0x0000000086300000|100%| O|  |TAMS 0x0000000086300000, 0x0000000086200000| Untracked 
|  99|0x0000000086300000, 0x0000000086400000, 0x0000000086400000|100%| O|  |TAMS 0x0000000086400000, 0x0000000086300000| Untracked 
| 100|0x0000000086400000, 0x0000000086400000, 0x0000000086500000|  0%| F|  |TAMS 0x0000000086400000, 0x0000000086400000| Untracked 
| 101|0x0000000086500000, 0x0000000086600000, 0x0000000086600000|100%| O|  |TAMS 0x0000000086600000, 0x0000000086500000| Untracked 
| 102|0x0000000086600000, 0x0000000086700000, 0x0000000086700000|100%| O|  |TAMS 0x0000000086600000, 0x0000000086600000| Untracked 
| 103|0x0000000086700000, 0x0000000086800000, 0x0000000086800000|100%| O|  |TAMS 0x0000000086800000, 0x0000000086700000| Untracked 
| 104|0x0000000086800000, 0x0000000086900000, 0x0000000086900000|100%| O|  |TAMS 0x0000000086900000, 0x0000000086800000| Untracked 
| 105|0x0000000086900000, 0x0000000086a00000, 0x0000000086a00000|100%| O|  |TAMS 0x0000000086a00000, 0x0000000086900000| Untracked 
| 106|0x0000000086a00000, 0x0000000086b00000, 0x0000000086b00000|100%| O|  |TAMS 0x0000000086aafe00, 0x0000000086a00000| Untracked 
| 107|0x0000000086b00000, 0x0000000086c00000, 0x0000000086c00000|100%| O|  |TAMS 0x0000000086b00000, 0x0000000086b00000| Untracked 
| 108|0x0000000086c00000, 0x0000000086d00000, 0x0000000086d00000|100%| O|  |TAMS 0x0000000086c00000, 0x0000000086c00000| Untracked 
| 109|0x0000000086d00000, 0x0000000086d36c00, 0x0000000086e00000| 21%| O|  |TAMS 0x0000000086d00000, 0x0000000086d00000| Untracked 
| 110|0x0000000086e00000, 0x0000000086e00000, 0x0000000086f00000|  0%| F|  |TAMS 0x0000000086e00000, 0x0000000086e00000| Untracked 
| 111|0x0000000086f00000, 0x0000000086f00000, 0x0000000087000000|  0%| F|  |TAMS 0x0000000086f00000, 0x0000000086f00000| Untracked 
| 112|0x0000000087000000, 0x0000000087000000, 0x0000000087100000|  0%| F|  |TAMS 0x0000000087000000, 0x0000000087000000| Untracked 
| 113|0x0000000087100000, 0x0000000087100000, 0x0000000087200000|  0%| F|  |TAMS 0x0000000087100000, 0x0000000087100000| Untracked 
| 114|0x0000000087200000, 0x0000000087200000, 0x0000000087300000|  0%| F|  |TAMS 0x0000000087200000, 0x0000000087200000| Untracked 
| 115|0x0000000087300000, 0x0000000087300000, 0x0000000087400000|  0%| F|  |TAMS 0x0000000087300000, 0x0000000087300000| Untracked 
| 116|0x0000000087400000, 0x0000000087400000, 0x0000000087500000|  0%| F|  |TAMS 0x0000000087400000, 0x0000000087400000| Untracked 
| 117|0x0000000087500000, 0x0000000087500000, 0x0000000087600000|  0%| F|  |TAMS 0x0000000087500000, 0x0000000087500000| Untracked 
| 118|0x0000000087600000, 0x0000000087600000, 0x0000000087700000|  0%| F|  |TAMS 0x0000000087600000, 0x0000000087600000| Untracked 
| 119|0x0000000087700000, 0x0000000087700000, 0x0000000087800000|  0%| F|  |TAMS 0x0000000087700000, 0x0000000087700000| Untracked 
| 120|0x0000000087800000, 0x0000000087800000, 0x0000000087900000|  0%| F|  |TAMS 0x0000000087800000, 0x0000000087800000| Untracked 
| 121|0x0000000087900000, 0x0000000087900000, 0x0000000087a00000|  0%| F|  |TAMS 0x0000000087900000, 0x0000000087900000| Untracked 
| 122|0x0000000087a00000, 0x0000000087a00000, 0x0000000087b00000|  0%| F|  |TAMS 0x0000000087a00000, 0x0000000087a00000| Untracked 
| 123|0x0000000087b00000, 0x0000000087b00000, 0x0000000087c00000|  0%| F|  |TAMS 0x0000000087b00000, 0x0000000087b00000| Untracked 
| 124|0x0000000087c00000, 0x0000000087c00000, 0x0000000087d00000|  0%| F|  |TAMS 0x0000000087c00000, 0x0000000087c00000| Untracked 
| 125|0x0000000087d00000, 0x0000000087d00000, 0x0000000087e00000|  0%| F|  |TAMS 0x0000000087d00000, 0x0000000087d00000| Untracked 
| 126|0x0000000087e00000, 0x0000000087e00000, 0x0000000087f00000|  0%| F|  |TAMS 0x0000000087e00000, 0x0000000087e00000| Untracked 
| 127|0x0000000087f00000, 0x0000000087f00000, 0x0000000088000000|  0%| F|  |TAMS 0x0000000087f00000, 0x0000000087f00000| Untracked 
| 128|0x0000000088000000, 0x0000000088000000, 0x0000000088100000|  0%| F|  |TAMS 0x0000000088000000, 0x0000000088000000| Untracked 
| 129|0x0000000088100000, 0x0000000088100000, 0x0000000088200000|  0%| F|  |TAMS 0x0000000088100000, 0x0000000088100000| Untracked 
| 130|0x0000000088200000, 0x0000000088200000, 0x0000000088300000|  0%| F|  |TAMS 0x0000000088200000, 0x0000000088200000| Untracked 
| 131|0x0000000088300000, 0x0000000088300000, 0x0000000088400000|  0%| F|  |TAMS 0x0000000088300000, 0x0000000088300000| Untracked 
| 132|0x0000000088400000, 0x0000000088400000, 0x0000000088500000|  0%| F|  |TAMS 0x0000000088400000, 0x0000000088400000| Untracked 
| 133|0x0000000088500000, 0x0000000088500000, 0x0000000088600000|  0%| F|  |TAMS 0x0000000088500000, 0x0000000088500000| Untracked 
| 134|0x0000000088600000, 0x0000000088600000, 0x0000000088700000|  0%| F|  |TAMS 0x0000000088600000, 0x0000000088600000| Untracked 
| 135|0x0000000088700000, 0x0000000088700000, 0x0000000088800000|  0%| F|  |TAMS 0x0000000088700000, 0x0000000088700000| Untracked 
| 136|0x0000000088800000, 0x0000000088800000, 0x0000000088900000|  0%| F|  |TAMS 0x0000000088800000, 0x0000000088800000| Untracked 
| 137|0x0000000088900000, 0x0000000088900000, 0x0000000088a00000|  0%| F|  |TAMS 0x0000000088900000, 0x0000000088900000| Untracked 
| 138|0x0000000088a00000, 0x0000000088a00000, 0x0000000088b00000|  0%| F|  |TAMS 0x0000000088a00000, 0x0000000088a00000| Untracked 
| 139|0x0000000088b00000, 0x0000000088b00000, 0x0000000088c00000|  0%| F|  |TAMS 0x0000000088b00000, 0x0000000088b00000| Untracked 
| 140|0x0000000088c00000, 0x0000000088c2d2a0, 0x0000000088d00000| 17%| S|CS|TAMS 0x0000000088c00000, 0x0000000088c00000| Complete 
| 141|0x0000000088d00000, 0x0000000088e00000, 0x0000000088e00000|100%| S|CS|TAMS 0x0000000088d00000, 0x0000000088d00000| Complete 
| 142|0x0000000088e00000, 0x0000000088f00000, 0x0000000088f00000|100%| S|CS|TAMS 0x0000000088e00000, 0x0000000088e00000| Complete 
| 143|0x0000000088f00000, 0x0000000089000000, 0x0000000089000000|100%| S|CS|TAMS 0x0000000088f00000, 0x0000000088f00000| Complete 
| 144|0x0000000089000000, 0x0000000089000000, 0x0000000089100000|  0%| F|  |TAMS 0x0000000089000000, 0x0000000089000000| Untracked 
| 145|0x0000000089100000, 0x0000000089100000, 0x0000000089200000|  0%| F|  |TAMS 0x0000000089100000, 0x0000000089100000| Untracked 
| 146|0x0000000089200000, 0x0000000089200000, 0x0000000089300000|  0%| F|  |TAMS 0x0000000089200000, 0x0000000089200000| Untracked 
| 147|0x0000000089300000, 0x0000000089300000, 0x0000000089400000|  0%| F|  |TAMS 0x0000000089300000, 0x0000000089300000| Untracked 
| 148|0x0000000089400000, 0x0000000089400000, 0x0000000089500000|  0%| F|  |TAMS 0x0000000089400000, 0x0000000089400000| Untracked 
| 149|0x0000000089500000, 0x0000000089500000, 0x0000000089600000|  0%| F|  |TAMS 0x0000000089500000, 0x0000000089500000| Untracked 
| 150|0x0000000089600000, 0x0000000089600000, 0x0000000089700000|  0%| F|  |TAMS 0x0000000089600000, 0x0000000089600000| Untracked 
| 151|0x0000000089700000, 0x0000000089700000, 0x0000000089800000|  0%| F|  |TAMS 0x0000000089700000, 0x0000000089700000| Untracked 
| 152|0x0000000089800000, 0x0000000089800000, 0x0000000089900000|  0%| F|  |TAMS 0x0000000089800000, 0x0000000089800000| Untracked 
| 153|0x0000000089900000, 0x0000000089900000, 0x0000000089a00000|  0%| F|  |TAMS 0x0000000089900000, 0x0000000089900000| Untracked 
| 154|0x0000000089a00000, 0x0000000089a00000, 0x0000000089b00000|  0%| F|  |TAMS 0x0000000089a00000, 0x0000000089a00000| Untracked 
| 155|0x0000000089b00000, 0x0000000089b00000, 0x0000000089c00000|  0%| F|  |TAMS 0x0000000089b00000, 0x0000000089b00000| Untracked 
| 156|0x0000000089c00000, 0x0000000089c00000, 0x0000000089d00000|  0%| F|  |TAMS 0x0000000089c00000, 0x0000000089c00000| Untracked 
| 157|0x0000000089d00000, 0x0000000089d00000, 0x0000000089e00000|  0%| F|  |TAMS 0x0000000089d00000, 0x0000000089d00000| Untracked 
| 158|0x0000000089e00000, 0x0000000089e00000, 0x0000000089f00000|  0%| F|  |TAMS 0x0000000089e00000, 0x0000000089e00000| Untracked 
| 159|0x0000000089f00000, 0x0000000089f00000, 0x000000008a000000|  0%| F|  |TAMS 0x0000000089f00000, 0x0000000089f00000| Untracked 
| 160|0x000000008a000000, 0x000000008a000000, 0x000000008a100000|  0%| F|  |TAMS 0x000000008a000000, 0x000000008a000000| Untracked 
| 161|0x000000008a100000, 0x000000008a100000, 0x000000008a200000|  0%| F|  |TAMS 0x000000008a100000, 0x000000008a100000| Untracked 
| 162|0x000000008a200000, 0x000000008a200000, 0x000000008a300000|  0%| F|  |TAMS 0x000000008a200000, 0x000000008a200000| Untracked 
| 163|0x000000008a300000, 0x000000008a300000, 0x000000008a400000|  0%| F|  |TAMS 0x000000008a300000, 0x000000008a300000| Untracked 
| 164|0x000000008a400000, 0x000000008a400000, 0x000000008a500000|  0%| F|  |TAMS 0x000000008a400000, 0x000000008a400000| Untracked 
| 165|0x000000008a500000, 0x000000008a500000, 0x000000008a600000|  0%| F|  |TAMS 0x000000008a500000, 0x000000008a500000| Untracked 
| 166|0x000000008a600000, 0x000000008a600000, 0x000000008a700000|  0%| F|  |TAMS 0x000000008a600000, 0x000000008a600000| Untracked 
| 167|0x000000008a700000, 0x000000008a700000, 0x000000008a800000|  0%| F|  |TAMS 0x000000008a700000, 0x000000008a700000| Untracked 
| 168|0x000000008a800000, 0x000000008a800000, 0x000000008a900000|  0%| F|  |TAMS 0x000000008a800000, 0x000000008a800000| Untracked 
| 169|0x000000008a900000, 0x000000008a900000, 0x000000008aa00000|  0%| F|  |TAMS 0x000000008a900000, 0x000000008a900000| Untracked 
| 170|0x000000008aa00000, 0x000000008aa00000, 0x000000008ab00000|  0%| F|  |TAMS 0x000000008aa00000, 0x000000008aa00000| Untracked 
| 171|0x000000008ab00000, 0x000000008ab00000, 0x000000008ac00000|  0%| F|  |TAMS 0x000000008ab00000, 0x000000008ab00000| Untracked 
| 172|0x000000008ac00000, 0x000000008ac00000, 0x000000008ad00000|  0%| F|  |TAMS 0x000000008ac00000, 0x000000008ac00000| Untracked 
| 173|0x000000008ad00000, 0x000000008ad00000, 0x000000008ae00000|  0%| F|  |TAMS 0x000000008ad00000, 0x000000008ad00000| Untracked 
| 174|0x000000008ae00000, 0x000000008ae00000, 0x000000008af00000|  0%| F|  |TAMS 0x000000008ae00000, 0x000000008ae00000| Untracked 
| 175|0x000000008af00000, 0x000000008af00000, 0x000000008b000000|  0%| F|  |TAMS 0x000000008af00000, 0x000000008af00000| Untracked 
| 176|0x000000008b000000, 0x000000008b000000, 0x000000008b100000|  0%| F|  |TAMS 0x000000008b000000, 0x000000008b000000| Untracked 
| 177|0x000000008b100000, 0x000000008b100000, 0x000000008b200000|  0%| F|  |TAMS 0x000000008b100000, 0x000000008b100000| Untracked 
| 178|0x000000008b200000, 0x000000008b200000, 0x000000008b300000|  0%| F|  |TAMS 0x000000008b200000, 0x000000008b200000| Untracked 
| 179|0x000000008b300000, 0x000000008b300000, 0x000000008b400000|  0%| F|  |TAMS 0x000000008b300000, 0x000000008b300000| Untracked 
| 180|0x000000008b400000, 0x000000008b400000, 0x000000008b500000|  0%| F|  |TAMS 0x000000008b400000, 0x000000008b400000| Untracked 
| 181|0x000000008b500000, 0x000000008b500000, 0x000000008b600000|  0%| F|  |TAMS 0x000000008b500000, 0x000000008b500000| Untracked 
| 182|0x000000008b600000, 0x000000008b600000, 0x000000008b700000|  0%| F|  |TAMS 0x000000008b600000, 0x000000008b600000| Untracked 
| 183|0x000000008b700000, 0x000000008b700000, 0x000000008b800000|  0%| F|  |TAMS 0x000000008b700000, 0x000000008b700000| Untracked 
| 184|0x000000008b800000, 0x000000008b800000, 0x000000008b900000|  0%| F|  |TAMS 0x000000008b800000, 0x000000008b800000| Untracked 
| 185|0x000000008b900000, 0x000000008b900000, 0x000000008ba00000|  0%| F|  |TAMS 0x000000008b900000, 0x000000008b900000| Untracked 
| 186|0x000000008ba00000, 0x000000008ba00000, 0x000000008bb00000|  0%| F|  |TAMS 0x000000008ba00000, 0x000000008ba00000| Untracked 
| 187|0x000000008bb00000, 0x000000008bb00000, 0x000000008bc00000|  0%| F|  |TAMS 0x000000008bb00000, 0x000000008bb00000| Untracked 
| 188|0x000000008bc00000, 0x000000008bc00000, 0x000000008bd00000|  0%| F|  |TAMS 0x000000008bc00000, 0x000000008bc00000| Untracked 
| 189|0x000000008bd00000, 0x000000008bd00000, 0x000000008be00000|  0%| F|  |TAMS 0x000000008bd00000, 0x000000008bd00000| Untracked 
| 190|0x000000008be00000, 0x000000008be00000, 0x000000008bf00000|  0%| F|  |TAMS 0x000000008be00000, 0x000000008be00000| Untracked 
| 191|0x000000008bf00000, 0x000000008bf95718, 0x000000008c000000| 58%| E|  |TAMS 0x000000008bf00000, 0x000000008bf00000| Complete 
| 192|0x000000008c000000, 0x000000008c100000, 0x000000008c100000|100%| E|CS|TAMS 0x000000008c000000, 0x000000008c000000| Complete 
| 193|0x000000008c100000, 0x000000008c200000, 0x000000008c200000|100%| E|CS|TAMS 0x000000008c100000, 0x000000008c100000| Complete 
| 194|0x000000008c200000, 0x000000008c300000, 0x000000008c300000|100%| E|CS|TAMS 0x000000008c200000, 0x000000008c200000| Complete 
| 195|0x000000008c300000, 0x000000008c400000, 0x000000008c400000|100%| E|CS|TAMS 0x000000008c300000, 0x000000008c300000| Complete 
| 196|0x000000008c400000, 0x000000008c500000, 0x000000008c500000|100%| E|CS|TAMS 0x000000008c400000, 0x000000008c400000| Complete 
| 197|0x000000008c500000, 0x000000008c600000, 0x000000008c600000|100%| E|CS|TAMS 0x000000008c500000, 0x000000008c500000| Complete 
| 198|0x000000008c600000, 0x000000008c700000, 0x000000008c700000|100%| E|CS|TAMS 0x000000008c600000, 0x000000008c600000| Complete 
| 223|0x000000008df00000, 0x000000008e000000, 0x000000008e000000|100%| E|  |TAMS 0x000000008df00000, 0x000000008df00000| Complete 
|2046|0x00000000ffe00000, 0x00000000fff00000, 0x00000000fff00000|100%| O|  |TAMS 0x00000000fff00000, 0x00000000ffe00000| Untracked 
|2047|0x00000000fff00000, 0x0000000100000000, 0x0000000100000000|100%| O|  |TAMS 0x0000000100000000, 0x00000000fff00000| Untracked 

Card table byte_map: [0x00000211cd3c0000,0x00000211cd7c0000] _byte_map_base: 0x00000211ccfc0000

Marking Bits (Prev, Next): (CMBitMap*) 0x00000211b650de10, (CMBitMap*) 0x00000211b650ddd0
 Prev Bits: [0x00000211cfbc0000, 0x00000211d1bc0000)
 Next Bits: [0x00000211cdbc0000, 0x00000211cfbc0000)

Polling page: 0x00000211b5c80000

Metaspace:

Usage:
  Non-class:     81.83 MB used.
      Class:     12.42 MB used.
       Both:     94.25 MB used.

Virtual space:
  Non-class space:      128.00 MB reserved,      82.25 MB ( 64%) committed,  2 nodes.
      Class space:        1.00 GB reserved,      12.81 MB (  1%) committed,  1 nodes.
             Both:        1.13 GB reserved,      95.06 MB (  8%) committed. 

Chunk freelists:
   Non-Class:  12.89 MB
       Class:  3.10 MB
        Both:  15.99 MB

MaxMetaspaceSize: unlimited
CompressedClassSpaceSize: 1.00 GB
Initial GC threshold: 21.00 MB
Current GC threshold: 153.13 MB
CDS: on
MetaspaceReclaimPolicy: balanced
 - commit_granule_bytes: 65536.
 - commit_granule_words: 8192.
 - virtual_space_node_default_size: 8388608.
 - enlarge_chunks_in_place: 1.
 - new_chunks_are_fully_committed: 0.
 - uncommit_free_chunks: 1.
 - use_allocation_guard: 0.
 - handle_deallocations: 1.


Internal statistics:

num_allocs_failed_limit: 18.
num_arena_births: 1082.
num_arena_deaths: 0.
num_vsnodes_births: 3.
num_vsnodes_deaths: 0.
num_space_committed: 1520.
num_space_uncommitted: 0.
num_chunks_returned_to_freelist: 18.
num_chunks_taken_from_freelist: 5052.
num_chunk_merges: 18.
num_chunk_splits: 3360.
num_chunks_enlarged: 2228.
num_inconsistent_stats: 0.

CodeHeap 'non-profiled nmethods': size=120000Kb used=8473Kb max_used=8473Kb free=111526Kb
 bounds [0x00000211c5a90000, 0x00000211c62e0000, 0x00000211ccfc0000]
CodeHeap 'profiled nmethods': size=120000Kb used=26886Kb max_used=26886Kb free=93113Kb
 bounds [0x00000211bdfc0000, 0x00000211bfa10000, 0x00000211c54f0000]
CodeHeap 'non-nmethods': size=5760Kb used=2407Kb max_used=2463Kb free=3352Kb
 bounds [0x00000211c54f0000, 0x00000211c5770000, 0x00000211c5a90000]
 total_blobs=13962 nmethods=13020 adapters=853
 compilation: enabled
              stopped_count=0, restarted_count=0
 full_count=0

Compilation events (20 events):
Event: 65.812 Thread 0x00000211d4208af0 nmethod 15392 0x00000211bf9f7f10 code [0x00000211bf9f80c0, 0x00000211bf9f8338]
Event: 65.812 Thread 0x00000211d4208af0 15393       3       org.gradle.api.internal.tasks.properties.ScriptSourceAwareImplementationResolver::unwrapBean (64 bytes)
Event: 65.814 Thread 0x00000211d4208af0 nmethod 15393 0x00000211bf9f8410 code [0x00000211bf9f8760, 0x00000211bf9fa128]
Event: 65.814 Thread 0x00000211d4208af0 15394       3       org.gradle.internal.snapshot.impl.ImplementationValue::<init> (15 bytes)
Event: 65.814 Thread 0x00000211d4208af0 nmethod 15394 0x00000211bf9fa790 code [0x00000211bf9fa940, 0x00000211bf9fab58]
Event: 65.814 Thread 0x00000211d4208af0 15395       3       org.gradle.internal.properties.bean.NestedRuntimeBeanNode::visitNode (15 bytes)
Event: 65.815 Thread 0x00000211d4208af0 nmethod 15395 0x00000211bf9fac10 code [0x00000211bf9fadc0, 0x00000211bf9faff8]
Event: 65.815 Thread 0x00000211d4208af0 15396   !   3       java.util.concurrent.ConcurrentHashMap::computeIfAbsent (576 bytes)
Event: 65.818 Thread 0x00000211d4208af0 nmethod 15396 0x00000211bf9fb110 code [0x00000211bf9fb520, 0x00000211bf9fd8f8]
Event: 65.818 Thread 0x00000211d4208af0 15397       3       org.gradle.internal.collections.ImmutableFilteredList::getSourceIndex (35 bytes)
Event: 65.819 Thread 0x00000211d4208af0 nmethod 15397 0x00000211bf9fe990 code [0x00000211bf9feb40, 0x00000211bf9fed98]
Event: 65.821 Thread 0x00000211d4208af0 15398       3       java.util.BitSet::set (58 bytes)
Event: 65.822 Thread 0x00000211d4208af0 nmethod 15398 0x00000211bf9fef10 code [0x00000211bf9ff180, 0x00000211bf9ff9f8]
Event: 65.824 Thread 0x00000211d4208af0 15399       3       org.gradle.internal.work.DefaultWorkerLeaseService$WorkerLeaseLockRegistry::newResourceLock (26 bytes)
Event: 65.824 Thread 0x00000211d4208af0 nmethod 15399 0x00000211bf9ffd90 code [0x00000211bf9fff40, 0x00000211bfa00128]
Event: 65.824 Thread 0x00000211d4208af0 15400   !   3       org.gradle.internal.work.DefaultWorkerLeaseService::withLocks (53 bytes)
Event: 65.825 Thread 0x00000211d4208af0 nmethod 15400 0x00000211bfa00210 code [0x00000211bfa004c0, 0x00000211bfa011b8]
Event: 65.833 Thread 0x00000211d4208af0 15403       3       org.gradle.api.internal.artifacts.transform.TransformationResult$Builder$EntireInputArtifact::resolveForInputArtifact (2 bytes)
Event: 65.834 Thread 0x00000211d4208af0 nmethod 15403 0x00000211bfa01710 code [0x00000211bfa018a0, 0x00000211bfa019b8]
Event: 65.834 Thread 0x00000211da90a3e0 15390       4       com.android.utils.XmlUtils::append (597 bytes)

GC Heap History (20 events):
Event: 36.253 GC heap before
{Heap before GC invocations=33 (full 0):
 garbage-first heap   total 174080K, used 139264K [0x0000000080000000, 0x0000000100000000)
  region size 1024K, 55 young (56320K), 8 survivors (8192K)
 Metaspace       used 81864K, committed 82624K, reserved 1179648K
  class space    used 11151K, committed 11520K, reserved 1048576K
}
Event: 36.271 GC heap after
{Heap after GC invocations=34 (full 0):
 garbage-first heap   total 174080K, used 95384K [0x0000000080000000, 0x0000000100000000)
  region size 1024K, 4 young (4096K), 4 survivors (4096K)
 Metaspace       used 81864K, committed 82624K, reserved 1179648K
  class space    used 11151K, committed 11520K, reserved 1048576K
}
Event: 38.738 GC heap before
{Heap before GC invocations=34 (full 0):
 garbage-first heap   total 174080K, used 140440K [0x0000000080000000, 0x0000000100000000)
  region size 1024K, 49 young (50176K), 4 survivors (4096K)
 Metaspace       used 85015K, committed 85760K, reserved 1179648K
  class space    used 11487K, committed 11840K, reserved 1048576K
}
Event: 38.751 GC heap after
{Heap after GC invocations=35 (full 0):
 garbage-first heap   total 174080K, used 100352K [0x0000000080000000, 0x0000000100000000)
  region size 1024K, 7 young (7168K), 7 survivors (7168K)
 Metaspace       used 85015K, committed 85760K, reserved 1179648K
  class space    used 11487K, committed 11840K, reserved 1048576K
}
Event: 46.457 GC heap before
{Heap before GC invocations=35 (full 0):
 garbage-first heap   total 174080K, used 144384K [0x0000000080000000, 0x0000000100000000)
  region size 1024K, 48 young (49152K), 7 survivors (7168K)
 Metaspace       used 86121K, committed 86912K, reserved 1179648K
  class space    used 11576K, committed 11968K, reserved 1048576K
}
Event: 46.470 GC heap after
{Heap after GC invocations=36 (full 0):
 garbage-first heap   total 174080K, used 105605K [0x0000000080000000, 0x0000000100000000)
  region size 1024K, 5 young (5120K), 5 survivors (5120K)
 Metaspace       used 86121K, committed 86912K, reserved 1179648K
  class space    used 11576K, committed 11968K, reserved 1048576K
}
Event: 49.754 GC heap before
{Heap before GC invocations=36 (full 0):
 garbage-first heap   total 174080K, used 125061K [0x0000000080000000, 0x0000000100000000)
  region size 1024K, 26 young (26624K), 5 survivors (5120K)
 Metaspace       used 88502K, committed 89280K, reserved 1179648K
  class space    used 11786K, committed 12224K, reserved 1048576K
}
Event: 49.765 GC heap after
{Heap after GC invocations=37 (full 0):
 garbage-first heap   total 174080K, used 109412K [0x0000000080000000, 0x0000000100000000)
  region size 1024K, 4 young (4096K), 4 survivors (4096K)
 Metaspace       used 88502K, committed 89280K, reserved 1179648K
  class space    used 11786K, committed 12224K, reserved 1048576K
}
Event: 56.244 GC heap before
{Heap before GC invocations=38 (full 0):
 garbage-first heap   total 186368K, used 141156K [0x0000000080000000, 0x0000000100000000)
  region size 1024K, 36 young (36864K), 4 survivors (4096K)
 Metaspace       used 90212K, committed 91072K, reserved 1179648K
  class space    used 11934K, committed 12352K, reserved 1048576K
}
Event: 56.251 GC heap after
{Heap after GC invocations=39 (full 0):
 garbage-first heap   total 186368K, used 111093K [0x0000000080000000, 0x0000000100000000)
  region size 1024K, 3 young (3072K), 3 survivors (3072K)
 Metaspace       used 90212K, committed 91072K, reserved 1179648K
  class space    used 11934K, committed 12352K, reserved 1048576K
}
Event: 56.700 GC heap before
{Heap before GC invocations=39 (full 0):
 garbage-first heap   total 186368K, used 116213K [0x0000000080000000, 0x0000000100000000)
  region size 1024K, 9 young (9216K), 3 survivors (3072K)
 Metaspace       used 90560K, committed 91392K, reserved 1179648K
  class space    used 11973K, committed 12352K, reserved 1048576K
}
Event: 56.704 GC heap after
{Heap after GC invocations=40 (full 0):
 garbage-first heap   total 186368K, used 110726K [0x0000000080000000, 0x0000000100000000)
  region size 1024K, 1 young (1024K), 1 survivors (1024K)
 Metaspace       used 90560K, committed 91392K, reserved 1179648K
  class space    used 11973K, committed 12352K, reserved 1048576K
}
Event: 58.461 GC heap before
{Heap before GC invocations=40 (full 0):
 garbage-first heap   total 186368K, used 152710K [0x0000000080000000, 0x0000000100000000)
  region size 1024K, 41 young (41984K), 1 survivors (1024K)
 Metaspace       used 92153K, committed 92992K, reserved 1179648K
  class space    used 12159K, committed 12544K, reserved 1048576K
}
Event: 58.465 GC heap after
{Heap after GC invocations=41 (full 0):
 garbage-first heap   total 186368K, used 111529K [0x0000000080000000, 0x0000000100000000)
  region size 1024K, 2 young (2048K), 2 survivors (2048K)
 Metaspace       used 92153K, committed 92992K, reserved 1179648K
  class space    used 12159K, committed 12544K, reserved 1048576K
}
Event: 59.613 GC heap before
{Heap before GC invocations=42 (full 0):
 garbage-first heap   total 206848K, used 149417K [0x0000000080000000, 0x0000000100000000)
  region size 1024K, 41 young (41984K), 2 survivors (2048K)
 Metaspace       used 96010K, committed 96768K, reserved 1179648K
  class space    used 12664K, committed 13056K, reserved 1048576K
}
Event: 59.621 GC heap after
{Heap after GC invocations=43 (full 0):
 garbage-first heap   total 206848K, used 113902K [0x0000000080000000, 0x0000000100000000)
  region size 1024K, 5 young (5120K), 5 survivors (5120K)
 Metaspace       used 96010K, committed 96768K, reserved 1179648K
  class space    used 12664K, committed 13056K, reserved 1048576K
}
Event: 60.326 GC heap before
{Heap before GC invocations=43 (full 0):
 garbage-first heap   total 206848K, used 117998K [0x0000000080000000, 0x0000000100000000)
  region size 1024K, 10 young (10240K), 5 survivors (5120K)
 Metaspace       used 96107K, committed 96896K, reserved 1179648K
  class space    used 12669K, committed 13056K, reserved 1048576K
}
Event: 60.333 GC heap after
{Heap after GC invocations=44 (full 0):
 garbage-first heap   total 206848K, used 111545K [0x0000000080000000, 0x0000000100000000)
  region size 1024K, 1 young (1024K), 1 survivors (1024K)
 Metaspace       used 96107K, committed 96896K, reserved 1179648K
  class space    used 12669K, committed 13056K, reserved 1048576K
}
Event: 66.064 GC heap before
{Heap before GC invocations=44 (full 0):
 garbage-first heap   total 206848K, used 166841K [0x0000000080000000, 0x0000000100000000)
  region size 1024K, 56 young (57344K), 1 survivors (1024K)
 Metaspace       used 96512K, committed 97344K, reserved 1179648K
  class space    used 12717K, committed 13120K, reserved 1048576K
}
Event: 66.072 GC heap after
{Heap after GC invocations=45 (full 0):
 garbage-first heap   total 206848K, used 114063K [0x0000000080000000, 0x0000000100000000)
  region size 1024K, 4 young (4096K), 4 survivors (4096K)
 Metaspace       used 96512K, committed 97344K, reserved 1179648K
  class space    used 12717K, committed 13120K, reserved 1048576K
}

Dll operation events (12 events):
Event: 0.008 Loaded shared library C:\Users\wefer\.jdks\corretto-17.0.7\bin\java.dll
Event: 0.018 Loaded shared library C:\Users\wefer\.jdks\corretto-17.0.7\bin\jsvml.dll
Event: 0.070 Loaded shared library C:\Users\wefer\.jdks\corretto-17.0.7\bin\net.dll
Event: 0.071 Loaded shared library C:\Users\wefer\.jdks\corretto-17.0.7\bin\nio.dll
Event: 0.075 Loaded shared library C:\Users\wefer\.jdks\corretto-17.0.7\bin\zip.dll
Event: 0.307 Loaded shared library C:\Users\wefer\.jdks\corretto-17.0.7\bin\jimage.dll
Event: 0.390 Loaded shared library C:\Users\wefer\.jdks\corretto-17.0.7\bin\verify.dll
Event: 0.586 Loaded shared library C:\Users\wefer\.gradle\native\68d5fa5c4cc2d200863cafc0d521ce42e7d3e7ee720ec0a83991735586a16f82\windows-amd64\native-platform.dll
Event: 0.593 Loaded shared library C:\Users\wefer\.gradle\native\e376f236ea51e6404a007f0833ffe2c6e607c4080706a723a18a27aeea778392\windows-amd64\native-platform-file-events.dll
Event: 1.561 Loaded shared library C:\Users\wefer\.jdks\corretto-17.0.7\bin\management.dll
Event: 1.565 Loaded shared library C:\Users\wefer\.jdks\corretto-17.0.7\bin\management_ext.dll
Event: 2.278 Loaded shared library C:\Users\wefer\.jdks\corretto-17.0.7\bin\sunmscapi.dll

Deoptimization events (20 events):
Event: 65.573 Thread 0x00000211dc3a9d60 Uncommon trap: trap_request=0xffffffde fr.pc=0x00000211c606fba4 relative=0x0000000000000284
Event: 65.573 Thread 0x00000211dc3a9d60 Uncommon trap: reason=class_check action=maybe_recompile pc=0x00000211c606fba4 method=java.util.concurrent.ConcurrentHashMap.get(Ljava/lang/Object;)Ljava/lang/Object; @ 93 c2
Event: 65.573 Thread 0x00000211dc3a9d60 DEOPT PACKING pc=0x00000211c606fba4 sp=0x000000b0c82fdfd0
Event: 65.573 Thread 0x00000211dc3a9d60 DEOPT UNPACKING pc=0x00000211c55469a3 sp=0x000000b0c82fdf28 mode 2
Event: 65.575 Thread 0x00000211dadd14c0 Uncommon trap: trap_request=0xffffffde fr.pc=0x00000211c606fba4 relative=0x0000000000000284
Event: 65.575 Thread 0x00000211dadd14c0 Uncommon trap: reason=class_check action=maybe_recompile pc=0x00000211c606fba4 method=java.util.concurrent.ConcurrentHashMap.get(Ljava/lang/Object;)Ljava/lang/Object; @ 93 c2
Event: 65.576 Thread 0x00000211dadd14c0 DEOPT PACKING pc=0x00000211c606fba4 sp=0x000000b0c9cfdf60
Event: 65.576 Thread 0x00000211dadd14c0 DEOPT UNPACKING pc=0x00000211c55469a3 sp=0x000000b0c9cfdeb8 mode 2
Event: 65.577 Thread 0x00000211dadd2800 Uncommon trap: trap_request=0xffffffde fr.pc=0x00000211c606fba4 relative=0x0000000000000284
Event: 65.577 Thread 0x00000211dadd2800 Uncommon trap: reason=class_check action=maybe_recompile pc=0x00000211c606fba4 method=java.util.concurrent.ConcurrentHashMap.get(Ljava/lang/Object;)Ljava/lang/Object; @ 93 c2
Event: 65.578 Thread 0x00000211dadd2800 DEOPT PACKING pc=0x00000211c606fba4 sp=0x000000b0ca1fe340
Event: 65.578 Thread 0x00000211dadd2800 DEOPT UNPACKING pc=0x00000211c55469a3 sp=0x000000b0ca1fe298 mode 2
Event: 65.683 Thread 0x00000211d9396a30 Uncommon trap: trap_request=0xffffffde fr.pc=0x00000211c628b328 relative=0x0000000000000188
Event: 65.683 Thread 0x00000211d9396a30 Uncommon trap: reason=class_check action=maybe_recompile pc=0x00000211c628b328 method=org.gradle.internal.snapshot.AbstractIncompleteFileSystemNode.store(Lorg/gradle/internal/snapshot/VfsRelativePath;Lorg/gradle/internal/snapshot/CaseSensitivity;Lorg/grad
Event: 65.683 Thread 0x00000211d9396a30 DEOPT PACKING pc=0x00000211c628b328 sp=0x000000b0cb0fad50
Event: 65.683 Thread 0x00000211d9396a30 DEOPT UNPACKING pc=0x00000211c55469a3 sp=0x000000b0cb0facd8 mode 2
Event: 65.697 Thread 0x00000211d9396a30 Uncommon trap: trap_request=0xffffffc6 fr.pc=0x00000211c5ed0604 relative=0x00000000000000e4
Event: 65.697 Thread 0x00000211d9396a30 Uncommon trap: reason=bimorphic_or_optimized_type_check action=maybe_recompile pc=0x00000211c5ed0604 method=com.google.common.collect.RegularImmutableMap.checkNoConflictInKeyBucket(Ljava/lang/Object;Ljava/lang/Object;Lcom/google/common/collect/ImmutableMa
Event: 65.697 Thread 0x00000211d9396a30 DEOPT PACKING pc=0x00000211c5ed0604 sp=0x000000b0cb0fcca0
Event: 65.697 Thread 0x00000211d9396a30 DEOPT UNPACKING pc=0x00000211c55469a3 sp=0x000000b0cb0fcc38 mode 2

Classes unloaded (0 events):
No events

Classes redefined (0 events):
No events

Internal exceptions (20 events):
Event: 57.171 Thread 0x00000211d9396090 Exception <a 'sun/nio/fs/WindowsException'{0x0000000089faf218}> (0x0000000089faf218) 
thrown [s\src\hotspot\share\prims\jni.cpp, line 516]
Event: 57.172 Thread 0x00000211d9396090 Exception <a 'sun/nio/fs/WindowsException'{0x0000000089fb0370}> (0x0000000089fb0370) 
thrown [s\src\hotspot\share\prims\jni.cpp, line 516]
Event: 57.172 Thread 0x00000211d9396090 Exception <a 'sun/nio/fs/WindowsException'{0x0000000089fb03e0}> (0x0000000089fb03e0) 
thrown [s\src\hotspot\share\prims\jni.cpp, line 516]
Event: 57.172 Thread 0x00000211d9396090 Exception <a 'sun/nio/fs/WindowsException'{0x0000000089fb0b10}> (0x0000000089fb0b10) 
thrown [s\src\hotspot\share\prims\jni.cpp, line 516]
Event: 57.172 Thread 0x00000211d9396090 Exception <a 'sun/nio/fs/WindowsException'{0x0000000089ffc7b8}> (0x0000000089ffc7b8) 
thrown [s\src\hotspot\share\prims\jni.cpp, line 516]
Event: 57.172 Thread 0x00000211d9396090 Exception <a 'sun/nio/fs/WindowsException'{0x0000000089ffd900}> (0x0000000089ffd900) 
thrown [s\src\hotspot\share\prims\jni.cpp, line 516]
Event: 57.172 Thread 0x00000211d9396090 Exception <a 'sun/nio/fs/WindowsException'{0x0000000089ffd970}> (0x0000000089ffd970) 
thrown [s\src\hotspot\share\prims\jni.cpp, line 516]
Event: 57.172 Thread 0x00000211d9396090 Exception <a 'sun/nio/fs/WindowsException'{0x0000000089ffe028}> (0x0000000089ffe028) 
thrown [s\src\hotspot\share\prims\jni.cpp, line 516]
Event: 57.614 Thread 0x00000211d9396090 Implicit null exception at 0x00000211c5b820f2 to 0x00000211c5b827f0
Event: 61.809 Thread 0x00000211d9399a50 Exception <a 'sun/nio/fs/WindowsException'{0x000000008c5aeea0}> (0x000000008c5aeea0) 
thrown [s\src\hotspot\share\prims\jni.cpp, line 516]
Event: 61.810 Thread 0x00000211d9399a50 Exception <a 'sun/nio/fs/WindowsException'{0x000000008c5afd70}> (0x000000008c5afd70) 
thrown [s\src\hotspot\share\prims\jni.cpp, line 516]
Event: 61.810 Thread 0x00000211d9399a50 Exception <a 'sun/nio/fs/WindowsException'{0x000000008c5afde0}> (0x000000008c5afde0) 
thrown [s\src\hotspot\share\prims\jni.cpp, line 516]
Event: 61.810 Thread 0x00000211d9399a50 Exception <a 'sun/nio/fs/WindowsException'{0x000000008c5b05d0}> (0x000000008c5b05d0) 
thrown [s\src\hotspot\share\prims\jni.cpp, line 516]
Event: 61.830 Thread 0x00000211d9399a50 Exception <a 'java/lang/NoSuchMethodError'{0x000000008c413e40}: static Lcom/android/build/gradle/tasks/SerializableArtifact;.<clinit>()V> (0x000000008c413e40) 
thrown [s\src\hotspot\share\prims\jni.cpp, line 1107]
Event: 62.350 Thread 0x00000211d9396a30 Exception <a 'java/lang/NoSuchMethodError'{0x000000008c117f78}: static Lcom/android/ide/common/resources/MergedAssetWriter$AssetWorkAction;.<clinit>()V> (0x000000008c117f78) 
thrown [s\src\hotspot\share\prims\jni.cpp, line 1107]
Event: 62.452 Thread 0x00000211d9396a30 Exception <a 'sun/nio/fs/WindowsException'{0x000000008c15f0b0}> (0x000000008c15f0b0) 
thrown [s\src\hotspot\share\prims\jni.cpp, line 516]
Event: 62.500 Thread 0x00000211d9397d70 Exception <a 'sun/nio/fs/WindowsException'{0x000000008bf2c520}> (0x000000008bf2c520) 
thrown [s\src\hotspot\share\prims\jni.cpp, line 516]
Event: 62.600 Thread 0x00000211d9396a30 Exception <a 'java/lang/NoSuchMethodError'{0x000000008c18e390}: 'int java.lang.invoke.DirectMethodHandle$Holder.invokeSpecial(java.lang.Object, java.lang.Object, java.lang.Object, java.lang.Object, java.lang.Object)'> (0x000000008c18e390) 
thrown [s\src\hotspot\share\interpreter\linkResolver.cpp, line 759]
Event: 63.599 Thread 0x00000211d9399a50 Exception <a 'sun/nio/fs/WindowsException'{0x000000008b42a6e0}> (0x000000008b42a6e0) 
thrown [s\src\hotspot\share\prims\jni.cpp, line 516]
Event: 65.814 Thread 0x00000211d9396560 Exception <a 'sun/nio/fs/WindowsException'{0x00000000894aaed8}> (0x00000000894aaed8) 
thrown [s\src\hotspot\share\prims\jni.cpp, line 516]

VM Operations (20 events):
Event: 62.148 Executing VM operation: HandshakeAllThreads
Event: 62.148 Executing VM operation: HandshakeAllThreads done
Event: 62.151 Executing VM operation: HandshakeAllThreads
Event: 62.151 Executing VM operation: HandshakeAllThreads done
Event: 62.206 Executing VM operation: HandshakeAllThreads
Event: 62.206 Executing VM operation: HandshakeAllThreads done
Event: 62.457 Executing VM operation: HandshakeAllThreads
Event: 62.596 Executing VM operation: HandshakeAllThreads done
Event: 62.596 Executing VM operation: Cleanup
Event: 62.614 Executing VM operation: Cleanup done
Event: 63.634 Executing VM operation: Cleanup
Event: 63.648 Executing VM operation: Cleanup done
Event: 64.661 Executing VM operation: Cleanup
Event: 64.661 Executing VM operation: Cleanup done
Event: 64.889 Executing VM operation: HandshakeAllThreads
Event: 64.913 Executing VM operation: HandshakeAllThreads done
Event: 65.920 Executing VM operation: Cleanup
Event: 65.961 Executing VM operation: Cleanup done
Event: 66.063 Executing VM operation: G1CollectForAllocation
Event: 66.073 Executing VM operation: G1CollectForAllocation done

Events (20 events):
Event: 61.887 Thread 0x00000211da90a3e0 Thread added: 0x00000211da90a3e0
Event: 62.350 Thread 0x00000211dd3cf210 Thread added: 0x00000211dd3cf210
Event: 62.583 Thread 0x00000211d969a390 Thread exited: 0x00000211d969a390
Event: 63.252 Thread 0x00000211da90a3e0 Thread exited: 0x00000211da90a3e0
Event: 63.922 Thread 0x00000211da908580 Thread added: 0x00000211da908580
Event: 64.267 Thread 0x00000211da908580 Thread exited: 0x00000211da908580
Event: 64.665 Thread 0x00000211d9398710 Thread exited: 0x00000211d9398710
Event: 64.850 Thread 0x00000211da90a3e0 Thread added: 0x00000211da90a3e0
Event: 64.916 Thread 0x00000211d42096f0 flushing nmethod 0x00000211c5f3d410
Event: 64.916 Thread 0x00000211d42096f0 flushing nmethod 0x00000211c5f75290
Event: 64.917 Thread 0x00000211d42096f0 flushing nmethod 0x00000211c61b4410
Event: 64.917 Thread 0x00000211d42096f0 flushing nmethod 0x00000211c61b6690
Event: 64.931 Thread 0x00000211d42096f0 flushing nmethod 0x00000211bee3ca10
Event: 64.938 Thread 0x00000211d42096f0 flushing nmethod 0x00000211bf682f90
Event: 64.938 Thread 0x00000211d42096f0 flushing nmethod 0x00000211bf683310
Event: 64.938 Thread 0x00000211d42096f0 flushing nmethod 0x00000211bf688910
Event: 65.084 Thread 0x00000211da90a3e0 Thread exited: 0x00000211da90a3e0
Event: 65.540 Thread 0x00000211d93990b0 Thread exited: 0x00000211d93990b0
Event: 65.671 Thread 0x00000211dd3d1890 Thread added: 0x00000211dd3d1890
Event: 65.834 Thread 0x00000211da90a3e0 Thread added: 0x00000211da90a3e0


Dynamic libraries:
0x00007ff65fed0000 - 0x00007ff65fedd000 	C:\Users\wefer\.jdks\corretto-17.0.7\bin\java.exe
0x00007ffcb9cf0000 - 0x00007ffcb9f04000 	C:\WINDOWS\SYSTEM32\ntdll.dll
0x00007ffcb89d0000 - 0x00007ffcb8a92000 	C:\WINDOWS\System32\KERNEL32.DLL
0x00007ffcb7510000 - 0x00007ffcb78b3000 	C:\WINDOWS\System32\KERNELBASE.dll
0x00007ffcb7110000 - 0x00007ffcb7221000 	C:\WINDOWS\System32\ucrtbase.dll
0x00007ffcaad50000 - 0x00007ffcaad65000 	C:\Users\wefer\.jdks\corretto-17.0.7\bin\VCRUNTIME140.dll
0x00007ffcae060000 - 0x00007ffcae077000 	C:\Users\wefer\.jdks\corretto-17.0.7\bin\jli.dll
0x00007ffcb7af0000 - 0x00007ffcb7c9b000 	C:\WINDOWS\System32\USER32.dll
0x00007ffcb7420000 - 0x00007ffcb7446000 	C:\WINDOWS\System32\win32u.dll
0x00007ffca2ec0000 - 0x00007ffca314e000 	C:\WINDOWS\WinSxS\amd64_microsoft.windows.common-controls_6595b64144ccf1df_6.0.22621.1635_none_270f70857386168e\COMCTL32.dll
0x00007ffcb8b50000 - 0x00007ffcb8b79000 	C:\WINDOWS\System32\GDI32.dll
0x00007ffcb8aa0000 - 0x00007ffcb8b47000 	C:\WINDOWS\System32\msvcrt.dll
0x00007ffcb78c0000 - 0x00007ffcb79d8000 	C:\WINDOWS\System32\gdi32full.dll
0x00007ffcb79e0000 - 0x00007ffcb7a7a000 	C:\WINDOWS\System32\msvcp_win.dll
0x00007ffcb9c70000 - 0x00007ffcb9ca1000 	C:\WINDOWS\System32\IMM32.DLL
0x00007ffc9b150000 - 0x00007ffc9b1eb000 	C:\Users\wefer\.jdks\corretto-17.0.7\bin\msvcp140.dll
0x00007ffc76f00000 - 0x00007ffc77b1a000 	C:\Users\wefer\.jdks\corretto-17.0.7\bin\server\jvm.dll
0x00007ffcb9740000 - 0x00007ffcb97ee000 	C:\WINDOWS\System32\ADVAPI32.dll
0x00007ffcb86a0000 - 0x00007ffcb8744000 	C:\WINDOWS\System32\sechost.dll
0x00007ffcb93d0000 - 0x00007ffcb94e7000 	C:\WINDOWS\System32\RPCRT4.dll
0x00007ffcb0e10000 - 0x00007ffcb0e44000 	C:\WINDOWS\SYSTEM32\WINMM.dll
0x00007ffcae050000 - 0x00007ffcae05a000 	C:\WINDOWS\SYSTEM32\VERSION.dll
0x00007ffc9fb10000 - 0x00007ffc9fb19000 	C:\WINDOWS\SYSTEM32\WSOCK32.dll
0x00007ffcb7cc0000 - 0x00007ffcb7d31000 	C:\WINDOWS\System32\WS2_32.dll
0x00007ffcb6160000 - 0x00007ffcb6178000 	C:\WINDOWS\SYSTEM32\kernel.appcore.dll
0x00007ffcb18d0000 - 0x00007ffcb18da000 	C:\Users\wefer\.jdks\corretto-17.0.7\bin\jimage.dll
0x00007ffcaf750000 - 0x00007ffcaf97e000 	C:\WINDOWS\SYSTEM32\DBGHELP.DLL
0x00007ffcb8f00000 - 0x00007ffcb9289000 	C:\WINDOWS\System32\combase.dll
0x00007ffcb9290000 - 0x00007ffcb9367000 	C:\WINDOWS\System32\OLEAUT32.dll
0x00007ffcaf6f0000 - 0x00007ffcaf722000 	C:\WINDOWS\SYSTEM32\dbgcore.DLL
0x00007ffcb7230000 - 0x00007ffcb72ab000 	C:\WINDOWS\System32\bcryptPrimitives.dll
0x00007ffca0240000 - 0x00007ffca0265000 	C:\Users\wefer\.jdks\corretto-17.0.7\bin\java.dll
0x00007ffc998b0000 - 0x00007ffc99986000 	C:\Users\wefer\.jdks\corretto-17.0.7\bin\jsvml.dll
0x00007ffcb7d40000 - 0x00007ffcb853a000 	C:\WINDOWS\System32\SHELL32.dll
0x00007ffcb5110000 - 0x00007ffcb59de000 	C:\WINDOWS\SYSTEM32\windows.storage.dll
0x00007ffcb4fd0000 - 0x00007ffcb510e000 	C:\WINDOWS\SYSTEM32\wintypes.dll
0x00007ffcb8540000 - 0x00007ffcb8631000 	C:\WINDOWS\System32\SHCORE.dll
0x00007ffcb8640000 - 0x00007ffcb869e000 	C:\WINDOWS\System32\shlwapi.dll
0x00007ffcb7040000 - 0x00007ffcb7061000 	C:\WINDOWS\SYSTEM32\profapi.dll
0x00007ffcaad30000 - 0x00007ffcaad49000 	C:\Users\wefer\.jdks\corretto-17.0.7\bin\net.dll
0x00007ffcb0890000 - 0x00007ffcb09c7000 	C:\WINDOWS\SYSTEM32\WINHTTP.dll
0x00007ffcb65d0000 - 0x00007ffcb6639000 	C:\WINDOWS\system32\mswsock.dll
0x00007ffc9ec80000 - 0x00007ffc9ec95000 	C:\Users\wefer\.jdks\corretto-17.0.7\bin\nio.dll
0x00007ffc9e700000 - 0x00007ffc9e718000 	C:\Users\wefer\.jdks\corretto-17.0.7\bin\zip.dll
0x00007ffcb1840000 - 0x00007ffcb1850000 	C:\Users\wefer\.jdks\corretto-17.0.7\bin\verify.dll
0x00007ffcae520000 - 0x00007ffcae547000 	C:\Users\wefer\.gradle\native\68d5fa5c4cc2d200863cafc0d521ce42e7d3e7ee720ec0a83991735586a16f82\windows-amd64\native-platform.dll
0x00007ffc93290000 - 0x00007ffc933d4000 	C:\Users\wefer\.gradle\native\e376f236ea51e6404a007f0833ffe2c6e607c4080706a723a18a27aeea778392\windows-amd64\native-platform-file-events.dll
0x00007ffcb1670000 - 0x00007ffcb1679000 	C:\Users\wefer\.jdks\corretto-17.0.7\bin\management.dll
0x00007ffcb1420000 - 0x00007ffcb142b000 	C:\Users\wefer\.jdks\corretto-17.0.7\bin\management_ext.dll
0x00007ffcb94f0000 - 0x00007ffcb94f8000 	C:\WINDOWS\System32\PSAPI.DLL
0x00007ffcb6830000 - 0x00007ffcb684b000 	C:\WINDOWS\SYSTEM32\CRYPTSP.dll
0x00007ffcb60d0000 - 0x00007ffcb6105000 	C:\WINDOWS\system32\rsaenh.dll
0x00007ffcb66d0000 - 0x00007ffcb66f8000 	C:\WINDOWS\SYSTEM32\USERENV.dll
0x00007ffcb69d0000 - 0x00007ffcb69f8000 	C:\WINDOWS\SYSTEM32\bcrypt.dll
0x00007ffcb6850000 - 0x00007ffcb685c000 	C:\WINDOWS\SYSTEM32\CRYPTBASE.dll
0x00007ffcb5c40000 - 0x00007ffcb5c6d000 	C:\WINDOWS\SYSTEM32\IPHLPAPI.DLL
0x00007ffcb8ef0000 - 0x00007ffcb8ef9000 	C:\WINDOWS\System32\NSI.dll
0x00007ffcb0870000 - 0x00007ffcb0889000 	C:\WINDOWS\SYSTEM32\dhcpcsvc6.DLL
0x00007ffcb0850000 - 0x00007ffcb086f000 	C:\WINDOWS\SYSTEM32\dhcpcsvc.DLL
0x00007ffcb5c70000 - 0x00007ffcb5d63000 	C:\WINDOWS\SYSTEM32\DNSAPI.dll
0x00007ffcb1920000 - 0x00007ffcb192e000 	C:\Users\wefer\.jdks\corretto-17.0.7\bin\sunmscapi.dll
0x00007ffcb72b0000 - 0x00007ffcb7417000 	C:\WINDOWS\System32\CRYPT32.dll
0x00007ffcb69a0000 - 0x00007ffcb69ce000 	C:\WINDOWS\SYSTEM32\ncrypt.dll
0x00007ffcb6960000 - 0x00007ffcb6997000 	C:\WINDOWS\SYSTEM32\NTASN1.dll
0x00007ffcb1650000 - 0x00007ffcb1658000 	C:\WINDOWS\system32\wshunix.dll
0x00007ffcb6180000 - 0x00007ffcb61b4000 	C:\WINDOWS\SYSTEM32\ntmarta.dll

dbghelp: loaded successfully - version: 4.0.5 - missing functions: none
symbol engine: initialized successfully - sym options: 0x614 - pdb path: .;C:\Users\wefer\.jdks\corretto-17.0.7\bin;C:\WINDOWS\SYSTEM32;C:\WINDOWS\WinSxS\amd64_microsoft.windows.common-controls_6595b64144ccf1df_6.0.22621.1635_none_270f70857386168e;C:\Users\wefer\.jdks\corretto-17.0.7\bin\server;C:\Users\wefer\.gradle\native\68d5fa5c4cc2d200863cafc0d521ce42e7d3e7ee720ec0a83991735586a16f82\windows-amd64;C:\Users\wefer\.gradle\native\e376f236ea51e6404a007f0833ffe2c6e607c4080706a723a18a27aeea778392\windows-amd64

VM Arguments:
jvm_args: --add-opens=java.base/java.util=ALL-UNNAMED --add-opens=java.base/java.lang=ALL-UNNAMED --add-opens=java.base/java.lang.invoke=ALL-UNNAMED --add-opens=java.prefs/java.util.prefs=ALL-UNNAMED --add-opens=java.base/java.nio.charset=ALL-UNNAMED --add-opens=java.base/java.net=ALL-UNNAMED --add-opens=java.base/java.util.concurrent.atomic=ALL-UNNAMED -Xmx2048m -Dfile.encoding=UTF-8 -Duser.country=RU -Duser.language=ru -Duser.variant 
java_command: org.gradle.launcher.daemon.bootstrap.GradleDaemon 8.0
java_class_path (initial): C:\Users\wefer\.gradle\wrapper\dists\gradle-8.0-bin\ca5e32bp14vu59qr306oxotwh\gradle-8.0\lib\gradle-launcher-8.0.jar
Launcher Type: SUN_STANDARD

[Global flags]
     intx CICompilerCount                          = 3                                         {product} {ergonomic}
     uint ConcGCThreads                            = 1                                         {product} {ergonomic}
     uint G1ConcRefinementThreads                  = 4                                         {product} {ergonomic}
   size_t G1HeapRegionSize                         = 1048576                                   {product} {ergonomic}
    uintx GCDrainStackTargetSize                   = 64                                        {product} {ergonomic}
   size_t InitialHeapSize                          = 234881024                                 {product} {ergonomic}
   size_t MarkStackSize                            = 4194304                                   {product} {ergonomic}
   size_t MaxHeapSize                              = 2147483648                                {product} {command line}
   size_t MaxNewSize                               = 1287651328                                {product} {ergonomic}
   size_t MinHeapDeltaBytes                        = 1048576                                   {product} {ergonomic}
   size_t MinHeapSize                              = 8388608                                   {product} {ergonomic}
    uintx NonNMethodCodeHeapSize                   = 5832780                                {pd product} {ergonomic}
    uintx NonProfiledCodeHeapSize                  = 122912730                              {pd product} {ergonomic}
    uintx ProfiledCodeHeapSize                     = 122912730                              {pd product} {ergonomic}
    uintx ReservedCodeCacheSize                    = 251658240                              {pd product} {ergonomic}
     bool SegmentedCodeCache                       = true                                      {product} {ergonomic}
   size_t SoftMaxHeapSize                          = 2147483648                             {manageable} {ergonomic}
     bool UseCompressedClassPointers               = true                           {product lp64_product} {ergonomic}
     bool UseCompressedOops                        = true                           {product lp64_product} {ergonomic}
     bool UseG1GC                                  = true                                      {product} {ergonomic}
     bool UseLargePagesIndividualAllocation        = false                                  {pd product} {ergonomic}

Logging:
Log output configuration:
 #0: stdout all=warning uptime,level,tags
 #1: stderr all=off uptime,level,tags

Environment Variables:
PATH=C:\WINDOWS\system32;C:\WINDOWS;C:\WINDOWS\System32\Wbem;C:\WINDOWS\System32\WindowsPowerShell\v1.0\;C:\WINDOWS\System32\OpenSSH\;C:\Program Files\Microsoft SQL Server\150\Tools\Binn\;C:\Program Files\Microsoft SQL Server\Client SDK\ODBC\170\Tools\Binn\;C:\Program Files\dotnet\;C:\Program Files\Git\cmd;C:\Users\wefer\AppData\Local\Microsoft\WindowsApps;C:\Users\wefer\.dotnet\tools;C:\Program Files (x86)\Microsoft VS Code\bin
USERNAME=wefer
OS=Windows_NT
PROCESSOR_IDENTIFIER=AMD64 Family 23 Model 24 Stepping 1, AuthenticAMD
TMP=C:\Users\wefer\AppData\Local\Temp
TEMP=C:\Users\wefer\AppData\Local\Temp



---------------  S Y S T E M  ---------------

OS:
 Windows 11 , 64 bit Build 22621 (10.0.22621.1635)
OS uptime: 1 days 14:55 hours

CPU: total 4 (initial active 4) (4 cores per cpu, 2 threads per core) family 23 model 24 stepping 1 microcode 0x0, cx8, cmov, fxsr, ht, mmx, 3dnowpref, sse, sse2, sse3, ssse3, sse4a, sse4.1, sse4.2, popcnt, lzcnt, tsc, tscinvbit, avx, avx2, aes, clmul, bmi1, bmi2, adx, sha, fma, vzeroupper, clflush, clflushopt

Memory: 4k page, system-wide physical 14274M (1404M free)
TotalPageFile size 17298M (AvailPageFile size 4M)
current process WorkingSet (physical memory assigned to process): 487M, peak: 490M
current process commit charge ("private bytes"): 524M, peak: 526M

vm_info: OpenJDK 64-Bit Server VM (17.0.7+7-LTS) for windows-amd64 JRE (17.0.7+7-LTS), built on Apr 14 2023 01:39:21 by "Administrator" with MS VC++ 15.9 (VS2017)

END.
