#
# There is insufficient memory for the Java Runtime Environment to continue.
# Native memory allocation (malloc) failed to allocate 1439856 bytes for Chunk::new
# Possible reasons:
#   The system is out of physical RAM or swap space
#   The process is running with CompressedOops enabled, and the Java Heap may be blocking the growth of the native heap
# Possible solutions:
#   Reduce memory load on the system
#   Increase physical memory or swap space
#   Check if swap backing store is full
#   Decrease Java heap size (-Xmx/-Xms)
#   Decrease number of Java threads
#   Decrease Java thread stack sizes (-Xss)
#   Set larger code cache with -XX:ReservedCodeCacheSize=
#   JVM is running with Unscaled Compressed Oops mode in which the Java heap is
#     placed in the first 4GB address space. The Java Heap base address is the
#     maximum limit for the native heap growth. Please use -XX:HeapBaseMinAddress
#     to set the Java Heap base and to place the Java Heap above 4GB virtual address.
# This output file may be truncated or incomplete.
#
#  Out of Memory Error (arena.cpp:189), pid=13324, tid=9800
#
# JRE version: OpenJDK Runtime Environment Corretto-17.0.7.7.1 (17.0.7+7) (build 17.0.7+7-LTS)
# Java VM: OpenJDK 64-Bit Server VM Corretto-17.0.7.7.1 (17.0.7+7-LTS, mixed mode, sharing, tiered, compressed oops, compressed class ptrs, g1 gc, windows-amd64)
# No core dump will be written. Minidumps are not enabled by default on client versions of Windows
#

---------------  S U M M A R Y ------------

Command Line: --add-opens=java.base/java.util=ALL-UNNAMED --add-opens=java.base/java.lang=ALL-UNNAMED --add-opens=java.base/java.lang.invoke=ALL-UNNAMED --add-opens=java.prefs/java.util.prefs=ALL-UNNAMED --add-opens=java.base/java.nio.charset=ALL-UNNAMED --add-opens=java.base/java.net=ALL-UNNAMED --add-opens=java.base/java.util.concurrent.atomic=ALL-UNNAMED -Xmx2048m -Dfile.encoding=UTF-8 -Duser.country=RU -Duser.language=ru -Duser.variant org.gradle.launcher.daemon.bootstrap.GradleDaemon 8.0

Host: AMD Ryzen 3 3200U with Radeon Vega Mobile Gfx  , 4 cores, 13G,  Windows 11 , 64 bit Build 22621 (10.0.22621.1635)
Time: Tue May 30 15:20:19 2023 RTZ 4 (s 11 , 64 bit Build 22621 (10.0.22621.1635) elapsed time: 13.168452 seconds (0d 0h 0m 13s)

---------------  T H R E A D  ---------------

Current thread (0x00000249853686d0):  JavaThread "C2 CompilerThread1" daemon [_thread_in_native, id=9800, stack(0x000000a60b200000,0x000000a60b300000)]


Current CompileTask:
C2:  13168 7210       4       sun.reflect.generics.parser.SignatureParser::parsePackageNameAndSimpleClassTypeSignature (119 bytes)

Stack: [0x000000a60b200000,0x000000a60b300000]
Native frames: (J=compiled Java code, j=interpreted, Vv=VM code, C=native code)
V  [jvm.dll+0x64b53a]
V  [jvm.dll+0x7fef54]
V  [jvm.dll+0x80070e]
V  [jvm.dll+0x800d63]
V  [jvm.dll+0x236a2b]
V  [jvm.dll+0xbd47c]
V  [jvm.dll+0xbda5c]
V  [jvm.dll+0x350be2]
V  [jvm.dll+0x31b60f]
V  [jvm.dll+0x31aa4a]
V  [jvm.dll+0x20acf5]
V  [jvm.dll+0x20a287]
V  [jvm.dll+0x19a2ed]
V  [jvm.dll+0x21967d]
V  [jvm.dll+0x2178c4]
V  [jvm.dll+0x7b7dcb]
V  [jvm.dll+0x7b237a]
V  [jvm.dll+0x64a3a5]
C  [ucrtbase.dll+0x29363]
C  [KERNEL32.DLL+0x126ad]
C  [ntdll.dll+0x5a9f8]


---------------  P R O C E S S  ---------------

Threads class SMR info:
_java_thread_list=0x00000249886724a0, length=81, elements={
0x00000249e1652370, 0x00000249ff2354f0, 0x00000249ff2360a0, 0x00000249ff24d610,
0x00000249ff24e1d0, 0x00000249ff250c90, 0x00000249ff251640, 0x00000249ff257910,
0x00000249ff254c50, 0x00000249ff255640, 0x00000249ff4a9860, 0x00000249ff4a9d30,
0x0000024984e45210, 0x00000249ff774b00, 0x0000024984078080, 0x0000024984d45700,
0x000002498549c310, 0x00000249852b7d30, 0x00000249855591f0, 0x0000024984409a10,
0x000002498440a3b0, 0x0000024984409070, 0x000002498440a880, 0x0000024984409540,
0x0000024984409ee0, 0x00000249848b5390, 0x00000249848afcf0, 0x00000249848b01c0,
0x00000249848b4ec0, 0x00000249848b5860, 0x00000249848b7070, 0x00000249848b5d30,
0x00000249848b19d0, 0x00000249848b0690, 0x00000249848b3b80, 0x00000249848b6200,
0x00000249848b1ea0, 0x00000249853686d0, 0x00000249848b0b60, 0x00000249848b1500,
0x00000249848b7540, 0x00000249848b2370, 0x00000249848b49f0, 0x00000249848b2d10,
0x00000249848b31e0, 0x00000249848b36b0, 0x00000249875c9e80, 0x00000249875c5b20,
0x00000249875c94e0, 0x00000249875c7800, 0x00000249875c4310, 0x00000249875c2fd0,
0x00000249875c99b0, 0x00000249875c34a0, 0x00000249875c8b40, 0x00000249875c3e40,
0x00000249875c64c0, 0x00000249875c9010, 0x00000249875c7cd0, 0x00000249875c6990,
0x00000249875ca350, 0x00000249875c5ff0, 0x00000249875c5180, 0x00000249875c47e0,
0x00000249875ca820, 0x00000249875c81a0, 0x00000249875c3970, 0x00000249875c8670,
0x00000249875c4cb0, 0x00000249875c5650, 0x00000249875c6e60, 0x00000249875c7330,
0x0000024987c13870, 0x0000024987c12530, 0x0000024987c15a20, 0x0000024987c14210,
0x0000024987c146e0, 0x0000024987c133a0, 0x0000024987c12a00, 0x0000024987c14bb0,
0x0000024987c13d40
}

Java Threads: ( => current thread )
  0x00000249e1652370 JavaThread "main" [_thread_blocked, id=13988, stack(0x000000a608200000,0x000000a608300000)]
  0x00000249ff2354f0 JavaThread "Reference Handler" daemon [_thread_blocked, id=12016, stack(0x000000a608900000,0x000000a608a00000)]
  0x00000249ff2360a0 JavaThread "Finalizer" daemon [_thread_blocked, id=14328, stack(0x000000a608a00000,0x000000a608b00000)]
  0x00000249ff24d610 JavaThread "Signal Dispatcher" daemon [_thread_blocked, id=7584, stack(0x000000a608b00000,0x000000a608c00000)]
  0x00000249ff24e1d0 JavaThread "Attach Listener" daemon [_thread_blocked, id=1924, stack(0x000000a608c00000,0x000000a608d00000)]
  0x00000249ff250c90 JavaThread "Service Thread" daemon [_thread_blocked, id=12096, stack(0x000000a608d00000,0x000000a608e00000)]
  0x00000249ff251640 JavaThread "Monitor Deflation Thread" daemon [_thread_blocked, id=748, stack(0x000000a608e00000,0x000000a608f00000)]
  0x00000249ff257910 JavaThread "C2 CompilerThread0" daemon [_thread_in_native, id=14272, stack(0x000000a608f00000,0x000000a609000000)]
  0x00000249ff254c50 JavaThread "C1 CompilerThread0" daemon [_thread_blocked, id=5320, stack(0x000000a609000000,0x000000a609100000)]
  0x00000249ff255640 JavaThread "Sweeper thread" daemon [_thread_blocked, id=7028, stack(0x000000a609100000,0x000000a609200000)]
  0x00000249ff4a9860 JavaThread "Common-Cleaner" daemon [_thread_blocked, id=13080, stack(0x000000a609200000,0x000000a609300000)]
  0x00000249ff4a9d30 JavaThread "Notification Thread" daemon [_thread_blocked, id=8944, stack(0x000000a609300000,0x000000a609400000)]
  0x0000024984e45210 JavaThread "Daemon health stats" [_thread_blocked, id=11464, stack(0x000000a609900000,0x000000a609a00000)]
  0x00000249ff774b00 JavaThread "Incoming local TCP Connector on port 50010" [_thread_in_native, id=8864, stack(0x000000a609500000,0x000000a609600000)]
  0x0000024984078080 JavaThread "Daemon periodic checks" [_thread_blocked, id=7144, stack(0x000000a609a00000,0x000000a609b00000)]
  0x0000024984d45700 JavaThread "Daemon" [_thread_blocked, id=13856, stack(0x000000a609c00000,0x000000a609d00000)]
  0x000002498549c310 JavaThread "Handler for socket connection from /127.0.0.1:50010 to /127.0.0.1:50011" [_thread_in_native, id=5212, stack(0x000000a609d00000,0x000000a609e00000)]
  0x00000249852b7d30 JavaThread "Cancel handler" [_thread_blocked, id=8508, stack(0x000000a609e00000,0x000000a609f00000)]
  0x00000249855591f0 JavaThread "Daemon worker" [_thread_in_vm, id=13844, stack(0x000000a609f00000,0x000000a60a000000)]
  0x0000024984409a10 JavaThread "Asynchronous log dispatcher for DefaultDaemonConnection: socket connection from /127.0.0.1:50010 to /127.0.0.1:50011" [_thread_blocked, id=14168, stack(0x000000a60a000000,0x000000a60a100000)]
  0x000002498440a3b0 JavaThread "Stdin handler" [_thread_blocked, id=14008, stack(0x000000a60a100000,0x000000a60a200000)]
  0x0000024984409070 JavaThread "Daemon client event forwarder" [_thread_blocked, id=2496, stack(0x000000a60a200000,0x000000a60a300000)]
  0x000002498440a880 JavaThread "Cache worker for journal cache (C:\Users\wefer\.gradle\caches\journal-1)" [_thread_blocked, id=13980, stack(0x000000a60a300000,0x000000a60a400000)]
  0x0000024984409540 JavaThread "File lock request listener" [_thread_in_native, id=9332, stack(0x000000a60a400000,0x000000a60a500000)]
  0x0000024984409ee0 JavaThread "Cache worker for file hash cache (C:\Users\wefer\.gradle\caches\8.0\fileHashes)" [_thread_blocked, id=10436, stack(0x000000a60a500000,0x000000a60a600000)]
  0x00000249848b5390 JavaThread "File watcher server" daemon [_thread_in_native, id=14220, stack(0x000000a60a600000,0x000000a60a700000)]
  0x00000249848afcf0 JavaThread "File watcher consumer" daemon [_thread_blocked, id=10684, stack(0x000000a60a700000,0x000000a60a800000)]
  0x00000249848b01c0 JavaThread "jar transforms" [_thread_blocked, id=3140, stack(0x000000a60a800000,0x000000a60a900000)]
  0x00000249848b4ec0 JavaThread "jar transforms Thread 2" [_thread_blocked, id=12992, stack(0x000000a60a900000,0x000000a60aa00000)]
  0x00000249848b5860 JavaThread "jar transforms Thread 3" [_thread_blocked, id=13968, stack(0x000000a60aa00000,0x000000a60ab00000)]
  0x00000249848b7070 JavaThread "jar transforms Thread 4" [_thread_blocked, id=14232, stack(0x000000a60ab00000,0x000000a60ac00000)]
  0x00000249848b5d30 JavaThread "Cache worker for checksums cache (C:\Users\wefer\OneDrive\Рабочий стол\КУРСОВАЯ\FIND_WORK_IT\.gradle\8.0\checksums)" [_thread_blocked, id=12276, stack(0x000000a60ac00000,0x000000a60ad00000)]
  0x00000249848b19d0 JavaThread "Cache worker for cache directory md-rule (C:\Users\wefer\.gradle\caches\8.0\md-rule)" [_thread_blocked, id=10336, stack(0x000000a60ad00000,0x000000a60ae00000)]
  0x00000249848b0690 JavaThread "Cache worker for file content cache (C:\Users\wefer\.gradle\caches\8.0\fileContent)" [_thread_blocked, id=11760, stack(0x000000a60ae00000,0x000000a60af00000)]
  0x00000249848b3b80 JavaThread "Cache worker for file hash cache (C:\Users\wefer\OneDrive\Рабочий стол\КУРСОВАЯ\FIND_WORK_IT\.gradle\8.0\fileHashes)" [_thread_blocked, id=12868, stack(0x000000a60af00000,0x000000a60b000000)]
  0x00000249848b6200 JavaThread "Cache worker for cache directory md-supplier (C:\Users\wefer\.gradle\caches\8.0\md-supplier)" [_thread_blocked, id=13380, stack(0x000000a60b000000,0x000000a60b100000)]
  0x00000249848b1ea0 JavaThread "Cache worker for execution history cache (C:\Users\wefer\.gradle\caches\8.0\executionHistory)" [_thread_blocked, id=7884, stack(0x000000a60b100000,0x000000a60b200000)]
=>0x00000249853686d0 JavaThread "C2 CompilerThread1" daemon [_thread_in_native, id=9800, stack(0x000000a60b200000,0x000000a60b300000)]
  0x00000249848b0b60 JavaThread "Cache worker for dependencies-accessors (C:\Users\wefer\OneDrive\Рабочий стол\КУРСОВАЯ\FIND_WORK_IT\.gradle\8.0\dependencies-accessors)" [_thread_blocked, id=10156, stack(0x000000a60b300000,0x000000a60b400000)]
  0x00000249848b1500 JavaThread "Cache worker for Build Output Cleanup Cache (C:\Users\wefer\OneDrive\Рабочий стол\КУРСОВАЯ\FIND_WORK_IT\.gradle\buildOutputCleanup)" [_thread_blocked, id=8844, stack(0x000000a60b400000,0x000000a60b500000)]
  0x00000249848b7540 JavaThread "Unconstrained build operations" [_thread_blocked, id=12716, stack(0x000000a60b500000,0x000000a60b600000)]
  0x00000249848b2370 JavaThread "Unconstrained build operations Thread 2" [_thread_blocked, id=12252, stack(0x000000a60b600000,0x000000a60b700000)]
  0x00000249848b49f0 JavaThread "Unconstrained build operations Thread 3" [_thread_blocked, id=9104, stack(0x000000a60b700000,0x000000a60b800000)]
  0x00000249848b2d10 JavaThread "Unconstrained build operations Thread 4" [_thread_blocked, id=9360, stack(0x000000a60b800000,0x000000a60b900000)]
  0x00000249848b31e0 JavaThread "Unconstrained build operations Thread 5" [_thread_blocked, id=11316, stack(0x000000a60b900000,0x000000a60ba00000)]
  0x00000249848b36b0 JavaThread "Unconstrained build operations Thread 6" [_thread_blocked, id=11244, stack(0x000000a60ba00000,0x000000a60bb00000)]
  0x00000249875c9e80 JavaThread "Unconstrained build operations Thread 7" [_thread_blocked, id=9316, stack(0x000000a60bb00000,0x000000a60bc00000)]
  0x00000249875c5b20 JavaThread "Unconstrained build operations Thread 8" [_thread_blocked, id=10748, stack(0x000000a60bc00000,0x000000a60bd00000)]
  0x00000249875c94e0 JavaThread "Unconstrained build operations Thread 9" [_thread_blocked, id=13424, stack(0x000000a60bd00000,0x000000a60be00000)]
  0x00000249875c7800 JavaThread "Unconstrained build operations Thread 10" [_thread_blocked, id=13032, stack(0x000000a60be00000,0x000000a60bf00000)]
  0x00000249875c4310 JavaThread "Unconstrained build operations Thread 11" [_thread_blocked, id=1692, stack(0x000000a60bf00000,0x000000a60c000000)]
  0x00000249875c2fd0 JavaThread "Unconstrained build operations Thread 12" [_thread_blocked, id=7408, stack(0x000000a60c000000,0x000000a60c100000)]
  0x00000249875c99b0 JavaThread "Unconstrained build operations Thread 13" [_thread_blocked, id=6000, stack(0x000000a60c100000,0x000000a60c200000)]
  0x00000249875c34a0 JavaThread "Unconstrained build operations Thread 14" [_thread_blocked, id=2364, stack(0x000000a60c200000,0x000000a60c300000)]
  0x00000249875c8b40 JavaThread "Unconstrained build operations Thread 15" [_thread_blocked, id=8916, stack(0x000000a60c300000,0x000000a60c400000)]
  0x00000249875c3e40 JavaThread "Unconstrained build operations Thread 16" [_thread_blocked, id=8204, stack(0x000000a60c400000,0x000000a60c500000)]
  0x00000249875c64c0 JavaThread "Unconstrained build operations Thread 17" [_thread_blocked, id=3484, stack(0x000000a60c500000,0x000000a60c600000)]
  0x00000249875c9010 JavaThread "Unconstrained build operations Thread 18" [_thread_blocked, id=13284, stack(0x000000a60c600000,0x000000a60c700000)]
  0x00000249875c7cd0 JavaThread "Unconstrained build operations Thread 19" [_thread_blocked, id=12360, stack(0x000000a60c700000,0x000000a60c800000)]
  0x00000249875c6990 JavaThread "Unconstrained build operations Thread 20" [_thread_blocked, id=3212, stack(0x000000a60c800000,0x000000a60c900000)]
  0x00000249875ca350 JavaThread "Unconstrained build operations Thread 21" [_thread_blocked, id=9668, stack(0x000000a60c900000,0x000000a60ca00000)]
  0x00000249875c5ff0 JavaThread "Unconstrained build operations Thread 22" [_thread_blocked, id=9848, stack(0x000000a60ca00000,0x000000a60cb00000)]
  0x00000249875c5180 JavaThread "Unconstrained build operations Thread 23" [_thread_blocked, id=12496, stack(0x000000a60cb00000,0x000000a60cc00000)]
  0x00000249875c47e0 JavaThread "Unconstrained build operations Thread 24" [_thread_blocked, id=9888, stack(0x000000a60cc00000,0x000000a60cd00000)]
  0x00000249875ca820 JavaThread "Unconstrained build operations Thread 25" [_thread_blocked, id=6984, stack(0x000000a60cd00000,0x000000a60ce00000)]
  0x00000249875c81a0 JavaThread "Unconstrained build operations Thread 26" [_thread_blocked, id=11956, stack(0x000000a60ce00000,0x000000a60cf00000)]
  0x00000249875c3970 JavaThread "Unconstrained build operations Thread 27" [_thread_blocked, id=13840, stack(0x000000a60cf00000,0x000000a60d000000)]
  0x00000249875c8670 JavaThread "Unconstrained build operations Thread 28" [_thread_blocked, id=13964, stack(0x000000a60d000000,0x000000a60d100000)]
  0x00000249875c4cb0 JavaThread "Unconstrained build operations Thread 29" [_thread_blocked, id=10168, stack(0x000000a60d100000,0x000000a60d200000)]
  0x00000249875c5650 JavaThread "Unconstrained build operations Thread 30" [_thread_blocked, id=14112, stack(0x000000a60d200000,0x000000a60d300000)]
  0x00000249875c6e60 JavaThread "Unconstrained build operations Thread 31" [_thread_blocked, id=12968, stack(0x000000a60d300000,0x000000a60d400000)]
  0x00000249875c7330 JavaThread "Unconstrained build operations Thread 32" [_thread_blocked, id=7184, stack(0x000000a60d400000,0x000000a60d500000)]
  0x0000024987c13870 JavaThread "Unconstrained build operations Thread 33" [_thread_blocked, id=13344, stack(0x000000a60d500000,0x000000a60d600000)]
  0x0000024987c12530 JavaThread "Unconstrained build operations Thread 34" [_thread_blocked, id=11648, stack(0x000000a60d600000,0x000000a60d700000)]
  0x0000024987c15a20 JavaThread "Unconstrained build operations Thread 35" [_thread_blocked, id=13028, stack(0x000000a60d700000,0x000000a60d800000)]
  0x0000024987c14210 JavaThread "Unconstrained build operations Thread 36" [_thread_blocked, id=14080, stack(0x000000a60d800000,0x000000a60d900000)]
  0x0000024987c146e0 JavaThread "Unconstrained build operations Thread 37" [_thread_blocked, id=7088, stack(0x000000a60d900000,0x000000a60da00000)]
  0x0000024987c133a0 JavaThread "Unconstrained build operations Thread 38" [_thread_blocked, id=12004, stack(0x000000a60da00000,0x000000a60db00000)]
  0x0000024987c12a00 JavaThread "Unconstrained build operations Thread 39" [_thread_blocked, id=12380, stack(0x000000a60db00000,0x000000a60dc00000)]
  0x0000024987c14bb0 JavaThread "Unconstrained build operations Thread 40" [_thread_blocked, id=4496, stack(0x000000a60dc00000,0x000000a60dd00000)]
  0x0000024987c13d40 JavaThread "Memory manager" [_thread_blocked, id=14160, stack(0x000000a60de00000,0x000000a60df00000)]

Other Threads:
  0x00000249ff231a50 VMThread "VM Thread" [stack: 0x000000a608800000,0x000000a608900000] [id=12692]
  0x00000249e16c54d0 WatcherThread [stack: 0x000000a609400000,0x000000a609500000] [id=8820]
  0x00000249e16ab900 GCTaskThread "GC Thread#0" [stack: 0x000000a608300000,0x000000a608400000] [id=12636]
  0x00000249ffaa43e0 GCTaskThread "GC Thread#1" [stack: 0x000000a609600000,0x000000a609700000] [id=6744]
  0x00000249ff5b11e0 GCTaskThread "GC Thread#2" [stack: 0x000000a609700000,0x000000a609800000] [id=13196]
  0x00000249ff5b1490 GCTaskThread "GC Thread#3" [stack: 0x000000a609800000,0x000000a609900000] [id=8228]
  0x00000249e16bc9a0 ConcurrentGCThread "G1 Main Marker" [stack: 0x000000a608400000,0x000000a608500000] [id=13704]
  0x00000249e16bec00 ConcurrentGCThread "G1 Conc#0" [stack: 0x000000a608500000,0x000000a608600000] [id=10740]
  0x00000249e171ec30 ConcurrentGCThread "G1 Refine#0" [stack: 0x000000a608600000,0x000000a608700000] [id=7476]
  0x00000249858a4b10 ConcurrentGCThread "G1 Refine#1" [stack: 0x000000a609b00000,0x000000a609c00000] [id=13232]
  0x00000249879bfe00 ConcurrentGCThread "G1 Refine#2" [stack: 0x000000a60dd00000,0x000000a60de00000] [id=10744]
  0x00000249ff0eb700 ConcurrentGCThread "G1 Service" [stack: 0x000000a608700000,0x000000a608800000] [id=9248]

Threads with active compile tasks:
C2 CompilerThread1    13194 7210       4       sun.reflect.generics.parser.SignatureParser::parsePackageNameAndSimpleClassTypeSignature (119 bytes)

VM state: not at safepoint (normal execution)

VM Mutex/Monitor currently owned by a thread: None

Heap address: 0x0000000080000000, size: 2048 MB, Compressed Oops mode: 32-bit

CDS archive(s) mapped at: [0x0000000800000000-0x0000000800bc0000-0x0000000800bc0000), size 12320768, SharedBaseAddress: 0x0000000800000000, ArchiveRelocationMode: 0.
Compressed class space mapped at: 0x0000000801000000-0x0000000841000000, reserved size: 1073741824
Narrow klass base: 0x0000000800000000, Narrow klass shift: 0, Narrow klass range: 0x100000000

GC Precious Log:
 CPUs: 4 total, 4 available
 Memory: 14274M
 Large Page Support: Disabled
 NUMA Support: Disabled
 Compressed Oops: Enabled (32-bit)
 Heap Region Size: 1M
 Heap Min Capacity: 8M
 Heap Initial Capacity: 224M
 Heap Max Capacity: 2G
 Pre-touch: Disabled
 Parallel Workers: 4
 Concurrent Workers: 1
 Concurrent Refinement Workers: 4
 Periodic GC: Disabled

Heap:
 garbage-first heap   total 235520K, used 159267K [0x0000000080000000, 0x0000000100000000)
  region size 1024K, 36 young (36864K), 4 survivors (4096K)
 Metaspace       used 57313K, committed 57984K, reserved 1114112K
  class space    used 7753K, committed 8064K, reserved 1048576K

Heap Regions: E=young(eden), S=young(survivor), O=old, HS=humongous(starts), HC=humongous(continues), CS=collection set, F=free, OA=open archive, CA=closed archive, TAMS=top-at-mark-start (previous, next)
|   0|0x0000000080000000, 0x0000000080100000, 0x0000000080100000|100%| O|  |TAMS 0x0000000080100000, 0x0000000080000000| Untracked 
|   1|0x0000000080100000, 0x0000000080200000, 0x0000000080200000|100%| O|  |TAMS 0x0000000080200000, 0x0000000080100000| Untracked 
|   2|0x0000000080200000, 0x0000000080300000, 0x0000000080300000|100%|HS|  |TAMS 0x0000000080300000, 0x0000000080200000| Complete 
|   3|0x0000000080300000, 0x0000000080400000, 0x0000000080400000|100%|HC|  |TAMS 0x0000000080400000, 0x0000000080300000| Complete 
|   4|0x0000000080400000, 0x0000000080500000, 0x0000000080500000|100%|HC|  |TAMS 0x0000000080500000, 0x0000000080400000| Complete 
|   5|0x0000000080500000, 0x0000000080600000, 0x0000000080600000|100%|HC|  |TAMS 0x0000000080600000, 0x0000000080500000| Complete 
|   6|0x0000000080600000, 0x0000000080700000, 0x0000000080700000|100%| O|  |TAMS 0x0000000080700000, 0x0000000080600000| Untracked 
|   7|0x0000000080700000, 0x0000000080800000, 0x0000000080800000|100%| O|  |TAMS 0x0000000080800000, 0x0000000080700000| Untracked 
|   8|0x0000000080800000, 0x0000000080900000, 0x0000000080900000|100%|HS|  |TAMS 0x0000000080900000, 0x0000000080800000| Complete 
|   9|0x0000000080900000, 0x0000000080a00000, 0x0000000080a00000|100%| O|  |TAMS 0x0000000080a00000, 0x0000000080900000| Untracked 
|  10|0x0000000080a00000, 0x0000000080b00000, 0x0000000080b00000|100%| O|  |TAMS 0x0000000080b00000, 0x0000000080a00000| Untracked 
|  11|0x0000000080b00000, 0x0000000080b3ee00, 0x0000000080c00000| 24%| O|  |TAMS 0x0000000080b3ee00, 0x0000000080b00000| Untracked 
|  12|0x0000000080c00000, 0x0000000080d00000, 0x0000000080d00000|100%|HS|  |TAMS 0x0000000080d00000, 0x0000000080c00000| Complete 
|  13|0x0000000080d00000, 0x0000000080e00000, 0x0000000080e00000|100%|HC|  |TAMS 0x0000000080e00000, 0x0000000080d00000| Complete 
|  14|0x0000000080e00000, 0x0000000080f00000, 0x0000000080f00000|100%|HS|  |TAMS 0x0000000080f00000, 0x0000000080e00000| Complete 
|  15|0x0000000080f00000, 0x0000000081000000, 0x0000000081000000|100%|HC|  |TAMS 0x0000000081000000, 0x0000000080f00000| Complete 
|  16|0x0000000081000000, 0x0000000081100000, 0x0000000081100000|100%|HC|  |TAMS 0x0000000081100000, 0x0000000081000000| Complete 
|  17|0x0000000081100000, 0x0000000081200000, 0x0000000081200000|100%|HS|  |TAMS 0x0000000081200000, 0x0000000081100000| Complete 
|  18|0x0000000081200000, 0x0000000081300000, 0x0000000081300000|100%|HC|  |TAMS 0x0000000081300000, 0x0000000081200000| Complete 
|  19|0x0000000081300000, 0x0000000081400000, 0x0000000081400000|100%|HC|  |TAMS 0x0000000081400000, 0x0000000081300000| Complete 
|  20|0x0000000081400000, 0x0000000081500000, 0x0000000081500000|100%|HC|  |TAMS 0x0000000081500000, 0x0000000081400000| Complete 
|  21|0x0000000081500000, 0x0000000081600000, 0x0000000081600000|100%|HC|  |TAMS 0x0000000081600000, 0x0000000081500000| Complete 
|  22|0x0000000081600000, 0x0000000081700000, 0x0000000081700000|100%|HC|  |TAMS 0x0000000081700000, 0x0000000081600000| Complete 
|  23|0x0000000081700000, 0x0000000081800000, 0x0000000081800000|100%|HS|  |TAMS 0x0000000081800000, 0x0000000081700000| Complete 
|  24|0x0000000081800000, 0x0000000081900000, 0x0000000081900000|100%|HC|  |TAMS 0x0000000081900000, 0x0000000081800000| Complete 
|  25|0x0000000081900000, 0x0000000081a00000, 0x0000000081a00000|100%|HS|  |TAMS 0x0000000081a00000, 0x0000000081900000| Complete 
|  26|0x0000000081a00000, 0x0000000081b00000, 0x0000000081b00000|100%|HC|  |TAMS 0x0000000081b00000, 0x0000000081a00000| Complete 
|  27|0x0000000081b00000, 0x0000000081c00000, 0x0000000081c00000|100%|HC|  |TAMS 0x0000000081c00000, 0x0000000081b00000| Complete 
|  28|0x0000000081c00000, 0x0000000081d00000, 0x0000000081d00000|100%|HC|  |TAMS 0x0000000081d00000, 0x0000000081c00000| Complete 
|  29|0x0000000081d00000, 0x0000000081e00000, 0x0000000081e00000|100%|HC|  |TAMS 0x0000000081e00000, 0x0000000081d00000| Complete 
|  30|0x0000000081e00000, 0x0000000081f00000, 0x0000000081f00000|100%|HC|  |TAMS 0x0000000081f00000, 0x0000000081e00000| Complete 
|  31|0x0000000081f00000, 0x0000000082000000, 0x0000000082000000|100%|HC|  |TAMS 0x0000000082000000, 0x0000000081f00000| Complete 
|  32|0x0000000082000000, 0x0000000082100000, 0x0000000082100000|100%|HC|  |TAMS 0x0000000082100000, 0x0000000082000000| Complete 
|  33|0x0000000082100000, 0x0000000082200000, 0x0000000082200000|100%|HC|  |TAMS 0x0000000082200000, 0x0000000082100000| Complete 
|  34|0x0000000082200000, 0x0000000082300000, 0x0000000082300000|100%|HC|  |TAMS 0x0000000082300000, 0x0000000082200000| Complete 
|  35|0x0000000082300000, 0x0000000082400000, 0x0000000082400000|100%|HS|  |TAMS 0x0000000082400000, 0x0000000082300000| Complete 
|  36|0x0000000082400000, 0x0000000082500000, 0x0000000082500000|100%|HC|  |TAMS 0x0000000082500000, 0x0000000082400000| Complete 
|  37|0x0000000082500000, 0x0000000082600000, 0x0000000082600000|100%|HS|  |TAMS 0x0000000082600000, 0x0000000082500000| Complete 
|  38|0x0000000082600000, 0x0000000082700000, 0x0000000082700000|100%|HC|  |TAMS 0x0000000082700000, 0x0000000082600000| Complete 
|  39|0x0000000082700000, 0x0000000082800000, 0x0000000082800000|100%|HC|  |TAMS 0x0000000082800000, 0x0000000082700000| Complete 
|  40|0x0000000082800000, 0x0000000082900000, 0x0000000082900000|100%| O|  |TAMS 0x0000000082900000, 0x0000000082800000| Untracked 
|  41|0x0000000082900000, 0x0000000082a00000, 0x0000000082a00000|100%| O|  |TAMS 0x0000000082a00000, 0x0000000082900000| Untracked 
|  42|0x0000000082a00000, 0x0000000082b00000, 0x0000000082b00000|100%| O|  |TAMS 0x0000000082b00000, 0x0000000082a00000| Untracked 
|  43|0x0000000082b00000, 0x0000000082c00000, 0x0000000082c00000|100%| O|  |TAMS 0x0000000082c00000, 0x0000000082b00000| Untracked 
|  44|0x0000000082c00000, 0x0000000082d00000, 0x0000000082d00000|100%| O|  |TAMS 0x0000000082d00000, 0x0000000082c00000| Untracked 
|  45|0x0000000082d00000, 0x0000000082e00000, 0x0000000082e00000|100%| O|  |TAMS 0x0000000082e00000, 0x0000000082d00000| Untracked 
|  46|0x0000000082e00000, 0x0000000082f00000, 0x0000000082f00000|100%| O|  |TAMS 0x0000000082f00000, 0x0000000082e00000| Untracked 
|  47|0x0000000082f00000, 0x0000000083000000, 0x0000000083000000|100%| O|  |TAMS 0x0000000083000000, 0x0000000082f00000| Untracked 
|  48|0x0000000083000000, 0x0000000083100000, 0x0000000083100000|100%| O|  |TAMS 0x0000000083100000, 0x0000000083000000| Untracked 
|  49|0x0000000083100000, 0x0000000083200000, 0x0000000083200000|100%| O|  |TAMS 0x0000000083200000, 0x0000000083100000| Untracked 
|  50|0x0000000083200000, 0x0000000083300000, 0x0000000083300000|100%| O|  |TAMS 0x0000000083300000, 0x0000000083200000| Untracked 
|  51|0x0000000083300000, 0x0000000083400000, 0x0000000083400000|100%| O|  |TAMS 0x0000000083400000, 0x0000000083300000| Untracked 
|  52|0x0000000083400000, 0x0000000083500000, 0x0000000083500000|100%| O|  |TAMS 0x0000000083500000, 0x0000000083400000| Untracked 
|  53|0x0000000083500000, 0x0000000083600000, 0x0000000083600000|100%| O|  |TAMS 0x0000000083600000, 0x0000000083500000| Untracked 
|  54|0x0000000083600000, 0x0000000083700000, 0x0000000083700000|100%| O|  |TAMS 0x0000000083700000, 0x0000000083600000| Untracked 
|  55|0x0000000083700000, 0x0000000083800000, 0x0000000083800000|100%| O|  |TAMS 0x0000000083800000, 0x0000000083700000| Untracked 
|  56|0x0000000083800000, 0x0000000083900000, 0x0000000083900000|100%| O|  |TAMS 0x0000000083900000, 0x0000000083800000| Untracked 
|  57|0x0000000083900000, 0x0000000083a00000, 0x0000000083a00000|100%| O|  |TAMS 0x0000000083a00000, 0x0000000083900000| Untracked 
|  58|0x0000000083a00000, 0x0000000083b00000, 0x0000000083b00000|100%| O|  |TAMS 0x0000000083b00000, 0x0000000083a00000| Untracked 
|  59|0x0000000083b00000, 0x0000000083c00000, 0x0000000083c00000|100%| O|  |TAMS 0x0000000083c00000, 0x0000000083b00000| Untracked 
|  60|0x0000000083c00000, 0x0000000083d00000, 0x0000000083d00000|100%| O|  |TAMS 0x0000000083d00000, 0x0000000083c00000| Untracked 
|  61|0x0000000083d00000, 0x0000000083e00000, 0x0000000083e00000|100%| O|  |TAMS 0x0000000083e00000, 0x0000000083d00000| Untracked 
|  62|0x0000000083e00000, 0x0000000083f00000, 0x0000000083f00000|100%|HS|  |TAMS 0x0000000083f00000, 0x0000000083e00000| Complete 
|  63|0x0000000083f00000, 0x0000000084000000, 0x0000000084000000|100%|HC|  |TAMS 0x0000000084000000, 0x0000000083f00000| Complete 
|  64|0x0000000084000000, 0x0000000084100000, 0x0000000084100000|100%|HC|  |TAMS 0x0000000084100000, 0x0000000084000000| Complete 
|  65|0x0000000084100000, 0x0000000084200000, 0x0000000084200000|100%|HC|  |TAMS 0x0000000084200000, 0x0000000084100000| Complete 
|  66|0x0000000084200000, 0x0000000084300000, 0x0000000084300000|100%|HC|  |TAMS 0x0000000084300000, 0x0000000084200000| Complete 
|  67|0x0000000084300000, 0x0000000084400000, 0x0000000084400000|100%|HC|  |TAMS 0x0000000084400000, 0x0000000084300000| Complete 
|  68|0x0000000084400000, 0x0000000084500000, 0x0000000084500000|100%|HC|  |TAMS 0x0000000084500000, 0x0000000084400000| Complete 
|  69|0x0000000084500000, 0x0000000084600000, 0x0000000084600000|100%|HC|  |TAMS 0x0000000084600000, 0x0000000084500000| Complete 
|  70|0x0000000084600000, 0x0000000084700000, 0x0000000084700000|100%|HC|  |TAMS 0x0000000084700000, 0x0000000084600000| Complete 
|  71|0x0000000084700000, 0x0000000084800000, 0x0000000084800000|100%|HC|  |TAMS 0x0000000084800000, 0x0000000084700000| Complete 
|  72|0x0000000084800000, 0x0000000084900000, 0x0000000084900000|100%|HC|  |TAMS 0x0000000084900000, 0x0000000084800000| Complete 
|  73|0x0000000084900000, 0x0000000084a00000, 0x0000000084a00000|100%|HS|  |TAMS 0x0000000084a00000, 0x0000000084900000| Complete 
|  74|0x0000000084a00000, 0x0000000084b00000, 0x0000000084b00000|100%|HC|  |TAMS 0x0000000084b00000, 0x0000000084a00000| Complete 
|  75|0x0000000084b00000, 0x0000000084c00000, 0x0000000084c00000|100%|HS|  |TAMS 0x0000000084c00000, 0x0000000084b00000| Complete 
|  76|0x0000000084c00000, 0x0000000084d00000, 0x0000000084d00000|100%|HC|  |TAMS 0x0000000084d00000, 0x0000000084c00000| Complete 
|  77|0x0000000084d00000, 0x0000000084e00000, 0x0000000084e00000|100%|HC|  |TAMS 0x0000000084e00000, 0x0000000084d00000| Complete 
|  78|0x0000000084e00000, 0x0000000084f00000, 0x0000000084f00000|100%|HS|  |TAMS 0x0000000084f00000, 0x0000000084e00000| Complete 
|  79|0x0000000084f00000, 0x0000000085000000, 0x0000000085000000|100%|HC|  |TAMS 0x0000000085000000, 0x0000000084f00000| Complete 
|  80|0x0000000085000000, 0x0000000085100000, 0x0000000085100000|100%|HS|  |TAMS 0x0000000085100000, 0x0000000085000000| Complete 
|  81|0x0000000085100000, 0x0000000085200000, 0x0000000085200000|100%|HC|  |TAMS 0x0000000085200000, 0x0000000085100000| Complete 
|  82|0x0000000085200000, 0x0000000085300000, 0x0000000085300000|100%|HC|  |TAMS 0x0000000085300000, 0x0000000085200000| Complete 
|  83|0x0000000085300000, 0x0000000085400000, 0x0000000085400000|100%|HS|  |TAMS 0x0000000085400000, 0x0000000085300000| Complete 
|  84|0x0000000085400000, 0x0000000085500000, 0x0000000085500000|100%|HC|  |TAMS 0x0000000085500000, 0x0000000085400000| Complete 
|  85|0x0000000085500000, 0x0000000085600000, 0x0000000085600000|100%|HC|  |TAMS 0x0000000085600000, 0x0000000085500000| Complete 
|  86|0x0000000085600000, 0x0000000085700000, 0x0000000085700000|100%|HC|  |TAMS 0x0000000085700000, 0x0000000085600000| Complete 
|  87|0x0000000085700000, 0x0000000085800000, 0x0000000085800000|100%|HC|  |TAMS 0x0000000085800000, 0x0000000085700000| Complete 
|  88|0x0000000085800000, 0x0000000085900000, 0x0000000085900000|100%|HC|  |TAMS 0x0000000085900000, 0x0000000085800000| Complete 
|  89|0x0000000085900000, 0x0000000085a00000, 0x0000000085a00000|100%| O|  |TAMS 0x0000000085a00000, 0x0000000085900000| Untracked 
|  90|0x0000000085a00000, 0x0000000085b00000, 0x0000000085b00000|100%| O|  |TAMS 0x0000000085b00000, 0x0000000085a00000| Untracked 
|  91|0x0000000085b00000, 0x0000000085c00000, 0x0000000085c00000|100%| O|  |TAMS 0x0000000085c00000, 0x0000000085b00000| Untracked 
|  92|0x0000000085c00000, 0x0000000085d00000, 0x0000000085d00000|100%| O|  |TAMS 0x0000000085d00000, 0x0000000085c00000| Untracked 
|  93|0x0000000085d00000, 0x0000000085e00000, 0x0000000085e00000|100%| O|  |TAMS 0x0000000085e00000, 0x0000000085d00000| Untracked 
|  94|0x0000000085e00000, 0x0000000085f00000, 0x0000000085f00000|100%| O|  |TAMS 0x0000000085f00000, 0x0000000085e00000| Untracked 
|  95|0x0000000085f00000, 0x0000000086000000, 0x0000000086000000|100%| O|  |TAMS 0x0000000086000000, 0x0000000085f00000| Untracked 
|  96|0x0000000086000000, 0x0000000086100000, 0x0000000086100000|100%| O|  |TAMS 0x0000000086100000, 0x0000000086000000| Untracked 
|  97|0x0000000086100000, 0x0000000086200000, 0x0000000086200000|100%|HS|  |TAMS 0x0000000086200000, 0x0000000086100000| Complete 
|  98|0x0000000086200000, 0x0000000086300000, 0x0000000086300000|100%|HS|  |TAMS 0x0000000086300000, 0x0000000086200000| Complete 
|  99|0x0000000086300000, 0x0000000086400000, 0x0000000086400000|100%|HS|  |TAMS 0x0000000086400000, 0x0000000086300000| Complete 
| 100|0x0000000086400000, 0x0000000086500000, 0x0000000086500000|100%|HS|  |TAMS 0x0000000086500000, 0x0000000086400000| Complete 
| 101|0x0000000086500000, 0x0000000086600000, 0x0000000086600000|100%|HC|  |TAMS 0x0000000086600000, 0x0000000086500000| Complete 
| 102|0x0000000086600000, 0x0000000086700000, 0x0000000086700000|100%|HC|  |TAMS 0x0000000086700000, 0x0000000086600000| Complete 
| 103|0x0000000086700000, 0x0000000086800000, 0x0000000086800000|100%|HC|  |TAMS 0x0000000086800000, 0x0000000086700000| Complete 
| 104|0x0000000086800000, 0x0000000086900000, 0x0000000086900000|100%|HS|  |TAMS 0x0000000086900000, 0x0000000086800000| Complete 
| 105|0x0000000086900000, 0x0000000086a00000, 0x0000000086a00000|100%| O|  |TAMS 0x0000000086a00000, 0x0000000086900000| Untracked 
| 106|0x0000000086a00000, 0x0000000086b00000, 0x0000000086b00000|100%| O|  |TAMS 0x0000000086a00000, 0x0000000086a00000| Untracked 
| 107|0x0000000086b00000, 0x0000000086c00000, 0x0000000086c00000|100%| O|  |TAMS 0x0000000086c00000, 0x0000000086b00000| Untracked 
| 108|0x0000000086c00000, 0x0000000086d00000, 0x0000000086d00000|100%| O|  |TAMS 0x0000000086d00000, 0x0000000086c00000| Untracked 
| 109|0x0000000086d00000, 0x0000000086e00000, 0x0000000086e00000|100%| O|  |TAMS 0x0000000086e00000, 0x0000000086d00000| Untracked 
| 110|0x0000000086e00000, 0x0000000086f00000, 0x0000000086f00000|100%| O|  |TAMS 0x0000000086f00000, 0x0000000086e00000| Untracked 
| 111|0x0000000086f00000, 0x0000000087000000, 0x0000000087000000|100%| O|  |TAMS 0x0000000087000000, 0x0000000086f00000| Untracked 
| 112|0x0000000087000000, 0x0000000087100000, 0x0000000087100000|100%| O|  |TAMS 0x0000000087100000, 0x0000000087000000| Untracked 
| 113|0x0000000087100000, 0x0000000087200000, 0x0000000087200000|100%| O|  |TAMS 0x0000000087200000, 0x0000000087100000| Untracked 
| 114|0x0000000087200000, 0x0000000087300000, 0x0000000087300000|100%| O|  |TAMS 0x00000000872a8a00, 0x0000000087200000| Untracked 
| 115|0x0000000087300000, 0x00000000873d7200, 0x0000000087400000| 84%| O|  |TAMS 0x0000000087300000, 0x0000000087300000| Untracked 
| 116|0x0000000087400000, 0x0000000087500000, 0x0000000087500000|100%|HS|  |TAMS 0x0000000087400000, 0x0000000087400000| Complete 
| 117|0x0000000087500000, 0x0000000087600000, 0x0000000087600000|100%|HS|  |TAMS 0x0000000087500000, 0x0000000087500000| Complete 
| 118|0x0000000087600000, 0x0000000087700000, 0x0000000087700000|100%|HS|  |TAMS 0x0000000087600000, 0x0000000087600000| Complete 
| 119|0x0000000087700000, 0x0000000087800000, 0x0000000087800000|100%|HS|  |TAMS 0x0000000087700000, 0x0000000087700000| Complete 
| 120|0x0000000087800000, 0x0000000087900000, 0x0000000087900000|100%|HS|  |TAMS 0x0000000087800000, 0x0000000087800000| Complete 
| 121|0x0000000087900000, 0x0000000087a00000, 0x0000000087a00000|100%|HS|  |TAMS 0x0000000087900000, 0x0000000087900000| Complete 
| 122|0x0000000087a00000, 0x0000000087a00000, 0x0000000087b00000|  0%| F|  |TAMS 0x0000000087a00000, 0x0000000087a00000| Untracked 
| 123|0x0000000087b00000, 0x0000000087b00000, 0x0000000087c00000|  0%| F|  |TAMS 0x0000000087b00000, 0x0000000087b00000| Untracked 
| 124|0x0000000087c00000, 0x0000000087c00000, 0x0000000087d00000|  0%| F|  |TAMS 0x0000000087c00000, 0x0000000087c00000| Untracked 
| 125|0x0000000087d00000, 0x0000000087d00000, 0x0000000087e00000|  0%| F|  |TAMS 0x0000000087d00000, 0x0000000087d00000| Untracked 
| 126|0x0000000087e00000, 0x0000000087e00000, 0x0000000087f00000|  0%| F|  |TAMS 0x0000000087e00000, 0x0000000087e00000| Untracked 
| 127|0x0000000087f00000, 0x0000000087f00000, 0x0000000088000000|  0%| F|  |TAMS 0x0000000087f00000, 0x0000000087f00000| Untracked 
| 128|0x0000000088000000, 0x0000000088000000, 0x0000000088100000|  0%| F|  |TAMS 0x0000000088000000, 0x0000000088000000| Untracked 
| 129|0x0000000088100000, 0x0000000088100000, 0x0000000088200000|  0%| F|  |TAMS 0x0000000088100000, 0x0000000088100000| Untracked 
| 130|0x0000000088200000, 0x0000000088200000, 0x0000000088300000|  0%| F|  |TAMS 0x0000000088200000, 0x0000000088200000| Untracked 
| 131|0x0000000088300000, 0x0000000088300000, 0x0000000088400000|  0%| F|  |TAMS 0x0000000088300000, 0x0000000088300000| Untracked 
| 132|0x0000000088400000, 0x0000000088400000, 0x0000000088500000|  0%| F|  |TAMS 0x0000000088400000, 0x0000000088400000| Untracked 
| 133|0x0000000088500000, 0x0000000088500000, 0x0000000088600000|  0%| F|  |TAMS 0x0000000088500000, 0x0000000088500000| Untracked 
| 134|0x0000000088600000, 0x0000000088600000, 0x0000000088700000|  0%| F|  |TAMS 0x0000000088600000, 0x0000000088600000| Untracked 
| 135|0x0000000088700000, 0x0000000088700000, 0x0000000088800000|  0%| F|  |TAMS 0x0000000088700000, 0x0000000088700000| Untracked 
| 136|0x0000000088800000, 0x0000000088800000, 0x0000000088900000|  0%| F|  |TAMS 0x0000000088800000, 0x0000000088800000| Untracked 
| 137|0x0000000088900000, 0x0000000088900000, 0x0000000088a00000|  0%| F|  |TAMS 0x0000000088900000, 0x0000000088900000| Untracked 
| 138|0x0000000088a00000, 0x0000000088a00000, 0x0000000088b00000|  0%| F|  |TAMS 0x0000000088a00000, 0x0000000088a00000| Untracked 
| 139|0x0000000088b00000, 0x0000000088b00000, 0x0000000088c00000|  0%| F|  |TAMS 0x0000000088b00000, 0x0000000088b00000| Untracked 
| 140|0x0000000088c00000, 0x0000000088c00000, 0x0000000088d00000|  0%| F|  |TAMS 0x0000000088c00000, 0x0000000088c00000| Untracked 
| 141|0x0000000088d00000, 0x0000000088d00000, 0x0000000088e00000|  0%| F|  |TAMS 0x0000000088d00000, 0x0000000088d00000| Untracked 
| 142|0x0000000088e00000, 0x0000000088e00000, 0x0000000088f00000|  0%| F|  |TAMS 0x0000000088e00000, 0x0000000088e00000| Untracked 
| 143|0x0000000088f00000, 0x0000000088f00000, 0x0000000089000000|  0%| F|  |TAMS 0x0000000088f00000, 0x0000000088f00000| Untracked 
| 144|0x0000000089000000, 0x0000000089000000, 0x0000000089100000|  0%| F|  |TAMS 0x0000000089000000, 0x0000000089000000| Untracked 
| 145|0x0000000089100000, 0x0000000089100000, 0x0000000089200000|  0%| F|  |TAMS 0x0000000089100000, 0x0000000089100000| Untracked 
| 146|0x0000000089200000, 0x0000000089200000, 0x0000000089300000|  0%| F|  |TAMS 0x0000000089200000, 0x0000000089200000| Untracked 
| 147|0x0000000089300000, 0x0000000089300000, 0x0000000089400000|  0%| F|  |TAMS 0x0000000089300000, 0x0000000089300000| Untracked 
| 148|0x0000000089400000, 0x0000000089400000, 0x0000000089500000|  0%| F|  |TAMS 0x0000000089400000, 0x0000000089400000| Untracked 
| 149|0x0000000089500000, 0x0000000089500000, 0x0000000089600000|  0%| F|  |TAMS 0x0000000089500000, 0x0000000089500000| Untracked 
| 150|0x0000000089600000, 0x0000000089600000, 0x0000000089700000|  0%| F|  |TAMS 0x0000000089600000, 0x0000000089600000| Untracked 
| 151|0x0000000089700000, 0x0000000089700000, 0x0000000089800000|  0%| F|  |TAMS 0x0000000089700000, 0x0000000089700000| Untracked 
| 152|0x0000000089800000, 0x0000000089800000, 0x0000000089900000|  0%| F|  |TAMS 0x0000000089800000, 0x0000000089800000| Untracked 
| 153|0x0000000089900000, 0x0000000089900000, 0x0000000089a00000|  0%| F|  |TAMS 0x0000000089900000, 0x0000000089900000| Untracked 
| 154|0x0000000089a00000, 0x0000000089a00000, 0x0000000089b00000|  0%| F|  |TAMS 0x0000000089a00000, 0x0000000089a00000| Untracked 
| 155|0x0000000089b00000, 0x0000000089b00000, 0x0000000089c00000|  0%| F|  |TAMS 0x0000000089b00000, 0x0000000089b00000| Untracked 
| 156|0x0000000089c00000, 0x0000000089c00000, 0x0000000089d00000|  0%| F|  |TAMS 0x0000000089c00000, 0x0000000089c00000| Untracked 
| 157|0x0000000089d00000, 0x0000000089d00000, 0x0000000089e00000|  0%| F|  |TAMS 0x0000000089d00000, 0x0000000089d00000| Untracked 
| 158|0x0000000089e00000, 0x0000000089e00000, 0x0000000089f00000|  0%| F|  |TAMS 0x0000000089e00000, 0x0000000089e00000| Untracked 
| 159|0x0000000089f00000, 0x0000000089f00000, 0x000000008a000000|  0%| F|  |TAMS 0x0000000089f00000, 0x0000000089f00000| Untracked 
| 160|0x000000008a000000, 0x000000008a000000, 0x000000008a100000|  0%| F|  |TAMS 0x000000008a000000, 0x000000008a000000| Untracked 
| 161|0x000000008a100000, 0x000000008a100000, 0x000000008a200000|  0%| F|  |TAMS 0x000000008a100000, 0x000000008a100000| Untracked 
| 162|0x000000008a200000, 0x000000008a200000, 0x000000008a300000|  0%| F|  |TAMS 0x000000008a200000, 0x000000008a200000| Untracked 
| 163|0x000000008a300000, 0x000000008a300000, 0x000000008a400000|  0%| F|  |TAMS 0x000000008a300000, 0x000000008a300000| Untracked 
| 164|0x000000008a400000, 0x000000008a400000, 0x000000008a500000|  0%| F|  |TAMS 0x000000008a400000, 0x000000008a400000| Untracked 
| 165|0x000000008a500000, 0x000000008a500000, 0x000000008a600000|  0%| F|  |TAMS 0x000000008a500000, 0x000000008a500000| Untracked 
| 166|0x000000008a600000, 0x000000008a600000, 0x000000008a700000|  0%| F|  |TAMS 0x000000008a600000, 0x000000008a600000| Untracked 
| 167|0x000000008a700000, 0x000000008a700000, 0x000000008a800000|  0%| F|  |TAMS 0x000000008a700000, 0x000000008a700000| Untracked 
| 168|0x000000008a800000, 0x000000008a800000, 0x000000008a900000|  0%| F|  |TAMS 0x000000008a800000, 0x000000008a800000| Untracked 
| 169|0x000000008a900000, 0x000000008a900000, 0x000000008aa00000|  0%| F|  |TAMS 0x000000008a900000, 0x000000008a900000| Untracked 
| 170|0x000000008aa00000, 0x000000008aa00000, 0x000000008ab00000|  0%| F|  |TAMS 0x000000008aa00000, 0x000000008aa00000| Untracked 
| 171|0x000000008ab00000, 0x000000008ab00000, 0x000000008ac00000|  0%| F|  |TAMS 0x000000008ab00000, 0x000000008ab00000| Untracked 
| 172|0x000000008ac00000, 0x000000008ac00000, 0x000000008ad00000|  0%| F|  |TAMS 0x000000008ac00000, 0x000000008ac00000| Untracked 
| 173|0x000000008ad00000, 0x000000008ad00000, 0x000000008ae00000|  0%| F|  |TAMS 0x000000008ad00000, 0x000000008ad00000| Untracked 
| 174|0x000000008ae00000, 0x000000008ae00000, 0x000000008af00000|  0%| F|  |TAMS 0x000000008ae00000, 0x000000008ae00000| Untracked 
| 175|0x000000008af00000, 0x000000008af00000, 0x000000008b000000|  0%| F|  |TAMS 0x000000008af00000, 0x000000008af00000| Untracked 
| 176|0x000000008b000000, 0x000000008b000000, 0x000000008b100000|  0%| F|  |TAMS 0x000000008b000000, 0x000000008b000000| Untracked 
| 177|0x000000008b100000, 0x000000008b100000, 0x000000008b200000|  0%| F|  |TAMS 0x000000008b100000, 0x000000008b100000| Untracked 
| 178|0x000000008b200000, 0x000000008b200000, 0x000000008b300000|  0%| F|  |TAMS 0x000000008b200000, 0x000000008b200000| Untracked 
| 179|0x000000008b300000, 0x000000008b300000, 0x000000008b400000|  0%| F|  |TAMS 0x000000008b300000, 0x000000008b300000| Untracked 
| 180|0x000000008b400000, 0x000000008b400000, 0x000000008b500000|  0%| F|  |TAMS 0x000000008b400000, 0x000000008b400000| Untracked 
| 181|0x000000008b500000, 0x000000008b500000, 0x000000008b600000|  0%| F|  |TAMS 0x000000008b500000, 0x000000008b500000| Untracked 
| 182|0x000000008b600000, 0x000000008b672df8, 0x000000008b700000| 44%| S|CS|TAMS 0x000000008b600000, 0x000000008b600000| Complete 
| 183|0x000000008b700000, 0x000000008b800000, 0x000000008b800000|100%| S|CS|TAMS 0x000000008b700000, 0x000000008b700000| Complete 
| 184|0x000000008b800000, 0x000000008b900000, 0x000000008b900000|100%| S|CS|TAMS 0x000000008b800000, 0x000000008b800000| Complete 
| 185|0x000000008b900000, 0x000000008ba00000, 0x000000008ba00000|100%| S|CS|TAMS 0x000000008b900000, 0x000000008b900000| Complete 
| 186|0x000000008ba00000, 0x000000008ba00000, 0x000000008bb00000|  0%| F|  |TAMS 0x000000008ba00000, 0x000000008ba00000| Untracked 
| 187|0x000000008bb00000, 0x000000008bb00000, 0x000000008bc00000|  0%| F|  |TAMS 0x000000008bb00000, 0x000000008bb00000| Untracked 
| 188|0x000000008bc00000, 0x000000008bc00000, 0x000000008bd00000|  0%| F|  |TAMS 0x000000008bc00000, 0x000000008bc00000| Untracked 
| 189|0x000000008bd00000, 0x000000008bd00000, 0x000000008be00000|  0%| F|  |TAMS 0x000000008bd00000, 0x000000008bd00000| Untracked 
| 190|0x000000008be00000, 0x000000008bf00000, 0x000000008bf00000|100%| E|CS|TAMS 0x000000008be00000, 0x000000008be00000| Complete 
| 191|0x000000008bf00000, 0x000000008c000000, 0x000000008c000000|100%| E|CS|TAMS 0x000000008bf00000, 0x000000008bf00000| Complete 
| 192|0x000000008c000000, 0x000000008c100000, 0x000000008c100000|100%| E|CS|TAMS 0x000000008c000000, 0x000000008c000000| Complete 
| 193|0x000000008c100000, 0x000000008c200000, 0x000000008c200000|100%| E|CS|TAMS 0x000000008c100000, 0x000000008c100000| Complete 
| 194|0x000000008c200000, 0x000000008c300000, 0x000000008c300000|100%| E|CS|TAMS 0x000000008c200000, 0x000000008c200000| Complete 
| 195|0x000000008c300000, 0x000000008c400000, 0x000000008c400000|100%| E|CS|TAMS 0x000000008c300000, 0x000000008c300000| Complete 
| 196|0x000000008c400000, 0x000000008c500000, 0x000000008c500000|100%| E|CS|TAMS 0x000000008c400000, 0x000000008c400000| Complete 
| 197|0x000000008c500000, 0x000000008c600000, 0x000000008c600000|100%| E|CS|TAMS 0x000000008c500000, 0x000000008c500000| Complete 
| 198|0x000000008c600000, 0x000000008c700000, 0x000000008c700000|100%| E|CS|TAMS 0x000000008c600000, 0x000000008c600000| Complete 
| 199|0x000000008c700000, 0x000000008c800000, 0x000000008c800000|100%| E|CS|TAMS 0x000000008c700000, 0x000000008c700000| Complete 
| 200|0x000000008c800000, 0x000000008c800000, 0x000000008c900000|  0%| F|  |TAMS 0x000000008c800000, 0x000000008c800000| Untracked 
| 201|0x000000008c900000, 0x000000008c900000, 0x000000008ca00000|  0%| F|  |TAMS 0x000000008c900000, 0x000000008c900000| Untracked 
| 202|0x000000008ca00000, 0x000000008ca00000, 0x000000008cb00000|  0%| F|  |TAMS 0x000000008ca00000, 0x000000008ca00000| Untracked 
| 203|0x000000008cb00000, 0x000000008cb00000, 0x000000008cc00000|  0%| F|  |TAMS 0x000000008cb00000, 0x000000008cb00000| Untracked 
| 204|0x000000008cc00000, 0x000000008cc00000, 0x000000008cd00000|  0%| F|  |TAMS 0x000000008cc00000, 0x000000008cc00000| Untracked 
| 205|0x000000008cd00000, 0x000000008cd00000, 0x000000008ce00000|  0%| F|  |TAMS 0x000000008cd00000, 0x000000008cd00000| Untracked 
| 206|0x000000008ce00000, 0x000000008ce00000, 0x000000008cf00000|  0%| F|  |TAMS 0x000000008ce00000, 0x000000008ce00000| Untracked 
| 207|0x000000008cf00000, 0x000000008cf00000, 0x000000008d000000|  0%| F|  |TAMS 0x000000008cf00000, 0x000000008cf00000| Untracked 
| 208|0x000000008d000000, 0x000000008d100000, 0x000000008d100000|100%| E|  |TAMS 0x000000008d000000, 0x000000008d000000| Complete 
| 209|0x000000008d100000, 0x000000008d200000, 0x000000008d200000|100%| E|CS|TAMS 0x000000008d100000, 0x000000008d100000| Complete 
| 210|0x000000008d200000, 0x000000008d300000, 0x000000008d300000|100%| E|CS|TAMS 0x000000008d200000, 0x000000008d200000| Complete 
| 211|0x000000008d300000, 0x000000008d400000, 0x000000008d400000|100%| E|CS|TAMS 0x000000008d300000, 0x000000008d300000| Complete 
| 212|0x000000008d400000, 0x000000008d500000, 0x000000008d500000|100%| E|CS|TAMS 0x000000008d400000, 0x000000008d400000| Complete 
| 213|0x000000008d500000, 0x000000008d600000, 0x000000008d600000|100%| E|CS|TAMS 0x000000008d500000, 0x000000008d500000| Complete 
| 214|0x000000008d600000, 0x000000008d700000, 0x000000008d700000|100%| E|CS|TAMS 0x000000008d600000, 0x000000008d600000| Complete 
| 215|0x000000008d700000, 0x000000008d800000, 0x000000008d800000|100%| E|CS|TAMS 0x000000008d700000, 0x000000008d700000| Complete 
| 216|0x000000008d800000, 0x000000008d900000, 0x000000008d900000|100%| E|CS|TAMS 0x000000008d800000, 0x000000008d800000| Complete 
| 217|0x000000008d900000, 0x000000008da00000, 0x000000008da00000|100%| E|CS|TAMS 0x000000008d900000, 0x000000008d900000| Complete 
| 218|0x000000008da00000, 0x000000008db00000, 0x000000008db00000|100%| E|CS|TAMS 0x000000008da00000, 0x000000008da00000| Complete 
| 219|0x000000008db00000, 0x000000008dc00000, 0x000000008dc00000|100%| E|CS|TAMS 0x000000008db00000, 0x000000008db00000| Complete 
| 220|0x000000008dc00000, 0x000000008dd00000, 0x000000008dd00000|100%| E|CS|TAMS 0x000000008dc00000, 0x000000008dc00000| Complete 
| 221|0x000000008dd00000, 0x000000008de00000, 0x000000008de00000|100%| E|CS|TAMS 0x000000008dd00000, 0x000000008dd00000| Complete 
| 222|0x000000008de00000, 0x000000008df00000, 0x000000008df00000|100%| E|CS|TAMS 0x000000008de00000, 0x000000008de00000| Complete 
| 223|0x000000008df00000, 0x000000008e000000, 0x000000008e000000|100%| E|CS|TAMS 0x000000008df00000, 0x000000008df00000| Complete 
| 224|0x000000008e000000, 0x000000008e100000, 0x000000008e100000|100%| E|CS|TAMS 0x000000008e000000, 0x000000008e000000| Complete 
| 225|0x000000008e100000, 0x000000008e200000, 0x000000008e200000|100%| E|CS|TAMS 0x000000008e100000, 0x000000008e100000| Complete 
| 226|0x000000008e200000, 0x000000008e300000, 0x000000008e300000|100%| E|CS|TAMS 0x000000008e200000, 0x000000008e200000| Complete 
| 227|0x000000008e300000, 0x000000008e400000, 0x000000008e400000|100%| E|CS|TAMS 0x000000008e300000, 0x000000008e300000| Complete 
| 228|0x000000008e400000, 0x000000008e500000, 0x000000008e500000|100%| E|CS|TAMS 0x000000008e400000, 0x000000008e400000| Complete 
| 229|0x000000008e500000, 0x000000008e600000, 0x000000008e600000|100%| E|CS|TAMS 0x000000008e500000, 0x000000008e500000| Complete 

Card table byte_map: [0x00000249f8560000,0x00000249f8960000] _byte_map_base: 0x00000249f8160000

Marking Bits (Prev, Next): (CMBitMap*) 0x00000249e16abf50, (CMBitMap*) 0x00000249e16abf10
 Prev Bits: [0x00000249fad60000, 0x00000249fcd60000)
 Next Bits: [0x00000249f8d60000, 0x00000249fad60000)

Polling page: 0x00000249df7f0000

Metaspace:

Usage:
  Non-class:     48.42 MB used.
      Class:      7.57 MB used.
       Both:     55.99 MB used.

Virtual space:
  Non-class space:       64.00 MB reserved,      48.81 MB ( 76%) committed,  1 nodes.
      Class space:        1.00 GB reserved,       7.88 MB ( <1%) committed,  1 nodes.
             Both:        1.06 GB reserved,      56.69 MB (  5%) committed. 

Chunk freelists:
   Non-Class:  14.53 MB
       Class:  8.09 MB
        Both:  22.63 MB

MaxMetaspaceSize: unlimited
CompressedClassSpaceSize: 1.00 GB
Initial GC threshold: 21.00 MB
Current GC threshold: 90.94 MB
CDS: on
MetaspaceReclaimPolicy: balanced
 - commit_granule_bytes: 65536.
 - commit_granule_words: 8192.
 - virtual_space_node_default_size: 8388608.
 - enlarge_chunks_in_place: 1.
 - new_chunks_are_fully_committed: 0.
 - uncommit_free_chunks: 1.
 - use_allocation_guard: 0.
 - handle_deallocations: 1.


Internal statistics:

num_allocs_failed_limit: 6.
num_arena_births: 700.
num_arena_deaths: 0.
num_vsnodes_births: 2.
num_vsnodes_deaths: 0.
num_space_committed: 907.
num_space_uncommitted: 0.
num_chunks_returned_to_freelist: 6.
num_chunks_taken_from_freelist: 2908.
num_chunk_merges: 6.
num_chunk_splits: 1928.
num_chunks_enlarged: 1302.
num_inconsistent_stats: 0.

CodeHeap 'non-profiled nmethods': size=120000Kb used=3538Kb max_used=3538Kb free=116461Kb
 bounds [0x00000249f0c30000, 0x00000249f0fb0000, 0x00000249f8160000]
CodeHeap 'profiled nmethods': size=120000Kb used=12892Kb max_used=12892Kb free=107107Kb
 bounds [0x00000249e9160000, 0x00000249e9e00000, 0x00000249f0690000]
CodeHeap 'non-nmethods': size=5760Kb used=2356Kb max_used=2398Kb free=3403Kb
 bounds [0x00000249f0690000, 0x00000249f0900000, 0x00000249f0c30000]
 total_blobs=7359 nmethods=6478 adapters=793
 compilation: enabled
              stopped_count=0, restarted_count=0
 full_count=0

Compilation events (20 events):
Event: 13.131 Thread 0x00000249ff254c50 7272       1       org.objectweb.asm.SymbolTable::getClassName (5 bytes)
Event: 13.131 Thread 0x00000249ff254c50 nmethod 7272 0x00000249f0f9d510 code [0x00000249f0f9d6a0, 0x00000249f0f9d778]
Event: 13.132 Thread 0x00000249ff254c50 7273       3       org.objectweb.asm.Type::getOpcode (284 bytes)
Event: 13.132 Thread 0x00000249ff254c50 nmethod 7273 0x00000249e9de4590 code [0x00000249e9de4820, 0x00000249e9de5518]
Event: 13.156 Thread 0x00000249ff254c50 7275       3       org.gradle.internal.instantiation.generator.AbstractClassGenerator$ExtensibleTypePropertyHandler::applyTo (228 bytes)
Event: 13.157 Thread 0x00000249ff254c50 nmethod 7275 0x00000249e9de5810 code [0x00000249e9de5be0, 0x00000249e9de7978]
Event: 13.157 Thread 0x00000249ff254c50 7276       3       java.lang.ThreadLocal::<init> (12 bytes)
Event: 13.158 Thread 0x00000249ff254c50 nmethod 7276 0x00000249e9de8210 code [0x00000249e9de83c0, 0x00000249e9de85e8]
Event: 13.158 Thread 0x00000249ff254c50 7277       3       java.lang.ThreadLocal::nextHashCode (9 bytes)
Event: 13.158 Thread 0x00000249ff254c50 nmethod 7277 0x00000249e9de8710 code [0x00000249e9de88c0, 0x00000249e9de8a08]
Event: 13.158 Thread 0x00000249ff254c50 7278       1       org.gradle.model.internal.asm.AsmClassGenerator::getTargetType (5 bytes)
Event: 13.158 Thread 0x00000249ff254c50 nmethod 7278 0x00000249f0f9d810 code [0x00000249f0f9d9a0, 0x00000249f0f9da78]
Event: 13.158 Thread 0x00000249ff254c50 7279       1       org.gradle.internal.instantiation.generator.AsmBackedClassGenerator$ClassBuilderImpl::access$7500 (5 bytes)
Event: 13.158 Thread 0x00000249ff254c50 nmethod 7279 0x00000249f0f9db10 code [0x00000249f0f9dca0, 0x00000249f0f9dd58]
Event: 13.158 Thread 0x00000249ff254c50 7280       1       org.gradle.internal.instantiation.generator.AsmBackedClassGenerator$ClassBuilderImpl::access$7600 (5 bytes)
Event: 13.158 Thread 0x00000249ff254c50 nmethod 7280 0x00000249f0f9de10 code [0x00000249f0f9dfa0, 0x00000249f0f9e058]
Event: 13.158 Thread 0x00000249ff254c50 7281       1       org.gradle.internal.instantiation.generator.AsmBackedClassGenerator$ClassBuilderImpl::access$4200 (5 bytes)
Event: 13.158 Thread 0x00000249ff254c50 nmethod 7281 0x00000249f0f9e110 code [0x00000249f0f9e2a0, 0x00000249f0f9e358]
Event: 13.164 Thread 0x00000249ff254c50 7282       3       org.gradle.model.internal.asm.ClassVisitorScope::privateSyntheticMethod (12 bytes)
Event: 13.164 Thread 0x00000249ff254c50 nmethod 7282 0x00000249e9de8b10 code [0x00000249e9de8cc0, 0x00000249e9de8e28]

GC Heap History (20 events):
Event: 7.119 GC heap before
{Heap before GC invocations=5 (full 0):
 garbage-first heap   total 194560K, used 158657K [0x0000000080000000, 0x0000000100000000)
  region size 1024K, 114 young (116736K), 15 survivors (15360K)
 Metaspace       used 35434K, committed 35904K, reserved 1114112K
  class space    used 4932K, committed 5120K, reserved 1048576K
}
Event: 7.144 GC heap after
{Heap after GC invocations=6 (full 0):
 garbage-first heap   total 194560K, used 63573K [0x0000000080000000, 0x0000000100000000)
  region size 1024K, 9 young (9216K), 9 survivors (9216K)
 Metaspace       used 35434K, committed 35904K, reserved 1114112K
  class space    used 4932K, committed 5120K, reserved 1048576K
}
Event: 7.174 GC heap before
{Heap before GC invocations=6 (full 0):
 garbage-first heap   total 194560K, used 64597K [0x0000000080000000, 0x0000000100000000)
  region size 1024K, 11 young (11264K), 9 survivors (9216K)
 Metaspace       used 35587K, committed 35968K, reserved 1114112K
  class space    used 4956K, committed 5120K, reserved 1048576K
}
Event: 7.182 GC heap after
{Heap after GC invocations=7 (full 0):
 garbage-first heap   total 194560K, used 64112K [0x0000000080000000, 0x0000000100000000)
  region size 1024K, 2 young (2048K), 2 survivors (2048K)
 Metaspace       used 35587K, committed 35968K, reserved 1114112K
  class space    used 4956K, committed 5120K, reserved 1048576K
}
Event: 8.499 GC heap before
{Heap before GC invocations=8 (full 0):
 garbage-first heap   total 194560K, used 141936K [0x0000000080000000, 0x0000000100000000)
  region size 1024K, 57 young (58368K), 2 survivors (2048K)
 Metaspace       used 39989K, committed 40576K, reserved 1114112K
  class space    used 5513K, committed 5824K, reserved 1048576K
}
Event: 8.506 GC heap after
{Heap after GC invocations=9 (full 0):
 garbage-first heap   total 194560K, used 91783K [0x0000000080000000, 0x0000000100000000)
  region size 1024K, 8 young (8192K), 8 survivors (8192K)
 Metaspace       used 39989K, committed 40576K, reserved 1114112K
  class space    used 5513K, committed 5824K, reserved 1048576K
}
Event: 8.514 GC heap before
{Heap before GC invocations=9 (full 0):
 garbage-first heap   total 194560K, used 97927K [0x0000000080000000, 0x0000000100000000)
  region size 1024K, 9 young (9216K), 8 survivors (8192K)
 Metaspace       used 39989K, committed 40576K, reserved 1114112K
  class space    used 5513K, committed 5824K, reserved 1048576K
}
Event: 8.520 GC heap after
{Heap after GC invocations=10 (full 0):
 garbage-first heap   total 194560K, used 97849K [0x0000000080000000, 0x0000000100000000)
  region size 1024K, 1 young (1024K), 1 survivors (1024K)
 Metaspace       used 39989K, committed 40576K, reserved 1114112K
  class space    used 5513K, committed 5824K, reserved 1048576K
}
Event: 9.696 GC heap before
{Heap before GC invocations=11 (full 0):
 garbage-first heap   total 194560K, used 157241K [0x0000000080000000, 0x0000000100000000)
  region size 1024K, 58 young (59392K), 1 survivors (1024K)
 Metaspace       used 43777K, committed 44416K, reserved 1114112K
  class space    used 6058K, committed 6336K, reserved 1048576K
}
Event: 9.703 GC heap after
{Heap after GC invocations=12 (full 0):
 garbage-first heap   total 194560K, used 102739K [0x0000000080000000, 0x0000000100000000)
  region size 1024K, 4 young (4096K), 4 survivors (4096K)
 Metaspace       used 43777K, committed 44416K, reserved 1114112K
  class space    used 6058K, committed 6336K, reserved 1048576K
}
Event: 9.923 GC heap before
{Heap before GC invocations=12 (full 0):
 garbage-first heap   total 194560K, used 112979K [0x0000000080000000, 0x0000000100000000)
  region size 1024K, 16 young (16384K), 4 survivors (4096K)
 Metaspace       used 44143K, committed 44800K, reserved 1114112K
  class space    used 6096K, committed 6400K, reserved 1048576K
}
Event: 9.931 GC heap after
{Heap after GC invocations=13 (full 0):
 garbage-first heap   total 194560K, used 103061K [0x0000000080000000, 0x0000000100000000)
  region size 1024K, 5 young (5120K), 5 survivors (5120K)
 Metaspace       used 44143K, committed 44800K, reserved 1114112K
  class space    used 6096K, committed 6400K, reserved 1048576K
}
Event: 10.055 GC heap before
{Heap before GC invocations=14 (full 0):
 garbage-first heap   total 194560K, used 115349K [0x0000000080000000, 0x0000000100000000)
  region size 1024K, 12 young (12288K), 5 survivors (5120K)
 Metaspace       used 44159K, committed 44800K, reserved 1114112K
  class space    used 6096K, committed 6400K, reserved 1048576K
}
Event: 10.060 GC heap after
{Heap after GC invocations=15 (full 0):
 garbage-first heap   total 194560K, used 115943K [0x0000000080000000, 0x0000000100000000)
  region size 1024K, 8 young (8192K), 8 survivors (8192K)
 Metaspace       used 44159K, committed 44800K, reserved 1114112K
  class space    used 6096K, committed 6400K, reserved 1048576K
}
Event: 10.696 GC heap before
{Heap before GC invocations=16 (full 0):
 garbage-first heap   total 203776K, used 143591K [0x0000000080000000, 0x0000000100000000)
  region size 1024K, 34 young (34816K), 8 survivors (8192K)
 Metaspace       used 47066K, committed 47680K, reserved 1114112K
  class space    used 6491K, committed 6784K, reserved 1048576K
}
Event: 10.704 GC heap after
{Heap after GC invocations=17 (full 0):
 garbage-first heap   total 203776K, used 118330K [0x0000000080000000, 0x0000000100000000)
  region size 1024K, 3 young (3072K), 3 survivors (3072K)
 Metaspace       used 47066K, committed 47680K, reserved 1114112K
  class space    used 6491K, committed 6784K, reserved 1048576K
}
Event: 11.371 GC heap before
{Heap before GC invocations=17 (full 0):
 garbage-first heap   total 203776K, used 150074K [0x0000000080000000, 0x0000000100000000)
  region size 1024K, 34 young (34816K), 3 survivors (3072K)
 Metaspace       used 51723K, committed 52416K, reserved 1114112K
  class space    used 7046K, committed 7360K, reserved 1048576K
}
Event: 11.378 GC heap after
{Heap after GC invocations=18 (full 0):
 garbage-first heap   total 203776K, used 119462K [0x0000000080000000, 0x0000000100000000)
  region size 1024K, 4 young (4096K), 4 survivors (4096K)
 Metaspace       used 51723K, committed 52416K, reserved 1114112K
  class space    used 7046K, committed 7360K, reserved 1048576K
}
Event: 12.295 GC heap before
{Heap before GC invocations=19 (full 0):
 garbage-first heap   total 206848K, used 134822K [0x0000000080000000, 0x0000000100000000)
  region size 1024K, 20 young (20480K), 4 survivors (4096K)
 Metaspace       used 55169K, committed 55872K, reserved 1114112K
  class space    used 7479K, committed 7808K, reserved 1048576K
}
Event: 12.304 GC heap after
{Heap after GC invocations=20 (full 0):
 garbage-first heap   total 206848K, used 121379K [0x0000000080000000, 0x0000000100000000)
  region size 1024K, 4 young (4096K), 4 survivors (4096K)
 Metaspace       used 55169K, committed 55872K, reserved 1114112K
  class space    used 7479K, committed 7808K, reserved 1048576K
}

Dll operation events (12 events):
Event: 0.007 Loaded shared library C:\Users\wefer\.jdks\corretto-17.0.7\bin\java.dll
Event: 0.016 Loaded shared library C:\Users\wefer\.jdks\corretto-17.0.7\bin\jsvml.dll
Event: 0.078 Loaded shared library C:\Users\wefer\.jdks\corretto-17.0.7\bin\net.dll
Event: 0.080 Loaded shared library C:\Users\wefer\.jdks\corretto-17.0.7\bin\nio.dll
Event: 0.086 Loaded shared library C:\Users\wefer\.jdks\corretto-17.0.7\bin\zip.dll
Event: 0.343 Loaded shared library C:\Users\wefer\.jdks\corretto-17.0.7\bin\jimage.dll
Event: 0.445 Loaded shared library C:\Users\wefer\.jdks\corretto-17.0.7\bin\verify.dll
Event: 0.639 Loaded shared library C:\Users\wefer\.gradle\native\68d5fa5c4cc2d200863cafc0d521ce42e7d3e7ee720ec0a83991735586a16f82\windows-amd64\native-platform.dll
Event: 0.645 Loaded shared library C:\Users\wefer\.gradle\native\e376f236ea51e6404a007f0833ffe2c6e607c4080706a723a18a27aeea778392\windows-amd64\native-platform-file-events.dll
Event: 1.593 Loaded shared library C:\Users\wefer\.jdks\corretto-17.0.7\bin\management.dll
Event: 1.596 Loaded shared library C:\Users\wefer\.jdks\corretto-17.0.7\bin\management_ext.dll
Event: 2.213 Loaded shared library C:\Users\wefer\.jdks\corretto-17.0.7\bin\sunmscapi.dll

Deoptimization events (20 events):
Event: 12.385 Thread 0x00000249855591f0 DEOPT PACKING pc=0x00000249e9d66cc8 sp=0x000000a609ff1b90
Event: 12.385 Thread 0x00000249855591f0 DEOPT UNPACKING pc=0x00000249f06e7143 sp=0x000000a609ff1010 mode 0
Event: 12.385 Thread 0x00000249855591f0 DEOPT PACKING pc=0x00000249e9d618e6 sp=0x000000a609ff1ab0
Event: 12.385 Thread 0x00000249855591f0 DEOPT UNPACKING pc=0x00000249f06e7143 sp=0x000000a609ff0f30 mode 0
Event: 12.385 Thread 0x00000249855591f0 DEOPT PACKING pc=0x00000249e9d66cc8 sp=0x000000a609ff1b40
Event: 12.385 Thread 0x00000249855591f0 DEOPT UNPACKING pc=0x00000249f06e7143 sp=0x000000a609ff0f98 mode 0
Event: 12.386 Thread 0x00000249855591f0 DEOPT PACKING pc=0x00000249e9d66cc8 sp=0x000000a609ff1b40
Event: 12.386 Thread 0x00000249855591f0 DEOPT UNPACKING pc=0x00000249f06e7143 sp=0x000000a609ff0f98 mode 0
Event: 12.437 Thread 0x00000249855591f0 Uncommon trap: trap_request=0xffffff45 fr.pc=0x00000249f0e57584 relative=0x0000000000000264
Event: 12.437 Thread 0x00000249855591f0 Uncommon trap: reason=unstable_if action=reinterpret pc=0x00000249f0e57584 method=java.util.jar.JarFile.maybeInstantiateVerifier()V @ 4 c2
Event: 12.437 Thread 0x00000249855591f0 DEOPT PACKING pc=0x00000249f0e57584 sp=0x000000a609ff2800
Event: 12.437 Thread 0x00000249855591f0 DEOPT UNPACKING pc=0x00000249f06e69a3 sp=0x000000a609ff26f8 mode 2
Event: 12.440 Thread 0x00000249855591f0 Uncommon trap: trap_request=0xffffff45 fr.pc=0x00000249f0e25994 relative=0x00000000000001f4
Event: 12.440 Thread 0x00000249855591f0 Uncommon trap: reason=unstable_if action=reinterpret pc=0x00000249f0e25994 method=java.util.jar.JarFile.maybeInstantiateVerifier()V @ 4 c2
Event: 12.440 Thread 0x00000249855591f0 DEOPT PACKING pc=0x00000249f0e25994 sp=0x000000a609ff0ca0
Event: 12.440 Thread 0x00000249855591f0 DEOPT UNPACKING pc=0x00000249f06e69a3 sp=0x000000a609ff0bf8 mode 2
Event: 12.755 Thread 0x00000249855591f0 Uncommon trap: trap_request=0xffffff45 fr.pc=0x00000249f0f53f48 relative=0x0000000000002c48
Event: 12.755 Thread 0x00000249855591f0 Uncommon trap: reason=unstable_if action=reinterpret pc=0x00000249f0f53f48 method=java.util.regex.Pattern.compile()V @ 133 c2
Event: 12.755 Thread 0x00000249855591f0 DEOPT PACKING pc=0x00000249f0f53f48 sp=0x000000a609ff5a80
Event: 12.755 Thread 0x00000249855591f0 DEOPT UNPACKING pc=0x00000249f06e69a3 sp=0x000000a609ff5a68 mode 2

Classes unloaded (0 events):
No events

Classes redefined (0 events):
No events

Internal exceptions (20 events):
Event: 10.086 Thread 0x00000249855591f0 Exception <a 'java/lang/ClassNotFoundException'{0x000000008dec88b0}: org/gradle/api/tasks/DeleteBeanInfo> (0x000000008dec88b0) 
thrown [s\src\hotspot\share\classfile\systemDictionary.cpp, line 256]
Event: 10.087 Thread 0x00000249855591f0 Exception <a 'java/lang/ClassNotFoundException'{0x000000008dedddd0}: org/gradle/api/internal/ConventionTaskBeanInfo> (0x000000008dedddd0) 
thrown [s\src\hotspot\share\classfile\systemDictionary.cpp, line 256]
Event: 10.088 Thread 0x00000249855591f0 Exception <a 'java/lang/ClassNotFoundException'{0x000000008def34d8}: org/gradle/api/DefaultTaskBeanInfo> (0x000000008def34d8) 
thrown [s\src\hotspot\share\classfile\systemDictionary.cpp, line 256]
Event: 10.089 Thread 0x00000249855591f0 Exception <a 'java/lang/ClassNotFoundException'{0x000000008bb09288}: org/gradle/api/internal/AbstractTaskBeanInfo> (0x000000008bb09288) 
thrown [s\src\hotspot\share\classfile\systemDictionary.cpp, line 256]
Event: 10.090 Thread 0x00000249855591f0 Exception <a 'java/lang/ClassNotFoundException'{0x000000008bb1ed68}: org/gradle/api/internal/AbstractTaskCustomizer> (0x000000008bb1ed68) 
thrown [s\src\hotspot\share\classfile\systemDictionary.cpp, line 256]
Event: 10.104 Thread 0x00000249855591f0 Exception <a 'java/lang/ClassNotFoundException'{0x000000008bb8a0a0}: org/gradle/api/DefaultTaskCustomizer> (0x000000008bb8a0a0) 
thrown [s\src\hotspot\share\classfile\systemDictionary.cpp, line 256]
Event: 10.108 Thread 0x00000249855591f0 Exception <a 'java/lang/ClassNotFoundException'{0x000000008bbfb5f0}: org/gradle/api/internal/ConventionTaskCustomizer> (0x000000008bbfb5f0) 
thrown [s\src\hotspot\share\classfile\systemDictionary.cpp, line 256]
Event: 10.110 Thread 0x00000249855591f0 Exception <a 'java/lang/ClassNotFoundException'{0x000000008ba1eeb8}: org/gradle/api/tasks/DeleteCustomizer> (0x000000008ba1eeb8) 
thrown [s\src\hotspot\share\classfile\systemDictionary.cpp, line 256]
Event: 10.112 Thread 0x00000249855591f0 Exception <a 'java/lang/ClassNotFoundException'{0x000000008ba46ce0}: org/gradle/api/tasks/Delete_DecoratedCustomizer> (0x000000008ba46ce0) 
thrown [s\src\hotspot\share\classfile\systemDictionary.cpp, line 256]
Event: 10.170 Thread 0x00000249855591f0 Exception <a 'java/lang/ClassNotFoundException'{0x000000008c44a588}: build_4st69x2jwb1wpejaqk2n3lnypBeanInfo> (0x000000008c44a588) 
thrown [s\src\hotspot\share\classfile\systemDictionary.cpp, line 256]
Event: 10.170 Thread 0x00000249855591f0 Exception <a 'java/lang/ClassNotFoundException'{0x000000008c450e08}: build_4st69x2jwb1wpejaqk2n3lnypCustomizer> (0x000000008c450e08) 
thrown [s\src\hotspot\share\classfile\systemDictionary.cpp, line 256]
Event: 10.397 Thread 0x00000249855591f0 Exception <a 'java/lang/NoSuchMethodError'{0x000000008b169960}: 'java.lang.Object java.lang.invoke.DirectMethodHandle$Holder.newInvokeSpecial(java.lang.Object, java.lang.Object, java.lang.Object, java.lang.Object, int)'> (0x000000008b169960) 
thrown [s\src\hotspot\share\interpreter\linkResolver.cpp, line 759]
Event: 10.397 Thread 0x00000249855591f0 Exception <a 'java/lang/NoSuchMethodError'{0x000000008b16eff0}: 'java.lang.Object java.lang.invoke.DirectMethodHandle$Holder.invokeSpecial(java.lang.Object, java.lang.Object, java.lang.Object, java.lang.Object, java.lang.Object, int)'> (0x000000008b16eff0) 
thrown [s\src\hotspot\share\interpreter\linkResolver.cpp, line 759]
Event: 10.398 Thread 0x00000249855591f0 Exception <a 'java/lang/NoSuchMethodError'{0x000000008b173d70}: 'java.lang.Object java.lang.invoke.Invokers$Holder.linkToTargetMethod(java.lang.Object, java.lang.Object, java.lang.Object, int, java.lang.Object)'> (0x000000008b173d70) 
thrown [s\src\hotspot\share\interpreter\linkResolver.cpp, line 759]
Event: 10.819 Thread 0x00000249855591f0 Exception <a 'java/lang/NoSuchMethodError'{0x000000008c23d960}: 'int java.lang.invoke.DirectMethodHandle$Holder.invokeInterface(java.lang.Object, java.lang.Object, java.lang.Object, java.lang.Object)'> (0x000000008c23d960) 
thrown [s\src\hotspot\share\interpreter\linkResolver.cpp, line 759]
Event: 11.495 Thread 0x00000249855591f0 Exception <a 'java/lang/IncompatibleClassChangeError'{0x000000008c45e490}: Found class java.lang.Object, but interface was expected> (0x000000008c45e490) 
thrown [s\src\hotspot\share\interpreter\linkResolver.cpp, line 826]
Event: 11.721 Thread 0x00000249855591f0 Implicit null exception at 0x00000249f0d427d9 to 0x00000249f0d42974
Event: 11.721 Thread 0x00000249855591f0 Implicit null exception at 0x00000249f0e72f45 to 0x00000249f0e74b08
Event: 12.053 Thread 0x00000249855591f0 Implicit null exception at 0x00000249f0e31d0c to 0x00000249f0e31e3e
Event: 12.509 Thread 0x00000249855591f0 Exception <a 'sun/nio/fs/WindowsException'{0x000000008e401660}> (0x000000008e401660) 
thrown [s\src\hotspot\share\prims\jni.cpp, line 516]

VM Operations (20 events):
Event: 10.806 Executing VM operation: HandshakeAllThreads
Event: 10.806 Executing VM operation: HandshakeAllThreads done
Event: 10.817 Executing VM operation: HandshakeAllThreads
Event: 10.817 Executing VM operation: HandshakeAllThreads done
Event: 11.371 Executing VM operation: G1CollectForAllocation
Event: 11.380 Executing VM operation: G1CollectForAllocation done
Event: 11.472 Executing VM operation: G1Concurrent
Event: 11.479 Executing VM operation: G1Concurrent done
Event: 11.521 Executing VM operation: G1Concurrent
Event: 11.521 Executing VM operation: G1Concurrent done
Event: 11.978 Executing VM operation: HandshakeAllThreads
Event: 11.978 Executing VM operation: HandshakeAllThreads done
Event: 12.295 Executing VM operation: G1TryInitiateConcMark
Event: 12.307 Executing VM operation: G1TryInitiateConcMark done
Event: 12.358 Executing VM operation: HandshakeAllThreads
Event: 12.382 Executing VM operation: HandshakeAllThreads done
Event: 12.405 Executing VM operation: G1Concurrent
Event: 12.411 Executing VM operation: G1Concurrent done
Event: 12.454 Executing VM operation: G1Concurrent
Event: 12.475 Executing VM operation: G1Concurrent done

Events (20 events):
Event: 12.139 loading class sun/security/rsa/RSASignature$SHA256withRSA
Event: 12.139 loading class sun/security/rsa/RSASignature$SHA256withRSA done
Event: 12.141 loading class sun/security/provider/DSA$SHA256withDSA
Event: 12.141 loading class sun/security/provider/DSA$SHA256withDSA done
Event: 12.245 loading class java/util/concurrent/LinkedBlockingDeque$Itr
Event: 12.245 loading class java/util/concurrent/LinkedBlockingDeque$AbstractItr
Event: 12.245 loading class java/util/concurrent/LinkedBlockingDeque$AbstractItr done
Event: 12.245 loading class java/util/concurrent/LinkedBlockingDeque$Itr done
Event: 12.260 loading class java/util/Base64
Event: 12.261 loading class java/util/Base64 done
Event: 12.261 loading class java/util/Base64$Decoder
Event: 12.261 loading class java/util/Base64$Decoder done
Event: 12.261 loading class java/util/Base64$Encoder
Event: 12.261 loading class java/util/Base64$Encoder done
Event: 12.262 loading class java/util/jar/JarVerifier$VerifierStream
Event: 12.264 loading class java/util/jar/JarVerifier$VerifierStream done
Event: 12.264 loading class sun/security/util/ManifestEntryVerifier$SunProviderHolder
Event: 12.264 loading class sun/security/util/ManifestEntryVerifier$SunProviderHolder done
Event: 12.440 loading class java/security/KeyStore$ProtectionParameter
Event: 12.440 loading class java/security/KeyStore$ProtectionParameter done


Dynamic libraries:
0x00007ff65fed0000 - 0x00007ff65fedd000 	C:\Users\wefer\.jdks\corretto-17.0.7\bin\java.exe
0x00007ffcb9cf0000 - 0x00007ffcb9f04000 	C:\WINDOWS\SYSTEM32\ntdll.dll
0x00007ffcb89d0000 - 0x00007ffcb8a92000 	C:\WINDOWS\System32\KERNEL32.DLL
0x00007ffcb7510000 - 0x00007ffcb78b3000 	C:\WINDOWS\System32\KERNELBASE.dll
0x00007ffcb7110000 - 0x00007ffcb7221000 	C:\WINDOWS\System32\ucrtbase.dll
0x00007ffcaad50000 - 0x00007ffcaad65000 	C:\Users\wefer\.jdks\corretto-17.0.7\bin\VCRUNTIME140.dll
0x00007ffcae060000 - 0x00007ffcae077000 	C:\Users\wefer\.jdks\corretto-17.0.7\bin\jli.dll
0x00007ffcb7af0000 - 0x00007ffcb7c9b000 	C:\WINDOWS\System32\USER32.dll
0x00007ffcb7420000 - 0x00007ffcb7446000 	C:\WINDOWS\System32\win32u.dll
0x00007ffca2ec0000 - 0x00007ffca314e000 	C:\WINDOWS\WinSxS\amd64_microsoft.windows.common-controls_6595b64144ccf1df_6.0.22621.1635_none_270f70857386168e\COMCTL32.dll
0x00007ffcb8b50000 - 0x00007ffcb8b79000 	C:\WINDOWS\System32\GDI32.dll
0x00007ffcb8aa0000 - 0x00007ffcb8b47000 	C:\WINDOWS\System32\msvcrt.dll
0x00007ffcb78c0000 - 0x00007ffcb79d8000 	C:\WINDOWS\System32\gdi32full.dll
0x00007ffcb79e0000 - 0x00007ffcb7a7a000 	C:\WINDOWS\System32\msvcp_win.dll
0x00007ffcb9c70000 - 0x00007ffcb9ca1000 	C:\WINDOWS\System32\IMM32.DLL
0x00007ffc9b150000 - 0x00007ffc9b1eb000 	C:\Users\wefer\.jdks\corretto-17.0.7\bin\msvcp140.dll
0x00007ffc76f00000 - 0x00007ffc77b1a000 	C:\Users\wefer\.jdks\corretto-17.0.7\bin\server\jvm.dll
0x00007ffcb9740000 - 0x00007ffcb97ee000 	C:\WINDOWS\System32\ADVAPI32.dll
0x00007ffcb86a0000 - 0x00007ffcb8744000 	C:\WINDOWS\System32\sechost.dll
0x00007ffcb93d0000 - 0x00007ffcb94e7000 	C:\WINDOWS\System32\RPCRT4.dll
0x00007ffc9fb10000 - 0x00007ffc9fb19000 	C:\WINDOWS\SYSTEM32\WSOCK32.dll
0x00007ffcb0e10000 - 0x00007ffcb0e44000 	C:\WINDOWS\SYSTEM32\WINMM.dll
0x00007ffcb7cc0000 - 0x00007ffcb7d31000 	C:\WINDOWS\System32\WS2_32.dll
0x00007ffcae050000 - 0x00007ffcae05a000 	C:\WINDOWS\SYSTEM32\VERSION.dll
0x00007ffcb6160000 - 0x00007ffcb6178000 	C:\WINDOWS\SYSTEM32\kernel.appcore.dll
0x00007ffcb18d0000 - 0x00007ffcb18da000 	C:\Users\wefer\.jdks\corretto-17.0.7\bin\jimage.dll
0x00007ffcaf750000 - 0x00007ffcaf97e000 	C:\WINDOWS\SYSTEM32\DBGHELP.DLL
0x00007ffcb8f00000 - 0x00007ffcb9289000 	C:\WINDOWS\System32\combase.dll
0x00007ffcb9290000 - 0x00007ffcb9367000 	C:\WINDOWS\System32\OLEAUT32.dll
0x00007ffcaf6f0000 - 0x00007ffcaf722000 	C:\WINDOWS\SYSTEM32\dbgcore.DLL
0x00007ffcb7230000 - 0x00007ffcb72ab000 	C:\WINDOWS\System32\bcryptPrimitives.dll
0x00007ffca0240000 - 0x00007ffca0265000 	C:\Users\wefer\.jdks\corretto-17.0.7\bin\java.dll
0x00007ffc998b0000 - 0x00007ffc99986000 	C:\Users\wefer\.jdks\corretto-17.0.7\bin\jsvml.dll
0x00007ffcb7d40000 - 0x00007ffcb853a000 	C:\WINDOWS\System32\SHELL32.dll
0x00007ffcb5110000 - 0x00007ffcb59de000 	C:\WINDOWS\SYSTEM32\windows.storage.dll
0x00007ffcb4fd0000 - 0x00007ffcb510e000 	C:\WINDOWS\SYSTEM32\wintypes.dll
0x00007ffcb8540000 - 0x00007ffcb8631000 	C:\WINDOWS\System32\SHCORE.dll
0x00007ffcb8640000 - 0x00007ffcb869e000 	C:\WINDOWS\System32\shlwapi.dll
0x00007ffcb7040000 - 0x00007ffcb7061000 	C:\WINDOWS\SYSTEM32\profapi.dll
0x00007ffcaad30000 - 0x00007ffcaad49000 	C:\Users\wefer\.jdks\corretto-17.0.7\bin\net.dll
0x00007ffcb0890000 - 0x00007ffcb09c7000 	C:\WINDOWS\SYSTEM32\WINHTTP.dll
0x00007ffcb65d0000 - 0x00007ffcb6639000 	C:\WINDOWS\system32\mswsock.dll
0x00007ffc9ec80000 - 0x00007ffc9ec95000 	C:\Users\wefer\.jdks\corretto-17.0.7\bin\nio.dll
0x00007ffc9e700000 - 0x00007ffc9e718000 	C:\Users\wefer\.jdks\corretto-17.0.7\bin\zip.dll
0x00007ffcb1840000 - 0x00007ffcb1850000 	C:\Users\wefer\.jdks\corretto-17.0.7\bin\verify.dll
0x00007ffcae520000 - 0x00007ffcae547000 	C:\Users\wefer\.gradle\native\68d5fa5c4cc2d200863cafc0d521ce42e7d3e7ee720ec0a83991735586a16f82\windows-amd64\native-platform.dll
0x00007ffc93290000 - 0x00007ffc933d4000 	C:\Users\wefer\.gradle\native\e376f236ea51e6404a007f0833ffe2c6e607c4080706a723a18a27aeea778392\windows-amd64\native-platform-file-events.dll
0x00007ffcb1670000 - 0x00007ffcb1679000 	C:\Users\wefer\.jdks\corretto-17.0.7\bin\management.dll
0x00007ffcb1420000 - 0x00007ffcb142b000 	C:\Users\wefer\.jdks\corretto-17.0.7\bin\management_ext.dll
0x00007ffcb94f0000 - 0x00007ffcb94f8000 	C:\WINDOWS\System32\PSAPI.DLL
0x00007ffcb6830000 - 0x00007ffcb684b000 	C:\WINDOWS\SYSTEM32\CRYPTSP.dll
0x00007ffcb60d0000 - 0x00007ffcb6105000 	C:\WINDOWS\system32\rsaenh.dll
0x00007ffcb66d0000 - 0x00007ffcb66f8000 	C:\WINDOWS\SYSTEM32\USERENV.dll
0x00007ffcb69d0000 - 0x00007ffcb69f8000 	C:\WINDOWS\SYSTEM32\bcrypt.dll
0x00007ffcb6850000 - 0x00007ffcb685c000 	C:\WINDOWS\SYSTEM32\CRYPTBASE.dll
0x00007ffcb5c40000 - 0x00007ffcb5c6d000 	C:\WINDOWS\SYSTEM32\IPHLPAPI.DLL
0x00007ffcb8ef0000 - 0x00007ffcb8ef9000 	C:\WINDOWS\System32\NSI.dll
0x00007ffcb0870000 - 0x00007ffcb0889000 	C:\WINDOWS\SYSTEM32\dhcpcsvc6.DLL
0x00007ffcb0850000 - 0x00007ffcb086f000 	C:\WINDOWS\SYSTEM32\dhcpcsvc.DLL
0x00007ffcb5c70000 - 0x00007ffcb5d63000 	C:\WINDOWS\SYSTEM32\DNSAPI.dll
0x00007ffcb1920000 - 0x00007ffcb192e000 	C:\Users\wefer\.jdks\corretto-17.0.7\bin\sunmscapi.dll
0x00007ffcb72b0000 - 0x00007ffcb7417000 	C:\WINDOWS\System32\CRYPT32.dll
0x00007ffcb69a0000 - 0x00007ffcb69ce000 	C:\WINDOWS\SYSTEM32\ncrypt.dll
0x00007ffcb6960000 - 0x00007ffcb6997000 	C:\WINDOWS\SYSTEM32\NTASN1.dll
0x00007ffcb1650000 - 0x00007ffcb1658000 	C:\WINDOWS\system32\wshunix.dll

dbghelp: loaded successfully - version: 4.0.5 - missing functions: none
symbol engine: initialized successfully - sym options: 0x614 - pdb path: .;C:\Users\wefer\.jdks\corretto-17.0.7\bin;C:\WINDOWS\SYSTEM32;C:\WINDOWS\WinSxS\amd64_microsoft.windows.common-controls_6595b64144ccf1df_6.0.22621.1635_none_270f70857386168e;C:\Users\wefer\.jdks\corretto-17.0.7\bin\server;C:\Users\wefer\.gradle\native\68d5fa5c4cc2d200863cafc0d521ce42e7d3e7ee720ec0a83991735586a16f82\windows-amd64;C:\Users\wefer\.gradle\native\e376f236ea51e6404a007f0833ffe2c6e607c4080706a723a18a27aeea778392\windows-amd64

VM Arguments:
jvm_args: --add-opens=java.base/java.util=ALL-UNNAMED --add-opens=java.base/java.lang=ALL-UNNAMED --add-opens=java.base/java.lang.invoke=ALL-UNNAMED --add-opens=java.prefs/java.util.prefs=ALL-UNNAMED --add-opens=java.base/java.nio.charset=ALL-UNNAMED --add-opens=java.base/java.net=ALL-UNNAMED --add-opens=java.base/java.util.concurrent.atomic=ALL-UNNAMED -Xmx2048m -Dfile.encoding=UTF-8 -Duser.country=RU -Duser.language=ru -Duser.variant 
java_command: org.gradle.launcher.daemon.bootstrap.GradleDaemon 8.0
java_class_path (initial): C:\Users\wefer\.gradle\wrapper\dists\gradle-8.0-bin\ca5e32bp14vu59qr306oxotwh\gradle-8.0\lib\gradle-launcher-8.0.jar
Launcher Type: SUN_STANDARD

[Global flags]
     intx CICompilerCount                          = 3                                         {product} {ergonomic}
     uint ConcGCThreads                            = 1                                         {product} {ergonomic}
     uint G1ConcRefinementThreads                  = 4                                         {product} {ergonomic}
   size_t G1HeapRegionSize                         = 1048576                                   {product} {ergonomic}
    uintx GCDrainStackTargetSize                   = 64                                        {product} {ergonomic}
   size_t InitialHeapSize                          = 234881024                                 {product} {ergonomic}
   size_t MarkStackSize                            = 4194304                                   {product} {ergonomic}
   size_t MaxHeapSize                              = 2147483648                                {product} {command line}
   size_t MaxNewSize                               = 1287651328                                {product} {ergonomic}
   size_t MinHeapDeltaBytes                        = 1048576                                   {product} {ergonomic}
   size_t MinHeapSize                              = 8388608                                   {product} {ergonomic}
    uintx NonNMethodCodeHeapSize                   = 5832780                                {pd product} {ergonomic}
    uintx NonProfiledCodeHeapSize                  = 122912730                              {pd product} {ergonomic}
    uintx ProfiledCodeHeapSize                     = 122912730                              {pd product} {ergonomic}
    uintx ReservedCodeCacheSize                    = 251658240                              {pd product} {ergonomic}
     bool SegmentedCodeCache                       = true                                      {product} {ergonomic}
   size_t SoftMaxHeapSize                          = 2147483648                             {manageable} {ergonomic}
     bool UseCompressedClassPointers               = true                           {product lp64_product} {ergonomic}
     bool UseCompressedOops                        = true                           {product lp64_product} {ergonomic}
     bool UseG1GC                                  = true                                      {product} {ergonomic}
     bool UseLargePagesIndividualAllocation        = false                                  {pd product} {ergonomic}

Logging:
Log output configuration:
 #0: stdout all=warning uptime,level,tags
 #1: stderr all=off uptime,level,tags

Environment Variables:
PATH=C:\WINDOWS\system32;C:\WINDOWS;C:\WINDOWS\System32\Wbem;C:\WINDOWS\System32\WindowsPowerShell\v1.0\;C:\WINDOWS\System32\OpenSSH\;C:\Program Files\Microsoft SQL Server\150\Tools\Binn\;C:\Program Files\Microsoft SQL Server\Client SDK\ODBC\170\Tools\Binn\;C:\Program Files\dotnet\;C:\Program Files\Git\cmd;C:\Users\wefer\AppData\Local\Microsoft\WindowsApps;C:\Users\wefer\.dotnet\tools;C:\Program Files (x86)\Microsoft VS Code\bin
USERNAME=wefer
OS=Windows_NT
PROCESSOR_IDENTIFIER=AMD64 Family 23 Model 24 Stepping 1, AuthenticAMD
TMP=C:\Users\wefer\AppData\Local\Temp
TEMP=C:\Users\wefer\AppData\Local\Temp



---------------  S Y S T E M  ---------------

OS:
 Windows 11 , 64 bit Build 22621 (10.0.22621.1635)
OS uptime: 1 days 14:53 hours

CPU: total 4 (initial active 4) (4 cores per cpu, 2 threads per core) family 23 model 24 stepping 1 microcode 0x0, cx8, cmov, fxsr, ht, mmx, 3dnowpref, sse, sse2, sse3, ssse3, sse4a, sse4.1, sse4.2, popcnt, lzcnt, tsc, tscinvbit, avx, avx2, aes, clmul, bmi1, bmi2, adx, sha, fma, vzeroupper, clflush, clflushopt

Memory: 4k page, system-wide physical 14274M (1525M free)
TotalPageFile size 17298M (AvailPageFile size 5M)
current process WorkingSet (physical memory assigned to process): 414M, peak: 414M
current process commit charge ("private bytes"): 462M, peak: 465M

vm_info: OpenJDK 64-Bit Server VM (17.0.7+7-LTS) for windows-amd64 JRE (17.0.7+7-LTS), built on Apr 14 2023 01:39:21 by "Administrator" with MS VC++ 15.9 (VS2017)

END.
